[0.077s] DEBUG:colcon:Command line arguments: ['/usr/bin/colcon', 'build', '--symlink-install']
[0.077s] DEBUG:colcon:Parsed command line arguments: Namespace(log_base=None, log_level=None, verb_name='build', build_base='build', install_base='install', merge_install=False, symlink_install=True, test_result_base=None, continue_on_error=False, executor='parallel', parallel_workers=24, event_handlers=None, ignore_user_meta=False, metas=['./colcon.meta'], base_paths=['.'], packages_ignore=None, packages_ignore_regex=None, paths=None, packages_up_to=None, packages_up_to_regex=None, packages_above=None, packages_above_and_dependencies=None, packages_above_depth=None, packages_select_by_dep=None, packages_skip_by_dep=None, packages_skip_up_to=None, packages_select_build_failed=False, packages_skip_build_finished=False, packages_select_test_failures=False, packages_skip_test_passed=False, packages_select=None, packages_skip=None, packages_select_regex=None, packages_skip_regex=None, packages_start=None, packages_end=None, allow_overriding=[], cmake_args=None, cmake_target=None, cmake_target_skip_unavailable=False, cmake_clean_cache=False, cmake_clean_first=False, cmake_force_configure=False, ament_cmake_args=None, catkin_cmake_args=None, catkin_skip_building_tests=False, mixin_files=None, mixin=None, verb_parser=<colcon_mixin.mixin.mixin_argument.MixinArgumentDecorator object at 0x76cb85d436a0>, verb_extension=<colcon_core.verb.build.BuildVerb object at 0x76cb85ef8550>, main=<bound method BuildVerb.main of <colcon_core.verb.build.BuildVerb object at 0x76cb85ef8550>>, mixin_verb=('build',))
[0.178s] Level 1:colcon.colcon_core.package_discovery:discover_packages(colcon_meta) check parameters
[0.178s] Level 1:colcon.colcon_core.package_discovery:discover_packages(recursive) check parameters
[0.178s] Level 1:colcon.colcon_core.package_discovery:discover_packages(ignore) check parameters
[0.178s] Level 1:colcon.colcon_core.package_discovery:discover_packages(path) check parameters
[0.178s] Level 1:colcon.colcon_core.package_discovery:discover_packages(colcon_meta) discover
[0.178s] Level 1:colcon.colcon_core.package_discovery:discover_packages(recursive) discover
[0.178s] INFO:colcon.colcon_core.package_discovery:Crawling recursively for packages in '/home/maryammahmood/PID_based_control_rrbot/PID-based-SCARA-Robot-Position-and-Velocity-Control-And-Manipulation/src/rrbot_simulation_files'
[0.179s] Level 1:colcon.colcon_core.package_identification:_identify(.) by extensions ['ignore', 'ignore_ament_install']
[0.179s] Level 1:colcon.colcon_core.package_identification:_identify(.) by extension 'ignore'
[0.179s] Level 1:colcon.colcon_core.package_identification:_identify(.) by extension 'ignore_ament_install'
[0.179s] Level 1:colcon.colcon_core.package_identification:_identify(.) by extensions ['colcon_pkg']
[0.179s] Level 1:colcon.colcon_core.package_identification:_identify(.) by extension 'colcon_pkg'
[0.179s] Level 1:colcon.colcon_core.package_identification:_identify(.) by extensions ['colcon_meta']
[0.179s] Level 1:colcon.colcon_core.package_identification:_identify(.) by extension 'colcon_meta'
[0.179s] Level 1:colcon.colcon_core.package_identification:_identify(.) by extensions ['ros']
[0.179s] Level 1:colcon.colcon_core.package_identification:_identify(.) by extension 'ros'
[0.186s] Level 1:colcon.colcon_core.package_identification:_identify(.) by extensions ['cmake', 'python']
[0.186s] Level 1:colcon.colcon_core.package_identification:_identify(.) by extension 'cmake'
[0.186s] Level 1:colcon.colcon_core.package_identification:_identify(.) by extension 'python'
[0.186s] Level 1:colcon.colcon_core.package_identification:_identify(.) by extensions ['python_setup_py']
[0.186s] Level 1:colcon.colcon_core.package_identification:_identify(.) by extension 'python_setup_py'
[0.186s] Level 1:colcon.colcon_core.package_identification:_identify(build) by extensions ['ignore', 'ignore_ament_install']
[0.186s] Level 1:colcon.colcon_core.package_identification:_identify(build) by extension 'ignore'
[0.186s] Level 1:colcon.colcon_core.package_identification:_identify(build) ignored
[0.186s] Level 1:colcon.colcon_core.package_identification:_identify(install) by extensions ['ignore', 'ignore_ament_install']
[0.186s] Level 1:colcon.colcon_core.package_identification:_identify(install) by extension 'ignore'
[0.186s] Level 1:colcon.colcon_core.package_identification:_identify(install) ignored
[0.186s] Level 1:colcon.colcon_core.package_identification:_identify(log) by extensions ['ignore', 'ignore_ament_install']
[0.186s] Level 1:colcon.colcon_core.package_identification:_identify(log) by extension 'ignore'
[0.186s] Level 1:colcon.colcon_core.package_identification:_identify(log) ignored
[0.186s] Level 1:colcon.colcon_core.package_identification:_identify(rrbot_description) by extensions ['ignore', 'ignore_ament_install']
[0.186s] Level 1:colcon.colcon_core.package_identification:_identify(rrbot_description) by extension 'ignore'
[0.186s] Level 1:colcon.colcon_core.package_identification:_identify(rrbot_description) by extension 'ignore_ament_install'
[0.186s] Level 1:colcon.colcon_core.package_identification:_identify(rrbot_description) by extensions ['colcon_pkg']
[0.186s] Level 1:colcon.colcon_core.package_identification:_identify(rrbot_description) by extension 'colcon_pkg'
[0.186s] Level 1:colcon.colcon_core.package_identification:_identify(rrbot_description) by extensions ['colcon_meta']
[0.186s] Level 1:colcon.colcon_core.package_identification:_identify(rrbot_description) by extension 'colcon_meta'
[0.186s] Level 1:colcon.colcon_core.package_identification:_identify(rrbot_description) by extensions ['ros']
[0.186s] Level 1:colcon.colcon_core.package_identification:_identify(rrbot_description) by extension 'ros'
[0.188s] DEBUG:colcon.colcon_core.package_identification:Package 'rrbot_description' with type 'ros.ament_cmake' and name 'rrbot_description'
[0.188s] Level 1:colcon.colcon_core.package_identification:_identify(rrbot_gazebo) by extensions ['ignore', 'ignore_ament_install']
[0.188s] Level 1:colcon.colcon_core.package_identification:_identify(rrbot_gazebo) by extension 'ignore'
[0.188s] Level 1:colcon.colcon_core.package_identification:_identify(rrbot_gazebo) by extension 'ignore_ament_install'
[0.188s] Level 1:colcon.colcon_core.package_identification:_identify(rrbot_gazebo) by extensions ['colcon_pkg']
[0.188s] Level 1:colcon.colcon_core.package_identification:_identify(rrbot_gazebo) by extension 'colcon_pkg'
[0.188s] Level 1:colcon.colcon_core.package_identification:_identify(rrbot_gazebo) by extensions ['colcon_meta']
[0.188s] Level 1:colcon.colcon_core.package_identification:_identify(rrbot_gazebo) by extension 'colcon_meta'
[0.188s] Level 1:colcon.colcon_core.package_identification:_identify(rrbot_gazebo) by extensions ['ros']
[0.188s] Level 1:colcon.colcon_core.package_identification:_identify(rrbot_gazebo) by extension 'ros'
[0.189s] DEBUG:colcon.colcon_core.package_identification:Package 'rrbot_gazebo' with type 'ros.ament_cmake' and name 'rrbot_gazebo'
[0.189s] Level 1:colcon.colcon_core.package_discovery:discover_packages(recursive) using defaults
[0.189s] Level 1:colcon.colcon_core.package_discovery:discover_packages(ignore) discover
[0.189s] Level 1:colcon.colcon_core.package_discovery:discover_packages(ignore) using defaults
[0.189s] Level 1:colcon.colcon_core.package_discovery:discover_packages(path) discover
[0.189s] Level 1:colcon.colcon_core.package_discovery:discover_packages(path) using defaults
[0.207s] Level 1:colcon.colcon_core.package_discovery:discover_packages(prefix_path) check parameters
[0.207s] Level 1:colcon.colcon_core.package_discovery:discover_packages(prefix_path) discover
[0.209s] DEBUG:colcon.colcon_installed_package_information.package_discovery:Found 1 installed packages in /home/maryammahmood/PID_based_control_rrbot/PID-based-SCARA-Robot-Position-and-Velocity-Control-And-Manipulation/src/rrbot_simulation_files/rrbot_gazebo/install
[0.210s] DEBUG:colcon.colcon_installed_package_information.package_discovery:Found 3 installed packages in /home/maryammahmood/PID_based_control_rrbot/PID-based-SCARA-Robot-Position-and-Velocity-Control-And-Manipulation/src/install
[0.211s] DEBUG:colcon.colcon_installed_package_information.package_discovery:Found 55 installed packages in /home/maryammahmood/ws_moveit2/install
[0.212s] DEBUG:colcon.colcon_installed_package_information.package_discovery:Found 354 installed packages in /opt/ros/humble
[0.213s] Level 1:colcon.colcon_core.package_discovery:discover_packages(prefix_path) using defaults
[0.241s] Level 5:colcon.colcon_core.verb:set package 'rrbot_description' build argument 'cmake_args' from command line to 'None'
[0.241s] Level 5:colcon.colcon_core.verb:set package 'rrbot_description' build argument 'cmake_target' from command line to 'None'
[0.241s] Level 5:colcon.colcon_core.verb:set package 'rrbot_description' build argument 'cmake_target_skip_unavailable' from command line to 'False'
[0.241s] Level 5:colcon.colcon_core.verb:set package 'rrbot_description' build argument 'cmake_clean_cache' from command line to 'False'
[0.241s] Level 5:colcon.colcon_core.verb:set package 'rrbot_description' build argument 'cmake_clean_first' from command line to 'False'
[0.241s] Level 5:colcon.colcon_core.verb:set package 'rrbot_description' build argument 'cmake_force_configure' from command line to 'False'
[0.241s] Level 5:colcon.colcon_core.verb:set package 'rrbot_description' build argument 'ament_cmake_args' from command line to 'None'
[0.241s] Level 5:colcon.colcon_core.verb:set package 'rrbot_description' build argument 'catkin_cmake_args' from command line to 'None'
[0.241s] Level 5:colcon.colcon_core.verb:set package 'rrbot_description' build argument 'catkin_skip_building_tests' from command line to 'False'
[0.241s] DEBUG:colcon.colcon_core.verb:Building package 'rrbot_description' with the following arguments: {'ament_cmake_args': None, 'build_base': '/home/maryammahmood/PID_based_control_rrbot/PID-based-SCARA-Robot-Position-and-Velocity-Control-And-Manipulation/src/rrbot_simulation_files/build/rrbot_description', 'catkin_cmake_args': None, 'catkin_skip_building_tests': False, 'cmake_args': None, 'cmake_clean_cache': False, 'cmake_clean_first': False, 'cmake_force_configure': False, 'cmake_target': None, 'cmake_target_skip_unavailable': False, 'install_base': '/home/maryammahmood/PID_based_control_rrbot/PID-based-SCARA-Robot-Position-and-Velocity-Control-And-Manipulation/src/rrbot_simulation_files/install/rrbot_description', 'merge_install': False, 'path': '/home/maryammahmood/PID_based_control_rrbot/PID-based-SCARA-Robot-Position-and-Velocity-Control-And-Manipulation/src/rrbot_simulation_files/rrbot_description', 'symlink_install': True, 'test_result_base': None}
[0.242s] Level 5:colcon.colcon_core.verb:set package 'rrbot_gazebo' build argument 'cmake_args' from command line to 'None'
[0.242s] Level 5:colcon.colcon_core.verb:set package 'rrbot_gazebo' build argument 'cmake_target' from command line to 'None'
[0.242s] Level 5:colcon.colcon_core.verb:set package 'rrbot_gazebo' build argument 'cmake_target_skip_unavailable' from command line to 'False'
[0.242s] Level 5:colcon.colcon_core.verb:set package 'rrbot_gazebo' build argument 'cmake_clean_cache' from command line to 'False'
[0.242s] Level 5:colcon.colcon_core.verb:set package 'rrbot_gazebo' build argument 'cmake_clean_first' from command line to 'False'
[0.242s] Level 5:colcon.colcon_core.verb:set package 'rrbot_gazebo' build argument 'cmake_force_configure' from command line to 'False'
[0.242s] Level 5:colcon.colcon_core.verb:set package 'rrbot_gazebo' build argument 'ament_cmake_args' from command line to 'None'
[0.242s] Level 5:colcon.colcon_core.verb:set package 'rrbot_gazebo' build argument 'catkin_cmake_args' from command line to 'None'
[0.242s] Level 5:colcon.colcon_core.verb:set package 'rrbot_gazebo' build argument 'catkin_skip_building_tests' from command line to 'False'
[0.242s] DEBUG:colcon.colcon_core.verb:Building package 'rrbot_gazebo' with the following arguments: {'ament_cmake_args': None, 'build_base': '/home/maryammahmood/PID_based_control_rrbot/PID-based-SCARA-Robot-Position-and-Velocity-Control-And-Manipulation/src/rrbot_simulation_files/build/rrbot_gazebo', 'catkin_cmake_args': None, 'catkin_skip_building_tests': False, 'cmake_args': None, 'cmake_clean_cache': False, 'cmake_clean_first': False, 'cmake_force_configure': False, 'cmake_target': None, 'cmake_target_skip_unavailable': False, 'install_base': '/home/maryammahmood/PID_based_control_rrbot/PID-based-SCARA-Robot-Position-and-Velocity-Control-And-Manipulation/src/rrbot_simulation_files/install/rrbot_gazebo', 'merge_install': False, 'path': '/home/maryammahmood/PID_based_control_rrbot/PID-based-SCARA-Robot-Position-and-Velocity-Control-And-Manipulation/src/rrbot_simulation_files/rrbot_gazebo', 'symlink_install': True, 'test_result_base': None}
[0.242s] INFO:colcon.colcon_core.executor:Executing jobs using 'parallel' executor
[0.243s] DEBUG:colcon.colcon_parallel_executor.executor.parallel:run_until_complete
[0.243s] INFO:colcon.colcon_ros.task.ament_cmake.build:Building ROS package in '/home/maryammahmood/PID_based_control_rrbot/PID-based-SCARA-Robot-Position-and-Velocity-Control-And-Manipulation/src/rrbot_simulation_files/rrbot_description' with build type 'ament_cmake'
[0.243s] INFO:colcon.colcon_cmake.task.cmake.build:Building CMake package in '/home/maryammahmood/PID_based_control_rrbot/PID-based-SCARA-Robot-Position-and-Velocity-Control-And-Manipulation/src/rrbot_simulation_files/rrbot_description'
[0.244s] INFO:colcon.colcon_core.plugin_system:Skipping extension 'colcon_core.shell.bat': Not used on non-Windows systems
[0.245s] INFO:colcon.colcon_core.shell:Skip shell extension 'powershell' for command environment: Not usable outside of PowerShell
[0.245s] DEBUG:colcon.colcon_core.shell:Skip shell extension 'dsv' for command environment
[0.255s] DEBUG:colcon.colcon_core.event_handler.log_command:Invoking command in '/home/maryammahmood/PID_based_control_rrbot/PID-based-SCARA-Robot-Position-and-Velocity-Control-And-Manipulation/src/rrbot_simulation_files/build/rrbot_description': CMAKE_PREFIX_PATH=${CMAKE_PREFIX_PATH}:/home/maryammahmood/ws_moveit2/install/moveit_configs_utils:/home/maryammahmood/ws_moveit2/install/launch_param_builder:/opt/ros/humble /usr/bin/cmake /home/maryammahmood/PID_based_control_rrbot/PID-based-SCARA-Robot-Position-and-Velocity-Control-And-Manipulation/src/rrbot_simulation_files/rrbot_description -DAMENT_CMAKE_SYMLINK_INSTALL=1 -DCMAKE_INSTALL_PREFIX=/home/maryammahmood/PID_based_control_rrbot/PID-based-SCARA-Robot-Position-and-Velocity-Control-And-Manipulation/src/rrbot_simulation_files/install/rrbot_description
[0.904s] DEBUG:colcon.colcon_core.event_handler.log_command:Invoked command in '/home/maryammahmood/PID_based_control_rrbot/PID-based-SCARA-Robot-Position-and-Velocity-Control-And-Manipulation/src/rrbot_simulation_files/build/rrbot_description' returned '0': CMAKE_PREFIX_PATH=${CMAKE_PREFIX_PATH}:/home/maryammahmood/ws_moveit2/install/moveit_configs_utils:/home/maryammahmood/ws_moveit2/install/launch_param_builder:/opt/ros/humble /usr/bin/cmake /home/maryammahmood/PID_based_control_rrbot/PID-based-SCARA-Robot-Position-and-Velocity-Control-And-Manipulation/src/rrbot_simulation_files/rrbot_description -DAMENT_CMAKE_SYMLINK_INSTALL=1 -DCMAKE_INSTALL_PREFIX=/home/maryammahmood/PID_based_control_rrbot/PID-based-SCARA-Robot-Position-and-Velocity-Control-And-Manipulation/src/rrbot_simulation_files/install/rrbot_description
[0.905s] DEBUG:colcon.colcon_core.event_handler.log_command:Invoking command in '/home/maryammahmood/PID_based_control_rrbot/PID-based-SCARA-Robot-Position-and-Velocity-Control-And-Manipulation/src/rrbot_simulation_files/build/rrbot_description': CMAKE_PREFIX_PATH=${CMAKE_PREFIX_PATH}:/home/maryammahmood/ws_moveit2/install/moveit_configs_utils:/home/maryammahmood/ws_moveit2/install/launch_param_builder:/opt/ros/humble /usr/bin/cmake --build /home/maryammahmood/PID_based_control_rrbot/PID-based-SCARA-Robot-Position-and-Velocity-Control-And-Manipulation/src/rrbot_simulation_files/build/rrbot_description -- -j24 -l24
[0.953s] DEBUG:colcon.colcon_core.event_handler.log_command:Invoked command in '/home/maryammahmood/PID_based_control_rrbot/PID-based-SCARA-Robot-Position-and-Velocity-Control-And-Manipulation/src/rrbot_simulation_files/build/rrbot_description' returned '0': CMAKE_PREFIX_PATH=${CMAKE_PREFIX_PATH}:/home/maryammahmood/ws_moveit2/install/moveit_configs_utils:/home/maryammahmood/ws_moveit2/install/launch_param_builder:/opt/ros/humble /usr/bin/cmake --build /home/maryammahmood/PID_based_control_rrbot/PID-based-SCARA-Robot-Position-and-Velocity-Control-And-Manipulation/src/rrbot_simulation_files/build/rrbot_description -- -j24 -l24
[1.009s] DEBUG:colcon.colcon_core.event_handler.log_command:Invoking command in '/home/maryammahmood/PID_based_control_rrbot/PID-based-SCARA-Robot-Position-and-Velocity-Control-And-Manipulation/src/rrbot_simulation_files/build/rrbot_description': CMAKE_PREFIX_PATH=${CMAKE_PREFIX_PATH}:/home/maryammahmood/ws_moveit2/install/moveit_configs_utils:/home/maryammahmood/ws_moveit2/install/launch_param_builder:/opt/ros/humble /usr/bin/cmake --install /home/maryammahmood/PID_based_control_rrbot/PID-based-SCARA-Robot-Position-and-Velocity-Control-And-Manipulation/src/rrbot_simulation_files/build/rrbot_description
[1.266s] Level 1:colcon.colcon_core.environment:create_environment_scripts_only(rrbot_description)
[1.266s] DEBUG:colcon.colcon_core.event_handler.log_command:Invoked command in '/home/maryammahmood/PID_based_control_rrbot/PID-based-SCARA-Robot-Position-and-Velocity-Control-And-Manipulation/src/rrbot_simulation_files/build/rrbot_description' returned '0': CMAKE_PREFIX_PATH=${CMAKE_PREFIX_PATH}:/home/maryammahmood/ws_moveit2/install/moveit_configs_utils:/home/maryammahmood/ws_moveit2/install/launch_param_builder:/opt/ros/humble /usr/bin/cmake --install /home/maryammahmood/PID_based_control_rrbot/PID-based-SCARA-Robot-Position-and-Velocity-Control-And-Manipulation/src/rrbot_simulation_files/build/rrbot_description
[1.268s] Level 1:colcon.colcon_core.environment:checking '/home/maryammahmood/PID_based_control_rrbot/PID-based-SCARA-Robot-Position-and-Velocity-Control-And-Manipulation/src/rrbot_simulation_files/install/rrbot_description' for CMake module files
[1.268s] Level 1:colcon.colcon_core.environment:checking '/home/maryammahmood/PID_based_control_rrbot/PID-based-SCARA-Robot-Position-and-Velocity-Control-And-Manipulation/src/rrbot_simulation_files/install/rrbot_description' for CMake config files
[1.269s] Level 1:colcon.colcon_core.shell:create_environment_hook('rrbot_description', 'cmake_prefix_path')
[1.269s] INFO:colcon.colcon_core.shell:Creating environment hook '/home/maryammahmood/PID_based_control_rrbot/PID-based-SCARA-Robot-Position-and-Velocity-Control-And-Manipulation/src/rrbot_simulation_files/install/rrbot_description/share/rrbot_description/hook/cmake_prefix_path.ps1'
[1.270s] INFO:colcon.colcon_core.shell:Creating environment descriptor '/home/maryammahmood/PID_based_control_rrbot/PID-based-SCARA-Robot-Position-and-Velocity-Control-And-Manipulation/src/rrbot_simulation_files/install/rrbot_description/share/rrbot_description/hook/cmake_prefix_path.dsv'
[1.270s] INFO:colcon.colcon_core.shell:Creating environment hook '/home/maryammahmood/PID_based_control_rrbot/PID-based-SCARA-Robot-Position-and-Velocity-Control-And-Manipulation/src/rrbot_simulation_files/install/rrbot_description/share/rrbot_description/hook/cmake_prefix_path.sh'
[1.271s] Level 1:colcon.colcon_core.environment:checking '/home/maryammahmood/PID_based_control_rrbot/PID-based-SCARA-Robot-Position-and-Velocity-Control-And-Manipulation/src/rrbot_simulation_files/install/rrbot_description/bin'
[1.271s] Level 1:colcon.colcon_core.environment:checking '/home/maryammahmood/PID_based_control_rrbot/PID-based-SCARA-Robot-Position-and-Velocity-Control-And-Manipulation/src/rrbot_simulation_files/install/rrbot_description/lib/pkgconfig/rrbot_description.pc'
[1.271s] Level 1:colcon.colcon_core.environment:checking '/home/maryammahmood/PID_based_control_rrbot/PID-based-SCARA-Robot-Position-and-Velocity-Control-And-Manipulation/src/rrbot_simulation_files/install/rrbot_description/lib/python3.10/site-packages'
[1.271s] Level 1:colcon.colcon_core.environment:checking '/home/maryammahmood/PID_based_control_rrbot/PID-based-SCARA-Robot-Position-and-Velocity-Control-And-Manipulation/src/rrbot_simulation_files/install/rrbot_description/bin'
[1.272s] INFO:colcon.colcon_core.shell:Creating package script '/home/maryammahmood/PID_based_control_rrbot/PID-based-SCARA-Robot-Position-and-Velocity-Control-And-Manipulation/src/rrbot_simulation_files/install/rrbot_description/share/rrbot_description/package.ps1'
[1.273s] INFO:colcon.colcon_core.shell:Creating package descriptor '/home/maryammahmood/PID_based_control_rrbot/PID-based-SCARA-Robot-Position-and-Velocity-Control-And-Manipulation/src/rrbot_simulation_files/install/rrbot_description/share/rrbot_description/package.dsv'
[1.273s] INFO:colcon.colcon_core.shell:Creating package script '/home/maryammahmood/PID_based_control_rrbot/PID-based-SCARA-Robot-Position-and-Velocity-Control-And-Manipulation/src/rrbot_simulation_files/install/rrbot_description/share/rrbot_description/package.sh'
[1.274s] INFO:colcon.colcon_core.shell:Creating package script '/home/maryammahmood/PID_based_control_rrbot/PID-based-SCARA-Robot-Position-and-Velocity-Control-And-Manipulation/src/rrbot_simulation_files/install/rrbot_description/share/rrbot_description/package.bash'
[1.275s] INFO:colcon.colcon_core.shell:Creating package script '/home/maryammahmood/PID_based_control_rrbot/PID-based-SCARA-Robot-Position-and-Velocity-Control-And-Manipulation/src/rrbot_simulation_files/install/rrbot_description/share/rrbot_description/package.zsh'
[1.275s] Level 1:colcon.colcon_core.environment:create_file_with_runtime_dependencies(/home/maryammahmood/PID_based_control_rrbot/PID-based-SCARA-Robot-Position-and-Velocity-Control-And-Manipulation/src/rrbot_simulation_files/install/rrbot_description/share/colcon-core/packages/rrbot_description)
[1.324s] Level 1:colcon.colcon_core.environment:create_environment_scripts_only(rrbot_description)
[1.324s] Level 1:colcon.colcon_core.environment:checking '/home/maryammahmood/PID_based_control_rrbot/PID-based-SCARA-Robot-Position-and-Velocity-Control-And-Manipulation/src/rrbot_simulation_files/install/rrbot_description' for CMake module files
[1.325s] Level 1:colcon.colcon_core.environment:checking '/home/maryammahmood/PID_based_control_rrbot/PID-based-SCARA-Robot-Position-and-Velocity-Control-And-Manipulation/src/rrbot_simulation_files/install/rrbot_description' for CMake config files
[1.325s] Level 1:colcon.colcon_core.shell:create_environment_hook('rrbot_description', 'cmake_prefix_path')
[1.326s] INFO:colcon.colcon_core.shell:Creating environment hook '/home/maryammahmood/PID_based_control_rrbot/PID-based-SCARA-Robot-Position-and-Velocity-Control-And-Manipulation/src/rrbot_simulation_files/install/rrbot_description/share/rrbot_description/hook/cmake_prefix_path.ps1'
[1.326s] INFO:colcon.colcon_core.shell:Creating environment descriptor '/home/maryammahmood/PID_based_control_rrbot/PID-based-SCARA-Robot-Position-and-Velocity-Control-And-Manipulation/src/rrbot_simulation_files/install/rrbot_description/share/rrbot_description/hook/cmake_prefix_path.dsv'
[1.326s] INFO:colcon.colcon_core.shell:Creating environment hook '/home/maryammahmood/PID_based_control_rrbot/PID-based-SCARA-Robot-Position-and-Velocity-Control-And-Manipulation/src/rrbot_simulation_files/install/rrbot_description/share/rrbot_description/hook/cmake_prefix_path.sh'
[1.327s] Level 1:colcon.colcon_core.environment:checking '/home/maryammahmood/PID_based_control_rrbot/PID-based-SCARA-Robot-Position-and-Velocity-Control-And-Manipulation/src/rrbot_simulation_files/install/rrbot_description/bin'
[1.327s] Level 1:colcon.colcon_core.environment:checking '/home/maryammahmood/PID_based_control_rrbot/PID-based-SCARA-Robot-Position-and-Velocity-Control-And-Manipulation/src/rrbot_simulation_files/install/rrbot_description/lib/pkgconfig/rrbot_description.pc'
[1.327s] Level 1:colcon.colcon_core.environment:checking '/home/maryammahmood/PID_based_control_rrbot/PID-based-SCARA-Robot-Position-and-Velocity-Control-And-Manipulation/src/rrbot_simulation_files/install/rrbot_description/lib/python3.10/site-packages'
[1.328s] Level 1:colcon.colcon_core.environment:checking '/home/maryammahmood/PID_based_control_rrbot/PID-based-SCARA-Robot-Position-and-Velocity-Control-And-Manipulation/src/rrbot_simulation_files/install/rrbot_description/bin'
[1.328s] INFO:colcon.colcon_core.shell:Creating package script '/home/maryammahmood/PID_based_control_rrbot/PID-based-SCARA-Robot-Position-and-Velocity-Control-And-Manipulation/src/rrbot_simulation_files/install/rrbot_description/share/rrbot_description/package.ps1'
[1.328s] INFO:colcon.colcon_core.shell:Creating package descriptor '/home/maryammahmood/PID_based_control_rrbot/PID-based-SCARA-Robot-Position-and-Velocity-Control-And-Manipulation/src/rrbot_simulation_files/install/rrbot_description/share/rrbot_description/package.dsv'
[1.329s] INFO:colcon.colcon_core.shell:Creating package script '/home/maryammahmood/PID_based_control_rrbot/PID-based-SCARA-Robot-Position-and-Velocity-Control-And-Manipulation/src/rrbot_simulation_files/install/rrbot_description/share/rrbot_description/package.sh'
[1.329s] INFO:colcon.colcon_core.shell:Creating package script '/home/maryammahmood/PID_based_control_rrbot/PID-based-SCARA-Robot-Position-and-Velocity-Control-And-Manipulation/src/rrbot_simulation_files/install/rrbot_description/share/rrbot_description/package.bash'
[1.330s] INFO:colcon.colcon_core.shell:Creating package script '/home/maryammahmood/PID_based_control_rrbot/PID-based-SCARA-Robot-Position-and-Velocity-Control-And-Manipulation/src/rrbot_simulation_files/install/rrbot_description/share/rrbot_description/package.zsh'
[1.330s] Level 1:colcon.colcon_core.environment:create_file_with_runtime_dependencies(/home/maryammahmood/PID_based_control_rrbot/PID-based-SCARA-Robot-Position-and-Velocity-Control-And-Manipulation/src/rrbot_simulation_files/install/rrbot_description/share/colcon-core/packages/rrbot_description)
[1.330s] INFO:colcon.colcon_ros.task.ament_cmake.build:Building ROS package in '/home/maryammahmood/PID_based_control_rrbot/PID-based-SCARA-Robot-Position-and-Velocity-Control-And-Manipulation/src/rrbot_simulation_files/rrbot_gazebo' with build type 'ament_cmake'
[1.330s] INFO:colcon.colcon_cmake.task.cmake.build:Building CMake package in '/home/maryammahmood/PID_based_control_rrbot/PID-based-SCARA-Robot-Position-and-Velocity-Control-And-Manipulation/src/rrbot_simulation_files/rrbot_gazebo'
[1.330s] INFO:colcon.colcon_core.shell:Skip shell extension 'powershell' for command environment: Not usable outside of PowerShell
[1.330s] DEBUG:colcon.colcon_core.shell:Skip shell extension 'dsv' for command environment
[1.349s] DEBUG:colcon.colcon_core.event_handler.log_command:Invoking command in '/home/maryammahmood/PID_based_control_rrbot/PID-based-SCARA-Robot-Position-and-Velocity-Control-And-Manipulation/src/rrbot_simulation_files/build/rrbot_gazebo': AMENT_PREFIX_PATH=/home/maryammahmood/PID_based_control_rrbot/PID-based-SCARA-Robot-Position-and-Velocity-Control-And-Manipulation/src/rrbot_simulation_files/install/rrbot_description:${AMENT_PREFIX_PATH} CMAKE_PREFIX_PATH=/home/maryammahmood/PID_based_control_rrbot/PID-based-SCARA-Robot-Position-and-Velocity-Control-And-Manipulation/src/rrbot_simulation_files/install/rrbot_description:/home/maryammahmood/PID_based_control_rrbot/PID-based-SCARA-Robot-Position-and-Velocity-Control-And-Manipulation/src/rrbot_simulation_files/rrbot_gazebo/install/rrbot_gazebo:/home/maryammahmood/PID_based_control_rrbot/PID-based-SCARA-Robot-Position-and-Velocity-Control-And-Manipulation/src/install/rrbot_gazebo:/home/maryammahmood/PID_based_control_rrbot/PID-based-SCARA-Robot-Position-and-Velocity-Control-And-Manipulation/src/install/rrbot_description:/home/maryammahmood/PID_based_control_rrbot/PID-based-SCARA-Robot-Position-and-Velocity-Control-And-Manipulation/src/install/custom_interfaces:/opt/openrobots:/opt/openrobots:/home/maryammahmood/ws_moveit2/install/pilz_industrial_motion_planner_testutils:/home/maryammahmood/ws_moveit2/install/moveit_runtime:/home/maryammahmood/ws_moveit2/install/moveit2_tutorials:/home/maryammahmood/ws_moveit2/install/moveit:/home/maryammahmood/ws_moveit2/install/moveit_planners:/home/maryammahmood/ws_moveit2/install/pilz_industrial_motion_planner:/home/maryammahmood/ws_moveit2/install/moveit_visual_tools:/home/maryammahmood/ws_moveit2/install/moveit_task_constructor_visualization:/home/maryammahmood/ws_moveit2/install/moveit_task_constructor_demo:/home/maryammahmood/ws_moveit2/install/moveit_task_constructor_capabilities:/home/maryammahmood/ws_moveit2/install/moveit_task_constructor_core:/home/maryammahmood/ws_moveit2/install/moveit_ros_control_interface:/home/maryammahmood/ws_moveit2/install/moveit_plugins:/home/maryammahmood/ws_moveit2/install/moveit_simple_controller_manager:/home/maryammahmood/ws_moveit2/install/moveit_setup_assistant:/home/maryammahmood/ws_moveit2/install/moveit_setup_srdf_plugins:/home/maryammahmood/ws_moveit2/install/moveit_setup_core_plugins:/home/maryammahmood/ws_moveit2/install/moveit_setup_controllers:/home/maryammahmood/ws_moveit2/install/moveit_setup_app_plugins:/home/maryammahmood/ws_moveit2/install/moveit_setup_framework:/home/maryammahmood/ws_moveit2/install/moveit_servo:/home/maryammahmood/ws_moveit2/install/moveit_ros:/home/maryammahmood/ws_moveit2/install/moveit_ros_visualization:/home/maryammahmood/ws_moveit2/install/moveit_hybrid_planning:/home/maryammahmood/ws_moveit2/install/moveit_ros_planning_interface:/home/maryammahmood/ws_moveit2/install/moveit_ros_benchmarks:/home/maryammahmood/ws_moveit2/install/moveit_ros_warehouse:/home/maryammahmood/ws_moveit2/install/moveit_ros_robot_interaction:/home/maryammahmood/ws_moveit2/install/moveit_ros_perception:/home/maryammahmood/ws_moveit2/install/moveit_resources_prbt_pg70_support:/home/maryammahmood/ws_moveit2/install/moveit_resources_prbt_moveit_config:/home/maryammahmood/ws_moveit2/install/moveit_ros_move_group:/home/maryammahmood/ws_moveit2/install/moveit_planners_ompl:/home/maryammahmood/ws_moveit2/install/moveit_ros_planning:/home/maryammahmood/ws_moveit2/install/moveit_ros_occupancy_map_monitor:/home/maryammahmood/ws_moveit2/install/moveit_resources_prbt_ikfast_manipulator_plugin:/home/maryammahmood/ws_moveit2/install/moveit_planners_chomp:/home/maryammahmood/ws_moveit2/install/moveit_kinematics:/home/maryammahmood/ws_moveit2/install/moveit_chomp_optimizer_adapter:/home/maryammahmood/ws_moveit2/install/chomp_motion_planner:/home/maryammahmood/ws_moveit2/install/moveit_core:/home/maryammahmood/ws_moveit2/install/srdfdom:/home/maryammahmood/ws_moveit2/install/rviz_marker_tools:/home/maryammahmood/ws_moveit2/install/rosparam_shortcuts:/home/maryammahmood/ws_moveit2/install/moveit_task_constructor_msgs:/home/maryammahmood/ws_moveit2/install/moveit_resources_prbt_support:/home/maryammahmood/ws_moveit2/install/moveit_resources:/home/maryammahmood/ws_moveit2/install/moveit_resources_pr2_description:/home/maryammahmood/ws_moveit2/install/moveit_resources_panda_moveit_config:/home/maryammahmood/ws_moveit2/install/moveit_resources_panda_description:/home/maryammahmood/ws_moveit2/install/moveit_resources_fanuc_moveit_config:/home/maryammahmood/ws_moveit2/install/moveit_resources_fanuc_description:/home/maryammahmood/ws_moveit2/install/moveit_common:/home/maryammahmood/ws_moveit2/install/moveit_configs_utils:/home/maryammahmood/ws_moveit2/install/launch_param_builder:/opt/ros/humble /usr/bin/cmake /home/maryammahmood/PID_based_control_rrbot/PID-based-SCARA-Robot-Position-and-Velocity-Control-And-Manipulation/src/rrbot_simulation_files/rrbot_gazebo -DAMENT_CMAKE_SYMLINK_INSTALL=1 -DCMAKE_INSTALL_PREFIX=/home/maryammahmood/PID_based_control_rrbot/PID-based-SCARA-Robot-Position-and-Velocity-Control-And-Manipulation/src/rrbot_simulation_files/install/rrbot_gazebo
[2.782s] DEBUG:colcon.colcon_core.event_handler.log_command:Invoked command in '/home/maryammahmood/PID_based_control_rrbot/PID-based-SCARA-Robot-Position-and-Velocity-Control-And-Manipulation/src/rrbot_simulation_files/build/rrbot_gazebo' returned '0': AMENT_PREFIX_PATH=/home/maryammahmood/PID_based_control_rrbot/PID-based-SCARA-Robot-Position-and-Velocity-Control-And-Manipulation/src/rrbot_simulation_files/install/rrbot_description:${AMENT_PREFIX_PATH} CMAKE_PREFIX_PATH=/home/maryammahmood/PID_based_control_rrbot/PID-based-SCARA-Robot-Position-and-Velocity-Control-And-Manipulation/src/rrbot_simulation_files/install/rrbot_description:/home/maryammahmood/PID_based_control_rrbot/PID-based-SCARA-Robot-Position-and-Velocity-Control-And-Manipulation/src/rrbot_simulation_files/rrbot_gazebo/install/rrbot_gazebo:/home/maryammahmood/PID_based_control_rrbot/PID-based-SCARA-Robot-Position-and-Velocity-Control-And-Manipulation/src/install/rrbot_gazebo:/home/maryammahmood/PID_based_control_rrbot/PID-based-SCARA-Robot-Position-and-Velocity-Control-And-Manipulation/src/install/rrbot_description:/home/maryammahmood/PID_based_control_rrbot/PID-based-SCARA-Robot-Position-and-Velocity-Control-And-Manipulation/src/install/custom_interfaces:/opt/openrobots:/opt/openrobots:/home/maryammahmood/ws_moveit2/install/pilz_industrial_motion_planner_testutils:/home/maryammahmood/ws_moveit2/install/moveit_runtime:/home/maryammahmood/ws_moveit2/install/moveit2_tutorials:/home/maryammahmood/ws_moveit2/install/moveit:/home/maryammahmood/ws_moveit2/install/moveit_planners:/home/maryammahmood/ws_moveit2/install/pilz_industrial_motion_planner:/home/maryammahmood/ws_moveit2/install/moveit_visual_tools:/home/maryammahmood/ws_moveit2/install/moveit_task_constructor_visualization:/home/maryammahmood/ws_moveit2/install/moveit_task_constructor_demo:/home/maryammahmood/ws_moveit2/install/moveit_task_constructor_capabilities:/home/maryammahmood/ws_moveit2/install/moveit_task_constructor_core:/home/maryammahmood/ws_moveit2/install/moveit_ros_control_interface:/home/maryammahmood/ws_moveit2/install/moveit_plugins:/home/maryammahmood/ws_moveit2/install/moveit_simple_controller_manager:/home/maryammahmood/ws_moveit2/install/moveit_setup_assistant:/home/maryammahmood/ws_moveit2/install/moveit_setup_srdf_plugins:/home/maryammahmood/ws_moveit2/install/moveit_setup_core_plugins:/home/maryammahmood/ws_moveit2/install/moveit_setup_controllers:/home/maryammahmood/ws_moveit2/install/moveit_setup_app_plugins:/home/maryammahmood/ws_moveit2/install/moveit_setup_framework:/home/maryammahmood/ws_moveit2/install/moveit_servo:/home/maryammahmood/ws_moveit2/install/moveit_ros:/home/maryammahmood/ws_moveit2/install/moveit_ros_visualization:/home/maryammahmood/ws_moveit2/install/moveit_hybrid_planning:/home/maryammahmood/ws_moveit2/install/moveit_ros_planning_interface:/home/maryammahmood/ws_moveit2/install/moveit_ros_benchmarks:/home/maryammahmood/ws_moveit2/install/moveit_ros_warehouse:/home/maryammahmood/ws_moveit2/install/moveit_ros_robot_interaction:/home/maryammahmood/ws_moveit2/install/moveit_ros_perception:/home/maryammahmood/ws_moveit2/install/moveit_resources_prbt_pg70_support:/home/maryammahmood/ws_moveit2/install/moveit_resources_prbt_moveit_config:/home/maryammahmood/ws_moveit2/install/moveit_ros_move_group:/home/maryammahmood/ws_moveit2/install/moveit_planners_ompl:/home/maryammahmood/ws_moveit2/install/moveit_ros_planning:/home/maryammahmood/ws_moveit2/install/moveit_ros_occupancy_map_monitor:/home/maryammahmood/ws_moveit2/install/moveit_resources_prbt_ikfast_manipulator_plugin:/home/maryammahmood/ws_moveit2/install/moveit_planners_chomp:/home/maryammahmood/ws_moveit2/install/moveit_kinematics:/home/maryammahmood/ws_moveit2/install/moveit_chomp_optimizer_adapter:/home/maryammahmood/ws_moveit2/install/chomp_motion_planner:/home/maryammahmood/ws_moveit2/install/moveit_core:/home/maryammahmood/ws_moveit2/install/srdfdom:/home/maryammahmood/ws_moveit2/install/rviz_marker_tools:/home/maryammahmood/ws_moveit2/install/rosparam_shortcuts:/home/maryammahmood/ws_moveit2/install/moveit_task_constructor_msgs:/home/maryammahmood/ws_moveit2/install/moveit_resources_prbt_support:/home/maryammahmood/ws_moveit2/install/moveit_resources:/home/maryammahmood/ws_moveit2/install/moveit_resources_pr2_description:/home/maryammahmood/ws_moveit2/install/moveit_resources_panda_moveit_config:/home/maryammahmood/ws_moveit2/install/moveit_resources_panda_description:/home/maryammahmood/ws_moveit2/install/moveit_resources_fanuc_moveit_config:/home/maryammahmood/ws_moveit2/install/moveit_resources_fanuc_description:/home/maryammahmood/ws_moveit2/install/moveit_common:/home/maryammahmood/ws_moveit2/install/moveit_configs_utils:/home/maryammahmood/ws_moveit2/install/launch_param_builder:/opt/ros/humble /usr/bin/cmake /home/maryammahmood/PID_based_control_rrbot/PID-based-SCARA-Robot-Position-and-Velocity-Control-And-Manipulation/src/rrbot_simulation_files/rrbot_gazebo -DAMENT_CMAKE_SYMLINK_INSTALL=1 -DCMAKE_INSTALL_PREFIX=/home/maryammahmood/PID_based_control_rrbot/PID-based-SCARA-Robot-Position-and-Velocity-Control-And-Manipulation/src/rrbot_simulation_files/install/rrbot_gazebo
[2.783s] DEBUG:colcon.colcon_core.event_handler.log_command:Invoking command in '/home/maryammahmood/PID_based_control_rrbot/PID-based-SCARA-Robot-Position-and-Velocity-Control-And-Manipulation/src/rrbot_simulation_files/build/rrbot_gazebo': AMENT_PREFIX_PATH=/home/maryammahmood/PID_based_control_rrbot/PID-based-SCARA-Robot-Position-and-Velocity-Control-And-Manipulation/src/rrbot_simulation_files/install/rrbot_description:${AMENT_PREFIX_PATH} CMAKE_PREFIX_PATH=/home/maryammahmood/PID_based_control_rrbot/PID-based-SCARA-Robot-Position-and-Velocity-Control-And-Manipulation/src/rrbot_simulation_files/install/rrbot_description:/home/maryammahmood/PID_based_control_rrbot/PID-based-SCARA-Robot-Position-and-Velocity-Control-And-Manipulation/src/rrbot_simulation_files/rrbot_gazebo/install/rrbot_gazebo:/home/maryammahmood/PID_based_control_rrbot/PID-based-SCARA-Robot-Position-and-Velocity-Control-And-Manipulation/src/install/rrbot_gazebo:/home/maryammahmood/PID_based_control_rrbot/PID-based-SCARA-Robot-Position-and-Velocity-Control-And-Manipulation/src/install/rrbot_description:/home/maryammahmood/PID_based_control_rrbot/PID-based-SCARA-Robot-Position-and-Velocity-Control-And-Manipulation/src/install/custom_interfaces:/opt/openrobots:/opt/openrobots:/home/maryammahmood/ws_moveit2/install/pilz_industrial_motion_planner_testutils:/home/maryammahmood/ws_moveit2/install/moveit_runtime:/home/maryammahmood/ws_moveit2/install/moveit2_tutorials:/home/maryammahmood/ws_moveit2/install/moveit:/home/maryammahmood/ws_moveit2/install/moveit_planners:/home/maryammahmood/ws_moveit2/install/pilz_industrial_motion_planner:/home/maryammahmood/ws_moveit2/install/moveit_visual_tools:/home/maryammahmood/ws_moveit2/install/moveit_task_constructor_visualization:/home/maryammahmood/ws_moveit2/install/moveit_task_constructor_demo:/home/maryammahmood/ws_moveit2/install/moveit_task_constructor_capabilities:/home/maryammahmood/ws_moveit2/install/moveit_task_constructor_core:/home/maryammahmood/ws_moveit2/install/moveit_ros_control_interface:/home/maryammahmood/ws_moveit2/install/moveit_plugins:/home/maryammahmood/ws_moveit2/install/moveit_simple_controller_manager:/home/maryammahmood/ws_moveit2/install/moveit_setup_assistant:/home/maryammahmood/ws_moveit2/install/moveit_setup_srdf_plugins:/home/maryammahmood/ws_moveit2/install/moveit_setup_core_plugins:/home/maryammahmood/ws_moveit2/install/moveit_setup_controllers:/home/maryammahmood/ws_moveit2/install/moveit_setup_app_plugins:/home/maryammahmood/ws_moveit2/install/moveit_setup_framework:/home/maryammahmood/ws_moveit2/install/moveit_servo:/home/maryammahmood/ws_moveit2/install/moveit_ros:/home/maryammahmood/ws_moveit2/install/moveit_ros_visualization:/home/maryammahmood/ws_moveit2/install/moveit_hybrid_planning:/home/maryammahmood/ws_moveit2/install/moveit_ros_planning_interface:/home/maryammahmood/ws_moveit2/install/moveit_ros_benchmarks:/home/maryammahmood/ws_moveit2/install/moveit_ros_warehouse:/home/maryammahmood/ws_moveit2/install/moveit_ros_robot_interaction:/home/maryammahmood/ws_moveit2/install/moveit_ros_perception:/home/maryammahmood/ws_moveit2/install/moveit_resources_prbt_pg70_support:/home/maryammahmood/ws_moveit2/install/moveit_resources_prbt_moveit_config:/home/maryammahmood/ws_moveit2/install/moveit_ros_move_group:/home/maryammahmood/ws_moveit2/install/moveit_planners_ompl:/home/maryammahmood/ws_moveit2/install/moveit_ros_planning:/home/maryammahmood/ws_moveit2/install/moveit_ros_occupancy_map_monitor:/home/maryammahmood/ws_moveit2/install/moveit_resources_prbt_ikfast_manipulator_plugin:/home/maryammahmood/ws_moveit2/install/moveit_planners_chomp:/home/maryammahmood/ws_moveit2/install/moveit_kinematics:/home/maryammahmood/ws_moveit2/install/moveit_chomp_optimizer_adapter:/home/maryammahmood/ws_moveit2/install/chomp_motion_planner:/home/maryammahmood/ws_moveit2/install/moveit_core:/home/maryammahmood/ws_moveit2/install/srdfdom:/home/maryammahmood/ws_moveit2/install/rviz_marker_tools:/home/maryammahmood/ws_moveit2/install/rosparam_shortcuts:/home/maryammahmood/ws_moveit2/install/moveit_task_constructor_msgs:/home/maryammahmood/ws_moveit2/install/moveit_resources_prbt_support:/home/maryammahmood/ws_moveit2/install/moveit_resources:/home/maryammahmood/ws_moveit2/install/moveit_resources_pr2_description:/home/maryammahmood/ws_moveit2/install/moveit_resources_panda_moveit_config:/home/maryammahmood/ws_moveit2/install/moveit_resources_panda_description:/home/maryammahmood/ws_moveit2/install/moveit_resources_fanuc_moveit_config:/home/maryammahmood/ws_moveit2/install/moveit_resources_fanuc_description:/home/maryammahmood/ws_moveit2/install/moveit_common:/home/maryammahmood/ws_moveit2/install/moveit_configs_utils:/home/maryammahmood/ws_moveit2/install/launch_param_builder:/opt/ros/humble /usr/bin/cmake --build /home/maryammahmood/PID_based_control_rrbot/PID-based-SCARA-Robot-Position-and-Velocity-Control-And-Manipulation/src/rrbot_simulation_files/build/rrbot_gazebo -- -j24 -l24
[8.863s] DEBUG:colcon.colcon_core.event_handler.log_command:Invoked command in '/home/maryammahmood/PID_based_control_rrbot/PID-based-SCARA-Robot-Position-and-Velocity-Control-And-Manipulation/src/rrbot_simulation_files/build/rrbot_gazebo' returned '0': AMENT_PREFIX_PATH=/home/maryammahmood/PID_based_control_rrbot/PID-based-SCARA-Robot-Position-and-Velocity-Control-And-Manipulation/src/rrbot_simulation_files/install/rrbot_description:${AMENT_PREFIX_PATH} CMAKE_PREFIX_PATH=/home/maryammahmood/PID_based_control_rrbot/PID-based-SCARA-Robot-Position-and-Velocity-Control-And-Manipulation/src/rrbot_simulation_files/install/rrbot_description:/home/maryammahmood/PID_based_control_rrbot/PID-based-SCARA-Robot-Position-and-Velocity-Control-And-Manipulation/src/rrbot_simulation_files/rrbot_gazebo/install/rrbot_gazebo:/home/maryammahmood/PID_based_control_rrbot/PID-based-SCARA-Robot-Position-and-Velocity-Control-And-Manipulation/src/install/rrbot_gazebo:/home/maryammahmood/PID_based_control_rrbot/PID-based-SCARA-Robot-Position-and-Velocity-Control-And-Manipulation/src/install/rrbot_description:/home/maryammahmood/PID_based_control_rrbot/PID-based-SCARA-Robot-Position-and-Velocity-Control-And-Manipulation/src/install/custom_interfaces:/opt/openrobots:/opt/openrobots:/home/maryammahmood/ws_moveit2/install/pilz_industrial_motion_planner_testutils:/home/maryammahmood/ws_moveit2/install/moveit_runtime:/home/maryammahmood/ws_moveit2/install/moveit2_tutorials:/home/maryammahmood/ws_moveit2/install/moveit:/home/maryammahmood/ws_moveit2/install/moveit_planners:/home/maryammahmood/ws_moveit2/install/pilz_industrial_motion_planner:/home/maryammahmood/ws_moveit2/install/moveit_visual_tools:/home/maryammahmood/ws_moveit2/install/moveit_task_constructor_visualization:/home/maryammahmood/ws_moveit2/install/moveit_task_constructor_demo:/home/maryammahmood/ws_moveit2/install/moveit_task_constructor_capabilities:/home/maryammahmood/ws_moveit2/install/moveit_task_constructor_core:/home/maryammahmood/ws_moveit2/install/moveit_ros_control_interface:/home/maryammahmood/ws_moveit2/install/moveit_plugins:/home/maryammahmood/ws_moveit2/install/moveit_simple_controller_manager:/home/maryammahmood/ws_moveit2/install/moveit_setup_assistant:/home/maryammahmood/ws_moveit2/install/moveit_setup_srdf_plugins:/home/maryammahmood/ws_moveit2/install/moveit_setup_core_plugins:/home/maryammahmood/ws_moveit2/install/moveit_setup_controllers:/home/maryammahmood/ws_moveit2/install/moveit_setup_app_plugins:/home/maryammahmood/ws_moveit2/install/moveit_setup_framework:/home/maryammahmood/ws_moveit2/install/moveit_servo:/home/maryammahmood/ws_moveit2/install/moveit_ros:/home/maryammahmood/ws_moveit2/install/moveit_ros_visualization:/home/maryammahmood/ws_moveit2/install/moveit_hybrid_planning:/home/maryammahmood/ws_moveit2/install/moveit_ros_planning_interface:/home/maryammahmood/ws_moveit2/install/moveit_ros_benchmarks:/home/maryammahmood/ws_moveit2/install/moveit_ros_warehouse:/home/maryammahmood/ws_moveit2/install/moveit_ros_robot_interaction:/home/maryammahmood/ws_moveit2/install/moveit_ros_perception:/home/maryammahmood/ws_moveit2/install/moveit_resources_prbt_pg70_support:/home/maryammahmood/ws_moveit2/install/moveit_resources_prbt_moveit_config:/home/maryammahmood/ws_moveit2/install/moveit_ros_move_group:/home/maryammahmood/ws_moveit2/install/moveit_planners_ompl:/home/maryammahmood/ws_moveit2/install/moveit_ros_planning:/home/maryammahmood/ws_moveit2/install/moveit_ros_occupancy_map_monitor:/home/maryammahmood/ws_moveit2/install/moveit_resources_prbt_ikfast_manipulator_plugin:/home/maryammahmood/ws_moveit2/install/moveit_planners_chomp:/home/maryammahmood/ws_moveit2/install/moveit_kinematics:/home/maryammahmood/ws_moveit2/install/moveit_chomp_optimizer_adapter:/home/maryammahmood/ws_moveit2/install/chomp_motion_planner:/home/maryammahmood/ws_moveit2/install/moveit_core:/home/maryammahmood/ws_moveit2/install/srdfdom:/home/maryammahmood/ws_moveit2/install/rviz_marker_tools:/home/maryammahmood/ws_moveit2/install/rosparam_shortcuts:/home/maryammahmood/ws_moveit2/install/moveit_task_constructor_msgs:/home/maryammahmood/ws_moveit2/install/moveit_resources_prbt_support:/home/maryammahmood/ws_moveit2/install/moveit_resources:/home/maryammahmood/ws_moveit2/install/moveit_resources_pr2_description:/home/maryammahmood/ws_moveit2/install/moveit_resources_panda_moveit_config:/home/maryammahmood/ws_moveit2/install/moveit_resources_panda_description:/home/maryammahmood/ws_moveit2/install/moveit_resources_fanuc_moveit_config:/home/maryammahmood/ws_moveit2/install/moveit_resources_fanuc_description:/home/maryammahmood/ws_moveit2/install/moveit_common:/home/maryammahmood/ws_moveit2/install/moveit_configs_utils:/home/maryammahmood/ws_moveit2/install/launch_param_builder:/opt/ros/humble /usr/bin/cmake --build /home/maryammahmood/PID_based_control_rrbot/PID-based-SCARA-Robot-Position-and-Velocity-Control-And-Manipulation/src/rrbot_simulation_files/build/rrbot_gazebo -- -j24 -l24
[8.929s] DEBUG:colcon.colcon_core.event_handler.log_command:Invoking command in '/home/maryammahmood/PID_based_control_rrbot/PID-based-SCARA-Robot-Position-and-Velocity-Control-And-Manipulation/src/rrbot_simulation_files/build/rrbot_gazebo': AMENT_PREFIX_PATH=/home/maryammahmood/PID_based_control_rrbot/PID-based-SCARA-Robot-Position-and-Velocity-Control-And-Manipulation/src/rrbot_simulation_files/install/rrbot_description:${AMENT_PREFIX_PATH} CMAKE_PREFIX_PATH=/home/maryammahmood/PID_based_control_rrbot/PID-based-SCARA-Robot-Position-and-Velocity-Control-And-Manipulation/src/rrbot_simulation_files/install/rrbot_description:/home/maryammahmood/PID_based_control_rrbot/PID-based-SCARA-Robot-Position-and-Velocity-Control-And-Manipulation/src/rrbot_simulation_files/rrbot_gazebo/install/rrbot_gazebo:/home/maryammahmood/PID_based_control_rrbot/PID-based-SCARA-Robot-Position-and-Velocity-Control-And-Manipulation/src/install/rrbot_gazebo:/home/maryammahmood/PID_based_control_rrbot/PID-based-SCARA-Robot-Position-and-Velocity-Control-And-Manipulation/src/install/rrbot_description:/home/maryammahmood/PID_based_control_rrbot/PID-based-SCARA-Robot-Position-and-Velocity-Control-And-Manipulation/src/install/custom_interfaces:/opt/openrobots:/opt/openrobots:/home/maryammahmood/ws_moveit2/install/pilz_industrial_motion_planner_testutils:/home/maryammahmood/ws_moveit2/install/moveit_runtime:/home/maryammahmood/ws_moveit2/install/moveit2_tutorials:/home/maryammahmood/ws_moveit2/install/moveit:/home/maryammahmood/ws_moveit2/install/moveit_planners:/home/maryammahmood/ws_moveit2/install/pilz_industrial_motion_planner:/home/maryammahmood/ws_moveit2/install/moveit_visual_tools:/home/maryammahmood/ws_moveit2/install/moveit_task_constructor_visualization:/home/maryammahmood/ws_moveit2/install/moveit_task_constructor_demo:/home/maryammahmood/ws_moveit2/install/moveit_task_constructor_capabilities:/home/maryammahmood/ws_moveit2/install/moveit_task_constructor_core:/home/maryammahmood/ws_moveit2/install/moveit_ros_control_interface:/home/maryammahmood/ws_moveit2/install/moveit_plugins:/home/maryammahmood/ws_moveit2/install/moveit_simple_controller_manager:/home/maryammahmood/ws_moveit2/install/moveit_setup_assistant:/home/maryammahmood/ws_moveit2/install/moveit_setup_srdf_plugins:/home/maryammahmood/ws_moveit2/install/moveit_setup_core_plugins:/home/maryammahmood/ws_moveit2/install/moveit_setup_controllers:/home/maryammahmood/ws_moveit2/install/moveit_setup_app_plugins:/home/maryammahmood/ws_moveit2/install/moveit_setup_framework:/home/maryammahmood/ws_moveit2/install/moveit_servo:/home/maryammahmood/ws_moveit2/install/moveit_ros:/home/maryammahmood/ws_moveit2/install/moveit_ros_visualization:/home/maryammahmood/ws_moveit2/install/moveit_hybrid_planning:/home/maryammahmood/ws_moveit2/install/moveit_ros_planning_interface:/home/maryammahmood/ws_moveit2/install/moveit_ros_benchmarks:/home/maryammahmood/ws_moveit2/install/moveit_ros_warehouse:/home/maryammahmood/ws_moveit2/install/moveit_ros_robot_interaction:/home/maryammahmood/ws_moveit2/install/moveit_ros_perception:/home/maryammahmood/ws_moveit2/install/moveit_resources_prbt_pg70_support:/home/maryammahmood/ws_moveit2/install/moveit_resources_prbt_moveit_config:/home/maryammahmood/ws_moveit2/install/moveit_ros_move_group:/home/maryammahmood/ws_moveit2/install/moveit_planners_ompl:/home/maryammahmood/ws_moveit2/install/moveit_ros_planning:/home/maryammahmood/ws_moveit2/install/moveit_ros_occupancy_map_monitor:/home/maryammahmood/ws_moveit2/install/moveit_resources_prbt_ikfast_manipulator_plugin:/home/maryammahmood/ws_moveit2/install/moveit_planners_chomp:/home/maryammahmood/ws_moveit2/install/moveit_kinematics:/home/maryammahmood/ws_moveit2/install/moveit_chomp_optimizer_adapter:/home/maryammahmood/ws_moveit2/install/chomp_motion_planner:/home/maryammahmood/ws_moveit2/install/moveit_core:/home/maryammahmood/ws_moveit2/install/srdfdom:/home/maryammahmood/ws_moveit2/install/rviz_marker_tools:/home/maryammahmood/ws_moveit2/install/rosparam_shortcuts:/home/maryammahmood/ws_moveit2/install/moveit_task_constructor_msgs:/home/maryammahmood/ws_moveit2/install/moveit_resources_prbt_support:/home/maryammahmood/ws_moveit2/install/moveit_resources:/home/maryammahmood/ws_moveit2/install/moveit_resources_pr2_description:/home/maryammahmood/ws_moveit2/install/moveit_resources_panda_moveit_config:/home/maryammahmood/ws_moveit2/install/moveit_resources_panda_description:/home/maryammahmood/ws_moveit2/install/moveit_resources_fanuc_moveit_config:/home/maryammahmood/ws_moveit2/install/moveit_resources_fanuc_description:/home/maryammahmood/ws_moveit2/install/moveit_common:/home/maryammahmood/ws_moveit2/install/moveit_configs_utils:/home/maryammahmood/ws_moveit2/install/launch_param_builder:/opt/ros/humble /usr/bin/cmake --install /home/maryammahmood/PID_based_control_rrbot/PID-based-SCARA-Robot-Position-and-Velocity-Control-And-Manipulation/src/rrbot_simulation_files/build/rrbot_gazebo
[9.228s] Level 1:colcon.colcon_core.environment:create_environment_scripts_only(rrbot_gazebo)
[9.228s] Level 1:colcon.colcon_core.environment:checking '/home/maryammahmood/PID_based_control_rrbot/PID-based-SCARA-Robot-Position-and-Velocity-Control-And-Manipulation/src/rrbot_simulation_files/install/rrbot_gazebo' for CMake module files
[9.229s] DEBUG:colcon.colcon_core.event_handler.log_command:Invoked command in '/home/maryammahmood/PID_based_control_rrbot/PID-based-SCARA-Robot-Position-and-Velocity-Control-And-Manipulation/src/rrbot_simulation_files/build/rrbot_gazebo' returned '0': AMENT_PREFIX_PATH=/home/maryammahmood/PID_based_control_rrbot/PID-based-SCARA-Robot-Position-and-Velocity-Control-And-Manipulation/src/rrbot_simulation_files/install/rrbot_description:${AMENT_PREFIX_PATH} CMAKE_PREFIX_PATH=/home/maryammahmood/PID_based_control_rrbot/PID-based-SCARA-Robot-Position-and-Velocity-Control-And-Manipulation/src/rrbot_simulation_files/install/rrbot_description:/home/maryammahmood/PID_based_control_rrbot/PID-based-SCARA-Robot-Position-and-Velocity-Control-And-Manipulation/src/rrbot_simulation_files/rrbot_gazebo/install/rrbot_gazebo:/home/maryammahmood/PID_based_control_rrbot/PID-based-SCARA-Robot-Position-and-Velocity-Control-And-Manipulation/src/install/rrbot_gazebo:/home/maryammahmood/PID_based_control_rrbot/PID-based-SCARA-Robot-Position-and-Velocity-Control-And-Manipulation/src/install/rrbot_description:/home/maryammahmood/PID_based_control_rrbot/PID-based-SCARA-Robot-Position-and-Velocity-Control-And-Manipulation/src/install/custom_interfaces:/opt/openrobots:/opt/openrobots:/home/maryammahmood/ws_moveit2/install/pilz_industrial_motion_planner_testutils:/home/maryammahmood/ws_moveit2/install/moveit_runtime:/home/maryammahmood/ws_moveit2/install/moveit2_tutorials:/home/maryammahmood/ws_moveit2/install/moveit:/home/maryammahmood/ws_moveit2/install/moveit_planners:/home/maryammahmood/ws_moveit2/install/pilz_industrial_motion_planner:/home/maryammahmood/ws_moveit2/install/moveit_visual_tools:/home/maryammahmood/ws_moveit2/install/moveit_task_constructor_visualization:/home/maryammahmood/ws_moveit2/install/moveit_task_constructor_demo:/home/maryammahmood/ws_moveit2/install/moveit_task_constructor_capabilities:/home/maryammahmood/ws_moveit2/install/moveit_task_constructor_core:/home/maryammahmood/ws_moveit2/install/moveit_ros_control_interface:/home/maryammahmood/ws_moveit2/install/moveit_plugins:/home/maryammahmood/ws_moveit2/install/moveit_simple_controller_manager:/home/maryammahmood/ws_moveit2/install/moveit_setup_assistant:/home/maryammahmood/ws_moveit2/install/moveit_setup_srdf_plugins:/home/maryammahmood/ws_moveit2/install/moveit_setup_core_plugins:/home/maryammahmood/ws_moveit2/install/moveit_setup_controllers:/home/maryammahmood/ws_moveit2/install/moveit_setup_app_plugins:/home/maryammahmood/ws_moveit2/install/moveit_setup_framework:/home/maryammahmood/ws_moveit2/install/moveit_servo:/home/maryammahmood/ws_moveit2/install/moveit_ros:/home/maryammahmood/ws_moveit2/install/moveit_ros_visualization:/home/maryammahmood/ws_moveit2/install/moveit_hybrid_planning:/home/maryammahmood/ws_moveit2/install/moveit_ros_planning_interface:/home/maryammahmood/ws_moveit2/install/moveit_ros_benchmarks:/home/maryammahmood/ws_moveit2/install/moveit_ros_warehouse:/home/maryammahmood/ws_moveit2/install/moveit_ros_robot_interaction:/home/maryammahmood/ws_moveit2/install/moveit_ros_perception:/home/maryammahmood/ws_moveit2/install/moveit_resources_prbt_pg70_support:/home/maryammahmood/ws_moveit2/install/moveit_resources_prbt_moveit_config:/home/maryammahmood/ws_moveit2/install/moveit_ros_move_group:/home/maryammahmood/ws_moveit2/install/moveit_planners_ompl:/home/maryammahmood/ws_moveit2/install/moveit_ros_planning:/home/maryammahmood/ws_moveit2/install/moveit_ros_occupancy_map_monitor:/home/maryammahmood/ws_moveit2/install/moveit_resources_prbt_ikfast_manipulator_plugin:/home/maryammahmood/ws_moveit2/install/moveit_planners_chomp:/home/maryammahmood/ws_moveit2/install/moveit_kinematics:/home/maryammahmood/ws_moveit2/install/moveit_chomp_optimizer_adapter:/home/maryammahmood/ws_moveit2/install/chomp_motion_planner:/home/maryammahmood/ws_moveit2/install/moveit_core:/home/maryammahmood/ws_moveit2/install/srdfdom:/home/maryammahmood/ws_moveit2/install/rviz_marker_tools:/home/maryammahmood/ws_moveit2/install/rosparam_shortcuts:/home/maryammahmood/ws_moveit2/install/moveit_task_constructor_msgs:/home/maryammahmood/ws_moveit2/install/moveit_resources_prbt_support:/home/maryammahmood/ws_moveit2/install/moveit_resources:/home/maryammahmood/ws_moveit2/install/moveit_resources_pr2_description:/home/maryammahmood/ws_moveit2/install/moveit_resources_panda_moveit_config:/home/maryammahmood/ws_moveit2/install/moveit_resources_panda_description:/home/maryammahmood/ws_moveit2/install/moveit_resources_fanuc_moveit_config:/home/maryammahmood/ws_moveit2/install/moveit_resources_fanuc_description:/home/maryammahmood/ws_moveit2/install/moveit_common:/home/maryammahmood/ws_moveit2/install/moveit_configs_utils:/home/maryammahmood/ws_moveit2/install/launch_param_builder:/opt/ros/humble /usr/bin/cmake --install /home/maryammahmood/PID_based_control_rrbot/PID-based-SCARA-Robot-Position-and-Velocity-Control-And-Manipulation/src/rrbot_simulation_files/build/rrbot_gazebo
[9.229s] Level 1:colcon.colcon_core.environment:checking '/home/maryammahmood/PID_based_control_rrbot/PID-based-SCARA-Robot-Position-and-Velocity-Control-And-Manipulation/src/rrbot_simulation_files/install/rrbot_gazebo' for CMake config files
[9.230s] Level 1:colcon.colcon_core.shell:create_environment_hook('rrbot_gazebo', 'cmake_prefix_path')
[9.230s] INFO:colcon.colcon_core.shell:Creating environment hook '/home/maryammahmood/PID_based_control_rrbot/PID-based-SCARA-Robot-Position-and-Velocity-Control-And-Manipulation/src/rrbot_simulation_files/install/rrbot_gazebo/share/rrbot_gazebo/hook/cmake_prefix_path.ps1'
[9.231s] INFO:colcon.colcon_core.shell:Creating environment descriptor '/home/maryammahmood/PID_based_control_rrbot/PID-based-SCARA-Robot-Position-and-Velocity-Control-And-Manipulation/src/rrbot_simulation_files/install/rrbot_gazebo/share/rrbot_gazebo/hook/cmake_prefix_path.dsv'
[9.231s] INFO:colcon.colcon_core.shell:Creating environment hook '/home/maryammahmood/PID_based_control_rrbot/PID-based-SCARA-Robot-Position-and-Velocity-Control-And-Manipulation/src/rrbot_simulation_files/install/rrbot_gazebo/share/rrbot_gazebo/hook/cmake_prefix_path.sh'
[9.231s] Level 1:colcon.colcon_core.environment:checking '/home/maryammahmood/PID_based_control_rrbot/PID-based-SCARA-Robot-Position-and-Velocity-Control-And-Manipulation/src/rrbot_simulation_files/install/rrbot_gazebo/lib'
[9.232s] Level 1:colcon.colcon_core.environment:checking '/home/maryammahmood/PID_based_control_rrbot/PID-based-SCARA-Robot-Position-and-Velocity-Control-And-Manipulation/src/rrbot_simulation_files/install/rrbot_gazebo/bin'
[9.232s] Level 1:colcon.colcon_core.environment:checking '/home/maryammahmood/PID_based_control_rrbot/PID-based-SCARA-Robot-Position-and-Velocity-Control-And-Manipulation/src/rrbot_simulation_files/install/rrbot_gazebo/lib/pkgconfig/rrbot_gazebo.pc'
[9.232s] Level 1:colcon.colcon_core.environment:checking '/home/maryammahmood/PID_based_control_rrbot/PID-based-SCARA-Robot-Position-and-Velocity-Control-And-Manipulation/src/rrbot_simulation_files/install/rrbot_gazebo/lib/python3.10/site-packages'
[9.232s] Level 1:colcon.colcon_core.environment:checking '/home/maryammahmood/PID_based_control_rrbot/PID-based-SCARA-Robot-Position-and-Velocity-Control-And-Manipulation/src/rrbot_simulation_files/install/rrbot_gazebo/bin'
[9.233s] INFO:colcon.colcon_core.shell:Creating package script '/home/maryammahmood/PID_based_control_rrbot/PID-based-SCARA-Robot-Position-and-Velocity-Control-And-Manipulation/src/rrbot_simulation_files/install/rrbot_gazebo/share/rrbot_gazebo/package.ps1'
[9.233s] INFO:colcon.colcon_core.shell:Creating package descriptor '/home/maryammahmood/PID_based_control_rrbot/PID-based-SCARA-Robot-Position-and-Velocity-Control-And-Manipulation/src/rrbot_simulation_files/install/rrbot_gazebo/share/rrbot_gazebo/package.dsv'
[9.233s] INFO:colcon.colcon_core.shell:Creating package script '/home/maryammahmood/PID_based_control_rrbot/PID-based-SCARA-Robot-Position-and-Velocity-Control-And-Manipulation/src/rrbot_simulation_files/install/rrbot_gazebo/share/rrbot_gazebo/package.sh'
[9.234s] INFO:colcon.colcon_core.shell:Creating package script '/home/maryammahmood/PID_based_control_rrbot/PID-based-SCARA-Robot-Position-and-Velocity-Control-And-Manipulation/src/rrbot_simulation_files/install/rrbot_gazebo/share/rrbot_gazebo/package.bash'
[9.234s] INFO:colcon.colcon_core.shell:Creating package script '/home/maryammahmood/PID_based_control_rrbot/PID-based-SCARA-Robot-Position-and-Velocity-Control-And-Manipulation/src/rrbot_simulation_files/install/rrbot_gazebo/share/rrbot_gazebo/package.zsh'
[9.234s] Level 1:colcon.colcon_core.environment:create_file_with_runtime_dependencies(/home/maryammahmood/PID_based_control_rrbot/PID-based-SCARA-Robot-Position-and-Velocity-Control-And-Manipulation/src/rrbot_simulation_files/install/rrbot_gazebo/share/colcon-core/packages/rrbot_gazebo)
[9.331s] Level 1:colcon.colcon_core.environment:create_environment_scripts_only(rrbot_gazebo)
[9.332s] Level 1:colcon.colcon_core.environment:checking '/home/maryammahmood/PID_based_control_rrbot/PID-based-SCARA-Robot-Position-and-Velocity-Control-And-Manipulation/src/rrbot_simulation_files/install/rrbot_gazebo' for CMake module files
[9.332s] Level 1:colcon.colcon_core.environment:checking '/home/maryammahmood/PID_based_control_rrbot/PID-based-SCARA-Robot-Position-and-Velocity-Control-And-Manipulation/src/rrbot_simulation_files/install/rrbot_gazebo' for CMake config files
[9.332s] Level 1:colcon.colcon_core.shell:create_environment_hook('rrbot_gazebo', 'cmake_prefix_path')
[9.333s] INFO:colcon.colcon_core.shell:Creating environment hook '/home/maryammahmood/PID_based_control_rrbot/PID-based-SCARA-Robot-Position-and-Velocity-Control-And-Manipulation/src/rrbot_simulation_files/install/rrbot_gazebo/share/rrbot_gazebo/hook/cmake_prefix_path.ps1'
[9.333s] INFO:colcon.colcon_core.shell:Creating environment descriptor '/home/maryammahmood/PID_based_control_rrbot/PID-based-SCARA-Robot-Position-and-Velocity-Control-And-Manipulation/src/rrbot_simulation_files/install/rrbot_gazebo/share/rrbot_gazebo/hook/cmake_prefix_path.dsv'
[9.333s] INFO:colcon.colcon_core.shell:Creating environment hook '/home/maryammahmood/PID_based_control_rrbot/PID-based-SCARA-Robot-Position-and-Velocity-Control-And-Manipulation/src/rrbot_simulation_files/install/rrbot_gazebo/share/rrbot_gazebo/hook/cmake_prefix_path.sh'
[9.334s] Level 1:colcon.colcon_core.environment:checking '/home/maryammahmood/PID_based_control_rrbot/PID-based-SCARA-Robot-Position-and-Velocity-Control-And-Manipulation/src/rrbot_simulation_files/install/rrbot_gazebo/lib'
[9.334s] Level 1:colcon.colcon_core.environment:checking '/home/maryammahmood/PID_based_control_rrbot/PID-based-SCARA-Robot-Position-and-Velocity-Control-And-Manipulation/src/rrbot_simulation_files/install/rrbot_gazebo/bin'
[9.334s] Level 1:colcon.colcon_core.environment:checking '/home/maryammahmood/PID_based_control_rrbot/PID-based-SCARA-Robot-Position-and-Velocity-Control-And-Manipulation/src/rrbot_simulation_files/install/rrbot_gazebo/lib/pkgconfig/rrbot_gazebo.pc'
[9.334s] Level 1:colcon.colcon_core.environment:checking '/home/maryammahmood/PID_based_control_rrbot/PID-based-SCARA-Robot-Position-and-Velocity-Control-And-Manipulation/src/rrbot_simulation_files/install/rrbot_gazebo/lib/python3.10/site-packages'
[9.334s] Level 1:colcon.colcon_core.environment:checking '/home/maryammahmood/PID_based_control_rrbot/PID-based-SCARA-Robot-Position-and-Velocity-Control-And-Manipulation/src/rrbot_simulation_files/install/rrbot_gazebo/bin'
[9.334s] INFO:colcon.colcon_core.shell:Creating package script '/home/maryammahmood/PID_based_control_rrbot/PID-based-SCARA-Robot-Position-and-Velocity-Control-And-Manipulation/src/rrbot_simulation_files/install/rrbot_gazebo/share/rrbot_gazebo/package.ps1'
[9.335s] INFO:colcon.colcon_core.shell:Creating package descriptor '/home/maryammahmood/PID_based_control_rrbot/PID-based-SCARA-Robot-Position-and-Velocity-Control-And-Manipulation/src/rrbot_simulation_files/install/rrbot_gazebo/share/rrbot_gazebo/package.dsv'
[9.335s] INFO:colcon.colcon_core.shell:Creating package script '/home/maryammahmood/PID_based_control_rrbot/PID-based-SCARA-Robot-Position-and-Velocity-Control-And-Manipulation/src/rrbot_simulation_files/install/rrbot_gazebo/share/rrbot_gazebo/package.sh'
[9.336s] INFO:colcon.colcon_core.shell:Creating package script '/home/maryammahmood/PID_based_control_rrbot/PID-based-SCARA-Robot-Position-and-Velocity-Control-And-Manipulation/src/rrbot_simulation_files/install/rrbot_gazebo/share/rrbot_gazebo/package.bash'
[9.336s] INFO:colcon.colcon_core.shell:Creating package script '/home/maryammahmood/PID_based_control_rrbot/PID-based-SCARA-Robot-Position-and-Velocity-Control-And-Manipulation/src/rrbot_simulation_files/install/rrbot_gazebo/share/rrbot_gazebo/package.zsh'
[9.336s] Level 1:colcon.colcon_core.environment:create_file_with_runtime_dependencies(/home/maryammahmood/PID_based_control_rrbot/PID-based-SCARA-Robot-Position-and-Velocity-Control-And-Manipulation/src/rrbot_simulation_files/install/rrbot_gazebo/share/colcon-core/packages/rrbot_gazebo)
[9.337s] DEBUG:colcon.colcon_parallel_executor.executor.parallel:closing loop
[9.337s] DEBUG:colcon.colcon_parallel_executor.executor.parallel:loop closed
[9.337s] DEBUG:colcon.colcon_parallel_executor.executor.parallel:run_until_complete finished with '0'
[9.337s] DEBUG:colcon.colcon_core.event_reactor:joining thread
[9.343s] INFO:colcon.colcon_core.plugin_system:Skipping extension 'colcon_notification.desktop_notification.terminal_notifier': Not used on non-Darwin systems
[9.343s] INFO:colcon.colcon_core.plugin_system:Skipping extension 'colcon_notification.desktop_notification.win32': Not used on non-Windows systems
[9.343s] INFO:colcon.colcon_notification.desktop_notification:Sending desktop notification using 'notify2'
[9.358s] DEBUG:colcon.colcon_core.event_reactor:joined thread
[9.359s] INFO:colcon.colcon_core.shell:Creating prefix script '/home/maryammahmood/PID_based_control_rrbot/PID-based-SCARA-Robot-Position-and-Velocity-Control-And-Manipulation/src/rrbot_simulation_files/install/local_setup.ps1'
[9.360s] INFO:colcon.colcon_core.shell:Creating prefix util module '/home/maryammahmood/PID_based_control_rrbot/PID-based-SCARA-Robot-Position-and-Velocity-Control-And-Manipulation/src/rrbot_simulation_files/install/_local_setup_util_ps1.py'
[9.362s] INFO:colcon.colcon_core.shell:Creating prefix chain script '/home/maryammahmood/PID_based_control_rrbot/PID-based-SCARA-Robot-Position-and-Velocity-Control-And-Manipulation/src/rrbot_simulation_files/install/setup.ps1'
[9.365s] INFO:colcon.colcon_core.shell:Creating prefix script '/home/maryammahmood/PID_based_control_rrbot/PID-based-SCARA-Robot-Position-and-Velocity-Control-And-Manipulation/src/rrbot_simulation_files/install/local_setup.sh'
[9.366s] INFO:colcon.colcon_core.shell:Creating prefix util module '/home/maryammahmood/PID_based_control_rrbot/PID-based-SCARA-Robot-Position-and-Velocity-Control-And-Manipulation/src/rrbot_simulation_files/install/_local_setup_util_sh.py'
[9.366s] INFO:colcon.colcon_core.shell:Creating prefix chain script '/home/maryammahmood/PID_based_control_rrbot/PID-based-SCARA-Robot-Position-and-Velocity-Control-And-Manipulation/src/rrbot_simulation_files/install/setup.sh'
[9.370s] INFO:colcon.colcon_core.shell:Creating prefix script '/home/maryammahmood/PID_based_control_rrbot/PID-based-SCARA-Robot-Position-and-Velocity-Control-And-Manipulation/src/rrbot_simulation_files/install/local_setup.bash'
[9.370s] INFO:colcon.colcon_core.shell:Creating prefix chain script '/home/maryammahmood/PID_based_control_rrbot/PID-based-SCARA-Robot-Position-and-Velocity-Control-And-Manipulation/src/rrbot_simulation_files/install/setup.bash'
[9.372s] INFO:colcon.colcon_core.shell:Creating prefix script '/home/maryammahmood/PID_based_control_rrbot/PID-based-SCARA-Robot-Position-and-Velocity-Control-And-Manipulation/src/rrbot_simulation_files/install/local_setup.zsh'
[9.372s] INFO:colcon.colcon_core.shell:Creating prefix chain script '/home/maryammahmood/PID_based_control_rrbot/PID-based-SCARA-Robot-Position-and-Velocity-Control-And-Manipulation/src/rrbot_simulation_files/install/setup.zsh'
