-- Found ament_cmake: 1.3.10 (/opt/ros/humble/share/ament_cmake/cmake)
-- Override CMake install command with custom implementation using symlinks instead of copying resources
-- Found rclcpp: 16.0.10 (/opt/ros/humble/share/rclcpp/cmake)
-- Found rosidl_generator_c: 3.1.5 (/opt/ros/humble/share/rosidl_generator_c/cmake)
-- Found rosidl_adapter: 3.1.5 (/opt/ros/humble/share/rosidl_adapter/cmake)
-- Found rosidl_generator_cpp: 3.1.5 (/opt/ros/humble/share/rosidl_generator_cpp/cmake)
-- Using all available rosidl_typesupport_c: rosidl_typesupport_fastrtps_c;rosidl_typesupport_introspection_c
-- Using all available rosidl_typesupport_cpp: rosidl_typesupport_fastrtps_cpp;rosidl_typesupport_introspection_cpp
-- Found rmw_implementation_cmake: 6.1.2 (/opt/ros/humble/share/rmw_implementation_cmake/cmake)
-- Found rmw_fastrtps_cpp: 6.2.7 (/opt/ros/humble/share/rmw_fastrtps_cpp/cmake)
-- Using RMW implementation 'rmw_fastrtps_cpp' as default
-- Found sensor_msgs: 4.2.4 (/opt/ros/humble/share/sensor_msgs/cmake)
-- Found controller_manager_msgs: 2.43.1 (/opt/ros/humble/share/controller_manager_msgs/cmake)
-- Found custom_interfaces: 0.0.0 (/home/maryammahmood/PID_own_urdf/src/install/custom_interfaces/share/custom_interfaces/cmake)
-- Found example_interfaces: 0.9.3 (/opt/ros/humble/share/example_interfaces/cmake)
-- Configuring done
-- Generating done
-- Build files have been written to: /home/maryammahmood/PID_own_urdf/src/build/gazebo_urdf
[35m[1mConsolidate compiler generated dependencies of target fkin_publisher[0m
[35m[1mConsolidate compiler generated dependencies of target joint_effort_control[0m
[35m[1mConsolidate compiler generated dependencies of target end_eff_vel_control[0m
[35m[1mConsolidate compiler generated dependencies of target switch_eff[0m
[35m[1mConsolidate compiler generated dependencies of target ikin_publisher[0m
[35m[1mConsolidate compiler generated dependencies of target switch_vel[0m
[  8%] [32m[1mLinking CXX executable fkin_publisher[0m
[ 25%] [32m[1mLinking CXX executable joint_effort_control[0m
[ 25%] [32m[1mLinking CXX executable switch_vel[0m
[ 33%] [32m[1mLinking CXX executable end_eff_vel_control[0m
[ 41%] [32m[1mLinking CXX executable switch_eff[0m
[ 50%] [32m[1mLinking CXX executable ikin_publisher[0m
[ 58%] Built target switch_eff
[ 66%] Built target ikin_publisher
[ 75%] Built target switch_vel
[ 83%] Built target fkin_publisher
[ 91%] Built target joint_effort_control
[100%] Built target end_eff_vel_control
-- Install configuration: ""
-- Execute custom install script
-- Symlinking: /home/maryammahmood/PID_own_urdf/src/install/gazebo_urdf/lib/gazebo_urdf/fkin_publisher
-- Symlinking: /home/maryammahmood/PID_own_urdf/src/install/gazebo_urdf/lib/gazebo_urdf/ikin_publisher
-- Symlinking: /home/maryammahmood/PID_own_urdf/src/install/gazebo_urdf/lib/gazebo_urdf/switch_eff
-- Symlinking: /home/maryammahmood/PID_own_urdf/src/install/gazebo_urdf/lib/gazebo_urdf/switch_vel
-- Symlinking: /home/maryammahmood/PID_own_urdf/src/install/gazebo_urdf/lib/gazebo_urdf/joint_effort_control
-- Symlinking: /home/maryammahmood/PID_own_urdf/src/install/gazebo_urdf/lib/gazebo_urdf/end_eff_vel_control
-- Symlinking: /home/maryammahmood/PID_own_urdf/src/install/gazebo_urdf/share/gazebo_urdf/launch/rrbot_world.launch.py
-- Symlinking: /home/maryammahmood/PID_own_urdf/src/install/gazebo_urdf/share/gazebo_urdf/worlds/rrbot.world
-- Symlinking: /home/maryammahmood/PID_own_urdf/src/install/gazebo_urdf/share/gazebo_urdf/config/controllers.yaml
-- Symlinking: /home/maryammahmood/PID_own_urdf/src/install/gazebo_urdf/share/gazebo_urdf/config/gazebo_controllers.yaml
-- Symlinking: /home/maryammahmood/PID_own_urdf/src/install/gazebo_urdf/lib/gazebo_urdf/joint_effort_controller.py
-- Symlinking: /home/maryammahmood/PID_own_urdf/src/install/gazebo_urdf/lib/gazebo_urdf/joint_velocity_controller.py
-- Symlinking: /home/maryammahmood/PID_own_urdf/src/install/gazebo_urdf/lib/gazebo_urdf/joint_angle_input.py
-- Symlinking: /home/maryammahmood/PID_own_urdf/src/install/gazebo_urdf/lib/gazebo_urdf/ros_node.py
-- Symlinking: /home/maryammahmood/PID_own_urdf/src/install/gazebo_urdf/lib/gazebo_urdf/ros_node1.py
-- Symlinking: /home/maryammahmood/PID_own_urdf/src/install/gazebo_urdf/lib/gazebo_urdf/ros_node2.py
-- Symlinking: /home/maryammahmood/PID_own_urdf/src/install/gazebo_urdf/share/ament_index/resource_index/package_run_dependencies/gazebo_urdf
-- Symlinking: /home/maryammahmood/PID_own_urdf/src/install/gazebo_urdf/share/ament_index/resource_index/parent_prefix_path/gazebo_urdf
-- Symlinking: /home/maryammahmood/PID_own_urdf/src/install/gazebo_urdf/share/gazebo_urdf/environment/ament_prefix_path.sh
-- Symlinking: /home/maryammahmood/PID_own_urdf/src/install/gazebo_urdf/share/gazebo_urdf/environment/ament_prefix_path.dsv
-- Symlinking: /home/maryammahmood/PID_own_urdf/src/install/gazebo_urdf/share/gazebo_urdf/environment/path.sh
-- Symlinking: /home/maryammahmood/PID_own_urdf/src/install/gazebo_urdf/share/gazebo_urdf/environment/path.dsv
-- Symlinking: /home/maryammahmood/PID_own_urdf/src/install/gazebo_urdf/share/gazebo_urdf/local_setup.bash
-- Symlinking: /home/maryammahmood/PID_own_urdf/src/install/gazebo_urdf/share/gazebo_urdf/local_setup.sh
-- Symlinking: /home/maryammahmood/PID_own_urdf/src/install/gazebo_urdf/share/gazebo_urdf/local_setup.zsh
-- Symlinking: /home/maryammahmood/PID_own_urdf/src/install/gazebo_urdf/share/gazebo_urdf/local_setup.dsv
-- Symlinking: /home/maryammahmood/PID_own_urdf/src/install/gazebo_urdf/share/gazebo_urdf/package.dsv
-- Symlinking: /home/maryammahmood/PID_own_urdf/src/install/gazebo_urdf/share/ament_index/resource_index/packages/gazebo_urdf
-- Symlinking: /home/maryammahmood/PID_own_urdf/src/install/gazebo_urdf/share/gazebo_urdf/cmake/gazebo_urdfConfig.cmake
-- Symlinking: /home/maryammahmood/PID_own_urdf/src/install/gazebo_urdf/share/gazebo_urdf/cmake/gazebo_urdfConfig-version.cmake
-- Symlinking: /home/maryammahmood/PID_own_urdf/src/install/gazebo_urdf/share/gazebo_urdf/package.xml
