[0.015s] Invoking command in '/home/maryammahmood/PID_based_control_rrbot/PID-based-SCARA-Robot-Position-and-Velocity-Control-And-Manipulation/src/build/custom_interfaces': CMAKE_PREFIX_PATH=${CMAKE_PREFIX_PATH}:/home/maryammahmood/ws_moveit2/install/moveit_configs_utils:/home/maryammahmood/ws_moveit2/install/launch_param_builder:/opt/ros/humble /usr/bin/cmake /home/maryammahmood/PID_based_control_rrbot/PID-based-SCARA-Robot-Position-and-Velocity-Control-And-Manipulation/src/custom_interfaces -DAMENT_CMAKE_SYMLINK_INSTALL=1 -DCMAKE_INSTALL_PREFIX=/home/maryammahmood/PID_based_control_rrbot/PID-based-SCARA-Robot-Position-and-Velocity-Control-And-Manipulation/src/install/custom_interfaces
[0.073s] -- The C compiler identification is GNU 11.4.0
[0.125s] -- The CXX compiler identification is GNU 11.4.0
[0.131s] -- Detecting C compiler ABI info
[0.206s] -- Detecting C compiler ABI info - done
[0.211s] -- Check for working C compiler: /usr/bin/cc - skipped
[0.211s] -- Detecting C compile features
[0.211s] -- Detecting C compile features - done
[0.214s] -- Detecting CXX compiler ABI info
[0.293s] -- Detecting CXX compiler ABI info - done
[0.301s] -- Check for working CXX compiler: /usr/bin/c++ - skipped
[0.301s] -- Detecting CXX compile features
[0.301s] -- Detecting CXX compile features - done
[0.306s] -- Found ament_cmake: 1.3.10 (/opt/ros/humble/share/ament_cmake/cmake)
[0.456s] -- Found Python3: /usr/bin/python3 (found version "3.10.12") found components: Interpreter 
[0.502s] -- Override CMake install command with custom implementation using symlinks instead of copying resources
[0.570s] -- Found rosidl_default_generators: 1.2.0 (/opt/ros/humble/share/rosidl_default_generators/cmake)
[0.580s] -- Using all available rosidl_typesupport_c: rosidl_typesupport_fastrtps_c;rosidl_typesupport_introspection_c
[0.594s] -- Found rosidl_adapter: 3.1.5 (/opt/ros/humble/share/rosidl_adapter/cmake)
[0.652s] -- Using all available rosidl_typesupport_cpp: rosidl_typesupport_fastrtps_cpp;rosidl_typesupport_introspection_cpp
[0.924s] -- Found ament_cmake_ros: 0.10.0 (/opt/ros/humble/share/ament_cmake_ros/cmake)
[1.127s] -- Using all available rosidl_typesupport_c: rosidl_typesupport_fastrtps_c;rosidl_typesupport_introspection_c
[1.386s] -- Using all available rosidl_typesupport_cpp: rosidl_typesupport_fastrtps_cpp;rosidl_typesupport_introspection_cpp
[1.413s] -- Found PythonInterp: /usr/bin/python3 (found suitable version "3.10.12", minimum required is "3.6") 
[1.418s] -- Found python_cmake_module: 0.10.0 (/opt/ros/humble/share/python_cmake_module/cmake)
[1.458s] -- Found PythonLibs: /usr/lib/x86_64-linux-gnu/libpython3.10.so (found suitable version "3.10.12", minimum required is "3.5") 
[1.459s] -- Using PYTHON_EXECUTABLE: /usr/bin/python3
[1.459s] -- Using PYTHON_INCLUDE_DIRS: /usr/include/python3.10
[1.459s] -- Using PYTHON_LIBRARIES: /usr/lib/x86_64-linux-gnu/libpython3.10.so
[1.488s] -- Found PythonExtra: .so  
[1.545s] -- Found ament_lint_auto: 0.12.11 (/opt/ros/humble/share/ament_lint_auto/cmake)
[1.581s] -- Added test 'lint_cmake' to check CMake code style
[1.582s] -- Added test 'xmllint' to check XML markup files
[1.585s] -- Configuring done
[1.606s] -- Generating done
[1.607s] -- Build files have been written to: /home/maryammahmood/PID_based_control_rrbot/PID-based-SCARA-Robot-Position-and-Velocity-Control-And-Manipulation/src/build/custom_interfaces
[1.611s] Invoked command in '/home/maryammahmood/PID_based_control_rrbot/PID-based-SCARA-Robot-Position-and-Velocity-Control-And-Manipulation/src/build/custom_interfaces' returned '0': CMAKE_PREFIX_PATH=${CMAKE_PREFIX_PATH}:/home/maryammahmood/ws_moveit2/install/moveit_configs_utils:/home/maryammahmood/ws_moveit2/install/launch_param_builder:/opt/ros/humble /usr/bin/cmake /home/maryammahmood/PID_based_control_rrbot/PID-based-SCARA-Robot-Position-and-Velocity-Control-And-Manipulation/src/custom_interfaces -DAMENT_CMAKE_SYMLINK_INSTALL=1 -DCMAKE_INSTALL_PREFIX=/home/maryammahmood/PID_based_control_rrbot/PID-based-SCARA-Robot-Position-and-Velocity-Control-And-Manipulation/src/install/custom_interfaces
[1.613s] Invoking command in '/home/maryammahmood/PID_based_control_rrbot/PID-based-SCARA-Robot-Position-and-Velocity-Control-And-Manipulation/src/build/custom_interfaces': CMAKE_PREFIX_PATH=${CMAKE_PREFIX_PATH}:/home/maryammahmood/ws_moveit2/install/moveit_configs_utils:/home/maryammahmood/ws_moveit2/install/launch_param_builder:/opt/ros/humble /usr/bin/cmake --build /home/maryammahmood/PID_based_control_rrbot/PID-based-SCARA-Robot-Position-and-Velocity-Control-And-Manipulation/src/build/custom_interfaces -- -j24 -l24
[1.663s] [  1%] [34m[1mGenerating C code for ROS interfaces[0m
[1.677s] [  3%] [34m[1mGenerating C++ code for ROS interfaces[0m
[1.685s] [  3%] Built target ament_cmake_python_symlink_custom_interfaces
[1.848s] running egg_info
[1.849s] creating custom_interfaces.egg-info
[1.849s] writing custom_interfaces.egg-info/PKG-INFO
[1.849s] writing dependency_links to custom_interfaces.egg-info/dependency_links.txt
[1.849s] writing top-level names to custom_interfaces.egg-info/top_level.txt
[1.849s] writing manifest file 'custom_interfaces.egg-info/SOURCES.txt'
[1.851s] reading manifest file 'custom_interfaces.egg-info/SOURCES.txt'
[1.851s] writing manifest file 'custom_interfaces.egg-info/SOURCES.txt'
[1.871s] [  3%] Built target ament_cmake_python_build_custom_interfaces_egg
[1.981s] [  3%] Built target custom_interfaces__cpp
[1.994s] [  5%] [34m[1mGenerating C++ introspection for ROS interfaces[0m
[1.994s] [  9%] [34m[1mGenerating C++ type support dispatch for ROS interfaces[0m
[1.995s] [  9%] [34m[1mGenerating C++ type support for eProsima Fast-RTPS[0m
[1.995s] [ 10%] [32mBuilding C object CMakeFiles/custom_interfaces__rosidl_generator_c.dir/rosidl_generator_c/custom_interfaces/srv/detail/set_joint_states__functions.c.o[0m
[1.995s] [ 12%] [32mBuilding C object CMakeFiles/custom_interfaces__rosidl_generator_c.dir/rosidl_generator_c/custom_interfaces/srv/detail/set_end_effector_velocity__functions.c.o[0m
[1.995s] [ 14%] [32mBuilding C object CMakeFiles/custom_interfaces__rosidl_generator_c.dir/rosidl_generator_c/custom_interfaces/srv/detail/set_joint_velocity__functions.c.o[0m
[1.998s] [ 16%] [32mBuilding C object CMakeFiles/custom_interfaces__rosidl_generator_c.dir/rosidl_generator_c/custom_interfaces/srv/detail/find_joint_states__functions.c.o[0m
[2.044s] [ 18%] [32m[1mLinking C shared library libcustom_interfaces__rosidl_generator_c.so[0m
[2.079s] [ 18%] Built target custom_interfaces__rosidl_generator_c
[2.093s] [ 21%] [34m[1mGenerating C introspection for ROS interfaces[0m
[2.093s] [ 21%] [34m[1mGenerating C type support for eProsima Fast-RTPS[0m
[2.093s] [ 23%] [34m[1mGenerating C type support dispatch for ROS interfaces[0m
[2.223s] [ 25%] [32mBuilding CXX object CMakeFiles/custom_interfaces__rosidl_typesupport_cpp.dir/rosidl_typesupport_cpp/custom_interfaces/srv/set_joint_states__type_support.cpp.o[0m
[2.224s] [ 27%] [32mBuilding CXX object CMakeFiles/custom_interfaces__rosidl_typesupport_cpp.dir/rosidl_typesupport_cpp/custom_interfaces/srv/set_joint_velocity__type_support.cpp.o[0m
[2.225s] [ 29%] [32mBuilding CXX object CMakeFiles/custom_interfaces__rosidl_typesupport_cpp.dir/rosidl_typesupport_cpp/custom_interfaces/srv/find_joint_states__type_support.cpp.o[0m
[2.225s] [ 30%] [32mBuilding CXX object CMakeFiles/custom_interfaces__rosidl_typesupport_cpp.dir/rosidl_typesupport_cpp/custom_interfaces/srv/set_end_effector_velocity__type_support.cpp.o[0m
[2.256s] [ 38%] [32mBuilding CXX object CMakeFiles/custom_interfaces__rosidl_typesupport_introspection_cpp.dir/rosidl_typesupport_introspection_cpp/custom_interfaces/srv/detail/set_joint_velocity__type_support.cpp.o[0m
[2.256s] [ 38%] [32mBuilding CXX object CMakeFiles/custom_interfaces__rosidl_typesupport_introspection_cpp.dir/rosidl_typesupport_introspection_cpp/custom_interfaces/srv/detail/find_joint_states__type_support.cpp.o[0m
[2.257s] [ 38%] [32mBuilding CXX object CMakeFiles/custom_interfaces__rosidl_typesupport_introspection_cpp.dir/rosidl_typesupport_introspection_cpp/custom_interfaces/srv/detail/set_end_effector_velocity__type_support.cpp.o[0m
[2.257s] [ 38%] [32mBuilding CXX object CMakeFiles/custom_interfaces__rosidl_typesupport_introspection_cpp.dir/rosidl_typesupport_introspection_cpp/custom_interfaces/srv/detail/set_joint_states__type_support.cpp.o[0m
[2.287s] [ 40%] [32mBuilding CXX object CMakeFiles/custom_interfaces__rosidl_typesupport_fastrtps_cpp.dir/rosidl_typesupport_fastrtps_cpp/custom_interfaces/srv/detail/dds_fastrtps/set_joint_states__type_support.cpp.o[0m
[2.290s] [ 43%] [32mBuilding CXX object CMakeFiles/custom_interfaces__rosidl_typesupport_fastrtps_cpp.dir/rosidl_typesupport_fastrtps_cpp/custom_interfaces/srv/detail/dds_fastrtps/find_joint_states__type_support.cpp.o[0m
[2.290s] [ 43%] [32mBuilding CXX object CMakeFiles/custom_interfaces__rosidl_typesupport_fastrtps_cpp.dir/rosidl_typesupport_fastrtps_cpp/custom_interfaces/srv/detail/dds_fastrtps/set_end_effector_velocity__type_support.cpp.o[0m
[2.290s] [ 45%] [32mBuilding CXX object CMakeFiles/custom_interfaces__rosidl_typesupport_fastrtps_cpp.dir/rosidl_typesupport_fastrtps_cpp/custom_interfaces/srv/detail/dds_fastrtps/set_joint_velocity__type_support.cpp.o[0m
[2.327s] [ 47%] [32mBuilding CXX object CMakeFiles/custom_interfaces__rosidl_typesupport_c.dir/rosidl_typesupport_c/custom_interfaces/srv/find_joint_states__type_support.cpp.o[0m
[2.329s] [ 49%] [32mBuilding CXX object CMakeFiles/custom_interfaces__rosidl_typesupport_c.dir/rosidl_typesupport_c/custom_interfaces/srv/set_end_effector_velocity__type_support.cpp.o[0m
[2.330s] [ 52%] [32mBuilding CXX object CMakeFiles/custom_interfaces__rosidl_typesupport_c.dir/rosidl_typesupport_c/custom_interfaces/srv/set_joint_velocity__type_support.cpp.o[0m
[2.330s] [ 52%] [32mBuilding CXX object CMakeFiles/custom_interfaces__rosidl_typesupport_c.dir/rosidl_typesupport_c/custom_interfaces/srv/set_joint_states__type_support.cpp.o[0m
[2.362s] [ 54%] [32m[1mLinking CXX shared library libcustom_interfaces__rosidl_typesupport_c.so[0m
[2.375s] [ 56%] [32mBuilding C object CMakeFiles/custom_interfaces__rosidl_typesupport_introspection_c.dir/rosidl_typesupport_introspection_c/custom_interfaces/srv/detail/find_joint_states__type_support.c.o[0m
[2.377s] [ 58%] [32mBuilding C object CMakeFiles/custom_interfaces__rosidl_typesupport_introspection_c.dir/rosidl_typesupport_introspection_c/custom_interfaces/srv/detail/set_joint_states__type_support.c.o[0m
[2.377s] [ 60%] [32mBuilding C object CMakeFiles/custom_interfaces__rosidl_typesupport_introspection_c.dir/rosidl_typesupport_introspection_c/custom_interfaces/srv/detail/set_end_effector_velocity__type_support.c.o[0m
[2.378s] [ 61%] [32mBuilding C object CMakeFiles/custom_interfaces__rosidl_typesupport_introspection_c.dir/rosidl_typesupport_introspection_c/custom_interfaces/srv/detail/set_joint_velocity__type_support.c.o[0m
[2.396s] [ 63%] [32m[1mLinking CXX shared library libcustom_interfaces__rosidl_typesupport_cpp.so[0m
[2.399s] [ 63%] Built target custom_interfaces__rosidl_typesupport_c
[2.409s] [ 65%] [32m[1mLinking C shared library libcustom_interfaces__rosidl_typesupport_introspection_c.so[0m
[2.438s] [ 67%] [32mBuilding CXX object CMakeFiles/custom_interfaces__rosidl_typesupport_fastrtps_c.dir/rosidl_typesupport_fastrtps_c/custom_interfaces/srv/detail/find_joint_states__type_support_c.cpp.o[0m
[2.438s] [ 70%] [32mBuilding CXX object CMakeFiles/custom_interfaces__rosidl_typesupport_fastrtps_c.dir/rosidl_typesupport_fastrtps_c/custom_interfaces/srv/detail/set_joint_states__type_support_c.cpp.o[0m
[2.438s] [ 72%] [32mBuilding CXX object CMakeFiles/custom_interfaces__rosidl_typesupport_fastrtps_c.dir/rosidl_typesupport_fastrtps_c/custom_interfaces/srv/detail/set_end_effector_velocity__type_support_c.cpp.o[0m
[2.439s] [ 72%] [32mBuilding CXX object CMakeFiles/custom_interfaces__rosidl_typesupport_fastrtps_c.dir/rosidl_typesupport_fastrtps_c/custom_interfaces/srv/detail/set_joint_velocity__type_support_c.cpp.o[0m
[2.441s] [ 72%] Built target custom_interfaces__rosidl_typesupport_cpp
[2.441s] [ 72%] Built target custom_interfaces__rosidl_typesupport_introspection_c
[2.563s] [ 74%] [32m[1mLinking CXX shared library libcustom_interfaces__rosidl_typesupport_introspection_cpp.so[0m
[2.607s] [ 74%] Built target custom_interfaces__rosidl_typesupport_introspection_cpp
[2.647s] [ 76%] [32m[1mLinking CXX shared library libcustom_interfaces__rosidl_typesupport_fastrtps_cpp.so[0m
[2.690s] [ 78%] [32m[1mLinking CXX shared library libcustom_interfaces__rosidl_typesupport_fastrtps_c.so[0m
[2.705s] [ 78%] Built target custom_interfaces__rosidl_typesupport_fastrtps_cpp
[2.756s] [ 78%] Built target custom_interfaces__rosidl_typesupport_fastrtps_c
[2.790s] [ 78%] Built target custom_interfaces
[2.826s] [ 80%] [34m[1mGenerating Python code for ROS interfaces[0m
[3.310s] [ 80%] Built target custom_interfaces__py
[3.341s] [ 81%] [32mBuilding C object CMakeFiles/custom_interfaces__rosidl_generator_py.dir/rosidl_generator_py/custom_interfaces/srv/_find_joint_states_s.c.o[0m
[3.341s] [ 83%] [32mBuilding C object CMakeFiles/custom_interfaces__rosidl_generator_py.dir/rosidl_generator_py/custom_interfaces/srv/_set_end_effector_velocity_s.c.o[0m
[3.344s] [ 85%] [32mBuilding C object CMakeFiles/custom_interfaces__rosidl_generator_py.dir/rosidl_generator_py/custom_interfaces/srv/_set_joint_states_s.c.o[0m
[3.344s] [ 87%] [32mBuilding C object CMakeFiles/custom_interfaces__rosidl_generator_py.dir/rosidl_generator_py/custom_interfaces/srv/_set_joint_velocity_s.c.o[0m
[3.420s] [ 89%] [32m[1mLinking C shared library rosidl_generator_py/custom_interfaces/libcustom_interfaces__rosidl_generator_py.so[0m
[3.476s] [ 89%] Built target custom_interfaces__rosidl_generator_py
[3.508s] [ 90%] [32mBuilding C object CMakeFiles/custom_interfaces__rosidl_typesupport_introspection_c__pyext.dir/rosidl_generator_py/custom_interfaces/_custom_interfaces_s.ep.rosidl_typesupport_introspection_c.c.o[0m
[3.510s] [ 92%] [32mBuilding C object CMakeFiles/custom_interfaces__rosidl_typesupport_fastrtps_c__pyext.dir/rosidl_generator_py/custom_interfaces/_custom_interfaces_s.ep.rosidl_typesupport_fastrtps_c.c.o[0m
[3.510s] [ 94%] [32mBuilding C object CMakeFiles/custom_interfaces__rosidl_typesupport_c__pyext.dir/rosidl_generator_py/custom_interfaces/_custom_interfaces_s.ep.rosidl_typesupport_c.c.o[0m
[3.589s] [100%] [32m[1mLinking C shared library rosidl_generator_py/custom_interfaces/custom_interfaces_s__rosidl_typesupport_fastrtps_c.cpython-310-x86_64-linux-gnu.so[0m
[3.589s] [100%] [32m[1mLinking C shared library rosidl_generator_py/custom_interfaces/custom_interfaces_s__rosidl_typesupport_c.cpython-310-x86_64-linux-gnu.so[0m
[3.589s] [100%] [32m[1mLinking C shared library rosidl_generator_py/custom_interfaces/custom_interfaces_s__rosidl_typesupport_introspection_c.cpython-310-x86_64-linux-gnu.so[0m
[3.622s] [100%] Built target custom_interfaces__rosidl_typesupport_introspection_c__pyext
[3.626s] [100%] Built target custom_interfaces__rosidl_typesupport_fastrtps_c__pyext
[3.626s] [100%] Built target custom_interfaces__rosidl_typesupport_c__pyext
[3.641s] Invoked command in '/home/maryammahmood/PID_based_control_rrbot/PID-based-SCARA-Robot-Position-and-Velocity-Control-And-Manipulation/src/build/custom_interfaces' returned '0': CMAKE_PREFIX_PATH=${CMAKE_PREFIX_PATH}:/home/maryammahmood/ws_moveit2/install/moveit_configs_utils:/home/maryammahmood/ws_moveit2/install/launch_param_builder:/opt/ros/humble /usr/bin/cmake --build /home/maryammahmood/PID_based_control_rrbot/PID-based-SCARA-Robot-Position-and-Velocity-Control-And-Manipulation/src/build/custom_interfaces -- -j24 -l24
[3.844s] Invoking command in '/home/maryammahmood/PID_based_control_rrbot/PID-based-SCARA-Robot-Position-and-Velocity-Control-And-Manipulation/src/build/custom_interfaces': CMAKE_PREFIX_PATH=${CMAKE_PREFIX_PATH}:/home/maryammahmood/ws_moveit2/install/moveit_configs_utils:/home/maryammahmood/ws_moveit2/install/launch_param_builder:/opt/ros/humble /usr/bin/cmake --install /home/maryammahmood/PID_based_control_rrbot/PID-based-SCARA-Robot-Position-and-Velocity-Control-And-Manipulation/src/build/custom_interfaces
[3.853s] -- Install configuration: ""
[3.854s] -- Execute custom install script
[3.854s] -- Symlinking: /home/maryammahmood/PID_based_control_rrbot/PID-based-SCARA-Robot-Position-and-Velocity-Control-And-Manipulation/src/install/custom_interfaces/share/ament_index/resource_index/rosidl_interfaces/custom_interfaces
[3.866s] -- Symlinking: /home/maryammahmood/PID_based_control_rrbot/PID-based-SCARA-Robot-Position-and-Velocity-Control-And-Manipulation/src/install/custom_interfaces/include/custom_interfaces/custom_interfaces/msg/rosidl_generator_c__visibility_control.h
[3.878s] -- Symlinking: /home/maryammahmood/PID_based_control_rrbot/PID-based-SCARA-Robot-Position-and-Velocity-Control-And-Manipulation/src/install/custom_interfaces/include/custom_interfaces/custom_interfaces/srv/detail/find_joint_states__functions.h
[3.890s] -- Symlinking: /home/maryammahmood/PID_based_control_rrbot/PID-based-SCARA-Robot-Position-and-Velocity-Control-And-Manipulation/src/install/custom_interfaces/include/custom_interfaces/custom_interfaces/srv/detail/find_joint_states__struct.h
[3.902s] -- Symlinking: /home/maryammahmood/PID_based_control_rrbot/PID-based-SCARA-Robot-Position-and-Velocity-Control-And-Manipulation/src/install/custom_interfaces/include/custom_interfaces/custom_interfaces/srv/detail/find_joint_states__type_support.h
[3.914s] -- Symlinking: /home/maryammahmood/PID_based_control_rrbot/PID-based-SCARA-Robot-Position-and-Velocity-Control-And-Manipulation/src/install/custom_interfaces/include/custom_interfaces/custom_interfaces/srv/detail/set_end_effector_velocity__functions.h
[3.927s] -- Symlinking: /home/maryammahmood/PID_based_control_rrbot/PID-based-SCARA-Robot-Position-and-Velocity-Control-And-Manipulation/src/install/custom_interfaces/include/custom_interfaces/custom_interfaces/srv/detail/set_end_effector_velocity__struct.h
[3.939s] -- Symlinking: /home/maryammahmood/PID_based_control_rrbot/PID-based-SCARA-Robot-Position-and-Velocity-Control-And-Manipulation/src/install/custom_interfaces/include/custom_interfaces/custom_interfaces/srv/detail/set_end_effector_velocity__type_support.h
[3.952s] -- Symlinking: /home/maryammahmood/PID_based_control_rrbot/PID-based-SCARA-Robot-Position-and-Velocity-Control-And-Manipulation/src/install/custom_interfaces/include/custom_interfaces/custom_interfaces/srv/detail/set_joint_states__functions.h
[3.963s] -- Symlinking: /home/maryammahmood/PID_based_control_rrbot/PID-based-SCARA-Robot-Position-and-Velocity-Control-And-Manipulation/src/install/custom_interfaces/include/custom_interfaces/custom_interfaces/srv/detail/set_joint_states__struct.h
[3.978s] -- Symlinking: /home/maryammahmood/PID_based_control_rrbot/PID-based-SCARA-Robot-Position-and-Velocity-Control-And-Manipulation/src/install/custom_interfaces/include/custom_interfaces/custom_interfaces/srv/detail/set_joint_states__type_support.h
[3.985s] -- Symlinking: /home/maryammahmood/PID_based_control_rrbot/PID-based-SCARA-Robot-Position-and-Velocity-Control-And-Manipulation/src/install/custom_interfaces/include/custom_interfaces/custom_interfaces/srv/detail/set_joint_velocity__functions.h
[3.993s] -- Symlinking: /home/maryammahmood/PID_based_control_rrbot/PID-based-SCARA-Robot-Position-and-Velocity-Control-And-Manipulation/src/install/custom_interfaces/include/custom_interfaces/custom_interfaces/srv/detail/set_joint_velocity__struct.h
[4.002s] -- Symlinking: /home/maryammahmood/PID_based_control_rrbot/PID-based-SCARA-Robot-Position-and-Velocity-Control-And-Manipulation/src/install/custom_interfaces/include/custom_interfaces/custom_interfaces/srv/detail/set_joint_velocity__type_support.h
[4.011s] -- Symlinking: /home/maryammahmood/PID_based_control_rrbot/PID-based-SCARA-Robot-Position-and-Velocity-Control-And-Manipulation/src/install/custom_interfaces/include/custom_interfaces/custom_interfaces/srv/find_joint_states.h
[4.023s] -- Symlinking: /home/maryammahmood/PID_based_control_rrbot/PID-based-SCARA-Robot-Position-and-Velocity-Control-And-Manipulation/src/install/custom_interfaces/include/custom_interfaces/custom_interfaces/srv/set_end_effector_velocity.h
[4.034s] -- Symlinking: /home/maryammahmood/PID_based_control_rrbot/PID-based-SCARA-Robot-Position-and-Velocity-Control-And-Manipulation/src/install/custom_interfaces/include/custom_interfaces/custom_interfaces/srv/set_joint_states.h
[4.048s] -- Symlinking: /home/maryammahmood/PID_based_control_rrbot/PID-based-SCARA-Robot-Position-and-Velocity-Control-And-Manipulation/src/install/custom_interfaces/include/custom_interfaces/custom_interfaces/srv/set_joint_velocity.h
[4.056s] -- Symlinking: /home/maryammahmood/PID_based_control_rrbot/PID-based-SCARA-Robot-Position-and-Velocity-Control-And-Manipulation/src/install/custom_interfaces/share/custom_interfaces/environment/library_path.sh
[4.067s] -- Symlinking: /home/maryammahmood/PID_based_control_rrbot/PID-based-SCARA-Robot-Position-and-Velocity-Control-And-Manipulation/src/install/custom_interfaces/share/custom_interfaces/environment/library_path.dsv
[4.076s] -- Symlinking: /home/maryammahmood/PID_based_control_rrbot/PID-based-SCARA-Robot-Position-and-Velocity-Control-And-Manipulation/src/install/custom_interfaces/include/custom_interfaces/custom_interfaces/msg/rosidl_typesupport_fastrtps_c__visibility_control.h
[4.083s] -- Symlinking: /home/maryammahmood/PID_based_control_rrbot/PID-based-SCARA-Robot-Position-and-Velocity-Control-And-Manipulation/src/install/custom_interfaces/include/custom_interfaces/custom_interfaces/srv/detail/find_joint_states__rosidl_typesupport_fastrtps_c.h
[4.098s] -- Symlinking: /home/maryammahmood/PID_based_control_rrbot/PID-based-SCARA-Robot-Position-and-Velocity-Control-And-Manipulation/src/install/custom_interfaces/include/custom_interfaces/custom_interfaces/srv/detail/set_end_effector_velocity__rosidl_typesupport_fastrtps_c.h
[4.106s] -- Symlinking: /home/maryammahmood/PID_based_control_rrbot/PID-based-SCARA-Robot-Position-and-Velocity-Control-And-Manipulation/src/install/custom_interfaces/include/custom_interfaces/custom_interfaces/srv/detail/set_joint_states__rosidl_typesupport_fastrtps_c.h
[4.115s] -- Symlinking: /home/maryammahmood/PID_based_control_rrbot/PID-based-SCARA-Robot-Position-and-Velocity-Control-And-Manipulation/src/install/custom_interfaces/include/custom_interfaces/custom_interfaces/srv/detail/set_joint_velocity__rosidl_typesupport_fastrtps_c.h
[4.127s] -- Symlinking: /home/maryammahmood/PID_based_control_rrbot/PID-based-SCARA-Robot-Position-and-Velocity-Control-And-Manipulation/src/install/custom_interfaces/include/custom_interfaces/custom_interfaces/msg/rosidl_typesupport_introspection_c__visibility_control.h
[4.140s] -- Symlinking: /home/maryammahmood/PID_based_control_rrbot/PID-based-SCARA-Robot-Position-and-Velocity-Control-And-Manipulation/src/install/custom_interfaces/include/custom_interfaces/custom_interfaces/srv/detail/find_joint_states__rosidl_typesupport_introspection_c.h
[4.153s] -- Symlinking: /home/maryammahmood/PID_based_control_rrbot/PID-based-SCARA-Robot-Position-and-Velocity-Control-And-Manipulation/src/install/custom_interfaces/include/custom_interfaces/custom_interfaces/srv/detail/set_end_effector_velocity__rosidl_typesupport_introspection_c.h
[4.165s] -- Symlinking: /home/maryammahmood/PID_based_control_rrbot/PID-based-SCARA-Robot-Position-and-Velocity-Control-And-Manipulation/src/install/custom_interfaces/include/custom_interfaces/custom_interfaces/srv/detail/set_joint_states__rosidl_typesupport_introspection_c.h
[4.177s] -- Symlinking: /home/maryammahmood/PID_based_control_rrbot/PID-based-SCARA-Robot-Position-and-Velocity-Control-And-Manipulation/src/install/custom_interfaces/include/custom_interfaces/custom_interfaces/srv/detail/set_joint_velocity__rosidl_typesupport_introspection_c.h
[4.187s] -- Symlinking: /home/maryammahmood/PID_based_control_rrbot/PID-based-SCARA-Robot-Position-and-Velocity-Control-And-Manipulation/src/install/custom_interfaces/include/custom_interfaces/custom_interfaces/srv/detail/find_joint_states__builder.hpp
[4.199s] -- Symlinking: /home/maryammahmood/PID_based_control_rrbot/PID-based-SCARA-Robot-Position-and-Velocity-Control-And-Manipulation/src/install/custom_interfaces/include/custom_interfaces/custom_interfaces/srv/detail/find_joint_states__struct.hpp
[4.210s] -- Symlinking: /home/maryammahmood/PID_based_control_rrbot/PID-based-SCARA-Robot-Position-and-Velocity-Control-And-Manipulation/src/install/custom_interfaces/include/custom_interfaces/custom_interfaces/srv/detail/find_joint_states__traits.hpp
[4.222s] -- Symlinking: /home/maryammahmood/PID_based_control_rrbot/PID-based-SCARA-Robot-Position-and-Velocity-Control-And-Manipulation/src/install/custom_interfaces/include/custom_interfaces/custom_interfaces/srv/detail/set_end_effector_velocity__builder.hpp
[4.233s] -- Symlinking: /home/maryammahmood/PID_based_control_rrbot/PID-based-SCARA-Robot-Position-and-Velocity-Control-And-Manipulation/src/install/custom_interfaces/include/custom_interfaces/custom_interfaces/srv/detail/set_end_effector_velocity__struct.hpp
[4.248s] -- Symlinking: /home/maryammahmood/PID_based_control_rrbot/PID-based-SCARA-Robot-Position-and-Velocity-Control-And-Manipulation/src/install/custom_interfaces/include/custom_interfaces/custom_interfaces/srv/detail/set_end_effector_velocity__traits.hpp
[4.255s] -- Symlinking: /home/maryammahmood/PID_based_control_rrbot/PID-based-SCARA-Robot-Position-and-Velocity-Control-And-Manipulation/src/install/custom_interfaces/include/custom_interfaces/custom_interfaces/srv/detail/set_joint_states__builder.hpp
[4.266s] -- Symlinking: /home/maryammahmood/PID_based_control_rrbot/PID-based-SCARA-Robot-Position-and-Velocity-Control-And-Manipulation/src/install/custom_interfaces/include/custom_interfaces/custom_interfaces/srv/detail/set_joint_states__struct.hpp
[4.275s] -- Symlinking: /home/maryammahmood/PID_based_control_rrbot/PID-based-SCARA-Robot-Position-and-Velocity-Control-And-Manipulation/src/install/custom_interfaces/include/custom_interfaces/custom_interfaces/srv/detail/set_joint_states__traits.hpp
[4.282s] -- Symlinking: /home/maryammahmood/PID_based_control_rrbot/PID-based-SCARA-Robot-Position-and-Velocity-Control-And-Manipulation/src/install/custom_interfaces/include/custom_interfaces/custom_interfaces/srv/detail/set_joint_velocity__builder.hpp
[4.290s] -- Symlinking: /home/maryammahmood/PID_based_control_rrbot/PID-based-SCARA-Robot-Position-and-Velocity-Control-And-Manipulation/src/install/custom_interfaces/include/custom_interfaces/custom_interfaces/srv/detail/set_joint_velocity__struct.hpp
[4.298s] -- Symlinking: /home/maryammahmood/PID_based_control_rrbot/PID-based-SCARA-Robot-Position-and-Velocity-Control-And-Manipulation/src/install/custom_interfaces/include/custom_interfaces/custom_interfaces/srv/detail/set_joint_velocity__traits.hpp
[4.310s] -- Symlinking: /home/maryammahmood/PID_based_control_rrbot/PID-based-SCARA-Robot-Position-and-Velocity-Control-And-Manipulation/src/install/custom_interfaces/include/custom_interfaces/custom_interfaces/srv/find_joint_states.hpp
[4.318s] -- Symlinking: /home/maryammahmood/PID_based_control_rrbot/PID-based-SCARA-Robot-Position-and-Velocity-Control-And-Manipulation/src/install/custom_interfaces/include/custom_interfaces/custom_interfaces/srv/set_end_effector_velocity.hpp
[4.325s] -- Symlinking: /home/maryammahmood/PID_based_control_rrbot/PID-based-SCARA-Robot-Position-and-Velocity-Control-And-Manipulation/src/install/custom_interfaces/include/custom_interfaces/custom_interfaces/srv/set_joint_states.hpp
[4.333s] -- Symlinking: /home/maryammahmood/PID_based_control_rrbot/PID-based-SCARA-Robot-Position-and-Velocity-Control-And-Manipulation/src/install/custom_interfaces/include/custom_interfaces/custom_interfaces/srv/set_joint_velocity.hpp
[4.344s] -- Symlinking: /home/maryammahmood/PID_based_control_rrbot/PID-based-SCARA-Robot-Position-and-Velocity-Control-And-Manipulation/src/install/custom_interfaces/include/custom_interfaces/custom_interfaces/msg/rosidl_typesupport_fastrtps_cpp__visibility_control.h
[4.356s] -- Symlinking: /home/maryammahmood/PID_based_control_rrbot/PID-based-SCARA-Robot-Position-and-Velocity-Control-And-Manipulation/src/install/custom_interfaces/include/custom_interfaces/custom_interfaces/srv/detail/find_joint_states__rosidl_typesupport_fastrtps_cpp.hpp
[4.364s] -- Symlinking: /home/maryammahmood/PID_based_control_rrbot/PID-based-SCARA-Robot-Position-and-Velocity-Control-And-Manipulation/src/install/custom_interfaces/include/custom_interfaces/custom_interfaces/srv/detail/set_end_effector_velocity__rosidl_typesupport_fastrtps_cpp.hpp
[4.373s] -- Symlinking: /home/maryammahmood/PID_based_control_rrbot/PID-based-SCARA-Robot-Position-and-Velocity-Control-And-Manipulation/src/install/custom_interfaces/include/custom_interfaces/custom_interfaces/srv/detail/set_joint_states__rosidl_typesupport_fastrtps_cpp.hpp
[4.385s] -- Symlinking: /home/maryammahmood/PID_based_control_rrbot/PID-based-SCARA-Robot-Position-and-Velocity-Control-And-Manipulation/src/install/custom_interfaces/include/custom_interfaces/custom_interfaces/srv/detail/set_joint_velocity__rosidl_typesupport_fastrtps_cpp.hpp
[4.394s] -- Symlinking: /home/maryammahmood/PID_based_control_rrbot/PID-based-SCARA-Robot-Position-and-Velocity-Control-And-Manipulation/src/install/custom_interfaces/include/custom_interfaces/custom_interfaces/srv/detail/find_joint_states__rosidl_typesupport_introspection_cpp.hpp
[4.401s] -- Symlinking: /home/maryammahmood/PID_based_control_rrbot/PID-based-SCARA-Robot-Position-and-Velocity-Control-And-Manipulation/src/install/custom_interfaces/include/custom_interfaces/custom_interfaces/srv/detail/set_end_effector_velocity__rosidl_typesupport_introspection_cpp.hpp
[4.408s] -- Symlinking: /home/maryammahmood/PID_based_control_rrbot/PID-based-SCARA-Robot-Position-and-Velocity-Control-And-Manipulation/src/install/custom_interfaces/include/custom_interfaces/custom_interfaces/srv/detail/set_joint_states__rosidl_typesupport_introspection_cpp.hpp
[4.419s] -- Symlinking: /home/maryammahmood/PID_based_control_rrbot/PID-based-SCARA-Robot-Position-and-Velocity-Control-And-Manipulation/src/install/custom_interfaces/include/custom_interfaces/custom_interfaces/srv/detail/set_joint_velocity__rosidl_typesupport_introspection_cpp.hpp
[4.426s] -- Symlinking: /home/maryammahmood/PID_based_control_rrbot/PID-based-SCARA-Robot-Position-and-Velocity-Control-And-Manipulation/src/install/custom_interfaces/share/custom_interfaces/environment/pythonpath.sh
[4.434s] -- Symlinking: /home/maryammahmood/PID_based_control_rrbot/PID-based-SCARA-Robot-Position-and-Velocity-Control-And-Manipulation/src/install/custom_interfaces/share/custom_interfaces/environment/pythonpath.dsv
[4.446s] -- Symlinking: /home/maryammahmood/PID_based_control_rrbot/PID-based-SCARA-Robot-Position-and-Velocity-Control-And-Manipulation/src/install/custom_interfaces/local/lib/python3.10/dist-packages/custom_interfaces-0.0.0-py3.10.egg-info/PKG-INFO
[4.454s] -- Symlinking: /home/maryammahmood/PID_based_control_rrbot/PID-based-SCARA-Robot-Position-and-Velocity-Control-And-Manipulation/src/install/custom_interfaces/local/lib/python3.10/dist-packages/custom_interfaces-0.0.0-py3.10.egg-info/SOURCES.txt
[4.463s] -- Symlinking: /home/maryammahmood/PID_based_control_rrbot/PID-based-SCARA-Robot-Position-and-Velocity-Control-And-Manipulation/src/install/custom_interfaces/local/lib/python3.10/dist-packages/custom_interfaces-0.0.0-py3.10.egg-info/dependency_links.txt
[4.470s] -- Symlinking: /home/maryammahmood/PID_based_control_rrbot/PID-based-SCARA-Robot-Position-and-Velocity-Control-And-Manipulation/src/install/custom_interfaces/local/lib/python3.10/dist-packages/custom_interfaces-0.0.0-py3.10.egg-info/top_level.txt
[4.478s] -- Symlinking: /home/maryammahmood/PID_based_control_rrbot/PID-based-SCARA-Robot-Position-and-Velocity-Control-And-Manipulation/src/install/custom_interfaces/local/lib/python3.10/dist-packages/custom_interfaces/__init__.py
[4.488s] -- Symlinking: /home/maryammahmood/PID_based_control_rrbot/PID-based-SCARA-Robot-Position-and-Velocity-Control-And-Manipulation/src/install/custom_interfaces/local/lib/python3.10/dist-packages/custom_interfaces/_custom_interfaces_s.ep.rosidl_typesupport_c.c
[4.501s] -- Symlinking: /home/maryammahmood/PID_based_control_rrbot/PID-based-SCARA-Robot-Position-and-Velocity-Control-And-Manipulation/src/install/custom_interfaces/local/lib/python3.10/dist-packages/custom_interfaces/_custom_interfaces_s.ep.rosidl_typesupport_fastrtps_c.c
[4.508s] -- Symlinking: /home/maryammahmood/PID_based_control_rrbot/PID-based-SCARA-Robot-Position-and-Velocity-Control-And-Manipulation/src/install/custom_interfaces/local/lib/python3.10/dist-packages/custom_interfaces/_custom_interfaces_s.ep.rosidl_typesupport_introspection_c.c
[4.518s] -- Symlinking: /home/maryammahmood/PID_based_control_rrbot/PID-based-SCARA-Robot-Position-and-Velocity-Control-And-Manipulation/src/install/custom_interfaces/local/lib/python3.10/dist-packages/custom_interfaces/custom_interfaces_s__rosidl_typesupport_c.cpython-310-x86_64-linux-gnu.so
[4.531s] -- Symlinking: /home/maryammahmood/PID_based_control_rrbot/PID-based-SCARA-Robot-Position-and-Velocity-Control-And-Manipulation/src/install/custom_interfaces/local/lib/python3.10/dist-packages/custom_interfaces/custom_interfaces_s__rosidl_typesupport_fastrtps_c.cpython-310-x86_64-linux-gnu.so
[4.539s] -- Symlinking: /home/maryammahmood/PID_based_control_rrbot/PID-based-SCARA-Robot-Position-and-Velocity-Control-And-Manipulation/src/install/custom_interfaces/local/lib/python3.10/dist-packages/custom_interfaces/custom_interfaces_s__rosidl_typesupport_introspection_c.cpython-310-x86_64-linux-gnu.so
[4.547s] -- Symlinking: /home/maryammahmood/PID_based_control_rrbot/PID-based-SCARA-Robot-Position-and-Velocity-Control-And-Manipulation/src/install/custom_interfaces/local/lib/python3.10/dist-packages/custom_interfaces/libcustom_interfaces__rosidl_generator_py.so
[4.559s] -- Symlinking: /home/maryammahmood/PID_based_control_rrbot/PID-based-SCARA-Robot-Position-and-Velocity-Control-And-Manipulation/src/install/custom_interfaces/local/lib/python3.10/dist-packages/custom_interfaces/srv/__init__.py
[4.570s] -- Symlinking: /home/maryammahmood/PID_based_control_rrbot/PID-based-SCARA-Robot-Position-and-Velocity-Control-And-Manipulation/src/install/custom_interfaces/local/lib/python3.10/dist-packages/custom_interfaces/srv/_find_joint_states.py
[4.583s] -- Symlinking: /home/maryammahmood/PID_based_control_rrbot/PID-based-SCARA-Robot-Position-and-Velocity-Control-And-Manipulation/src/install/custom_interfaces/local/lib/python3.10/dist-packages/custom_interfaces/srv/_find_joint_states_s.c
[4.591s] -- Symlinking: /home/maryammahmood/PID_based_control_rrbot/PID-based-SCARA-Robot-Position-and-Velocity-Control-And-Manipulation/src/install/custom_interfaces/local/lib/python3.10/dist-packages/custom_interfaces/srv/_set_end_effector_velocity.py
[4.600s] -- Symlinking: /home/maryammahmood/PID_based_control_rrbot/PID-based-SCARA-Robot-Position-and-Velocity-Control-And-Manipulation/src/install/custom_interfaces/local/lib/python3.10/dist-packages/custom_interfaces/srv/_set_end_effector_velocity_s.c
[4.609s] -- Symlinking: /home/maryammahmood/PID_based_control_rrbot/PID-based-SCARA-Robot-Position-and-Velocity-Control-And-Manipulation/src/install/custom_interfaces/local/lib/python3.10/dist-packages/custom_interfaces/srv/_set_joint_states.py
[4.616s] -- Symlinking: /home/maryammahmood/PID_based_control_rrbot/PID-based-SCARA-Robot-Position-and-Velocity-Control-And-Manipulation/src/install/custom_interfaces/local/lib/python3.10/dist-packages/custom_interfaces/srv/_set_joint_states_s.c
[4.623s] -- Symlinking: /home/maryammahmood/PID_based_control_rrbot/PID-based-SCARA-Robot-Position-and-Velocity-Control-And-Manipulation/src/install/custom_interfaces/local/lib/python3.10/dist-packages/custom_interfaces/srv/_set_joint_velocity.py
[4.634s] -- Symlinking: /home/maryammahmood/PID_based_control_rrbot/PID-based-SCARA-Robot-Position-and-Velocity-Control-And-Manipulation/src/install/custom_interfaces/local/lib/python3.10/dist-packages/custom_interfaces/srv/_set_joint_velocity_s.c
[4.642s] -- Up-to-date symlink: /home/maryammahmood/PID_based_control_rrbot/PID-based-SCARA-Robot-Position-and-Velocity-Control-And-Manipulation/src/install/custom_interfaces/local/lib/python3.10/dist-packages/custom_interfaces/custom_interfaces_s__rosidl_typesupport_fastrtps_c.cpython-310-x86_64-linux-gnu.so
[4.642s] -- Up-to-date symlink: /home/maryammahmood/PID_based_control_rrbot/PID-based-SCARA-Robot-Position-and-Velocity-Control-And-Manipulation/src/install/custom_interfaces/local/lib/python3.10/dist-packages/custom_interfaces/custom_interfaces_s__rosidl_typesupport_introspection_c.cpython-310-x86_64-linux-gnu.so
[4.642s] -- Up-to-date symlink: /home/maryammahmood/PID_based_control_rrbot/PID-based-SCARA-Robot-Position-and-Velocity-Control-And-Manipulation/src/install/custom_interfaces/local/lib/python3.10/dist-packages/custom_interfaces/custom_interfaces_s__rosidl_typesupport_c.cpython-310-x86_64-linux-gnu.so
[4.642s] -- Symlinking: /home/maryammahmood/PID_based_control_rrbot/PID-based-SCARA-Robot-Position-and-Velocity-Control-And-Manipulation/src/install/custom_interfaces/share/custom_interfaces/srv/FindJointStates.idl
[4.651s] -- Symlinking: /home/maryammahmood/PID_based_control_rrbot/PID-based-SCARA-Robot-Position-and-Velocity-Control-And-Manipulation/src/install/custom_interfaces/share/custom_interfaces/srv/SetJointStates.idl
[4.659s] -- Symlinking: /home/maryammahmood/PID_based_control_rrbot/PID-based-SCARA-Robot-Position-and-Velocity-Control-And-Manipulation/src/install/custom_interfaces/share/custom_interfaces/srv/SetEndEffectorVelocity.idl
[4.668s] -- Symlinking: /home/maryammahmood/PID_based_control_rrbot/PID-based-SCARA-Robot-Position-and-Velocity-Control-And-Manipulation/src/install/custom_interfaces/share/custom_interfaces/srv/SetJointVelocity.idl
[4.677s] -- Symlinking: /home/maryammahmood/PID_based_control_rrbot/PID-based-SCARA-Robot-Position-and-Velocity-Control-And-Manipulation/src/install/custom_interfaces/share/custom_interfaces/srv/FindJointStates.srv
[4.684s] -- Symlinking: /home/maryammahmood/PID_based_control_rrbot/PID-based-SCARA-Robot-Position-and-Velocity-Control-And-Manipulation/src/install/custom_interfaces/share/custom_interfaces/srv/FindJointStates_Request.msg
[4.697s] -- Symlinking: /home/maryammahmood/PID_based_control_rrbot/PID-based-SCARA-Robot-Position-and-Velocity-Control-And-Manipulation/src/install/custom_interfaces/share/custom_interfaces/srv/FindJointStates_Response.msg
[4.705s] -- Symlinking: /home/maryammahmood/PID_based_control_rrbot/PID-based-SCARA-Robot-Position-and-Velocity-Control-And-Manipulation/src/install/custom_interfaces/share/custom_interfaces/srv/SetJointStates.srv
[4.712s] -- Symlinking: /home/maryammahmood/PID_based_control_rrbot/PID-based-SCARA-Robot-Position-and-Velocity-Control-And-Manipulation/src/install/custom_interfaces/share/custom_interfaces/srv/SetJointStates_Request.msg
[4.724s] -- Symlinking: /home/maryammahmood/PID_based_control_rrbot/PID-based-SCARA-Robot-Position-and-Velocity-Control-And-Manipulation/src/install/custom_interfaces/share/custom_interfaces/srv/SetJointStates_Response.msg
[4.735s] -- Symlinking: /home/maryammahmood/PID_based_control_rrbot/PID-based-SCARA-Robot-Position-and-Velocity-Control-And-Manipulation/src/install/custom_interfaces/share/custom_interfaces/srv/SetEndEffectorVelocity.srv
[4.746s] -- Symlinking: /home/maryammahmood/PID_based_control_rrbot/PID-based-SCARA-Robot-Position-and-Velocity-Control-And-Manipulation/src/install/custom_interfaces/share/custom_interfaces/srv/SetEndEffectorVelocity_Request.msg
[4.756s] -- Symlinking: /home/maryammahmood/PID_based_control_rrbot/PID-based-SCARA-Robot-Position-and-Velocity-Control-And-Manipulation/src/install/custom_interfaces/share/custom_interfaces/srv/SetEndEffectorVelocity_Response.msg
[4.769s] -- Symlinking: /home/maryammahmood/PID_based_control_rrbot/PID-based-SCARA-Robot-Position-and-Velocity-Control-And-Manipulation/src/install/custom_interfaces/share/custom_interfaces/srv/SetJointVelocity.srv
[4.780s] -- Symlinking: /home/maryammahmood/PID_based_control_rrbot/PID-based-SCARA-Robot-Position-and-Velocity-Control-And-Manipulation/src/install/custom_interfaces/share/custom_interfaces/srv/SetJointVelocity_Request.msg
[4.791s] -- Symlinking: /home/maryammahmood/PID_based_control_rrbot/PID-based-SCARA-Robot-Position-and-Velocity-Control-And-Manipulation/src/install/custom_interfaces/share/custom_interfaces/srv/SetJointVelocity_Response.msg
[4.804s] -- Symlinking: /home/maryammahmood/PID_based_control_rrbot/PID-based-SCARA-Robot-Position-and-Velocity-Control-And-Manipulation/src/install/custom_interfaces/share/ament_index/resource_index/package_run_dependencies/custom_interfaces
[4.813s] -- Symlinking: /home/maryammahmood/PID_based_control_rrbot/PID-based-SCARA-Robot-Position-and-Velocity-Control-And-Manipulation/src/install/custom_interfaces/share/ament_index/resource_index/parent_prefix_path/custom_interfaces
[4.821s] -- Symlinking: /home/maryammahmood/PID_based_control_rrbot/PID-based-SCARA-Robot-Position-and-Velocity-Control-And-Manipulation/src/install/custom_interfaces/share/custom_interfaces/environment/ament_prefix_path.sh
[4.832s] -- Symlinking: /home/maryammahmood/PID_based_control_rrbot/PID-based-SCARA-Robot-Position-and-Velocity-Control-And-Manipulation/src/install/custom_interfaces/share/custom_interfaces/environment/ament_prefix_path.dsv
[4.840s] -- Symlinking: /home/maryammahmood/PID_based_control_rrbot/PID-based-SCARA-Robot-Position-and-Velocity-Control-And-Manipulation/src/install/custom_interfaces/share/custom_interfaces/environment/path.sh
[4.850s] -- Symlinking: /home/maryammahmood/PID_based_control_rrbot/PID-based-SCARA-Robot-Position-and-Velocity-Control-And-Manipulation/src/install/custom_interfaces/share/custom_interfaces/environment/path.dsv
[4.860s] -- Symlinking: /home/maryammahmood/PID_based_control_rrbot/PID-based-SCARA-Robot-Position-and-Velocity-Control-And-Manipulation/src/install/custom_interfaces/share/custom_interfaces/local_setup.bash
[4.868s] -- Symlinking: /home/maryammahmood/PID_based_control_rrbot/PID-based-SCARA-Robot-Position-and-Velocity-Control-And-Manipulation/src/install/custom_interfaces/share/custom_interfaces/local_setup.sh
[4.878s] -- Symlinking: /home/maryammahmood/PID_based_control_rrbot/PID-based-SCARA-Robot-Position-and-Velocity-Control-And-Manipulation/src/install/custom_interfaces/share/custom_interfaces/local_setup.zsh
[4.885s] -- Symlinking: /home/maryammahmood/PID_based_control_rrbot/PID-based-SCARA-Robot-Position-and-Velocity-Control-And-Manipulation/src/install/custom_interfaces/share/custom_interfaces/local_setup.dsv
[4.891s] -- Symlinking: /home/maryammahmood/PID_based_control_rrbot/PID-based-SCARA-Robot-Position-and-Velocity-Control-And-Manipulation/src/install/custom_interfaces/share/custom_interfaces/package.dsv
[4.901s] -- Symlinking: /home/maryammahmood/PID_based_control_rrbot/PID-based-SCARA-Robot-Position-and-Velocity-Control-And-Manipulation/src/install/custom_interfaces/share/ament_index/resource_index/packages/custom_interfaces
[4.909s] -- Symlinking: /home/maryammahmood/PID_based_control_rrbot/PID-based-SCARA-Robot-Position-and-Velocity-Control-And-Manipulation/src/install/custom_interfaces/share/custom_interfaces/cmake/rosidl_cmake-extras.cmake
[4.919s] -- Symlinking: /home/maryammahmood/PID_based_control_rrbot/PID-based-SCARA-Robot-Position-and-Velocity-Control-And-Manipulation/src/install/custom_interfaces/share/custom_interfaces/cmake/ament_cmake_export_include_directories-extras.cmake
[4.933s] -- Symlinking: /home/maryammahmood/PID_based_control_rrbot/PID-based-SCARA-Robot-Position-and-Velocity-Control-And-Manipulation/src/install/custom_interfaces/share/custom_interfaces/cmake/ament_cmake_export_libraries-extras.cmake
[4.944s] -- Symlinking: /home/maryammahmood/PID_based_control_rrbot/PID-based-SCARA-Robot-Position-and-Velocity-Control-And-Manipulation/src/install/custom_interfaces/share/custom_interfaces/cmake/ament_cmake_export_targets-extras.cmake
[4.956s] -- Symlinking: /home/maryammahmood/PID_based_control_rrbot/PID-based-SCARA-Robot-Position-and-Velocity-Control-And-Manipulation/src/install/custom_interfaces/share/custom_interfaces/cmake/rosidl_cmake_export_typesupport_targets-extras.cmake
[4.964s] -- Symlinking: /home/maryammahmood/PID_based_control_rrbot/PID-based-SCARA-Robot-Position-and-Velocity-Control-And-Manipulation/src/install/custom_interfaces/share/custom_interfaces/cmake/ament_cmake_export_dependencies-extras.cmake
[4.976s] -- Symlinking: /home/maryammahmood/PID_based_control_rrbot/PID-based-SCARA-Robot-Position-and-Velocity-Control-And-Manipulation/src/install/custom_interfaces/share/custom_interfaces/cmake/rosidl_cmake_export_typesupport_libraries-extras.cmake
[4.983s] -- Symlinking: /home/maryammahmood/PID_based_control_rrbot/PID-based-SCARA-Robot-Position-and-Velocity-Control-And-Manipulation/src/install/custom_interfaces/share/custom_interfaces/cmake/custom_interfacesConfig.cmake
[4.990s] -- Symlinking: /home/maryammahmood/PID_based_control_rrbot/PID-based-SCARA-Robot-Position-and-Velocity-Control-And-Manipulation/src/install/custom_interfaces/share/custom_interfaces/cmake/custom_interfacesConfig-version.cmake
[5.000s] -- Symlinking: /home/maryammahmood/PID_based_control_rrbot/PID-based-SCARA-Robot-Position-and-Velocity-Control-And-Manipulation/src/install/custom_interfaces/share/custom_interfaces/package.xml
[5.008s] -- Installing: /home/maryammahmood/PID_based_control_rrbot/PID-based-SCARA-Robot-Position-and-Velocity-Control-And-Manipulation/src/install/custom_interfaces/lib/libcustom_interfaces__rosidl_generator_c.so
[5.008s] -- Set runtime path of "/home/maryammahmood/PID_based_control_rrbot/PID-based-SCARA-Robot-Position-and-Velocity-Control-And-Manipulation/src/install/custom_interfaces/lib/libcustom_interfaces__rosidl_generator_c.so" to ""
[5.008s] -- Installing: /home/maryammahmood/PID_based_control_rrbot/PID-based-SCARA-Robot-Position-and-Velocity-Control-And-Manipulation/src/install/custom_interfaces/lib/libcustom_interfaces__rosidl_typesupport_fastrtps_c.so
[5.008s] -- Set runtime path of "/home/maryammahmood/PID_based_control_rrbot/PID-based-SCARA-Robot-Position-and-Velocity-Control-And-Manipulation/src/install/custom_interfaces/lib/libcustom_interfaces__rosidl_typesupport_fastrtps_c.so" to ""
[5.008s] -- Installing: /home/maryammahmood/PID_based_control_rrbot/PID-based-SCARA-Robot-Position-and-Velocity-Control-And-Manipulation/src/install/custom_interfaces/lib/libcustom_interfaces__rosidl_typesupport_introspection_c.so
[5.009s] -- Set runtime path of "/home/maryammahmood/PID_based_control_rrbot/PID-based-SCARA-Robot-Position-and-Velocity-Control-And-Manipulation/src/install/custom_interfaces/lib/libcustom_interfaces__rosidl_typesupport_introspection_c.so" to ""
[5.009s] -- Installing: /home/maryammahmood/PID_based_control_rrbot/PID-based-SCARA-Robot-Position-and-Velocity-Control-And-Manipulation/src/install/custom_interfaces/lib/libcustom_interfaces__rosidl_typesupport_c.so
[5.009s] -- Set runtime path of "/home/maryammahmood/PID_based_control_rrbot/PID-based-SCARA-Robot-Position-and-Velocity-Control-And-Manipulation/src/install/custom_interfaces/lib/libcustom_interfaces__rosidl_typesupport_c.so" to ""
[5.009s] -- Installing: /home/maryammahmood/PID_based_control_rrbot/PID-based-SCARA-Robot-Position-and-Velocity-Control-And-Manipulation/src/install/custom_interfaces/lib/libcustom_interfaces__rosidl_typesupport_fastrtps_cpp.so
[5.009s] -- Set runtime path of "/home/maryammahmood/PID_based_control_rrbot/PID-based-SCARA-Robot-Position-and-Velocity-Control-And-Manipulation/src/install/custom_interfaces/lib/libcustom_interfaces__rosidl_typesupport_fastrtps_cpp.so" to ""
[5.009s] -- Installing: /home/maryammahmood/PID_based_control_rrbot/PID-based-SCARA-Robot-Position-and-Velocity-Control-And-Manipulation/src/install/custom_interfaces/lib/libcustom_interfaces__rosidl_typesupport_introspection_cpp.so
[5.009s] -- Set runtime path of "/home/maryammahmood/PID_based_control_rrbot/PID-based-SCARA-Robot-Position-and-Velocity-Control-And-Manipulation/src/install/custom_interfaces/lib/libcustom_interfaces__rosidl_typesupport_introspection_cpp.so" to ""
[5.009s] -- Installing: /home/maryammahmood/PID_based_control_rrbot/PID-based-SCARA-Robot-Position-and-Velocity-Control-And-Manipulation/src/install/custom_interfaces/lib/libcustom_interfaces__rosidl_typesupport_cpp.so
[5.009s] -- Set runtime path of "/home/maryammahmood/PID_based_control_rrbot/PID-based-SCARA-Robot-Position-and-Velocity-Control-And-Manipulation/src/install/custom_interfaces/lib/libcustom_interfaces__rosidl_typesupport_cpp.so" to ""
[5.041s] Listing '/home/maryammahmood/PID_based_control_rrbot/PID-based-SCARA-Robot-Position-and-Velocity-Control-And-Manipulation/src/install/custom_interfaces/local/lib/python3.10/dist-packages/custom_interfaces'...
[5.041s] Compiling '/home/maryammahmood/PID_based_control_rrbot/PID-based-SCARA-Robot-Position-and-Velocity-Control-And-Manipulation/src/install/custom_interfaces/local/lib/python3.10/dist-packages/custom_interfaces/__init__.py'...
[5.041s] Listing '/home/maryammahmood/PID_based_control_rrbot/PID-based-SCARA-Robot-Position-and-Velocity-Control-And-Manipulation/src/install/custom_interfaces/local/lib/python3.10/dist-packages/custom_interfaces/srv'...
[5.041s] Compiling '/home/maryammahmood/PID_based_control_rrbot/PID-based-SCARA-Robot-Position-and-Velocity-Control-And-Manipulation/src/install/custom_interfaces/local/lib/python3.10/dist-packages/custom_interfaces/srv/__init__.py'...
[5.041s] Compiling '/home/maryammahmood/PID_based_control_rrbot/PID-based-SCARA-Robot-Position-and-Velocity-Control-And-Manipulation/src/install/custom_interfaces/local/lib/python3.10/dist-packages/custom_interfaces/srv/_find_joint_states.py'...
[5.041s] Compiling '/home/maryammahmood/PID_based_control_rrbot/PID-based-SCARA-Robot-Position-and-Velocity-Control-And-Manipulation/src/install/custom_interfaces/local/lib/python3.10/dist-packages/custom_interfaces/srv/_set_end_effector_velocity.py'...
[5.041s] Compiling '/home/maryammahmood/PID_based_control_rrbot/PID-based-SCARA-Robot-Position-and-Velocity-Control-And-Manipulation/src/install/custom_interfaces/local/lib/python3.10/dist-packages/custom_interfaces/srv/_set_joint_states.py'...
[5.041s] Compiling '/home/maryammahmood/PID_based_control_rrbot/PID-based-SCARA-Robot-Position-and-Velocity-Control-And-Manipulation/src/install/custom_interfaces/local/lib/python3.10/dist-packages/custom_interfaces/srv/_set_joint_velocity.py'...
[5.044s] -- Installing: /home/maryammahmood/PID_based_control_rrbot/PID-based-SCARA-Robot-Position-and-Velocity-Control-And-Manipulation/src/install/custom_interfaces/lib/libcustom_interfaces__rosidl_generator_py.so
[5.044s] -- Set runtime path of "/home/maryammahmood/PID_based_control_rrbot/PID-based-SCARA-Robot-Position-and-Velocity-Control-And-Manipulation/src/install/custom_interfaces/lib/libcustom_interfaces__rosidl_generator_py.so" to ""
[5.045s] -- Installing: /home/maryammahmood/PID_based_control_rrbot/PID-based-SCARA-Robot-Position-and-Velocity-Control-And-Manipulation/src/install/custom_interfaces/share/custom_interfaces/cmake/export_custom_interfaces__rosidl_generator_cExport.cmake
[5.045s] -- Installing: /home/maryammahmood/PID_based_control_rrbot/PID-based-SCARA-Robot-Position-and-Velocity-Control-And-Manipulation/src/install/custom_interfaces/share/custom_interfaces/cmake/export_custom_interfaces__rosidl_generator_cExport-noconfig.cmake
[5.045s] -- Installing: /home/maryammahmood/PID_based_control_rrbot/PID-based-SCARA-Robot-Position-and-Velocity-Control-And-Manipulation/src/install/custom_interfaces/share/custom_interfaces/cmake/export_custom_interfaces__rosidl_typesupport_fastrtps_cExport.cmake
[5.045s] -- Installing: /home/maryammahmood/PID_based_control_rrbot/PID-based-SCARA-Robot-Position-and-Velocity-Control-And-Manipulation/src/install/custom_interfaces/share/custom_interfaces/cmake/export_custom_interfaces__rosidl_typesupport_fastrtps_cExport-noconfig.cmake
[5.045s] -- Installing: /home/maryammahmood/PID_based_control_rrbot/PID-based-SCARA-Robot-Position-and-Velocity-Control-And-Manipulation/src/install/custom_interfaces/share/custom_interfaces/cmake/custom_interfaces__rosidl_typesupport_introspection_cExport.cmake
[5.045s] -- Installing: /home/maryammahmood/PID_based_control_rrbot/PID-based-SCARA-Robot-Position-and-Velocity-Control-And-Manipulation/src/install/custom_interfaces/share/custom_interfaces/cmake/custom_interfaces__rosidl_typesupport_introspection_cExport-noconfig.cmake
[5.045s] -- Installing: /home/maryammahmood/PID_based_control_rrbot/PID-based-SCARA-Robot-Position-and-Velocity-Control-And-Manipulation/src/install/custom_interfaces/share/custom_interfaces/cmake/custom_interfaces__rosidl_typesupport_cExport.cmake
[5.045s] -- Installing: /home/maryammahmood/PID_based_control_rrbot/PID-based-SCARA-Robot-Position-and-Velocity-Control-And-Manipulation/src/install/custom_interfaces/share/custom_interfaces/cmake/custom_interfaces__rosidl_typesupport_cExport-noconfig.cmake
[5.045s] -- Installing: /home/maryammahmood/PID_based_control_rrbot/PID-based-SCARA-Robot-Position-and-Velocity-Control-And-Manipulation/src/install/custom_interfaces/share/custom_interfaces/cmake/export_custom_interfaces__rosidl_generator_cppExport.cmake
[5.045s] -- Installing: /home/maryammahmood/PID_based_control_rrbot/PID-based-SCARA-Robot-Position-and-Velocity-Control-And-Manipulation/src/install/custom_interfaces/share/custom_interfaces/cmake/export_custom_interfaces__rosidl_typesupport_fastrtps_cppExport.cmake
[5.045s] -- Installing: /home/maryammahmood/PID_based_control_rrbot/PID-based-SCARA-Robot-Position-and-Velocity-Control-And-Manipulation/src/install/custom_interfaces/share/custom_interfaces/cmake/export_custom_interfaces__rosidl_typesupport_fastrtps_cppExport-noconfig.cmake
[5.045s] -- Installing: /home/maryammahmood/PID_based_control_rrbot/PID-based-SCARA-Robot-Position-and-Velocity-Control-And-Manipulation/src/install/custom_interfaces/share/custom_interfaces/cmake/custom_interfaces__rosidl_typesupport_introspection_cppExport.cmake
[5.045s] -- Installing: /home/maryammahmood/PID_based_control_rrbot/PID-based-SCARA-Robot-Position-and-Velocity-Control-And-Manipulation/src/install/custom_interfaces/share/custom_interfaces/cmake/custom_interfaces__rosidl_typesupport_introspection_cppExport-noconfig.cmake
[5.045s] -- Installing: /home/maryammahmood/PID_based_control_rrbot/PID-based-SCARA-Robot-Position-and-Velocity-Control-And-Manipulation/src/install/custom_interfaces/share/custom_interfaces/cmake/custom_interfaces__rosidl_typesupport_cppExport.cmake
[5.046s] -- Installing: /home/maryammahmood/PID_based_control_rrbot/PID-based-SCARA-Robot-Position-and-Velocity-Control-And-Manipulation/src/install/custom_interfaces/share/custom_interfaces/cmake/custom_interfaces__rosidl_typesupport_cppExport-noconfig.cmake
[5.046s] -- Installing: /home/maryammahmood/PID_based_control_rrbot/PID-based-SCARA-Robot-Position-and-Velocity-Control-And-Manipulation/src/install/custom_interfaces/share/custom_interfaces/cmake/export_custom_interfaces__rosidl_generator_pyExport.cmake
[5.046s] -- Installing: /home/maryammahmood/PID_based_control_rrbot/PID-based-SCARA-Robot-Position-and-Velocity-Control-And-Manipulation/src/install/custom_interfaces/share/custom_interfaces/cmake/export_custom_interfaces__rosidl_generator_pyExport-noconfig.cmake
[5.048s] Invoked command in '/home/maryammahmood/PID_based_control_rrbot/PID-based-SCARA-Robot-Position-and-Velocity-Control-And-Manipulation/src/build/custom_interfaces' returned '0': CMAKE_PREFIX_PATH=${CMAKE_PREFIX_PATH}:/home/maryammahmood/ws_moveit2/install/moveit_configs_utils:/home/maryammahmood/ws_moveit2/install/launch_param_builder:/opt/ros/humble /usr/bin/cmake --install /home/maryammahmood/PID_based_control_rrbot/PID-based-SCARA-Robot-Position-and-Velocity-Control-And-Manipulation/src/build/custom_interfaces
