[0.150s] DEBUG:colcon:Command line arguments: ['/usr/bin/colcon', 'build', '--symlink-install']
[0.150s] DEBUG:colcon:Parsed command line arguments: Namespace(log_base=None, log_level=None, verb_name='build', build_base='build', install_base='install', merge_install=False, symlink_install=True, test_result_base=None, continue_on_error=False, executor='parallel', parallel_workers=24, event_handlers=None, ignore_user_meta=False, metas=['./colcon.meta'], base_paths=['.'], packages_ignore=None, packages_ignore_regex=None, paths=None, packages_up_to=None, packages_up_to_regex=None, packages_above=None, packages_above_and_dependencies=None, packages_above_depth=None, packages_select_by_dep=None, packages_skip_by_dep=None, packages_skip_up_to=None, packages_select_build_failed=False, packages_skip_build_finished=False, packages_select_test_failures=False, packages_skip_test_passed=False, packages_select=None, packages_skip=None, packages_select_regex=None, packages_skip_regex=None, packages_start=None, packages_end=None, allow_overriding=[], cmake_args=None, cmake_target=None, cmake_target_skip_unavailable=False, cmake_clean_cache=False, cmake_clean_first=False, cmake_force_configure=False, ament_cmake_args=None, catkin_cmake_args=None, catkin_skip_building_tests=False, mixin_files=None, mixin=None, verb_parser=<colcon_mixin.mixin.mixin_argument.MixinArgumentDecorator object at 0x7bc378833970>, verb_extension=<colcon_core.verb.build.BuildVerb object at 0x7bc3789e48b0>, main=<bound method BuildVerb.main of <colcon_core.verb.build.BuildVerb object at 0x7bc3789e48b0>>, mixin_verb=('build',))
[0.352s] Level 1:colcon.colcon_core.package_discovery:discover_packages(colcon_meta) check parameters
[0.353s] Level 1:colcon.colcon_core.package_discovery:discover_packages(recursive) check parameters
[0.353s] Level 1:colcon.colcon_core.package_discovery:discover_packages(ignore) check parameters
[0.353s] Level 1:colcon.colcon_core.package_discovery:discover_packages(path) check parameters
[0.353s] Level 1:colcon.colcon_core.package_discovery:discover_packages(colcon_meta) discover
[0.353s] Level 1:colcon.colcon_core.package_discovery:discover_packages(recursive) discover
[0.353s] INFO:colcon.colcon_core.package_discovery:Crawling recursively for packages in '/home/maryammahmood/PID_own_urdf/src'
[0.353s] Level 1:colcon.colcon_core.package_identification:_identify(.) by extensions ['ignore', 'ignore_ament_install']
[0.353s] Level 1:colcon.colcon_core.package_identification:_identify(.) by extension 'ignore'
[0.353s] Level 1:colcon.colcon_core.package_identification:_identify(.) by extension 'ignore_ament_install'
[0.353s] Level 1:colcon.colcon_core.package_identification:_identify(.) by extensions ['colcon_pkg']
[0.353s] Level 1:colcon.colcon_core.package_identification:_identify(.) by extension 'colcon_pkg'
[0.353s] Level 1:colcon.colcon_core.package_identification:_identify(.) by extensions ['colcon_meta']
[0.353s] Level 1:colcon.colcon_core.package_identification:_identify(.) by extension 'colcon_meta'
[0.353s] Level 1:colcon.colcon_core.package_identification:_identify(.) by extensions ['ros']
[0.353s] Level 1:colcon.colcon_core.package_identification:_identify(.) by extension 'ros'
[0.365s] Level 1:colcon.colcon_core.package_identification:_identify(.) by extensions ['cmake', 'python']
[0.365s] Level 1:colcon.colcon_core.package_identification:_identify(.) by extension 'cmake'
[0.365s] Level 1:colcon.colcon_core.package_identification:_identify(.) by extension 'python'
[0.365s] Level 1:colcon.colcon_core.package_identification:_identify(.) by extensions ['python_setup_py']
[0.366s] Level 1:colcon.colcon_core.package_identification:_identify(.) by extension 'python_setup_py'
[0.366s] Level 1:colcon.colcon_core.package_identification:_identify(build) by extensions ['ignore', 'ignore_ament_install']
[0.366s] Level 1:colcon.colcon_core.package_identification:_identify(build) by extension 'ignore'
[0.366s] Level 1:colcon.colcon_core.package_identification:_identify(build) ignored
[0.366s] Level 1:colcon.colcon_core.package_identification:_identify(custom_interfaces) by extensions ['ignore', 'ignore_ament_install']
[0.366s] Level 1:colcon.colcon_core.package_identification:_identify(custom_interfaces) by extension 'ignore'
[0.366s] Level 1:colcon.colcon_core.package_identification:_identify(custom_interfaces) by extension 'ignore_ament_install'
[0.366s] Level 1:colcon.colcon_core.package_identification:_identify(custom_interfaces) by extensions ['colcon_pkg']
[0.366s] Level 1:colcon.colcon_core.package_identification:_identify(custom_interfaces) by extension 'colcon_pkg'
[0.366s] Level 1:colcon.colcon_core.package_identification:_identify(custom_interfaces) by extensions ['colcon_meta']
[0.366s] Level 1:colcon.colcon_core.package_identification:_identify(custom_interfaces) by extension 'colcon_meta'
[0.366s] Level 1:colcon.colcon_core.package_identification:_identify(custom_interfaces) by extensions ['ros']
[0.366s] Level 1:colcon.colcon_core.package_identification:_identify(custom_interfaces) by extension 'ros'
[0.369s] DEBUG:colcon.colcon_core.package_identification:Package 'custom_interfaces' with type 'ros.ament_cmake' and name 'custom_interfaces'
[0.369s] Level 1:colcon.colcon_core.package_identification:_identify(install) by extensions ['ignore', 'ignore_ament_install']
[0.369s] Level 1:colcon.colcon_core.package_identification:_identify(install) by extension 'ignore'
[0.369s] Level 1:colcon.colcon_core.package_identification:_identify(install) ignored
[0.370s] Level 1:colcon.colcon_core.package_identification:_identify(log) by extensions ['ignore', 'ignore_ament_install']
[0.370s] Level 1:colcon.colcon_core.package_identification:_identify(log) by extension 'ignore'
[0.370s] Level 1:colcon.colcon_core.package_identification:_identify(log) ignored
[0.370s] Level 1:colcon.colcon_core.package_identification:_identify(rrbot_simulation_files) by extensions ['ignore', 'ignore_ament_install']
[0.370s] Level 1:colcon.colcon_core.package_identification:_identify(rrbot_simulation_files) by extension 'ignore'
[0.370s] Level 1:colcon.colcon_core.package_identification:_identify(rrbot_simulation_files) by extension 'ignore_ament_install'
[0.370s] Level 1:colcon.colcon_core.package_identification:_identify(rrbot_simulation_files) by extensions ['colcon_pkg']
[0.370s] Level 1:colcon.colcon_core.package_identification:_identify(rrbot_simulation_files) by extension 'colcon_pkg'
[0.370s] Level 1:colcon.colcon_core.package_identification:_identify(rrbot_simulation_files) by extensions ['colcon_meta']
[0.370s] Level 1:colcon.colcon_core.package_identification:_identify(rrbot_simulation_files) by extension 'colcon_meta'
[0.370s] Level 1:colcon.colcon_core.package_identification:_identify(rrbot_simulation_files) by extensions ['ros']
[0.370s] Level 1:colcon.colcon_core.package_identification:_identify(rrbot_simulation_files) by extension 'ros'
[0.370s] Level 1:colcon.colcon_core.package_identification:_identify(rrbot_simulation_files) by extensions ['cmake', 'python']
[0.370s] Level 1:colcon.colcon_core.package_identification:_identify(rrbot_simulation_files) by extension 'cmake'
[0.370s] Level 1:colcon.colcon_core.package_identification:_identify(rrbot_simulation_files) by extension 'python'
[0.370s] Level 1:colcon.colcon_core.package_identification:_identify(rrbot_simulation_files) by extensions ['python_setup_py']
[0.370s] Level 1:colcon.colcon_core.package_identification:_identify(rrbot_simulation_files) by extension 'python_setup_py'
[0.371s] Level 1:colcon.colcon_core.package_identification:_identify(rrbot_simulation_files/rrbot_description) by extensions ['ignore', 'ignore_ament_install']
[0.371s] Level 1:colcon.colcon_core.package_identification:_identify(rrbot_simulation_files/rrbot_description) by extension 'ignore'
[0.371s] Level 1:colcon.colcon_core.package_identification:_identify(rrbot_simulation_files/rrbot_description) by extension 'ignore_ament_install'
[0.371s] Level 1:colcon.colcon_core.package_identification:_identify(rrbot_simulation_files/rrbot_description) by extensions ['colcon_pkg']
[0.371s] Level 1:colcon.colcon_core.package_identification:_identify(rrbot_simulation_files/rrbot_description) by extension 'colcon_pkg'
[0.371s] Level 1:colcon.colcon_core.package_identification:_identify(rrbot_simulation_files/rrbot_description) by extensions ['colcon_meta']
[0.371s] Level 1:colcon.colcon_core.package_identification:_identify(rrbot_simulation_files/rrbot_description) by extension 'colcon_meta'
[0.371s] Level 1:colcon.colcon_core.package_identification:_identify(rrbot_simulation_files/rrbot_description) by extensions ['ros']
[0.371s] Level 1:colcon.colcon_core.package_identification:_identify(rrbot_simulation_files/rrbot_description) by extension 'ros'
[0.371s] DEBUG:colcon.colcon_core.package_identification:Package 'rrbot_simulation_files/rrbot_description' with type 'ros.ament_cmake' and name 'rrbot_description'
[0.372s] Level 1:colcon.colcon_core.package_identification:_identify(rrbot_simulation_files/rrbot_gazebo) by extensions ['ignore', 'ignore_ament_install']
[0.372s] Level 1:colcon.colcon_core.package_identification:_identify(rrbot_simulation_files/rrbot_gazebo) by extension 'ignore'
[0.372s] Level 1:colcon.colcon_core.package_identification:_identify(rrbot_simulation_files/rrbot_gazebo) by extension 'ignore_ament_install'
[0.372s] Level 1:colcon.colcon_core.package_identification:_identify(rrbot_simulation_files/rrbot_gazebo) by extensions ['colcon_pkg']
[0.372s] Level 1:colcon.colcon_core.package_identification:_identify(rrbot_simulation_files/rrbot_gazebo) by extension 'colcon_pkg'
[0.372s] Level 1:colcon.colcon_core.package_identification:_identify(rrbot_simulation_files/rrbot_gazebo) by extensions ['colcon_meta']
[0.372s] Level 1:colcon.colcon_core.package_identification:_identify(rrbot_simulation_files/rrbot_gazebo) by extension 'colcon_meta'
[0.372s] Level 1:colcon.colcon_core.package_identification:_identify(rrbot_simulation_files/rrbot_gazebo) by extensions ['ros']
[0.372s] Level 1:colcon.colcon_core.package_identification:_identify(rrbot_simulation_files/rrbot_gazebo) by extension 'ros'
[0.373s] DEBUG:colcon.colcon_core.package_identification:Package 'rrbot_simulation_files/rrbot_gazebo' with type 'ros.ament_cmake' and name 'rrbot_gazebo'
[0.373s] Level 1:colcon.colcon_core.package_discovery:discover_packages(recursive) using defaults
[0.373s] Level 1:colcon.colcon_core.package_discovery:discover_packages(ignore) discover
[0.373s] Level 1:colcon.colcon_core.package_discovery:discover_packages(ignore) using defaults
[0.373s] Level 1:colcon.colcon_core.package_discovery:discover_packages(path) discover
[0.373s] Level 1:colcon.colcon_core.package_discovery:discover_packages(path) using defaults
[0.405s] Level 1:colcon.colcon_core.package_discovery:discover_packages(prefix_path) check parameters
[0.405s] Level 1:colcon.colcon_core.package_discovery:discover_packages(prefix_path) discover
[0.409s] DEBUG:colcon.colcon_installed_package_information.package_discovery:Found 4 installed packages in /home/maryammahmood/PID_own_urdf/src/install
[0.411s] DEBUG:colcon.colcon_installed_package_information.package_discovery:Found 55 installed packages in /home/maryammahmood/ws_moveit2/install
[0.413s] DEBUG:colcon.colcon_installed_package_information.package_discovery:Found 419 installed packages in /opt/ros/humble
[0.419s] Level 1:colcon.colcon_core.package_discovery:discover_packages(prefix_path) using defaults
[0.479s] Level 5:colcon.colcon_core.verb:set package 'custom_interfaces' build argument 'cmake_args' from command line to 'None'
[0.480s] Level 5:colcon.colcon_core.verb:set package 'custom_interfaces' build argument 'cmake_target' from command line to 'None'
[0.480s] Level 5:colcon.colcon_core.verb:set package 'custom_interfaces' build argument 'cmake_target_skip_unavailable' from command line to 'False'
[0.480s] Level 5:colcon.colcon_core.verb:set package 'custom_interfaces' build argument 'cmake_clean_cache' from command line to 'False'
[0.480s] Level 5:colcon.colcon_core.verb:set package 'custom_interfaces' build argument 'cmake_clean_first' from command line to 'False'
[0.480s] Level 5:colcon.colcon_core.verb:set package 'custom_interfaces' build argument 'cmake_force_configure' from command line to 'False'
[0.480s] Level 5:colcon.colcon_core.verb:set package 'custom_interfaces' build argument 'ament_cmake_args' from command line to 'None'
[0.480s] Level 5:colcon.colcon_core.verb:set package 'custom_interfaces' build argument 'catkin_cmake_args' from command line to 'None'
[0.480s] Level 5:colcon.colcon_core.verb:set package 'custom_interfaces' build argument 'catkin_skip_building_tests' from command line to 'False'
[0.480s] DEBUG:colcon.colcon_core.verb:Building package 'custom_interfaces' with the following arguments: {'ament_cmake_args': None, 'build_base': '/home/maryammahmood/PID_own_urdf/src/build/custom_interfaces', 'catkin_cmake_args': None, 'catkin_skip_building_tests': False, 'cmake_args': None, 'cmake_clean_cache': False, 'cmake_clean_first': False, 'cmake_force_configure': False, 'cmake_target': None, 'cmake_target_skip_unavailable': False, 'install_base': '/home/maryammahmood/PID_own_urdf/src/install/custom_interfaces', 'merge_install': False, 'path': '/home/maryammahmood/PID_own_urdf/src/custom_interfaces', 'symlink_install': True, 'test_result_base': None}
[0.480s] Level 5:colcon.colcon_core.verb:set package 'rrbot_description' build argument 'cmake_args' from command line to 'None'
[0.480s] Level 5:colcon.colcon_core.verb:set package 'rrbot_description' build argument 'cmake_target' from command line to 'None'
[0.480s] Level 5:colcon.colcon_core.verb:set package 'rrbot_description' build argument 'cmake_target_skip_unavailable' from command line to 'False'
[0.480s] Level 5:colcon.colcon_core.verb:set package 'rrbot_description' build argument 'cmake_clean_cache' from command line to 'False'
[0.480s] Level 5:colcon.colcon_core.verb:set package 'rrbot_description' build argument 'cmake_clean_first' from command line to 'False'
[0.480s] Level 5:colcon.colcon_core.verb:set package 'rrbot_description' build argument 'cmake_force_configure' from command line to 'False'
[0.480s] Level 5:colcon.colcon_core.verb:set package 'rrbot_description' build argument 'ament_cmake_args' from command line to 'None'
[0.480s] Level 5:colcon.colcon_core.verb:set package 'rrbot_description' build argument 'catkin_cmake_args' from command line to 'None'
[0.480s] Level 5:colcon.colcon_core.verb:set package 'rrbot_description' build argument 'catkin_skip_building_tests' from command line to 'False'
[0.480s] DEBUG:colcon.colcon_core.verb:Building package 'rrbot_description' with the following arguments: {'ament_cmake_args': None, 'build_base': '/home/maryammahmood/PID_own_urdf/src/build/rrbot_description', 'catkin_cmake_args': None, 'catkin_skip_building_tests': False, 'cmake_args': None, 'cmake_clean_cache': False, 'cmake_clean_first': False, 'cmake_force_configure': False, 'cmake_target': None, 'cmake_target_skip_unavailable': False, 'install_base': '/home/maryammahmood/PID_own_urdf/src/install/rrbot_description', 'merge_install': False, 'path': '/home/maryammahmood/PID_own_urdf/src/rrbot_simulation_files/rrbot_description', 'symlink_install': True, 'test_result_base': None}
[0.481s] Level 5:colcon.colcon_core.verb:set package 'rrbot_gazebo' build argument 'cmake_args' from command line to 'None'
[0.481s] Level 5:colcon.colcon_core.verb:set package 'rrbot_gazebo' build argument 'cmake_target' from command line to 'None'
[0.481s] Level 5:colcon.colcon_core.verb:set package 'rrbot_gazebo' build argument 'cmake_target_skip_unavailable' from command line to 'False'
[0.481s] Level 5:colcon.colcon_core.verb:set package 'rrbot_gazebo' build argument 'cmake_clean_cache' from command line to 'False'
[0.481s] Level 5:colcon.colcon_core.verb:set package 'rrbot_gazebo' build argument 'cmake_clean_first' from command line to 'False'
[0.481s] Level 5:colcon.colcon_core.verb:set package 'rrbot_gazebo' build argument 'cmake_force_configure' from command line to 'False'
[0.481s] Level 5:colcon.colcon_core.verb:set package 'rrbot_gazebo' build argument 'ament_cmake_args' from command line to 'None'
[0.481s] Level 5:colcon.colcon_core.verb:set package 'rrbot_gazebo' build argument 'catkin_cmake_args' from command line to 'None'
[0.481s] Level 5:colcon.colcon_core.verb:set package 'rrbot_gazebo' build argument 'catkin_skip_building_tests' from command line to 'False'
[0.481s] DEBUG:colcon.colcon_core.verb:Building package 'rrbot_gazebo' with the following arguments: {'ament_cmake_args': None, 'build_base': '/home/maryammahmood/PID_own_urdf/src/build/rrbot_gazebo', 'catkin_cmake_args': None, 'catkin_skip_building_tests': False, 'cmake_args': None, 'cmake_clean_cache': False, 'cmake_clean_first': False, 'cmake_force_configure': False, 'cmake_target': None, 'cmake_target_skip_unavailable': False, 'install_base': '/home/maryammahmood/PID_own_urdf/src/install/rrbot_gazebo', 'merge_install': False, 'path': '/home/maryammahmood/PID_own_urdf/src/rrbot_simulation_files/rrbot_gazebo', 'symlink_install': True, 'test_result_base': None}
[0.481s] INFO:colcon.colcon_core.executor:Executing jobs using 'parallel' executor
[0.482s] DEBUG:colcon.colcon_parallel_executor.executor.parallel:run_until_complete
[0.482s] INFO:colcon.colcon_ros.task.ament_cmake.build:Building ROS package in '/home/maryammahmood/PID_own_urdf/src/custom_interfaces' with build type 'ament_cmake'
[0.483s] INFO:colcon.colcon_cmake.task.cmake.build:Building CMake package in '/home/maryammahmood/PID_own_urdf/src/custom_interfaces'
[0.485s] INFO:colcon.colcon_core.plugin_system:Skipping extension 'colcon_core.shell.bat': Not used on non-Windows systems
[0.485s] INFO:colcon.colcon_core.shell:Skip shell extension 'powershell' for command environment: Not usable outside of PowerShell
[0.485s] DEBUG:colcon.colcon_core.shell:Skip shell extension 'dsv' for command environment
[0.493s] INFO:colcon.colcon_ros.task.ament_cmake.build:Building ROS package in '/home/maryammahmood/PID_own_urdf/src/rrbot_simulation_files/rrbot_description' with build type 'ament_cmake'
[0.493s] INFO:colcon.colcon_cmake.task.cmake.build:Building CMake package in '/home/maryammahmood/PID_own_urdf/src/rrbot_simulation_files/rrbot_description'
[0.493s] INFO:colcon.colcon_core.shell:Skip shell extension 'powershell' for command environment: Not usable outside of PowerShell
[0.493s] DEBUG:colcon.colcon_core.shell:Skip shell extension 'dsv' for command environment
[0.508s] DEBUG:colcon.colcon_core.event_handler.log_command:Invoking command in '/home/maryammahmood/PID_own_urdf/src/build/custom_interfaces': CMAKE_PREFIX_PATH=${CMAKE_PREFIX_PATH}:/home/maryammahmood/ws_moveit2/install/moveit_configs_utils:/home/maryammahmood/ws_moveit2/install/launch_param_builder:/opt/ros/humble /usr/bin/cmake --build /home/maryammahmood/PID_own_urdf/src/build/custom_interfaces -- -j24 -l24
[0.511s] DEBUG:colcon.colcon_core.event_handler.log_command:Invoking command in '/home/maryammahmood/PID_own_urdf/src/build/rrbot_description': CMAKE_PREFIX_PATH=${CMAKE_PREFIX_PATH}:/home/maryammahmood/ws_moveit2/install/moveit_configs_utils:/home/maryammahmood/ws_moveit2/install/launch_param_builder:/opt/ros/humble /usr/bin/cmake --build /home/maryammahmood/PID_own_urdf/src/build/rrbot_description -- -j24 -l24
[0.576s] DEBUG:colcon.colcon_core.event_handler.log_command:Invoked command in '/home/maryammahmood/PID_own_urdf/src/build/rrbot_description' returned '0': CMAKE_PREFIX_PATH=${CMAKE_PREFIX_PATH}:/home/maryammahmood/ws_moveit2/install/moveit_configs_utils:/home/maryammahmood/ws_moveit2/install/launch_param_builder:/opt/ros/humble /usr/bin/cmake --build /home/maryammahmood/PID_own_urdf/src/build/rrbot_description -- -j24 -l24
[0.638s] DEBUG:colcon.colcon_core.event_handler.log_command:Invoking command in '/home/maryammahmood/PID_own_urdf/src/build/rrbot_description': CMAKE_PREFIX_PATH=${CMAKE_PREFIX_PATH}:/home/maryammahmood/ws_moveit2/install/moveit_configs_utils:/home/maryammahmood/ws_moveit2/install/launch_param_builder:/opt/ros/humble /usr/bin/cmake --install /home/maryammahmood/PID_own_urdf/src/build/rrbot_description
[0.670s] Level 1:colcon.colcon_core.environment:create_environment_scripts_only(rrbot_description)
[0.670s] DEBUG:colcon.colcon_core.event_handler.log_command:Invoked command in '/home/maryammahmood/PID_own_urdf/src/build/rrbot_description' returned '0': CMAKE_PREFIX_PATH=${CMAKE_PREFIX_PATH}:/home/maryammahmood/ws_moveit2/install/moveit_configs_utils:/home/maryammahmood/ws_moveit2/install/launch_param_builder:/opt/ros/humble /usr/bin/cmake --install /home/maryammahmood/PID_own_urdf/src/build/rrbot_description
[0.674s] Level 1:colcon.colcon_core.environment:checking '/home/maryammahmood/PID_own_urdf/src/install/rrbot_description' for CMake module files
[0.675s] Level 1:colcon.colcon_core.environment:checking '/home/maryammahmood/PID_own_urdf/src/install/rrbot_description' for CMake config files
[0.675s] Level 1:colcon.colcon_core.shell:create_environment_hook('rrbot_description', 'cmake_prefix_path')
[0.676s] INFO:colcon.colcon_core.shell:Creating environment hook '/home/maryammahmood/PID_own_urdf/src/install/rrbot_description/share/rrbot_description/hook/cmake_prefix_path.ps1'
[0.677s] INFO:colcon.colcon_core.shell:Creating environment descriptor '/home/maryammahmood/PID_own_urdf/src/install/rrbot_description/share/rrbot_description/hook/cmake_prefix_path.dsv'
[0.678s] INFO:colcon.colcon_core.shell:Creating environment hook '/home/maryammahmood/PID_own_urdf/src/install/rrbot_description/share/rrbot_description/hook/cmake_prefix_path.sh'
[0.679s] Level 1:colcon.colcon_core.environment:checking '/home/maryammahmood/PID_own_urdf/src/install/rrbot_description/bin'
[0.679s] Level 1:colcon.colcon_core.environment:checking '/home/maryammahmood/PID_own_urdf/src/install/rrbot_description/lib/pkgconfig/rrbot_description.pc'
[0.679s] Level 1:colcon.colcon_core.environment:checking '/home/maryammahmood/PID_own_urdf/src/install/rrbot_description/lib/python3.10/site-packages'
[0.680s] Level 1:colcon.colcon_core.environment:checking '/home/maryammahmood/PID_own_urdf/src/install/rrbot_description/bin'
[0.680s] INFO:colcon.colcon_core.shell:Creating package script '/home/maryammahmood/PID_own_urdf/src/install/rrbot_description/share/rrbot_description/package.ps1'
[0.682s] INFO:colcon.colcon_core.shell:Creating package descriptor '/home/maryammahmood/PID_own_urdf/src/install/rrbot_description/share/rrbot_description/package.dsv'
[0.682s] INFO:colcon.colcon_core.shell:Creating package script '/home/maryammahmood/PID_own_urdf/src/install/rrbot_description/share/rrbot_description/package.sh'
[0.684s] INFO:colcon.colcon_core.shell:Creating package script '/home/maryammahmood/PID_own_urdf/src/install/rrbot_description/share/rrbot_description/package.bash'
[0.685s] INFO:colcon.colcon_core.shell:Creating package script '/home/maryammahmood/PID_own_urdf/src/install/rrbot_description/share/rrbot_description/package.zsh'
[0.687s] Level 1:colcon.colcon_core.environment:create_file_with_runtime_dependencies(/home/maryammahmood/PID_own_urdf/src/install/rrbot_description/share/colcon-core/packages/rrbot_description)
[0.746s] Level 1:colcon.colcon_core.environment:create_environment_scripts_only(rrbot_description)
[0.746s] Level 1:colcon.colcon_core.environment:checking '/home/maryammahmood/PID_own_urdf/src/install/rrbot_description' for CMake module files
[0.747s] Level 1:colcon.colcon_core.environment:checking '/home/maryammahmood/PID_own_urdf/src/install/rrbot_description' for CMake config files
[0.748s] Level 1:colcon.colcon_core.shell:create_environment_hook('rrbot_description', 'cmake_prefix_path')
[0.748s] INFO:colcon.colcon_core.shell:Creating environment hook '/home/maryammahmood/PID_own_urdf/src/install/rrbot_description/share/rrbot_description/hook/cmake_prefix_path.ps1'
[0.749s] INFO:colcon.colcon_core.shell:Creating environment descriptor '/home/maryammahmood/PID_own_urdf/src/install/rrbot_description/share/rrbot_description/hook/cmake_prefix_path.dsv'
[0.749s] INFO:colcon.colcon_core.shell:Creating environment hook '/home/maryammahmood/PID_own_urdf/src/install/rrbot_description/share/rrbot_description/hook/cmake_prefix_path.sh'
[0.750s] Level 1:colcon.colcon_core.environment:checking '/home/maryammahmood/PID_own_urdf/src/install/rrbot_description/bin'
[0.750s] Level 1:colcon.colcon_core.environment:checking '/home/maryammahmood/PID_own_urdf/src/install/rrbot_description/lib/pkgconfig/rrbot_description.pc'
[0.751s] Level 1:colcon.colcon_core.environment:checking '/home/maryammahmood/PID_own_urdf/src/install/rrbot_description/lib/python3.10/site-packages'
[0.751s] Level 1:colcon.colcon_core.environment:checking '/home/maryammahmood/PID_own_urdf/src/install/rrbot_description/bin'
[0.752s] INFO:colcon.colcon_core.shell:Creating package script '/home/maryammahmood/PID_own_urdf/src/install/rrbot_description/share/rrbot_description/package.ps1'
[0.752s] INFO:colcon.colcon_core.shell:Creating package descriptor '/home/maryammahmood/PID_own_urdf/src/install/rrbot_description/share/rrbot_description/package.dsv'
[0.753s] INFO:colcon.colcon_core.shell:Creating package script '/home/maryammahmood/PID_own_urdf/src/install/rrbot_description/share/rrbot_description/package.sh'
[0.753s] INFO:colcon.colcon_core.shell:Creating package script '/home/maryammahmood/PID_own_urdf/src/install/rrbot_description/share/rrbot_description/package.bash'
[0.754s] INFO:colcon.colcon_core.shell:Creating package script '/home/maryammahmood/PID_own_urdf/src/install/rrbot_description/share/rrbot_description/package.zsh'
[0.755s] Level 1:colcon.colcon_core.environment:create_file_with_runtime_dependencies(/home/maryammahmood/PID_own_urdf/src/install/rrbot_description/share/colcon-core/packages/rrbot_description)
[0.987s] DEBUG:colcon.colcon_core.event_handler.log_command:Invoked command in '/home/maryammahmood/PID_own_urdf/src/build/custom_interfaces' returned '0': CMAKE_PREFIX_PATH=${CMAKE_PREFIX_PATH}:/home/maryammahmood/ws_moveit2/install/moveit_configs_utils:/home/maryammahmood/ws_moveit2/install/launch_param_builder:/opt/ros/humble /usr/bin/cmake --build /home/maryammahmood/PID_own_urdf/src/build/custom_interfaces -- -j24 -l24
[1.368s] DEBUG:colcon.colcon_core.event_handler.log_command:Invoking command in '/home/maryammahmood/PID_own_urdf/src/build/custom_interfaces': CMAKE_PREFIX_PATH=${CMAKE_PREFIX_PATH}:/home/maryammahmood/ws_moveit2/install/moveit_configs_utils:/home/maryammahmood/ws_moveit2/install/launch_param_builder:/opt/ros/humble /usr/bin/cmake --install /home/maryammahmood/PID_own_urdf/src/build/custom_interfaces
[1.485s] Level 1:colcon.colcon_core.environment:create_environment_scripts_only(custom_interfaces)
[1.485s] Level 1:colcon.colcon_core.environment:checking '/home/maryammahmood/PID_own_urdf/src/install/custom_interfaces' for CMake module files
[1.485s] DEBUG:colcon.colcon_core.event_handler.log_command:Invoked command in '/home/maryammahmood/PID_own_urdf/src/build/custom_interfaces' returned '0': CMAKE_PREFIX_PATH=${CMAKE_PREFIX_PATH}:/home/maryammahmood/ws_moveit2/install/moveit_configs_utils:/home/maryammahmood/ws_moveit2/install/launch_param_builder:/opt/ros/humble /usr/bin/cmake --install /home/maryammahmood/PID_own_urdf/src/build/custom_interfaces
[1.486s] Level 1:colcon.colcon_core.environment:checking '/home/maryammahmood/PID_own_urdf/src/install/custom_interfaces' for CMake config files
[1.487s] Level 1:colcon.colcon_core.shell:create_environment_hook('custom_interfaces', 'cmake_prefix_path')
[1.487s] INFO:colcon.colcon_core.shell:Creating environment hook '/home/maryammahmood/PID_own_urdf/src/install/custom_interfaces/share/custom_interfaces/hook/cmake_prefix_path.ps1'
[1.488s] INFO:colcon.colcon_core.shell:Creating environment descriptor '/home/maryammahmood/PID_own_urdf/src/install/custom_interfaces/share/custom_interfaces/hook/cmake_prefix_path.dsv'
[1.488s] INFO:colcon.colcon_core.shell:Creating environment hook '/home/maryammahmood/PID_own_urdf/src/install/custom_interfaces/share/custom_interfaces/hook/cmake_prefix_path.sh'
[1.489s] Level 1:colcon.colcon_core.environment:checking '/home/maryammahmood/PID_own_urdf/src/install/custom_interfaces/lib'
[1.489s] Level 1:colcon.colcon_core.shell:create_environment_hook('custom_interfaces', 'ld_library_path_lib')
[1.490s] INFO:colcon.colcon_core.shell:Creating environment hook '/home/maryammahmood/PID_own_urdf/src/install/custom_interfaces/share/custom_interfaces/hook/ld_library_path_lib.ps1'
[1.490s] INFO:colcon.colcon_core.shell:Creating environment descriptor '/home/maryammahmood/PID_own_urdf/src/install/custom_interfaces/share/custom_interfaces/hook/ld_library_path_lib.dsv'
[1.490s] INFO:colcon.colcon_core.shell:Creating environment hook '/home/maryammahmood/PID_own_urdf/src/install/custom_interfaces/share/custom_interfaces/hook/ld_library_path_lib.sh'
[1.491s] Level 1:colcon.colcon_core.environment:checking '/home/maryammahmood/PID_own_urdf/src/install/custom_interfaces/bin'
[1.491s] Level 1:colcon.colcon_core.environment:checking '/home/maryammahmood/PID_own_urdf/src/install/custom_interfaces/lib/pkgconfig/custom_interfaces.pc'
[1.491s] Level 1:colcon.colcon_core.environment:checking '/home/maryammahmood/PID_own_urdf/src/install/custom_interfaces/lib/python3.10/site-packages'
[1.491s] Level 1:colcon.colcon_core.environment:checking '/home/maryammahmood/PID_own_urdf/src/install/custom_interfaces/bin'
[1.491s] INFO:colcon.colcon_core.shell:Creating package script '/home/maryammahmood/PID_own_urdf/src/install/custom_interfaces/share/custom_interfaces/package.ps1'
[1.492s] INFO:colcon.colcon_core.shell:Creating package descriptor '/home/maryammahmood/PID_own_urdf/src/install/custom_interfaces/share/custom_interfaces/package.dsv'
[1.492s] INFO:colcon.colcon_core.shell:Creating package script '/home/maryammahmood/PID_own_urdf/src/install/custom_interfaces/share/custom_interfaces/package.sh'
[1.493s] INFO:colcon.colcon_core.shell:Creating package script '/home/maryammahmood/PID_own_urdf/src/install/custom_interfaces/share/custom_interfaces/package.bash'
[1.493s] INFO:colcon.colcon_core.shell:Creating package script '/home/maryammahmood/PID_own_urdf/src/install/custom_interfaces/share/custom_interfaces/package.zsh'
[1.493s] Level 1:colcon.colcon_core.environment:create_file_with_runtime_dependencies(/home/maryammahmood/PID_own_urdf/src/install/custom_interfaces/share/colcon-core/packages/custom_interfaces)
[1.928s] Level 1:colcon.colcon_core.environment:create_environment_scripts_only(custom_interfaces)
[1.929s] Level 1:colcon.colcon_core.environment:checking '/home/maryammahmood/PID_own_urdf/src/install/custom_interfaces' for CMake module files
[1.930s] Level 1:colcon.colcon_core.environment:checking '/home/maryammahmood/PID_own_urdf/src/install/custom_interfaces' for CMake config files
[1.931s] Level 1:colcon.colcon_core.shell:create_environment_hook('custom_interfaces', 'cmake_prefix_path')
[1.931s] INFO:colcon.colcon_core.shell:Creating environment hook '/home/maryammahmood/PID_own_urdf/src/install/custom_interfaces/share/custom_interfaces/hook/cmake_prefix_path.ps1'
[1.932s] INFO:colcon.colcon_core.shell:Creating environment descriptor '/home/maryammahmood/PID_own_urdf/src/install/custom_interfaces/share/custom_interfaces/hook/cmake_prefix_path.dsv'
[1.933s] INFO:colcon.colcon_core.shell:Creating environment hook '/home/maryammahmood/PID_own_urdf/src/install/custom_interfaces/share/custom_interfaces/hook/cmake_prefix_path.sh'
[1.933s] Level 1:colcon.colcon_core.environment:checking '/home/maryammahmood/PID_own_urdf/src/install/custom_interfaces/lib'
[1.934s] Level 1:colcon.colcon_core.shell:create_environment_hook('custom_interfaces', 'ld_library_path_lib')
[1.934s] INFO:colcon.colcon_core.shell:Creating environment hook '/home/maryammahmood/PID_own_urdf/src/install/custom_interfaces/share/custom_interfaces/hook/ld_library_path_lib.ps1'
[1.935s] INFO:colcon.colcon_core.shell:Creating environment descriptor '/home/maryammahmood/PID_own_urdf/src/install/custom_interfaces/share/custom_interfaces/hook/ld_library_path_lib.dsv'
[1.935s] INFO:colcon.colcon_core.shell:Creating environment hook '/home/maryammahmood/PID_own_urdf/src/install/custom_interfaces/share/custom_interfaces/hook/ld_library_path_lib.sh'
[1.936s] Level 1:colcon.colcon_core.environment:checking '/home/maryammahmood/PID_own_urdf/src/install/custom_interfaces/bin'
[1.936s] Level 1:colcon.colcon_core.environment:checking '/home/maryammahmood/PID_own_urdf/src/install/custom_interfaces/lib/pkgconfig/custom_interfaces.pc'
[1.937s] Level 1:colcon.colcon_core.environment:checking '/home/maryammahmood/PID_own_urdf/src/install/custom_interfaces/lib/python3.10/site-packages'
[1.937s] Level 1:colcon.colcon_core.environment:checking '/home/maryammahmood/PID_own_urdf/src/install/custom_interfaces/bin'
[1.938s] INFO:colcon.colcon_core.shell:Creating package script '/home/maryammahmood/PID_own_urdf/src/install/custom_interfaces/share/custom_interfaces/package.ps1'
[1.939s] INFO:colcon.colcon_core.shell:Creating package descriptor '/home/maryammahmood/PID_own_urdf/src/install/custom_interfaces/share/custom_interfaces/package.dsv'
[1.940s] INFO:colcon.colcon_core.shell:Creating package script '/home/maryammahmood/PID_own_urdf/src/install/custom_interfaces/share/custom_interfaces/package.sh'
[1.941s] INFO:colcon.colcon_core.shell:Creating package script '/home/maryammahmood/PID_own_urdf/src/install/custom_interfaces/share/custom_interfaces/package.bash'
[1.942s] INFO:colcon.colcon_core.shell:Creating package script '/home/maryammahmood/PID_own_urdf/src/install/custom_interfaces/share/custom_interfaces/package.zsh'
[1.943s] Level 1:colcon.colcon_core.environment:create_file_with_runtime_dependencies(/home/maryammahmood/PID_own_urdf/src/install/custom_interfaces/share/colcon-core/packages/custom_interfaces)
[1.943s] INFO:colcon.colcon_ros.task.ament_cmake.build:Building ROS package in '/home/maryammahmood/PID_own_urdf/src/rrbot_simulation_files/rrbot_gazebo' with build type 'ament_cmake'
[1.943s] INFO:colcon.colcon_cmake.task.cmake.build:Building CMake package in '/home/maryammahmood/PID_own_urdf/src/rrbot_simulation_files/rrbot_gazebo'
[1.944s] INFO:colcon.colcon_core.shell:Skip shell extension 'powershell' for command environment: Not usable outside of PowerShell
[1.944s] DEBUG:colcon.colcon_core.shell:Skip shell extension 'dsv' for command environment
[1.981s] DEBUG:colcon.colcon_core.event_handler.log_command:Invoking command in '/home/maryammahmood/PID_own_urdf/src/build/rrbot_gazebo': CMAKE_PREFIX_PATH=/home/maryammahmood/PID_own_urdf/src/install/rrbot_description:/home/maryammahmood/PID_own_urdf/src/install/custom_interfaces:/home/maryammahmood/PID_own_urdf/src/install/rrbot_gazebo:/home/maryammahmood/ws_moveit2/install/pilz_industrial_motion_planner_testutils:/home/maryammahmood/ws_moveit2/install/moveit_runtime:/home/maryammahmood/ws_moveit2/install/moveit2_tutorials:/home/maryammahmood/ws_moveit2/install/moveit:/home/maryammahmood/ws_moveit2/install/moveit_planners:/home/maryammahmood/ws_moveit2/install/pilz_industrial_motion_planner:/home/maryammahmood/ws_moveit2/install/moveit_visual_tools:/home/maryammahmood/ws_moveit2/install/moveit_task_constructor_visualization:/home/maryammahmood/ws_moveit2/install/moveit_task_constructor_demo:/home/maryammahmood/ws_moveit2/install/moveit_task_constructor_capabilities:/home/maryammahmood/ws_moveit2/install/moveit_task_constructor_core:/home/maryammahmood/ws_moveit2/install/moveit_ros_control_interface:/home/maryammahmood/ws_moveit2/install/moveit_plugins:/home/maryammahmood/ws_moveit2/install/moveit_simple_controller_manager:/home/maryammahmood/ws_moveit2/install/moveit_setup_assistant:/home/maryammahmood/ws_moveit2/install/moveit_setup_srdf_plugins:/home/maryammahmood/ws_moveit2/install/moveit_setup_core_plugins:/home/maryammahmood/ws_moveit2/install/moveit_setup_controllers:/home/maryammahmood/ws_moveit2/install/moveit_setup_app_plugins:/home/maryammahmood/ws_moveit2/install/moveit_setup_framework:/home/maryammahmood/ws_moveit2/install/moveit_servo:/home/maryammahmood/ws_moveit2/install/moveit_ros:/home/maryammahmood/ws_moveit2/install/moveit_ros_visualization:/home/maryammahmood/ws_moveit2/install/moveit_hybrid_planning:/home/maryammahmood/ws_moveit2/install/moveit_ros_planning_interface:/home/maryammahmood/ws_moveit2/install/moveit_ros_benchmarks:/home/maryammahmood/ws_moveit2/install/moveit_ros_warehouse:/home/maryammahmood/ws_moveit2/install/moveit_ros_robot_interaction:/home/maryammahmood/ws_moveit2/install/moveit_ros_perception:/home/maryammahmood/ws_moveit2/install/moveit_resources_prbt_pg70_support:/home/maryammahmood/ws_moveit2/install/moveit_resources_prbt_moveit_config:/home/maryammahmood/ws_moveit2/install/moveit_ros_move_group:/home/maryammahmood/ws_moveit2/install/moveit_planners_ompl:/home/maryammahmood/ws_moveit2/install/moveit_ros_planning:/home/maryammahmood/ws_moveit2/install/moveit_ros_occupancy_map_monitor:/home/maryammahmood/ws_moveit2/install/moveit_resources_prbt_ikfast_manipulator_plugin:/home/maryammahmood/ws_moveit2/install/moveit_planners_chomp:/home/maryammahmood/ws_moveit2/install/moveit_kinematics:/home/maryammahmood/ws_moveit2/install/moveit_chomp_optimizer_adapter:/home/maryammahmood/ws_moveit2/install/chomp_motion_planner:/home/maryammahmood/ws_moveit2/install/moveit_core:/home/maryammahmood/ws_moveit2/install/srdfdom:/home/maryammahmood/ws_moveit2/install/rviz_marker_tools:/home/maryammahmood/ws_moveit2/install/rosparam_shortcuts:/home/maryammahmood/ws_moveit2/install/moveit_task_constructor_msgs:/home/maryammahmood/ws_moveit2/install/moveit_resources_prbt_support:/home/maryammahmood/ws_moveit2/install/moveit_resources:/home/maryammahmood/ws_moveit2/install/moveit_resources_pr2_description:/home/maryammahmood/ws_moveit2/install/moveit_resources_panda_moveit_config:/home/maryammahmood/ws_moveit2/install/moveit_resources_panda_description:/home/maryammahmood/ws_moveit2/install/moveit_resources_fanuc_moveit_config:/home/maryammahmood/ws_moveit2/install/moveit_resources_fanuc_description:/home/maryammahmood/ws_moveit2/install/moveit_common:/opt/openrobots:/home/maryammahmood/ws_moveit2/install/moveit_configs_utils:/home/maryammahmood/ws_moveit2/install/launch_param_builder:/opt/ros/humble LD_LIBRARY_PATH=/home/maryammahmood/PID_own_urdf/src/install/custom_interfaces/lib:/home/maryammahmood/ws_moveit2/install/pilz_industrial_motion_planner_testutils/lib:/home/maryammahmood/ws_moveit2/install/pilz_industrial_motion_planner/lib:/home/maryammahmood/ws_moveit2/install/moveit_visual_tools/lib:/home/maryammahmood/ws_moveit2/install/moveit_task_constructor_visualization/lib:/home/maryammahmood/ws_moveit2/install/moveit_task_constructor_demo/lib:/home/maryammahmood/ws_moveit2/install/moveit_task_constructor_capabilities/lib:/home/maryammahmood/ws_moveit2/install/moveit_task_constructor_core/lib:/home/maryammahmood/ws_moveit2/install/moveit_ros_control_interface/lib:/home/maryammahmood/ws_moveit2/install/moveit_simple_controller_manager/lib:/home/maryammahmood/ws_moveit2/install/moveit_setup_assistant/lib:/home/maryammahmood/ws_moveit2/install/moveit_setup_srdf_plugins/lib:/home/maryammahmood/ws_moveit2/install/moveit_setup_core_plugins/lib:/home/maryammahmood/ws_moveit2/install/moveit_setup_controllers/lib:/home/maryammahmood/ws_moveit2/install/moveit_setup_app_plugins/lib:/home/maryammahmood/ws_moveit2/install/moveit_setup_framework/lib:/home/maryammahmood/ws_moveit2/install/moveit_servo/lib:/home/maryammahmood/ws_moveit2/install/moveit_ros_visualization/lib:/home/maryammahmood/ws_moveit2/install/moveit_hybrid_planning/lib:/home/maryammahmood/ws_moveit2/install/moveit_ros_planning_interface/lib:/home/maryammahmood/ws_moveit2/install/moveit_ros_benchmarks/lib:/home/maryammahmood/ws_moveit2/install/moveit_ros_warehouse/lib:/home/maryammahmood/ws_moveit2/install/moveit_ros_robot_interaction/lib:/home/maryammahmood/ws_moveit2/install/moveit_ros_perception/lib:/home/maryammahmood/ws_moveit2/install/moveit_ros_move_group/lib:/home/maryammahmood/ws_moveit2/install/moveit_planners_ompl/lib:/home/maryammahmood/ws_moveit2/install/moveit_ros_planning/lib:/home/maryammahmood/ws_moveit2/install/moveit_ros_occupancy_map_monitor/lib:/home/maryammahmood/ws_moveit2/install/moveit_resources_prbt_ikfast_manipulator_plugin/lib:/home/maryammahmood/ws_moveit2/install/moveit_planners_chomp/lib:/home/maryammahmood/ws_moveit2/install/moveit_kinematics/lib:/home/maryammahmood/ws_moveit2/install/moveit_chomp_optimizer_adapter/lib:/home/maryammahmood/ws_moveit2/install/chomp_motion_planner/lib:/home/maryammahmood/ws_moveit2/install/moveit_core/lib:/home/maryammahmood/ws_moveit2/install/srdfdom/lib:/home/maryammahmood/ws_moveit2/install/rviz_marker_tools/lib:/home/maryammahmood/ws_moveit2/install/rosparam_shortcuts/lib:/home/maryammahmood/ws_moveit2/install/moveit_task_constructor_msgs/lib:/opt/openrobots/lib:/usr/lib/x86_64-linux-gnu/gazebo-11/plugins:/opt/ros/humble/opt/rviz_ogre_vendor/lib:/opt/ros/humble/lib/x86_64-linux-gnu:/opt/ros/humble/lib:/usr/share/gazebo/../../lib/x86_64-linux-gnu/gazebo-11/plugins /usr/bin/cmake --build /home/maryammahmood/PID_own_urdf/src/build/rrbot_gazebo -- -j24 -l24
[2.153s] DEBUG:colcon.colcon_core.event_handler.log_command:Invoked command in '/home/maryammahmood/PID_own_urdf/src/build/rrbot_gazebo' returned '0': CMAKE_PREFIX_PATH=/home/maryammahmood/PID_own_urdf/src/install/rrbot_description:/home/maryammahmood/PID_own_urdf/src/install/custom_interfaces:/home/maryammahmood/PID_own_urdf/src/install/rrbot_gazebo:/home/maryammahmood/ws_moveit2/install/pilz_industrial_motion_planner_testutils:/home/maryammahmood/ws_moveit2/install/moveit_runtime:/home/maryammahmood/ws_moveit2/install/moveit2_tutorials:/home/maryammahmood/ws_moveit2/install/moveit:/home/maryammahmood/ws_moveit2/install/moveit_planners:/home/maryammahmood/ws_moveit2/install/pilz_industrial_motion_planner:/home/maryammahmood/ws_moveit2/install/moveit_visual_tools:/home/maryammahmood/ws_moveit2/install/moveit_task_constructor_visualization:/home/maryammahmood/ws_moveit2/install/moveit_task_constructor_demo:/home/maryammahmood/ws_moveit2/install/moveit_task_constructor_capabilities:/home/maryammahmood/ws_moveit2/install/moveit_task_constructor_core:/home/maryammahmood/ws_moveit2/install/moveit_ros_control_interface:/home/maryammahmood/ws_moveit2/install/moveit_plugins:/home/maryammahmood/ws_moveit2/install/moveit_simple_controller_manager:/home/maryammahmood/ws_moveit2/install/moveit_setup_assistant:/home/maryammahmood/ws_moveit2/install/moveit_setup_srdf_plugins:/home/maryammahmood/ws_moveit2/install/moveit_setup_core_plugins:/home/maryammahmood/ws_moveit2/install/moveit_setup_controllers:/home/maryammahmood/ws_moveit2/install/moveit_setup_app_plugins:/home/maryammahmood/ws_moveit2/install/moveit_setup_framework:/home/maryammahmood/ws_moveit2/install/moveit_servo:/home/maryammahmood/ws_moveit2/install/moveit_ros:/home/maryammahmood/ws_moveit2/install/moveit_ros_visualization:/home/maryammahmood/ws_moveit2/install/moveit_hybrid_planning:/home/maryammahmood/ws_moveit2/install/moveit_ros_planning_interface:/home/maryammahmood/ws_moveit2/install/moveit_ros_benchmarks:/home/maryammahmood/ws_moveit2/install/moveit_ros_warehouse:/home/maryammahmood/ws_moveit2/install/moveit_ros_robot_interaction:/home/maryammahmood/ws_moveit2/install/moveit_ros_perception:/home/maryammahmood/ws_moveit2/install/moveit_resources_prbt_pg70_support:/home/maryammahmood/ws_moveit2/install/moveit_resources_prbt_moveit_config:/home/maryammahmood/ws_moveit2/install/moveit_ros_move_group:/home/maryammahmood/ws_moveit2/install/moveit_planners_ompl:/home/maryammahmood/ws_moveit2/install/moveit_ros_planning:/home/maryammahmood/ws_moveit2/install/moveit_ros_occupancy_map_monitor:/home/maryammahmood/ws_moveit2/install/moveit_resources_prbt_ikfast_manipulator_plugin:/home/maryammahmood/ws_moveit2/install/moveit_planners_chomp:/home/maryammahmood/ws_moveit2/install/moveit_kinematics:/home/maryammahmood/ws_moveit2/install/moveit_chomp_optimizer_adapter:/home/maryammahmood/ws_moveit2/install/chomp_motion_planner:/home/maryammahmood/ws_moveit2/install/moveit_core:/home/maryammahmood/ws_moveit2/install/srdfdom:/home/maryammahmood/ws_moveit2/install/rviz_marker_tools:/home/maryammahmood/ws_moveit2/install/rosparam_shortcuts:/home/maryammahmood/ws_moveit2/install/moveit_task_constructor_msgs:/home/maryammahmood/ws_moveit2/install/moveit_resources_prbt_support:/home/maryammahmood/ws_moveit2/install/moveit_resources:/home/maryammahmood/ws_moveit2/install/moveit_resources_pr2_description:/home/maryammahmood/ws_moveit2/install/moveit_resources_panda_moveit_config:/home/maryammahmood/ws_moveit2/install/moveit_resources_panda_description:/home/maryammahmood/ws_moveit2/install/moveit_resources_fanuc_moveit_config:/home/maryammahmood/ws_moveit2/install/moveit_resources_fanuc_description:/home/maryammahmood/ws_moveit2/install/moveit_common:/opt/openrobots:/home/maryammahmood/ws_moveit2/install/moveit_configs_utils:/home/maryammahmood/ws_moveit2/install/launch_param_builder:/opt/ros/humble LD_LIBRARY_PATH=/home/maryammahmood/PID_own_urdf/src/install/custom_interfaces/lib:/home/maryammahmood/ws_moveit2/install/pilz_industrial_motion_planner_testutils/lib:/home/maryammahmood/ws_moveit2/install/pilz_industrial_motion_planner/lib:/home/maryammahmood/ws_moveit2/install/moveit_visual_tools/lib:/home/maryammahmood/ws_moveit2/install/moveit_task_constructor_visualization/lib:/home/maryammahmood/ws_moveit2/install/moveit_task_constructor_demo/lib:/home/maryammahmood/ws_moveit2/install/moveit_task_constructor_capabilities/lib:/home/maryammahmood/ws_moveit2/install/moveit_task_constructor_core/lib:/home/maryammahmood/ws_moveit2/install/moveit_ros_control_interface/lib:/home/maryammahmood/ws_moveit2/install/moveit_simple_controller_manager/lib:/home/maryammahmood/ws_moveit2/install/moveit_setup_assistant/lib:/home/maryammahmood/ws_moveit2/install/moveit_setup_srdf_plugins/lib:/home/maryammahmood/ws_moveit2/install/moveit_setup_core_plugins/lib:/home/maryammahmood/ws_moveit2/install/moveit_setup_controllers/lib:/home/maryammahmood/ws_moveit2/install/moveit_setup_app_plugins/lib:/home/maryammahmood/ws_moveit2/install/moveit_setup_framework/lib:/home/maryammahmood/ws_moveit2/install/moveit_servo/lib:/home/maryammahmood/ws_moveit2/install/moveit_ros_visualization/lib:/home/maryammahmood/ws_moveit2/install/moveit_hybrid_planning/lib:/home/maryammahmood/ws_moveit2/install/moveit_ros_planning_interface/lib:/home/maryammahmood/ws_moveit2/install/moveit_ros_benchmarks/lib:/home/maryammahmood/ws_moveit2/install/moveit_ros_warehouse/lib:/home/maryammahmood/ws_moveit2/install/moveit_ros_robot_interaction/lib:/home/maryammahmood/ws_moveit2/install/moveit_ros_perception/lib:/home/maryammahmood/ws_moveit2/install/moveit_ros_move_group/lib:/home/maryammahmood/ws_moveit2/install/moveit_planners_ompl/lib:/home/maryammahmood/ws_moveit2/install/moveit_ros_planning/lib:/home/maryammahmood/ws_moveit2/install/moveit_ros_occupancy_map_monitor/lib:/home/maryammahmood/ws_moveit2/install/moveit_resources_prbt_ikfast_manipulator_plugin/lib:/home/maryammahmood/ws_moveit2/install/moveit_planners_chomp/lib:/home/maryammahmood/ws_moveit2/install/moveit_kinematics/lib:/home/maryammahmood/ws_moveit2/install/moveit_chomp_optimizer_adapter/lib:/home/maryammahmood/ws_moveit2/install/chomp_motion_planner/lib:/home/maryammahmood/ws_moveit2/install/moveit_core/lib:/home/maryammahmood/ws_moveit2/install/srdfdom/lib:/home/maryammahmood/ws_moveit2/install/rviz_marker_tools/lib:/home/maryammahmood/ws_moveit2/install/rosparam_shortcuts/lib:/home/maryammahmood/ws_moveit2/install/moveit_task_constructor_msgs/lib:/opt/openrobots/lib:/usr/lib/x86_64-linux-gnu/gazebo-11/plugins:/opt/ros/humble/opt/rviz_ogre_vendor/lib:/opt/ros/humble/lib/x86_64-linux-gnu:/opt/ros/humble/lib:/usr/share/gazebo/../../lib/x86_64-linux-gnu/gazebo-11/plugins /usr/bin/cmake --build /home/maryammahmood/PID_own_urdf/src/build/rrbot_gazebo -- -j24 -l24
[2.305s] DEBUG:colcon.colcon_core.event_handler.log_command:Invoking command in '/home/maryammahmood/PID_own_urdf/src/build/rrbot_gazebo': CMAKE_PREFIX_PATH=/home/maryammahmood/PID_own_urdf/src/install/rrbot_description:/home/maryammahmood/PID_own_urdf/src/install/custom_interfaces:/home/maryammahmood/PID_own_urdf/src/install/rrbot_gazebo:/home/maryammahmood/ws_moveit2/install/pilz_industrial_motion_planner_testutils:/home/maryammahmood/ws_moveit2/install/moveit_runtime:/home/maryammahmood/ws_moveit2/install/moveit2_tutorials:/home/maryammahmood/ws_moveit2/install/moveit:/home/maryammahmood/ws_moveit2/install/moveit_planners:/home/maryammahmood/ws_moveit2/install/pilz_industrial_motion_planner:/home/maryammahmood/ws_moveit2/install/moveit_visual_tools:/home/maryammahmood/ws_moveit2/install/moveit_task_constructor_visualization:/home/maryammahmood/ws_moveit2/install/moveit_task_constructor_demo:/home/maryammahmood/ws_moveit2/install/moveit_task_constructor_capabilities:/home/maryammahmood/ws_moveit2/install/moveit_task_constructor_core:/home/maryammahmood/ws_moveit2/install/moveit_ros_control_interface:/home/maryammahmood/ws_moveit2/install/moveit_plugins:/home/maryammahmood/ws_moveit2/install/moveit_simple_controller_manager:/home/maryammahmood/ws_moveit2/install/moveit_setup_assistant:/home/maryammahmood/ws_moveit2/install/moveit_setup_srdf_plugins:/home/maryammahmood/ws_moveit2/install/moveit_setup_core_plugins:/home/maryammahmood/ws_moveit2/install/moveit_setup_controllers:/home/maryammahmood/ws_moveit2/install/moveit_setup_app_plugins:/home/maryammahmood/ws_moveit2/install/moveit_setup_framework:/home/maryammahmood/ws_moveit2/install/moveit_servo:/home/maryammahmood/ws_moveit2/install/moveit_ros:/home/maryammahmood/ws_moveit2/install/moveit_ros_visualization:/home/maryammahmood/ws_moveit2/install/moveit_hybrid_planning:/home/maryammahmood/ws_moveit2/install/moveit_ros_planning_interface:/home/maryammahmood/ws_moveit2/install/moveit_ros_benchmarks:/home/maryammahmood/ws_moveit2/install/moveit_ros_warehouse:/home/maryammahmood/ws_moveit2/install/moveit_ros_robot_interaction:/home/maryammahmood/ws_moveit2/install/moveit_ros_perception:/home/maryammahmood/ws_moveit2/install/moveit_resources_prbt_pg70_support:/home/maryammahmood/ws_moveit2/install/moveit_resources_prbt_moveit_config:/home/maryammahmood/ws_moveit2/install/moveit_ros_move_group:/home/maryammahmood/ws_moveit2/install/moveit_planners_ompl:/home/maryammahmood/ws_moveit2/install/moveit_ros_planning:/home/maryammahmood/ws_moveit2/install/moveit_ros_occupancy_map_monitor:/home/maryammahmood/ws_moveit2/install/moveit_resources_prbt_ikfast_manipulator_plugin:/home/maryammahmood/ws_moveit2/install/moveit_planners_chomp:/home/maryammahmood/ws_moveit2/install/moveit_kinematics:/home/maryammahmood/ws_moveit2/install/moveit_chomp_optimizer_adapter:/home/maryammahmood/ws_moveit2/install/chomp_motion_planner:/home/maryammahmood/ws_moveit2/install/moveit_core:/home/maryammahmood/ws_moveit2/install/srdfdom:/home/maryammahmood/ws_moveit2/install/rviz_marker_tools:/home/maryammahmood/ws_moveit2/install/rosparam_shortcuts:/home/maryammahmood/ws_moveit2/install/moveit_task_constructor_msgs:/home/maryammahmood/ws_moveit2/install/moveit_resources_prbt_support:/home/maryammahmood/ws_moveit2/install/moveit_resources:/home/maryammahmood/ws_moveit2/install/moveit_resources_pr2_description:/home/maryammahmood/ws_moveit2/install/moveit_resources_panda_moveit_config:/home/maryammahmood/ws_moveit2/install/moveit_resources_panda_description:/home/maryammahmood/ws_moveit2/install/moveit_resources_fanuc_moveit_config:/home/maryammahmood/ws_moveit2/install/moveit_resources_fanuc_description:/home/maryammahmood/ws_moveit2/install/moveit_common:/opt/openrobots:/home/maryammahmood/ws_moveit2/install/moveit_configs_utils:/home/maryammahmood/ws_moveit2/install/launch_param_builder:/opt/ros/humble LD_LIBRARY_PATH=/home/maryammahmood/PID_own_urdf/src/install/custom_interfaces/lib:/home/maryammahmood/ws_moveit2/install/pilz_industrial_motion_planner_testutils/lib:/home/maryammahmood/ws_moveit2/install/pilz_industrial_motion_planner/lib:/home/maryammahmood/ws_moveit2/install/moveit_visual_tools/lib:/home/maryammahmood/ws_moveit2/install/moveit_task_constructor_visualization/lib:/home/maryammahmood/ws_moveit2/install/moveit_task_constructor_demo/lib:/home/maryammahmood/ws_moveit2/install/moveit_task_constructor_capabilities/lib:/home/maryammahmood/ws_moveit2/install/moveit_task_constructor_core/lib:/home/maryammahmood/ws_moveit2/install/moveit_ros_control_interface/lib:/home/maryammahmood/ws_moveit2/install/moveit_simple_controller_manager/lib:/home/maryammahmood/ws_moveit2/install/moveit_setup_assistant/lib:/home/maryammahmood/ws_moveit2/install/moveit_setup_srdf_plugins/lib:/home/maryammahmood/ws_moveit2/install/moveit_setup_core_plugins/lib:/home/maryammahmood/ws_moveit2/install/moveit_setup_controllers/lib:/home/maryammahmood/ws_moveit2/install/moveit_setup_app_plugins/lib:/home/maryammahmood/ws_moveit2/install/moveit_setup_framework/lib:/home/maryammahmood/ws_moveit2/install/moveit_servo/lib:/home/maryammahmood/ws_moveit2/install/moveit_ros_visualization/lib:/home/maryammahmood/ws_moveit2/install/moveit_hybrid_planning/lib:/home/maryammahmood/ws_moveit2/install/moveit_ros_planning_interface/lib:/home/maryammahmood/ws_moveit2/install/moveit_ros_benchmarks/lib:/home/maryammahmood/ws_moveit2/install/moveit_ros_warehouse/lib:/home/maryammahmood/ws_moveit2/install/moveit_ros_robot_interaction/lib:/home/maryammahmood/ws_moveit2/install/moveit_ros_perception/lib:/home/maryammahmood/ws_moveit2/install/moveit_ros_move_group/lib:/home/maryammahmood/ws_moveit2/install/moveit_planners_ompl/lib:/home/maryammahmood/ws_moveit2/install/moveit_ros_planning/lib:/home/maryammahmood/ws_moveit2/install/moveit_ros_occupancy_map_monitor/lib:/home/maryammahmood/ws_moveit2/install/moveit_resources_prbt_ikfast_manipulator_plugin/lib:/home/maryammahmood/ws_moveit2/install/moveit_planners_chomp/lib:/home/maryammahmood/ws_moveit2/install/moveit_kinematics/lib:/home/maryammahmood/ws_moveit2/install/moveit_chomp_optimizer_adapter/lib:/home/maryammahmood/ws_moveit2/install/chomp_motion_planner/lib:/home/maryammahmood/ws_moveit2/install/moveit_core/lib:/home/maryammahmood/ws_moveit2/install/srdfdom/lib:/home/maryammahmood/ws_moveit2/install/rviz_marker_tools/lib:/home/maryammahmood/ws_moveit2/install/rosparam_shortcuts/lib:/home/maryammahmood/ws_moveit2/install/moveit_task_constructor_msgs/lib:/opt/openrobots/lib:/usr/lib/x86_64-linux-gnu/gazebo-11/plugins:/opt/ros/humble/opt/rviz_ogre_vendor/lib:/opt/ros/humble/lib/x86_64-linux-gnu:/opt/ros/humble/lib:/usr/share/gazebo/../../lib/x86_64-linux-gnu/gazebo-11/plugins /usr/bin/cmake --install /home/maryammahmood/PID_own_urdf/src/build/rrbot_gazebo
[2.353s] Level 1:colcon.colcon_core.environment:create_environment_scripts_only(rrbot_gazebo)
[2.353s] Level 1:colcon.colcon_core.environment:checking '/home/maryammahmood/PID_own_urdf/src/install/rrbot_gazebo' for CMake module files
[2.355s] DEBUG:colcon.colcon_core.event_handler.log_command:Invoked command in '/home/maryammahmood/PID_own_urdf/src/build/rrbot_gazebo' returned '0': CMAKE_PREFIX_PATH=/home/maryammahmood/PID_own_urdf/src/install/rrbot_description:/home/maryammahmood/PID_own_urdf/src/install/custom_interfaces:/home/maryammahmood/PID_own_urdf/src/install/rrbot_gazebo:/home/maryammahmood/ws_moveit2/install/pilz_industrial_motion_planner_testutils:/home/maryammahmood/ws_moveit2/install/moveit_runtime:/home/maryammahmood/ws_moveit2/install/moveit2_tutorials:/home/maryammahmood/ws_moveit2/install/moveit:/home/maryammahmood/ws_moveit2/install/moveit_planners:/home/maryammahmood/ws_moveit2/install/pilz_industrial_motion_planner:/home/maryammahmood/ws_moveit2/install/moveit_visual_tools:/home/maryammahmood/ws_moveit2/install/moveit_task_constructor_visualization:/home/maryammahmood/ws_moveit2/install/moveit_task_constructor_demo:/home/maryammahmood/ws_moveit2/install/moveit_task_constructor_capabilities:/home/maryammahmood/ws_moveit2/install/moveit_task_constructor_core:/home/maryammahmood/ws_moveit2/install/moveit_ros_control_interface:/home/maryammahmood/ws_moveit2/install/moveit_plugins:/home/maryammahmood/ws_moveit2/install/moveit_simple_controller_manager:/home/maryammahmood/ws_moveit2/install/moveit_setup_assistant:/home/maryammahmood/ws_moveit2/install/moveit_setup_srdf_plugins:/home/maryammahmood/ws_moveit2/install/moveit_setup_core_plugins:/home/maryammahmood/ws_moveit2/install/moveit_setup_controllers:/home/maryammahmood/ws_moveit2/install/moveit_setup_app_plugins:/home/maryammahmood/ws_moveit2/install/moveit_setup_framework:/home/maryammahmood/ws_moveit2/install/moveit_servo:/home/maryammahmood/ws_moveit2/install/moveit_ros:/home/maryammahmood/ws_moveit2/install/moveit_ros_visualization:/home/maryammahmood/ws_moveit2/install/moveit_hybrid_planning:/home/maryammahmood/ws_moveit2/install/moveit_ros_planning_interface:/home/maryammahmood/ws_moveit2/install/moveit_ros_benchmarks:/home/maryammahmood/ws_moveit2/install/moveit_ros_warehouse:/home/maryammahmood/ws_moveit2/install/moveit_ros_robot_interaction:/home/maryammahmood/ws_moveit2/install/moveit_ros_perception:/home/maryammahmood/ws_moveit2/install/moveit_resources_prbt_pg70_support:/home/maryammahmood/ws_moveit2/install/moveit_resources_prbt_moveit_config:/home/maryammahmood/ws_moveit2/install/moveit_ros_move_group:/home/maryammahmood/ws_moveit2/install/moveit_planners_ompl:/home/maryammahmood/ws_moveit2/install/moveit_ros_planning:/home/maryammahmood/ws_moveit2/install/moveit_ros_occupancy_map_monitor:/home/maryammahmood/ws_moveit2/install/moveit_resources_prbt_ikfast_manipulator_plugin:/home/maryammahmood/ws_moveit2/install/moveit_planners_chomp:/home/maryammahmood/ws_moveit2/install/moveit_kinematics:/home/maryammahmood/ws_moveit2/install/moveit_chomp_optimizer_adapter:/home/maryammahmood/ws_moveit2/install/chomp_motion_planner:/home/maryammahmood/ws_moveit2/install/moveit_core:/home/maryammahmood/ws_moveit2/install/srdfdom:/home/maryammahmood/ws_moveit2/install/rviz_marker_tools:/home/maryammahmood/ws_moveit2/install/rosparam_shortcuts:/home/maryammahmood/ws_moveit2/install/moveit_task_constructor_msgs:/home/maryammahmood/ws_moveit2/install/moveit_resources_prbt_support:/home/maryammahmood/ws_moveit2/install/moveit_resources:/home/maryammahmood/ws_moveit2/install/moveit_resources_pr2_description:/home/maryammahmood/ws_moveit2/install/moveit_resources_panda_moveit_config:/home/maryammahmood/ws_moveit2/install/moveit_resources_panda_description:/home/maryammahmood/ws_moveit2/install/moveit_resources_fanuc_moveit_config:/home/maryammahmood/ws_moveit2/install/moveit_resources_fanuc_description:/home/maryammahmood/ws_moveit2/install/moveit_common:/opt/openrobots:/home/maryammahmood/ws_moveit2/install/moveit_configs_utils:/home/maryammahmood/ws_moveit2/install/launch_param_builder:/opt/ros/humble LD_LIBRARY_PATH=/home/maryammahmood/PID_own_urdf/src/install/custom_interfaces/lib:/home/maryammahmood/ws_moveit2/install/pilz_industrial_motion_planner_testutils/lib:/home/maryammahmood/ws_moveit2/install/pilz_industrial_motion_planner/lib:/home/maryammahmood/ws_moveit2/install/moveit_visual_tools/lib:/home/maryammahmood/ws_moveit2/install/moveit_task_constructor_visualization/lib:/home/maryammahmood/ws_moveit2/install/moveit_task_constructor_demo/lib:/home/maryammahmood/ws_moveit2/install/moveit_task_constructor_capabilities/lib:/home/maryammahmood/ws_moveit2/install/moveit_task_constructor_core/lib:/home/maryammahmood/ws_moveit2/install/moveit_ros_control_interface/lib:/home/maryammahmood/ws_moveit2/install/moveit_simple_controller_manager/lib:/home/maryammahmood/ws_moveit2/install/moveit_setup_assistant/lib:/home/maryammahmood/ws_moveit2/install/moveit_setup_srdf_plugins/lib:/home/maryammahmood/ws_moveit2/install/moveit_setup_core_plugins/lib:/home/maryammahmood/ws_moveit2/install/moveit_setup_controllers/lib:/home/maryammahmood/ws_moveit2/install/moveit_setup_app_plugins/lib:/home/maryammahmood/ws_moveit2/install/moveit_setup_framework/lib:/home/maryammahmood/ws_moveit2/install/moveit_servo/lib:/home/maryammahmood/ws_moveit2/install/moveit_ros_visualization/lib:/home/maryammahmood/ws_moveit2/install/moveit_hybrid_planning/lib:/home/maryammahmood/ws_moveit2/install/moveit_ros_planning_interface/lib:/home/maryammahmood/ws_moveit2/install/moveit_ros_benchmarks/lib:/home/maryammahmood/ws_moveit2/install/moveit_ros_warehouse/lib:/home/maryammahmood/ws_moveit2/install/moveit_ros_robot_interaction/lib:/home/maryammahmood/ws_moveit2/install/moveit_ros_perception/lib:/home/maryammahmood/ws_moveit2/install/moveit_ros_move_group/lib:/home/maryammahmood/ws_moveit2/install/moveit_planners_ompl/lib:/home/maryammahmood/ws_moveit2/install/moveit_ros_planning/lib:/home/maryammahmood/ws_moveit2/install/moveit_ros_occupancy_map_monitor/lib:/home/maryammahmood/ws_moveit2/install/moveit_resources_prbt_ikfast_manipulator_plugin/lib:/home/maryammahmood/ws_moveit2/install/moveit_planners_chomp/lib:/home/maryammahmood/ws_moveit2/install/moveit_kinematics/lib:/home/maryammahmood/ws_moveit2/install/moveit_chomp_optimizer_adapter/lib:/home/maryammahmood/ws_moveit2/install/chomp_motion_planner/lib:/home/maryammahmood/ws_moveit2/install/moveit_core/lib:/home/maryammahmood/ws_moveit2/install/srdfdom/lib:/home/maryammahmood/ws_moveit2/install/rviz_marker_tools/lib:/home/maryammahmood/ws_moveit2/install/rosparam_shortcuts/lib:/home/maryammahmood/ws_moveit2/install/moveit_task_constructor_msgs/lib:/opt/openrobots/lib:/usr/lib/x86_64-linux-gnu/gazebo-11/plugins:/opt/ros/humble/opt/rviz_ogre_vendor/lib:/opt/ros/humble/lib/x86_64-linux-gnu:/opt/ros/humble/lib:/usr/share/gazebo/../../lib/x86_64-linux-gnu/gazebo-11/plugins /usr/bin/cmake --install /home/maryammahmood/PID_own_urdf/src/build/rrbot_gazebo
[2.356s] Level 1:colcon.colcon_core.environment:checking '/home/maryammahmood/PID_own_urdf/src/install/rrbot_gazebo' for CMake config files
[2.356s] Level 1:colcon.colcon_core.shell:create_environment_hook('rrbot_gazebo', 'cmake_prefix_path')
[2.357s] INFO:colcon.colcon_core.shell:Creating environment hook '/home/maryammahmood/PID_own_urdf/src/install/rrbot_gazebo/share/rrbot_gazebo/hook/cmake_prefix_path.ps1'
[2.358s] INFO:colcon.colcon_core.shell:Creating environment descriptor '/home/maryammahmood/PID_own_urdf/src/install/rrbot_gazebo/share/rrbot_gazebo/hook/cmake_prefix_path.dsv'
[2.359s] INFO:colcon.colcon_core.shell:Creating environment hook '/home/maryammahmood/PID_own_urdf/src/install/rrbot_gazebo/share/rrbot_gazebo/hook/cmake_prefix_path.sh'
[2.359s] Level 1:colcon.colcon_core.environment:checking '/home/maryammahmood/PID_own_urdf/src/install/rrbot_gazebo/lib'
[2.360s] Level 1:colcon.colcon_core.environment:checking '/home/maryammahmood/PID_own_urdf/src/install/rrbot_gazebo/bin'
[2.360s] Level 1:colcon.colcon_core.environment:checking '/home/maryammahmood/PID_own_urdf/src/install/rrbot_gazebo/lib/pkgconfig/rrbot_gazebo.pc'
[2.360s] Level 1:colcon.colcon_core.environment:checking '/home/maryammahmood/PID_own_urdf/src/install/rrbot_gazebo/lib/python3.10/site-packages'
[2.361s] Level 1:colcon.colcon_core.environment:checking '/home/maryammahmood/PID_own_urdf/src/install/rrbot_gazebo/bin'
[2.361s] INFO:colcon.colcon_core.shell:Creating package script '/home/maryammahmood/PID_own_urdf/src/install/rrbot_gazebo/share/rrbot_gazebo/package.ps1'
[2.362s] INFO:colcon.colcon_core.shell:Creating package descriptor '/home/maryammahmood/PID_own_urdf/src/install/rrbot_gazebo/share/rrbot_gazebo/package.dsv'
[2.362s] INFO:colcon.colcon_core.shell:Creating package script '/home/maryammahmood/PID_own_urdf/src/install/rrbot_gazebo/share/rrbot_gazebo/package.sh'
[2.363s] INFO:colcon.colcon_core.shell:Creating package script '/home/maryammahmood/PID_own_urdf/src/install/rrbot_gazebo/share/rrbot_gazebo/package.bash'
[2.363s] INFO:colcon.colcon_core.shell:Creating package script '/home/maryammahmood/PID_own_urdf/src/install/rrbot_gazebo/share/rrbot_gazebo/package.zsh'
[2.364s] Level 1:colcon.colcon_core.environment:create_file_with_runtime_dependencies(/home/maryammahmood/PID_own_urdf/src/install/rrbot_gazebo/share/colcon-core/packages/rrbot_gazebo)
[2.515s] Level 1:colcon.colcon_core.environment:create_environment_scripts_only(rrbot_gazebo)
[2.516s] Level 1:colcon.colcon_core.environment:checking '/home/maryammahmood/PID_own_urdf/src/install/rrbot_gazebo' for CMake module files
[2.517s] Level 1:colcon.colcon_core.environment:checking '/home/maryammahmood/PID_own_urdf/src/install/rrbot_gazebo' for CMake config files
[2.517s] Level 1:colcon.colcon_core.shell:create_environment_hook('rrbot_gazebo', 'cmake_prefix_path')
[2.518s] INFO:colcon.colcon_core.shell:Creating environment hook '/home/maryammahmood/PID_own_urdf/src/install/rrbot_gazebo/share/rrbot_gazebo/hook/cmake_prefix_path.ps1'
[2.518s] INFO:colcon.colcon_core.shell:Creating environment descriptor '/home/maryammahmood/PID_own_urdf/src/install/rrbot_gazebo/share/rrbot_gazebo/hook/cmake_prefix_path.dsv'
[2.519s] INFO:colcon.colcon_core.shell:Creating environment hook '/home/maryammahmood/PID_own_urdf/src/install/rrbot_gazebo/share/rrbot_gazebo/hook/cmake_prefix_path.sh'
[2.520s] Level 1:colcon.colcon_core.environment:checking '/home/maryammahmood/PID_own_urdf/src/install/rrbot_gazebo/lib'
[2.520s] Level 1:colcon.colcon_core.environment:checking '/home/maryammahmood/PID_own_urdf/src/install/rrbot_gazebo/bin'
[2.520s] Level 1:colcon.colcon_core.environment:checking '/home/maryammahmood/PID_own_urdf/src/install/rrbot_gazebo/lib/pkgconfig/rrbot_gazebo.pc'
[2.520s] Level 1:colcon.colcon_core.environment:checking '/home/maryammahmood/PID_own_urdf/src/install/rrbot_gazebo/lib/python3.10/site-packages'
[2.521s] Level 1:colcon.colcon_core.environment:checking '/home/maryammahmood/PID_own_urdf/src/install/rrbot_gazebo/bin'
[2.521s] INFO:colcon.colcon_core.shell:Creating package script '/home/maryammahmood/PID_own_urdf/src/install/rrbot_gazebo/share/rrbot_gazebo/package.ps1'
[2.522s] INFO:colcon.colcon_core.shell:Creating package descriptor '/home/maryammahmood/PID_own_urdf/src/install/rrbot_gazebo/share/rrbot_gazebo/package.dsv'
[2.523s] INFO:colcon.colcon_core.shell:Creating package script '/home/maryammahmood/PID_own_urdf/src/install/rrbot_gazebo/share/rrbot_gazebo/package.sh'
[2.524s] INFO:colcon.colcon_core.shell:Creating package script '/home/maryammahmood/PID_own_urdf/src/install/rrbot_gazebo/share/rrbot_gazebo/package.bash'
[2.524s] INFO:colcon.colcon_core.shell:Creating package script '/home/maryammahmood/PID_own_urdf/src/install/rrbot_gazebo/share/rrbot_gazebo/package.zsh'
[2.525s] Level 1:colcon.colcon_core.environment:create_file_with_runtime_dependencies(/home/maryammahmood/PID_own_urdf/src/install/rrbot_gazebo/share/colcon-core/packages/rrbot_gazebo)
[2.525s] DEBUG:colcon.colcon_parallel_executor.executor.parallel:closing loop
[2.526s] DEBUG:colcon.colcon_parallel_executor.executor.parallel:loop closed
[2.526s] DEBUG:colcon.colcon_parallel_executor.executor.parallel:run_until_complete finished with '0'
[2.526s] DEBUG:colcon.colcon_core.event_reactor:joining thread
[2.536s] INFO:colcon.colcon_core.plugin_system:Skipping extension 'colcon_notification.desktop_notification.terminal_notifier': Not used on non-Darwin systems
[2.536s] INFO:colcon.colcon_core.plugin_system:Skipping extension 'colcon_notification.desktop_notification.win32': Not used on non-Windows systems
[2.536s] INFO:colcon.colcon_notification.desktop_notification:Sending desktop notification using 'notify2'
[2.548s] DEBUG:colcon.colcon_core.event_reactor:joined thread
[2.549s] INFO:colcon.colcon_core.shell:Creating prefix script '/home/maryammahmood/PID_own_urdf/src/install/local_setup.ps1'
[2.550s] INFO:colcon.colcon_core.shell:Creating prefix util module '/home/maryammahmood/PID_own_urdf/src/install/_local_setup_util_ps1.py'
[2.552s] INFO:colcon.colcon_core.shell:Creating prefix chain script '/home/maryammahmood/PID_own_urdf/src/install/setup.ps1'
[2.556s] INFO:colcon.colcon_core.shell:Creating prefix script '/home/maryammahmood/PID_own_urdf/src/install/local_setup.sh'
[2.557s] INFO:colcon.colcon_core.shell:Creating prefix util module '/home/maryammahmood/PID_own_urdf/src/install/_local_setup_util_sh.py'
[2.558s] INFO:colcon.colcon_core.shell:Creating prefix chain script '/home/maryammahmood/PID_own_urdf/src/install/setup.sh'
[2.564s] INFO:colcon.colcon_core.shell:Creating prefix script '/home/maryammahmood/PID_own_urdf/src/install/local_setup.bash'
[2.565s] INFO:colcon.colcon_core.shell:Creating prefix chain script '/home/maryammahmood/PID_own_urdf/src/install/setup.bash'
[2.569s] INFO:colcon.colcon_core.shell:Creating prefix script '/home/maryammahmood/PID_own_urdf/src/install/local_setup.zsh'
[2.569s] INFO:colcon.colcon_core.shell:Creating prefix chain script '/home/maryammahmood/PID_own_urdf/src/install/setup.zsh'
