-- Install configuration: ""
-- Execute custom install script
-- Up-to-date symlink: /home/maryammahmood/PID_own_urdf/src/install/rrbot_description/share/rrbot_description/config/rrbot.rviz
-- Symlinking: /home/maryammahmood/PID_own_urdf/src/install/rrbot_description/share/rrbot_description/meshes/Link_1.STL
-- Symlinking: /home/maryammahmood/PID_own_urdf/src/install/rrbot_description/share/rrbot_description/meshes/Link_2.STL
-- Symlinking: /home/maryammahmood/PID_own_urdf/src/install/rrbot_description/share/rrbot_description/meshes/Link_3.STL
-- Symlinking: /home/maryammahmood/PID_own_urdf/src/install/rrbot_description/share/rrbot_description/meshes/Link_4.STL
-- Symlinking: /home/maryammahmood/PID_own_urdf/src/install/rrbot_description/share/rrbot_description/meshes/Link_5.STL
-- Symlinking: /home/maryammahmood/PID_own_urdf/src/install/rrbot_description/share/rrbot_description/meshes/Link_7.STL
-- Symlinking: /home/maryammahmood/PID_own_urdf/src/install/rrbot_description/share/rrbot_description/meshes/base_claw_link1.STL
-- Symlinking: /home/maryammahmood/PID_own_urdf/src/install/rrbot_description/share/rrbot_description/meshes/base_claw_link2.STL
-- Symlinking: /home/maryammahmood/PID_own_urdf/src/install/rrbot_description/share/rrbot_description/meshes/base_link.STL
-- Symlinking: /home/maryammahmood/PID_own_urdf/src/install/rrbot_description/share/rrbot_description/meshes/endeffector.STL
-- Symlinking: /home/maryammahmood/PID_own_urdf/src/install/rrbot_description/share/rrbot_description/meshes/gear1.STL
-- Symlinking: /home/maryammahmood/PID_own_urdf/src/install/rrbot_description/share/rrbot_description/meshes/gear1_claw.STL
-- Symlinking: /home/maryammahmood/PID_own_urdf/src/install/rrbot_description/share/rrbot_description/meshes/gear2_claw.STL
-- Symlinking: /home/maryammahmood/PID_own_urdf/src/install/rrbot_description/share/rrbot_description/meshes/gear2_link.STL
-- Symlinking: /home/maryammahmood/PID_own_urdf/src/install/rrbot_description/share/rrbot_description/meshes/link_6.STL
-- Up-to-date symlink: /home/maryammahmood/PID_own_urdf/src/install/rrbot_description/share/rrbot_description/launch/view_robot.launch.py
-- Up-to-date symlink: /home/maryammahmood/PID_own_urdf/src/install/rrbot_description/share/rrbot_description/urdf/rrbot.urdf.xacro
-- Up-to-date symlink: /home/maryammahmood/PID_own_urdf/src/install/rrbot_description/share/rrbot_description/environment/rrbot_description.dsv
-- Up-to-date symlink: /home/maryammahmood/PID_own_urdf/src/install/rrbot_description/share/ament_index/resource_index/package_run_dependencies/rrbot_description
-- Up-to-date symlink: /home/maryammahmood/PID_own_urdf/src/install/rrbot_description/share/ament_index/resource_index/parent_prefix_path/rrbot_description
-- Up-to-date symlink: /home/maryammahmood/PID_own_urdf/src/install/rrbot_description/share/rrbot_description/environment/ament_prefix_path.sh
-- Up-to-date symlink: /home/maryammahmood/PID_own_urdf/src/install/rrbot_description/share/rrbot_description/environment/ament_prefix_path.dsv
-- Up-to-date symlink: /home/maryammahmood/PID_own_urdf/src/install/rrbot_description/share/rrbot_description/environment/path.sh
-- Up-to-date symlink: /home/maryammahmood/PID_own_urdf/src/install/rrbot_description/share/rrbot_description/environment/path.dsv
-- Up-to-date symlink: /home/maryammahmood/PID_own_urdf/src/install/rrbot_description/share/rrbot_description/local_setup.bash
-- Up-to-date symlink: /home/maryammahmood/PID_own_urdf/src/install/rrbot_description/share/rrbot_description/local_setup.sh
-- Up-to-date symlink: /home/maryammahmood/PID_own_urdf/src/install/rrbot_description/share/rrbot_description/local_setup.zsh
-- Up-to-date symlink: /home/maryammahmood/PID_own_urdf/src/install/rrbot_description/share/rrbot_description/local_setup.dsv
-- Symlinking: /home/maryammahmood/PID_own_urdf/src/install/rrbot_description/share/rrbot_description/package.dsv
-- Up-to-date symlink: /home/maryammahmood/PID_own_urdf/src/install/rrbot_description/share/ament_index/resource_index/packages/rrbot_description
-- Up-to-date symlink: /home/maryammahmood/PID_own_urdf/src/install/rrbot_description/share/rrbot_description/cmake/rrbot_descriptionConfig.cmake
-- Up-to-date symlink: /home/maryammahmood/PID_own_urdf/src/install/rrbot_description/share/rrbot_description/cmake/rrbot_descriptionConfig-version.cmake
-- Up-to-date symlink: /home/maryammahmood/PID_own_urdf/src/install/rrbot_description/share/rrbot_description/package.xml
