[0.075s] DEBUG:colcon:Command line arguments: ['/usr/bin/colcon', 'build', '--symlink-install']
[0.075s] DEBUG:colcon:Parsed command line arguments: Namespace(log_base=None, log_level=None, verb_name='build', build_base='build', install_base='install', merge_install=False, symlink_install=True, test_result_base=None, continue_on_error=False, executor='parallel', parallel_workers=24, event_handlers=None, ignore_user_meta=False, metas=['./colcon.meta'], base_paths=['.'], packages_ignore=None, packages_ignore_regex=None, paths=None, packages_up_to=None, packages_up_to_regex=None, packages_above=None, packages_above_and_dependencies=None, packages_above_depth=None, packages_select_by_dep=None, packages_skip_by_dep=None, packages_skip_up_to=None, packages_select_build_failed=False, packages_skip_build_finished=False, packages_select_test_failures=False, packages_skip_test_passed=False, packages_select=None, packages_skip=None, packages_select_regex=None, packages_skip_regex=None, packages_start=None, packages_end=None, allow_overriding=[], cmake_args=None, cmake_target=None, cmake_target_skip_unavailable=False, cmake_clean_cache=False, cmake_clean_first=False, cmake_force_configure=False, ament_cmake_args=None, catkin_cmake_args=None, catkin_skip_building_tests=False, mixin_files=None, mixin=None, verb_parser=<colcon_mixin.mixin.mixin_argument.MixinArgumentDecorator object at 0x7091f774b430>, verb_extension=<colcon_core.verb.build.BuildVerb object at 0x7091f78f82e0>, main=<bound method BuildVerb.main of <colcon_core.verb.build.BuildVerb object at 0x7091f78f82e0>>, mixin_verb=('build',))
[0.175s] Level 1:colcon.colcon_core.package_discovery:discover_packages(colcon_meta) check parameters
[0.175s] Level 1:colcon.colcon_core.package_discovery:discover_packages(recursive) check parameters
[0.175s] Level 1:colcon.colcon_core.package_discovery:discover_packages(ignore) check parameters
[0.175s] Level 1:colcon.colcon_core.package_discovery:discover_packages(path) check parameters
[0.175s] Level 1:colcon.colcon_core.package_discovery:discover_packages(colcon_meta) discover
[0.175s] Level 1:colcon.colcon_core.package_discovery:discover_packages(recursive) discover
[0.175s] INFO:colcon.colcon_core.package_discovery:Crawling recursively for packages in '/home/maryammahmood/PID_based_control_rrbot/PID-based-SCARA-Robot-Position-and-Velocity-Control-And-Manipulation/src'
[0.175s] Level 1:colcon.colcon_core.package_identification:_identify(.) by extensions ['ignore', 'ignore_ament_install']
[0.175s] Level 1:colcon.colcon_core.package_identification:_identify(.) by extension 'ignore'
[0.175s] Level 1:colcon.colcon_core.package_identification:_identify(.) by extension 'ignore_ament_install'
[0.175s] Level 1:colcon.colcon_core.package_identification:_identify(.) by extensions ['colcon_pkg']
[0.175s] Level 1:colcon.colcon_core.package_identification:_identify(.) by extension 'colcon_pkg'
[0.175s] Level 1:colcon.colcon_core.package_identification:_identify(.) by extensions ['colcon_meta']
[0.175s] Level 1:colcon.colcon_core.package_identification:_identify(.) by extension 'colcon_meta'
[0.175s] Level 1:colcon.colcon_core.package_identification:_identify(.) by extensions ['ros']
[0.175s] Level 1:colcon.colcon_core.package_identification:_identify(.) by extension 'ros'
[0.182s] Level 1:colcon.colcon_core.package_identification:_identify(.) by extensions ['cmake', 'python']
[0.182s] Level 1:colcon.colcon_core.package_identification:_identify(.) by extension 'cmake'
[0.182s] Level 1:colcon.colcon_core.package_identification:_identify(.) by extension 'python'
[0.182s] Level 1:colcon.colcon_core.package_identification:_identify(.) by extensions ['python_setup_py']
[0.182s] Level 1:colcon.colcon_core.package_identification:_identify(.) by extension 'python_setup_py'
[0.182s] Level 1:colcon.colcon_core.package_identification:_identify(build) by extensions ['ignore', 'ignore_ament_install']
[0.182s] Level 1:colcon.colcon_core.package_identification:_identify(build) by extension 'ignore'
[0.182s] Level 1:colcon.colcon_core.package_identification:_identify(build) ignored
[0.182s] Level 1:colcon.colcon_core.package_identification:_identify(custom_interfaces) by extensions ['ignore', 'ignore_ament_install']
[0.182s] Level 1:colcon.colcon_core.package_identification:_identify(custom_interfaces) by extension 'ignore'
[0.182s] Level 1:colcon.colcon_core.package_identification:_identify(custom_interfaces) by extension 'ignore_ament_install'
[0.182s] Level 1:colcon.colcon_core.package_identification:_identify(custom_interfaces) by extensions ['colcon_pkg']
[0.182s] Level 1:colcon.colcon_core.package_identification:_identify(custom_interfaces) by extension 'colcon_pkg'
[0.182s] Level 1:colcon.colcon_core.package_identification:_identify(custom_interfaces) by extensions ['colcon_meta']
[0.182s] Level 1:colcon.colcon_core.package_identification:_identify(custom_interfaces) by extension 'colcon_meta'
[0.182s] Level 1:colcon.colcon_core.package_identification:_identify(custom_interfaces) by extensions ['ros']
[0.182s] Level 1:colcon.colcon_core.package_identification:_identify(custom_interfaces) by extension 'ros'
[0.184s] DEBUG:colcon.colcon_core.package_identification:Package 'custom_interfaces' with type 'ros.ament_cmake' and name 'custom_interfaces'
[0.184s] Level 1:colcon.colcon_core.package_identification:_identify(install) by extensions ['ignore', 'ignore_ament_install']
[0.184s] Level 1:colcon.colcon_core.package_identification:_identify(install) by extension 'ignore'
[0.184s] Level 1:colcon.colcon_core.package_identification:_identify(install) ignored
[0.184s] Level 1:colcon.colcon_core.package_identification:_identify(log) by extensions ['ignore', 'ignore_ament_install']
[0.184s] Level 1:colcon.colcon_core.package_identification:_identify(log) by extension 'ignore'
[0.184s] Level 1:colcon.colcon_core.package_identification:_identify(log) ignored
[0.184s] Level 1:colcon.colcon_core.package_identification:_identify(rrbot_simulation_files) by extensions ['ignore', 'ignore_ament_install']
[0.184s] Level 1:colcon.colcon_core.package_identification:_identify(rrbot_simulation_files) by extension 'ignore'
[0.184s] Level 1:colcon.colcon_core.package_identification:_identify(rrbot_simulation_files) by extension 'ignore_ament_install'
[0.184s] Level 1:colcon.colcon_core.package_identification:_identify(rrbot_simulation_files) by extensions ['colcon_pkg']
[0.184s] Level 1:colcon.colcon_core.package_identification:_identify(rrbot_simulation_files) by extension 'colcon_pkg'
[0.184s] Level 1:colcon.colcon_core.package_identification:_identify(rrbot_simulation_files) by extensions ['colcon_meta']
[0.184s] Level 1:colcon.colcon_core.package_identification:_identify(rrbot_simulation_files) by extension 'colcon_meta'
[0.184s] Level 1:colcon.colcon_core.package_identification:_identify(rrbot_simulation_files) by extensions ['ros']
[0.184s] Level 1:colcon.colcon_core.package_identification:_identify(rrbot_simulation_files) by extension 'ros'
[0.185s] Level 1:colcon.colcon_core.package_identification:_identify(rrbot_simulation_files) by extensions ['cmake', 'python']
[0.185s] Level 1:colcon.colcon_core.package_identification:_identify(rrbot_simulation_files) by extension 'cmake'
[0.185s] Level 1:colcon.colcon_core.package_identification:_identify(rrbot_simulation_files) by extension 'python'
[0.185s] Level 1:colcon.colcon_core.package_identification:_identify(rrbot_simulation_files) by extensions ['python_setup_py']
[0.185s] Level 1:colcon.colcon_core.package_identification:_identify(rrbot_simulation_files) by extension 'python_setup_py'
[0.185s] Level 1:colcon.colcon_core.package_identification:_identify(rrbot_simulation_files/rrbot_description) by extensions ['ignore', 'ignore_ament_install']
[0.185s] Level 1:colcon.colcon_core.package_identification:_identify(rrbot_simulation_files/rrbot_description) by extension 'ignore'
[0.185s] Level 1:colcon.colcon_core.package_identification:_identify(rrbot_simulation_files/rrbot_description) by extension 'ignore_ament_install'
[0.185s] Level 1:colcon.colcon_core.package_identification:_identify(rrbot_simulation_files/rrbot_description) by extensions ['colcon_pkg']
[0.185s] Level 1:colcon.colcon_core.package_identification:_identify(rrbot_simulation_files/rrbot_description) by extension 'colcon_pkg'
[0.185s] Level 1:colcon.colcon_core.package_identification:_identify(rrbot_simulation_files/rrbot_description) by extensions ['colcon_meta']
[0.185s] Level 1:colcon.colcon_core.package_identification:_identify(rrbot_simulation_files/rrbot_description) by extension 'colcon_meta'
[0.185s] Level 1:colcon.colcon_core.package_identification:_identify(rrbot_simulation_files/rrbot_description) by extensions ['ros']
[0.185s] Level 1:colcon.colcon_core.package_identification:_identify(rrbot_simulation_files/rrbot_description) by extension 'ros'
[0.185s] DEBUG:colcon.colcon_core.package_identification:Package 'rrbot_simulation_files/rrbot_description' with type 'ros.ament_cmake' and name 'rrbot_description'
[0.185s] Level 1:colcon.colcon_core.package_identification:_identify(rrbot_simulation_files/rrbot_gazebo) by extensions ['ignore', 'ignore_ament_install']
[0.185s] Level 1:colcon.colcon_core.package_identification:_identify(rrbot_simulation_files/rrbot_gazebo) by extension 'ignore'
[0.185s] Level 1:colcon.colcon_core.package_identification:_identify(rrbot_simulation_files/rrbot_gazebo) by extension 'ignore_ament_install'
[0.185s] Level 1:colcon.colcon_core.package_identification:_identify(rrbot_simulation_files/rrbot_gazebo) by extensions ['colcon_pkg']
[0.185s] Level 1:colcon.colcon_core.package_identification:_identify(rrbot_simulation_files/rrbot_gazebo) by extension 'colcon_pkg'
[0.185s] Level 1:colcon.colcon_core.package_identification:_identify(rrbot_simulation_files/rrbot_gazebo) by extensions ['colcon_meta']
[0.185s] Level 1:colcon.colcon_core.package_identification:_identify(rrbot_simulation_files/rrbot_gazebo) by extension 'colcon_meta'
[0.185s] Level 1:colcon.colcon_core.package_identification:_identify(rrbot_simulation_files/rrbot_gazebo) by extensions ['ros']
[0.185s] Level 1:colcon.colcon_core.package_identification:_identify(rrbot_simulation_files/rrbot_gazebo) by extension 'ros'
[0.186s] DEBUG:colcon.colcon_core.package_identification:Package 'rrbot_simulation_files/rrbot_gazebo' with type 'ros.ament_cmake' and name 'rrbot_gazebo'
[0.186s] Level 1:colcon.colcon_core.package_discovery:discover_packages(recursive) using defaults
[0.186s] Level 1:colcon.colcon_core.package_discovery:discover_packages(ignore) discover
[0.186s] Level 1:colcon.colcon_core.package_discovery:discover_packages(ignore) using defaults
[0.186s] Level 1:colcon.colcon_core.package_discovery:discover_packages(path) discover
[0.186s] Level 1:colcon.colcon_core.package_discovery:discover_packages(path) using defaults
[0.205s] Level 1:colcon.colcon_core.package_discovery:discover_packages(prefix_path) check parameters
[0.205s] Level 1:colcon.colcon_core.package_discovery:discover_packages(prefix_path) discover
[0.208s] DEBUG:colcon.colcon_installed_package_information.package_discovery:Found 55 installed packages in /home/maryammahmood/ws_moveit2/install
[0.209s] DEBUG:colcon.colcon_installed_package_information.package_discovery:Found 354 installed packages in /opt/ros/humble
[0.210s] Level 1:colcon.colcon_core.package_discovery:discover_packages(prefix_path) using defaults
[0.239s] Level 5:colcon.colcon_core.verb:set package 'custom_interfaces' build argument 'cmake_args' from command line to 'None'
[0.239s] Level 5:colcon.colcon_core.verb:set package 'custom_interfaces' build argument 'cmake_target' from command line to 'None'
[0.239s] Level 5:colcon.colcon_core.verb:set package 'custom_interfaces' build argument 'cmake_target_skip_unavailable' from command line to 'False'
[0.239s] Level 5:colcon.colcon_core.verb:set package 'custom_interfaces' build argument 'cmake_clean_cache' from command line to 'False'
[0.239s] Level 5:colcon.colcon_core.verb:set package 'custom_interfaces' build argument 'cmake_clean_first' from command line to 'False'
[0.239s] Level 5:colcon.colcon_core.verb:set package 'custom_interfaces' build argument 'cmake_force_configure' from command line to 'False'
[0.239s] Level 5:colcon.colcon_core.verb:set package 'custom_interfaces' build argument 'ament_cmake_args' from command line to 'None'
[0.239s] Level 5:colcon.colcon_core.verb:set package 'custom_interfaces' build argument 'catkin_cmake_args' from command line to 'None'
[0.239s] Level 5:colcon.colcon_core.verb:set package 'custom_interfaces' build argument 'catkin_skip_building_tests' from command line to 'False'
[0.239s] DEBUG:colcon.colcon_core.verb:Building package 'custom_interfaces' with the following arguments: {'ament_cmake_args': None, 'build_base': '/home/maryammahmood/PID_based_control_rrbot/PID-based-SCARA-Robot-Position-and-Velocity-Control-And-Manipulation/src/build/custom_interfaces', 'catkin_cmake_args': None, 'catkin_skip_building_tests': False, 'cmake_args': None, 'cmake_clean_cache': False, 'cmake_clean_first': False, 'cmake_force_configure': False, 'cmake_target': None, 'cmake_target_skip_unavailable': False, 'install_base': '/home/maryammahmood/PID_based_control_rrbot/PID-based-SCARA-Robot-Position-and-Velocity-Control-And-Manipulation/src/install/custom_interfaces', 'merge_install': False, 'path': '/home/maryammahmood/PID_based_control_rrbot/PID-based-SCARA-Robot-Position-and-Velocity-Control-And-Manipulation/src/custom_interfaces', 'symlink_install': True, 'test_result_base': None}
[0.239s] Level 5:colcon.colcon_core.verb:set package 'rrbot_description' build argument 'cmake_args' from command line to 'None'
[0.239s] Level 5:colcon.colcon_core.verb:set package 'rrbot_description' build argument 'cmake_target' from command line to 'None'
[0.239s] Level 5:colcon.colcon_core.verb:set package 'rrbot_description' build argument 'cmake_target_skip_unavailable' from command line to 'False'
[0.239s] Level 5:colcon.colcon_core.verb:set package 'rrbot_description' build argument 'cmake_clean_cache' from command line to 'False'
[0.239s] Level 5:colcon.colcon_core.verb:set package 'rrbot_description' build argument 'cmake_clean_first' from command line to 'False'
[0.239s] Level 5:colcon.colcon_core.verb:set package 'rrbot_description' build argument 'cmake_force_configure' from command line to 'False'
[0.239s] Level 5:colcon.colcon_core.verb:set package 'rrbot_description' build argument 'ament_cmake_args' from command line to 'None'
[0.239s] Level 5:colcon.colcon_core.verb:set package 'rrbot_description' build argument 'catkin_cmake_args' from command line to 'None'
[0.239s] Level 5:colcon.colcon_core.verb:set package 'rrbot_description' build argument 'catkin_skip_building_tests' from command line to 'False'
[0.239s] DEBUG:colcon.colcon_core.verb:Building package 'rrbot_description' with the following arguments: {'ament_cmake_args': None, 'build_base': '/home/maryammahmood/PID_based_control_rrbot/PID-based-SCARA-Robot-Position-and-Velocity-Control-And-Manipulation/src/build/rrbot_description', 'catkin_cmake_args': None, 'catkin_skip_building_tests': False, 'cmake_args': None, 'cmake_clean_cache': False, 'cmake_clean_first': False, 'cmake_force_configure': False, 'cmake_target': None, 'cmake_target_skip_unavailable': False, 'install_base': '/home/maryammahmood/PID_based_control_rrbot/PID-based-SCARA-Robot-Position-and-Velocity-Control-And-Manipulation/src/install/rrbot_description', 'merge_install': False, 'path': '/home/maryammahmood/PID_based_control_rrbot/PID-based-SCARA-Robot-Position-and-Velocity-Control-And-Manipulation/src/rrbot_simulation_files/rrbot_description', 'symlink_install': True, 'test_result_base': None}
[0.239s] Level 5:colcon.colcon_core.verb:set package 'rrbot_gazebo' build argument 'cmake_args' from command line to 'None'
[0.239s] Level 5:colcon.colcon_core.verb:set package 'rrbot_gazebo' build argument 'cmake_target' from command line to 'None'
[0.239s] Level 5:colcon.colcon_core.verb:set package 'rrbot_gazebo' build argument 'cmake_target_skip_unavailable' from command line to 'False'
[0.239s] Level 5:colcon.colcon_core.verb:set package 'rrbot_gazebo' build argument 'cmake_clean_cache' from command line to 'False'
[0.239s] Level 5:colcon.colcon_core.verb:set package 'rrbot_gazebo' build argument 'cmake_clean_first' from command line to 'False'
[0.239s] Level 5:colcon.colcon_core.verb:set package 'rrbot_gazebo' build argument 'cmake_force_configure' from command line to 'False'
[0.239s] Level 5:colcon.colcon_core.verb:set package 'rrbot_gazebo' build argument 'ament_cmake_args' from command line to 'None'
[0.239s] Level 5:colcon.colcon_core.verb:set package 'rrbot_gazebo' build argument 'catkin_cmake_args' from command line to 'None'
[0.239s] Level 5:colcon.colcon_core.verb:set package 'rrbot_gazebo' build argument 'catkin_skip_building_tests' from command line to 'False'
[0.239s] DEBUG:colcon.colcon_core.verb:Building package 'rrbot_gazebo' with the following arguments: {'ament_cmake_args': None, 'build_base': '/home/maryammahmood/PID_based_control_rrbot/PID-based-SCARA-Robot-Position-and-Velocity-Control-And-Manipulation/src/build/rrbot_gazebo', 'catkin_cmake_args': None, 'catkin_skip_building_tests': False, 'cmake_args': None, 'cmake_clean_cache': False, 'cmake_clean_first': False, 'cmake_force_configure': False, 'cmake_target': None, 'cmake_target_skip_unavailable': False, 'install_base': '/home/maryammahmood/PID_based_control_rrbot/PID-based-SCARA-Robot-Position-and-Velocity-Control-And-Manipulation/src/install/rrbot_gazebo', 'merge_install': False, 'path': '/home/maryammahmood/PID_based_control_rrbot/PID-based-SCARA-Robot-Position-and-Velocity-Control-And-Manipulation/src/rrbot_simulation_files/rrbot_gazebo', 'symlink_install': True, 'test_result_base': None}
[0.239s] INFO:colcon.colcon_core.executor:Executing jobs using 'parallel' executor
[0.241s] DEBUG:colcon.colcon_parallel_executor.executor.parallel:run_until_complete
[0.241s] INFO:colcon.colcon_ros.task.ament_cmake.build:Building ROS package in '/home/maryammahmood/PID_based_control_rrbot/PID-based-SCARA-Robot-Position-and-Velocity-Control-And-Manipulation/src/custom_interfaces' with build type 'ament_cmake'
[0.241s] INFO:colcon.colcon_cmake.task.cmake.build:Building CMake package in '/home/maryammahmood/PID_based_control_rrbot/PID-based-SCARA-Robot-Position-and-Velocity-Control-And-Manipulation/src/custom_interfaces'
[0.242s] INFO:colcon.colcon_core.plugin_system:Skipping extension 'colcon_core.shell.bat': Not used on non-Windows systems
[0.242s] INFO:colcon.colcon_core.shell:Skip shell extension 'powershell' for command environment: Not usable outside of PowerShell
[0.242s] DEBUG:colcon.colcon_core.shell:Skip shell extension 'dsv' for command environment
[0.247s] INFO:colcon.colcon_ros.task.ament_cmake.build:Building ROS package in '/home/maryammahmood/PID_based_control_rrbot/PID-based-SCARA-Robot-Position-and-Velocity-Control-And-Manipulation/src/rrbot_simulation_files/rrbot_description' with build type 'ament_cmake'
[0.247s] INFO:colcon.colcon_cmake.task.cmake.build:Building CMake package in '/home/maryammahmood/PID_based_control_rrbot/PID-based-SCARA-Robot-Position-and-Velocity-Control-And-Manipulation/src/rrbot_simulation_files/rrbot_description'
[0.248s] INFO:colcon.colcon_core.shell:Skip shell extension 'powershell' for command environment: Not usable outside of PowerShell
[0.248s] DEBUG:colcon.colcon_core.shell:Skip shell extension 'dsv' for command environment
[0.256s] DEBUG:colcon.colcon_core.event_handler.log_command:Invoking command in '/home/maryammahmood/PID_based_control_rrbot/PID-based-SCARA-Robot-Position-and-Velocity-Control-And-Manipulation/src/build/custom_interfaces': CMAKE_PREFIX_PATH=${CMAKE_PREFIX_PATH}:/home/maryammahmood/ws_moveit2/install/moveit_configs_utils:/home/maryammahmood/ws_moveit2/install/launch_param_builder:/opt/ros/humble /usr/bin/cmake /home/maryammahmood/PID_based_control_rrbot/PID-based-SCARA-Robot-Position-and-Velocity-Control-And-Manipulation/src/custom_interfaces -DAMENT_CMAKE_SYMLINK_INSTALL=1 -DCMAKE_INSTALL_PREFIX=/home/maryammahmood/PID_based_control_rrbot/PID-based-SCARA-Robot-Position-and-Velocity-Control-And-Manipulation/src/install/custom_interfaces
[0.259s] DEBUG:colcon.colcon_core.event_handler.log_command:Invoking command in '/home/maryammahmood/PID_based_control_rrbot/PID-based-SCARA-Robot-Position-and-Velocity-Control-And-Manipulation/src/build/rrbot_description': CMAKE_PREFIX_PATH=${CMAKE_PREFIX_PATH}:/home/maryammahmood/ws_moveit2/install/moveit_configs_utils:/home/maryammahmood/ws_moveit2/install/launch_param_builder:/opt/ros/humble /usr/bin/cmake /home/maryammahmood/PID_based_control_rrbot/PID-based-SCARA-Robot-Position-and-Velocity-Control-And-Manipulation/src/rrbot_simulation_files/rrbot_description -DAMENT_CMAKE_SYMLINK_INSTALL=1 -DCMAKE_INSTALL_PREFIX=/home/maryammahmood/PID_based_control_rrbot/PID-based-SCARA-Robot-Position-and-Velocity-Control-And-Manipulation/src/install/rrbot_description
[0.855s] DEBUG:colcon.colcon_core.event_handler.log_command:Invoked command in '/home/maryammahmood/PID_based_control_rrbot/PID-based-SCARA-Robot-Position-and-Velocity-Control-And-Manipulation/src/build/rrbot_description' returned '0': CMAKE_PREFIX_PATH=${CMAKE_PREFIX_PATH}:/home/maryammahmood/ws_moveit2/install/moveit_configs_utils:/home/maryammahmood/ws_moveit2/install/launch_param_builder:/opt/ros/humble /usr/bin/cmake /home/maryammahmood/PID_based_control_rrbot/PID-based-SCARA-Robot-Position-and-Velocity-Control-And-Manipulation/src/rrbot_simulation_files/rrbot_description -DAMENT_CMAKE_SYMLINK_INSTALL=1 -DCMAKE_INSTALL_PREFIX=/home/maryammahmood/PID_based_control_rrbot/PID-based-SCARA-Robot-Position-and-Velocity-Control-And-Manipulation/src/install/rrbot_description
[0.857s] DEBUG:colcon.colcon_core.event_handler.log_command:Invoking command in '/home/maryammahmood/PID_based_control_rrbot/PID-based-SCARA-Robot-Position-and-Velocity-Control-And-Manipulation/src/build/rrbot_description': CMAKE_PREFIX_PATH=${CMAKE_PREFIX_PATH}:/home/maryammahmood/ws_moveit2/install/moveit_configs_utils:/home/maryammahmood/ws_moveit2/install/launch_param_builder:/opt/ros/humble /usr/bin/cmake --build /home/maryammahmood/PID_based_control_rrbot/PID-based-SCARA-Robot-Position-and-Velocity-Control-And-Manipulation/src/build/rrbot_description -- -j24 -l24
[0.898s] DEBUG:colcon.colcon_core.event_handler.log_command:Invoked command in '/home/maryammahmood/PID_based_control_rrbot/PID-based-SCARA-Robot-Position-and-Velocity-Control-And-Manipulation/src/build/rrbot_description' returned '0': CMAKE_PREFIX_PATH=${CMAKE_PREFIX_PATH}:/home/maryammahmood/ws_moveit2/install/moveit_configs_utils:/home/maryammahmood/ws_moveit2/install/launch_param_builder:/opt/ros/humble /usr/bin/cmake --build /home/maryammahmood/PID_based_control_rrbot/PID-based-SCARA-Robot-Position-and-Velocity-Control-And-Manipulation/src/build/rrbot_description -- -j24 -l24
[0.938s] DEBUG:colcon.colcon_core.event_handler.log_command:Invoking command in '/home/maryammahmood/PID_based_control_rrbot/PID-based-SCARA-Robot-Position-and-Velocity-Control-And-Manipulation/src/build/rrbot_description': CMAKE_PREFIX_PATH=${CMAKE_PREFIX_PATH}:/home/maryammahmood/ws_moveit2/install/moveit_configs_utils:/home/maryammahmood/ws_moveit2/install/launch_param_builder:/opt/ros/humble /usr/bin/cmake --install /home/maryammahmood/PID_based_control_rrbot/PID-based-SCARA-Robot-Position-and-Velocity-Control-And-Manipulation/src/build/rrbot_description
[1.157s] Level 1:colcon.colcon_core.environment:create_environment_scripts_only(rrbot_description)
[1.157s] DEBUG:colcon.colcon_core.event_handler.log_command:Invoked command in '/home/maryammahmood/PID_based_control_rrbot/PID-based-SCARA-Robot-Position-and-Velocity-Control-And-Manipulation/src/build/rrbot_description' returned '0': CMAKE_PREFIX_PATH=${CMAKE_PREFIX_PATH}:/home/maryammahmood/ws_moveit2/install/moveit_configs_utils:/home/maryammahmood/ws_moveit2/install/launch_param_builder:/opt/ros/humble /usr/bin/cmake --install /home/maryammahmood/PID_based_control_rrbot/PID-based-SCARA-Robot-Position-and-Velocity-Control-And-Manipulation/src/build/rrbot_description
[1.158s] Level 1:colcon.colcon_core.environment:checking '/home/maryammahmood/PID_based_control_rrbot/PID-based-SCARA-Robot-Position-and-Velocity-Control-And-Manipulation/src/install/rrbot_description' for CMake module files
[1.159s] Level 1:colcon.colcon_core.environment:checking '/home/maryammahmood/PID_based_control_rrbot/PID-based-SCARA-Robot-Position-and-Velocity-Control-And-Manipulation/src/install/rrbot_description' for CMake config files
[1.159s] Level 1:colcon.colcon_core.shell:create_environment_hook('rrbot_description', 'cmake_prefix_path')
[1.159s] INFO:colcon.colcon_core.shell:Creating environment hook '/home/maryammahmood/PID_based_control_rrbot/PID-based-SCARA-Robot-Position-and-Velocity-Control-And-Manipulation/src/install/rrbot_description/share/rrbot_description/hook/cmake_prefix_path.ps1'
[1.160s] INFO:colcon.colcon_core.shell:Creating environment descriptor '/home/maryammahmood/PID_based_control_rrbot/PID-based-SCARA-Robot-Position-and-Velocity-Control-And-Manipulation/src/install/rrbot_description/share/rrbot_description/hook/cmake_prefix_path.dsv'
[1.160s] INFO:colcon.colcon_core.shell:Creating environment hook '/home/maryammahmood/PID_based_control_rrbot/PID-based-SCARA-Robot-Position-and-Velocity-Control-And-Manipulation/src/install/rrbot_description/share/rrbot_description/hook/cmake_prefix_path.sh'
[1.160s] Level 1:colcon.colcon_core.environment:checking '/home/maryammahmood/PID_based_control_rrbot/PID-based-SCARA-Robot-Position-and-Velocity-Control-And-Manipulation/src/install/rrbot_description/bin'
[1.160s] Level 1:colcon.colcon_core.environment:checking '/home/maryammahmood/PID_based_control_rrbot/PID-based-SCARA-Robot-Position-and-Velocity-Control-And-Manipulation/src/install/rrbot_description/lib/pkgconfig/rrbot_description.pc'
[1.160s] Level 1:colcon.colcon_core.environment:checking '/home/maryammahmood/PID_based_control_rrbot/PID-based-SCARA-Robot-Position-and-Velocity-Control-And-Manipulation/src/install/rrbot_description/lib/python3.10/site-packages'
[1.161s] Level 1:colcon.colcon_core.environment:checking '/home/maryammahmood/PID_based_control_rrbot/PID-based-SCARA-Robot-Position-and-Velocity-Control-And-Manipulation/src/install/rrbot_description/bin'
[1.161s] INFO:colcon.colcon_core.shell:Creating package script '/home/maryammahmood/PID_based_control_rrbot/PID-based-SCARA-Robot-Position-and-Velocity-Control-And-Manipulation/src/install/rrbot_description/share/rrbot_description/package.ps1'
[1.161s] INFO:colcon.colcon_core.shell:Creating package descriptor '/home/maryammahmood/PID_based_control_rrbot/PID-based-SCARA-Robot-Position-and-Velocity-Control-And-Manipulation/src/install/rrbot_description/share/rrbot_description/package.dsv'
[1.161s] INFO:colcon.colcon_core.shell:Creating package script '/home/maryammahmood/PID_based_control_rrbot/PID-based-SCARA-Robot-Position-and-Velocity-Control-And-Manipulation/src/install/rrbot_description/share/rrbot_description/package.sh'
[1.162s] INFO:colcon.colcon_core.shell:Creating package script '/home/maryammahmood/PID_based_control_rrbot/PID-based-SCARA-Robot-Position-and-Velocity-Control-And-Manipulation/src/install/rrbot_description/share/rrbot_description/package.bash'
[1.163s] INFO:colcon.colcon_core.shell:Creating package script '/home/maryammahmood/PID_based_control_rrbot/PID-based-SCARA-Robot-Position-and-Velocity-Control-And-Manipulation/src/install/rrbot_description/share/rrbot_description/package.zsh'
[1.163s] Level 1:colcon.colcon_core.environment:create_file_with_runtime_dependencies(/home/maryammahmood/PID_based_control_rrbot/PID-based-SCARA-Robot-Position-and-Velocity-Control-And-Manipulation/src/install/rrbot_description/share/colcon-core/packages/rrbot_description)
[1.194s] Level 1:colcon.colcon_core.environment:create_environment_scripts_only(rrbot_description)
[1.195s] Level 1:colcon.colcon_core.environment:checking '/home/maryammahmood/PID_based_control_rrbot/PID-based-SCARA-Robot-Position-and-Velocity-Control-And-Manipulation/src/install/rrbot_description' for CMake module files
[1.195s] Level 1:colcon.colcon_core.environment:checking '/home/maryammahmood/PID_based_control_rrbot/PID-based-SCARA-Robot-Position-and-Velocity-Control-And-Manipulation/src/install/rrbot_description' for CMake config files
[1.195s] Level 1:colcon.colcon_core.shell:create_environment_hook('rrbot_description', 'cmake_prefix_path')
[1.195s] INFO:colcon.colcon_core.shell:Creating environment hook '/home/maryammahmood/PID_based_control_rrbot/PID-based-SCARA-Robot-Position-and-Velocity-Control-And-Manipulation/src/install/rrbot_description/share/rrbot_description/hook/cmake_prefix_path.ps1'
[1.195s] INFO:colcon.colcon_core.shell:Creating environment descriptor '/home/maryammahmood/PID_based_control_rrbot/PID-based-SCARA-Robot-Position-and-Velocity-Control-And-Manipulation/src/install/rrbot_description/share/rrbot_description/hook/cmake_prefix_path.dsv'
[1.196s] INFO:colcon.colcon_core.shell:Creating environment hook '/home/maryammahmood/PID_based_control_rrbot/PID-based-SCARA-Robot-Position-and-Velocity-Control-And-Manipulation/src/install/rrbot_description/share/rrbot_description/hook/cmake_prefix_path.sh'
[1.196s] Level 1:colcon.colcon_core.environment:checking '/home/maryammahmood/PID_based_control_rrbot/PID-based-SCARA-Robot-Position-and-Velocity-Control-And-Manipulation/src/install/rrbot_description/bin'
[1.196s] Level 1:colcon.colcon_core.environment:checking '/home/maryammahmood/PID_based_control_rrbot/PID-based-SCARA-Robot-Position-and-Velocity-Control-And-Manipulation/src/install/rrbot_description/lib/pkgconfig/rrbot_description.pc'
[1.196s] Level 1:colcon.colcon_core.environment:checking '/home/maryammahmood/PID_based_control_rrbot/PID-based-SCARA-Robot-Position-and-Velocity-Control-And-Manipulation/src/install/rrbot_description/lib/python3.10/site-packages'
[1.196s] Level 1:colcon.colcon_core.environment:checking '/home/maryammahmood/PID_based_control_rrbot/PID-based-SCARA-Robot-Position-and-Velocity-Control-And-Manipulation/src/install/rrbot_description/bin'
[1.196s] INFO:colcon.colcon_core.shell:Creating package script '/home/maryammahmood/PID_based_control_rrbot/PID-based-SCARA-Robot-Position-and-Velocity-Control-And-Manipulation/src/install/rrbot_description/share/rrbot_description/package.ps1'
[1.197s] INFO:colcon.colcon_core.shell:Creating package descriptor '/home/maryammahmood/PID_based_control_rrbot/PID-based-SCARA-Robot-Position-and-Velocity-Control-And-Manipulation/src/install/rrbot_description/share/rrbot_description/package.dsv'
[1.197s] INFO:colcon.colcon_core.shell:Creating package script '/home/maryammahmood/PID_based_control_rrbot/PID-based-SCARA-Robot-Position-and-Velocity-Control-And-Manipulation/src/install/rrbot_description/share/rrbot_description/package.sh'
[1.197s] INFO:colcon.colcon_core.shell:Creating package script '/home/maryammahmood/PID_based_control_rrbot/PID-based-SCARA-Robot-Position-and-Velocity-Control-And-Manipulation/src/install/rrbot_description/share/rrbot_description/package.bash'
[1.197s] INFO:colcon.colcon_core.shell:Creating package script '/home/maryammahmood/PID_based_control_rrbot/PID-based-SCARA-Robot-Position-and-Velocity-Control-And-Manipulation/src/install/rrbot_description/share/rrbot_description/package.zsh'
[1.198s] Level 1:colcon.colcon_core.environment:create_file_with_runtime_dependencies(/home/maryammahmood/PID_based_control_rrbot/PID-based-SCARA-Robot-Position-and-Velocity-Control-And-Manipulation/src/install/rrbot_description/share/colcon-core/packages/rrbot_description)
[1.853s] DEBUG:colcon.colcon_core.event_handler.log_command:Invoked command in '/home/maryammahmood/PID_based_control_rrbot/PID-based-SCARA-Robot-Position-and-Velocity-Control-And-Manipulation/src/build/custom_interfaces' returned '0': CMAKE_PREFIX_PATH=${CMAKE_PREFIX_PATH}:/home/maryammahmood/ws_moveit2/install/moveit_configs_utils:/home/maryammahmood/ws_moveit2/install/launch_param_builder:/opt/ros/humble /usr/bin/cmake /home/maryammahmood/PID_based_control_rrbot/PID-based-SCARA-Robot-Position-and-Velocity-Control-And-Manipulation/src/custom_interfaces -DAMENT_CMAKE_SYMLINK_INSTALL=1 -DCMAKE_INSTALL_PREFIX=/home/maryammahmood/PID_based_control_rrbot/PID-based-SCARA-Robot-Position-and-Velocity-Control-And-Manipulation/src/install/custom_interfaces
[1.854s] DEBUG:colcon.colcon_core.event_handler.log_command:Invoking command in '/home/maryammahmood/PID_based_control_rrbot/PID-based-SCARA-Robot-Position-and-Velocity-Control-And-Manipulation/src/build/custom_interfaces': CMAKE_PREFIX_PATH=${CMAKE_PREFIX_PATH}:/home/maryammahmood/ws_moveit2/install/moveit_configs_utils:/home/maryammahmood/ws_moveit2/install/launch_param_builder:/opt/ros/humble /usr/bin/cmake --build /home/maryammahmood/PID_based_control_rrbot/PID-based-SCARA-Robot-Position-and-Velocity-Control-And-Manipulation/src/build/custom_interfaces -- -j24 -l24
[3.882s] DEBUG:colcon.colcon_core.event_handler.log_command:Invoked command in '/home/maryammahmood/PID_based_control_rrbot/PID-based-SCARA-Robot-Position-and-Velocity-Control-And-Manipulation/src/build/custom_interfaces' returned '0': CMAKE_PREFIX_PATH=${CMAKE_PREFIX_PATH}:/home/maryammahmood/ws_moveit2/install/moveit_configs_utils:/home/maryammahmood/ws_moveit2/install/launch_param_builder:/opt/ros/humble /usr/bin/cmake --build /home/maryammahmood/PID_based_control_rrbot/PID-based-SCARA-Robot-Position-and-Velocity-Control-And-Manipulation/src/build/custom_interfaces -- -j24 -l24
[4.085s] DEBUG:colcon.colcon_core.event_handler.log_command:Invoking command in '/home/maryammahmood/PID_based_control_rrbot/PID-based-SCARA-Robot-Position-and-Velocity-Control-And-Manipulation/src/build/custom_interfaces': CMAKE_PREFIX_PATH=${CMAKE_PREFIX_PATH}:/home/maryammahmood/ws_moveit2/install/moveit_configs_utils:/home/maryammahmood/ws_moveit2/install/launch_param_builder:/opt/ros/humble /usr/bin/cmake --install /home/maryammahmood/PID_based_control_rrbot/PID-based-SCARA-Robot-Position-and-Velocity-Control-And-Manipulation/src/build/custom_interfaces
[5.288s] Level 1:colcon.colcon_core.environment:create_environment_scripts_only(custom_interfaces)
[5.288s] Level 1:colcon.colcon_core.environment:checking '/home/maryammahmood/PID_based_control_rrbot/PID-based-SCARA-Robot-Position-and-Velocity-Control-And-Manipulation/src/install/custom_interfaces' for CMake module files
[5.289s] DEBUG:colcon.colcon_core.event_handler.log_command:Invoked command in '/home/maryammahmood/PID_based_control_rrbot/PID-based-SCARA-Robot-Position-and-Velocity-Control-And-Manipulation/src/build/custom_interfaces' returned '0': CMAKE_PREFIX_PATH=${CMAKE_PREFIX_PATH}:/home/maryammahmood/ws_moveit2/install/moveit_configs_utils:/home/maryammahmood/ws_moveit2/install/launch_param_builder:/opt/ros/humble /usr/bin/cmake --install /home/maryammahmood/PID_based_control_rrbot/PID-based-SCARA-Robot-Position-and-Velocity-Control-And-Manipulation/src/build/custom_interfaces
[5.289s] Level 1:colcon.colcon_core.environment:checking '/home/maryammahmood/PID_based_control_rrbot/PID-based-SCARA-Robot-Position-and-Velocity-Control-And-Manipulation/src/install/custom_interfaces' for CMake config files
[5.290s] Level 1:colcon.colcon_core.shell:create_environment_hook('custom_interfaces', 'cmake_prefix_path')
[5.290s] INFO:colcon.colcon_core.shell:Creating environment hook '/home/maryammahmood/PID_based_control_rrbot/PID-based-SCARA-Robot-Position-and-Velocity-Control-And-Manipulation/src/install/custom_interfaces/share/custom_interfaces/hook/cmake_prefix_path.ps1'
[5.290s] INFO:colcon.colcon_core.shell:Creating environment descriptor '/home/maryammahmood/PID_based_control_rrbot/PID-based-SCARA-Robot-Position-and-Velocity-Control-And-Manipulation/src/install/custom_interfaces/share/custom_interfaces/hook/cmake_prefix_path.dsv'
[5.290s] INFO:colcon.colcon_core.shell:Creating environment hook '/home/maryammahmood/PID_based_control_rrbot/PID-based-SCARA-Robot-Position-and-Velocity-Control-And-Manipulation/src/install/custom_interfaces/share/custom_interfaces/hook/cmake_prefix_path.sh'
[5.290s] Level 1:colcon.colcon_core.environment:checking '/home/maryammahmood/PID_based_control_rrbot/PID-based-SCARA-Robot-Position-and-Velocity-Control-And-Manipulation/src/install/custom_interfaces/lib'
[5.291s] Level 1:colcon.colcon_core.shell:create_environment_hook('custom_interfaces', 'ld_library_path_lib')
[5.291s] INFO:colcon.colcon_core.shell:Creating environment hook '/home/maryammahmood/PID_based_control_rrbot/PID-based-SCARA-Robot-Position-and-Velocity-Control-And-Manipulation/src/install/custom_interfaces/share/custom_interfaces/hook/ld_library_path_lib.ps1'
[5.291s] INFO:colcon.colcon_core.shell:Creating environment descriptor '/home/maryammahmood/PID_based_control_rrbot/PID-based-SCARA-Robot-Position-and-Velocity-Control-And-Manipulation/src/install/custom_interfaces/share/custom_interfaces/hook/ld_library_path_lib.dsv'
[5.291s] INFO:colcon.colcon_core.shell:Creating environment hook '/home/maryammahmood/PID_based_control_rrbot/PID-based-SCARA-Robot-Position-and-Velocity-Control-And-Manipulation/src/install/custom_interfaces/share/custom_interfaces/hook/ld_library_path_lib.sh'
[5.291s] Level 1:colcon.colcon_core.environment:checking '/home/maryammahmood/PID_based_control_rrbot/PID-based-SCARA-Robot-Position-and-Velocity-Control-And-Manipulation/src/install/custom_interfaces/bin'
[5.291s] Level 1:colcon.colcon_core.environment:checking '/home/maryammahmood/PID_based_control_rrbot/PID-based-SCARA-Robot-Position-and-Velocity-Control-And-Manipulation/src/install/custom_interfaces/lib/pkgconfig/custom_interfaces.pc'
[5.291s] Level 1:colcon.colcon_core.environment:checking '/home/maryammahmood/PID_based_control_rrbot/PID-based-SCARA-Robot-Position-and-Velocity-Control-And-Manipulation/src/install/custom_interfaces/lib/python3.10/site-packages'
[5.292s] Level 1:colcon.colcon_core.environment:checking '/home/maryammahmood/PID_based_control_rrbot/PID-based-SCARA-Robot-Position-and-Velocity-Control-And-Manipulation/src/install/custom_interfaces/bin'
[5.292s] INFO:colcon.colcon_core.shell:Creating package script '/home/maryammahmood/PID_based_control_rrbot/PID-based-SCARA-Robot-Position-and-Velocity-Control-And-Manipulation/src/install/custom_interfaces/share/custom_interfaces/package.ps1'
[5.292s] INFO:colcon.colcon_core.shell:Creating package descriptor '/home/maryammahmood/PID_based_control_rrbot/PID-based-SCARA-Robot-Position-and-Velocity-Control-And-Manipulation/src/install/custom_interfaces/share/custom_interfaces/package.dsv'
[5.292s] INFO:colcon.colcon_core.shell:Creating package script '/home/maryammahmood/PID_based_control_rrbot/PID-based-SCARA-Robot-Position-and-Velocity-Control-And-Manipulation/src/install/custom_interfaces/share/custom_interfaces/package.sh'
[5.292s] INFO:colcon.colcon_core.shell:Creating package script '/home/maryammahmood/PID_based_control_rrbot/PID-based-SCARA-Robot-Position-and-Velocity-Control-And-Manipulation/src/install/custom_interfaces/share/custom_interfaces/package.bash'
[5.293s] INFO:colcon.colcon_core.shell:Creating package script '/home/maryammahmood/PID_based_control_rrbot/PID-based-SCARA-Robot-Position-and-Velocity-Control-And-Manipulation/src/install/custom_interfaces/share/custom_interfaces/package.zsh'
[5.293s] Level 1:colcon.colcon_core.environment:create_file_with_runtime_dependencies(/home/maryammahmood/PID_based_control_rrbot/PID-based-SCARA-Robot-Position-and-Velocity-Control-And-Manipulation/src/install/custom_interfaces/share/colcon-core/packages/custom_interfaces)
[5.553s] Level 1:colcon.colcon_core.environment:create_environment_scripts_only(custom_interfaces)
[5.553s] Level 1:colcon.colcon_core.environment:checking '/home/maryammahmood/PID_based_control_rrbot/PID-based-SCARA-Robot-Position-and-Velocity-Control-And-Manipulation/src/install/custom_interfaces' for CMake module files
[5.554s] Level 1:colcon.colcon_core.environment:checking '/home/maryammahmood/PID_based_control_rrbot/PID-based-SCARA-Robot-Position-and-Velocity-Control-And-Manipulation/src/install/custom_interfaces' for CMake config files
[5.555s] Level 1:colcon.colcon_core.shell:create_environment_hook('custom_interfaces', 'cmake_prefix_path')
[5.555s] INFO:colcon.colcon_core.shell:Creating environment hook '/home/maryammahmood/PID_based_control_rrbot/PID-based-SCARA-Robot-Position-and-Velocity-Control-And-Manipulation/src/install/custom_interfaces/share/custom_interfaces/hook/cmake_prefix_path.ps1'
[5.555s] INFO:colcon.colcon_core.shell:Creating environment descriptor '/home/maryammahmood/PID_based_control_rrbot/PID-based-SCARA-Robot-Position-and-Velocity-Control-And-Manipulation/src/install/custom_interfaces/share/custom_interfaces/hook/cmake_prefix_path.dsv'
[5.556s] INFO:colcon.colcon_core.shell:Creating environment hook '/home/maryammahmood/PID_based_control_rrbot/PID-based-SCARA-Robot-Position-and-Velocity-Control-And-Manipulation/src/install/custom_interfaces/share/custom_interfaces/hook/cmake_prefix_path.sh'
[5.556s] Level 1:colcon.colcon_core.environment:checking '/home/maryammahmood/PID_based_control_rrbot/PID-based-SCARA-Robot-Position-and-Velocity-Control-And-Manipulation/src/install/custom_interfaces/lib'
[5.556s] Level 1:colcon.colcon_core.shell:create_environment_hook('custom_interfaces', 'ld_library_path_lib')
[5.556s] INFO:colcon.colcon_core.shell:Creating environment hook '/home/maryammahmood/PID_based_control_rrbot/PID-based-SCARA-Robot-Position-and-Velocity-Control-And-Manipulation/src/install/custom_interfaces/share/custom_interfaces/hook/ld_library_path_lib.ps1'
[5.557s] INFO:colcon.colcon_core.shell:Creating environment descriptor '/home/maryammahmood/PID_based_control_rrbot/PID-based-SCARA-Robot-Position-and-Velocity-Control-And-Manipulation/src/install/custom_interfaces/share/custom_interfaces/hook/ld_library_path_lib.dsv'
[5.557s] INFO:colcon.colcon_core.shell:Creating environment hook '/home/maryammahmood/PID_based_control_rrbot/PID-based-SCARA-Robot-Position-and-Velocity-Control-And-Manipulation/src/install/custom_interfaces/share/custom_interfaces/hook/ld_library_path_lib.sh'
[5.557s] Level 1:colcon.colcon_core.environment:checking '/home/maryammahmood/PID_based_control_rrbot/PID-based-SCARA-Robot-Position-and-Velocity-Control-And-Manipulation/src/install/custom_interfaces/bin'
[5.557s] Level 1:colcon.colcon_core.environment:checking '/home/maryammahmood/PID_based_control_rrbot/PID-based-SCARA-Robot-Position-and-Velocity-Control-And-Manipulation/src/install/custom_interfaces/lib/pkgconfig/custom_interfaces.pc'
[5.557s] Level 1:colcon.colcon_core.environment:checking '/home/maryammahmood/PID_based_control_rrbot/PID-based-SCARA-Robot-Position-and-Velocity-Control-And-Manipulation/src/install/custom_interfaces/lib/python3.10/site-packages'
[5.558s] Level 1:colcon.colcon_core.environment:checking '/home/maryammahmood/PID_based_control_rrbot/PID-based-SCARA-Robot-Position-and-Velocity-Control-And-Manipulation/src/install/custom_interfaces/bin'
[5.558s] INFO:colcon.colcon_core.shell:Creating package script '/home/maryammahmood/PID_based_control_rrbot/PID-based-SCARA-Robot-Position-and-Velocity-Control-And-Manipulation/src/install/custom_interfaces/share/custom_interfaces/package.ps1'
[5.559s] INFO:colcon.colcon_core.shell:Creating package descriptor '/home/maryammahmood/PID_based_control_rrbot/PID-based-SCARA-Robot-Position-and-Velocity-Control-And-Manipulation/src/install/custom_interfaces/share/custom_interfaces/package.dsv'
[5.559s] INFO:colcon.colcon_core.shell:Creating package script '/home/maryammahmood/PID_based_control_rrbot/PID-based-SCARA-Robot-Position-and-Velocity-Control-And-Manipulation/src/install/custom_interfaces/share/custom_interfaces/package.sh'
[5.559s] INFO:colcon.colcon_core.shell:Creating package script '/home/maryammahmood/PID_based_control_rrbot/PID-based-SCARA-Robot-Position-and-Velocity-Control-And-Manipulation/src/install/custom_interfaces/share/custom_interfaces/package.bash'
[5.560s] INFO:colcon.colcon_core.shell:Creating package script '/home/maryammahmood/PID_based_control_rrbot/PID-based-SCARA-Robot-Position-and-Velocity-Control-And-Manipulation/src/install/custom_interfaces/share/custom_interfaces/package.zsh'
[5.560s] Level 1:colcon.colcon_core.environment:create_file_with_runtime_dependencies(/home/maryammahmood/PID_based_control_rrbot/PID-based-SCARA-Robot-Position-and-Velocity-Control-And-Manipulation/src/install/custom_interfaces/share/colcon-core/packages/custom_interfaces)
[5.561s] INFO:colcon.colcon_ros.task.ament_cmake.build:Building ROS package in '/home/maryammahmood/PID_based_control_rrbot/PID-based-SCARA-Robot-Position-and-Velocity-Control-And-Manipulation/src/rrbot_simulation_files/rrbot_gazebo' with build type 'ament_cmake'
[5.561s] INFO:colcon.colcon_cmake.task.cmake.build:Building CMake package in '/home/maryammahmood/PID_based_control_rrbot/PID-based-SCARA-Robot-Position-and-Velocity-Control-And-Manipulation/src/rrbot_simulation_files/rrbot_gazebo'
[5.561s] INFO:colcon.colcon_core.shell:Skip shell extension 'powershell' for command environment: Not usable outside of PowerShell
[5.561s] DEBUG:colcon.colcon_core.shell:Skip shell extension 'dsv' for command environment
[5.586s] DEBUG:colcon.colcon_core.event_handler.log_command:Invoking command in '/home/maryammahmood/PID_based_control_rrbot/PID-based-SCARA-Robot-Position-and-Velocity-Control-And-Manipulation/src/build/rrbot_gazebo': AMENT_PREFIX_PATH=/home/maryammahmood/PID_based_control_rrbot/PID-based-SCARA-Robot-Position-and-Velocity-Control-And-Manipulation/src/install/rrbot_description:/home/maryammahmood/PID_based_control_rrbot/PID-based-SCARA-Robot-Position-and-Velocity-Control-And-Manipulation/src/install/custom_interfaces:${AMENT_PREFIX_PATH} CMAKE_PREFIX_PATH=/home/maryammahmood/PID_based_control_rrbot/PID-based-SCARA-Robot-Position-and-Velocity-Control-And-Manipulation/src/install/rrbot_description:/home/maryammahmood/PID_based_control_rrbot/PID-based-SCARA-Robot-Position-and-Velocity-Control-And-Manipulation/src/install/custom_interfaces:/opt/openrobots:/opt/openrobots:/home/maryammahmood/ws_moveit2/install/pilz_industrial_motion_planner_testutils:/home/maryammahmood/ws_moveit2/install/moveit_runtime:/home/maryammahmood/ws_moveit2/install/moveit2_tutorials:/home/maryammahmood/ws_moveit2/install/moveit:/home/maryammahmood/ws_moveit2/install/moveit_planners:/home/maryammahmood/ws_moveit2/install/pilz_industrial_motion_planner:/home/maryammahmood/ws_moveit2/install/moveit_visual_tools:/home/maryammahmood/ws_moveit2/install/moveit_task_constructor_visualization:/home/maryammahmood/ws_moveit2/install/moveit_task_constructor_demo:/home/maryammahmood/ws_moveit2/install/moveit_task_constructor_capabilities:/home/maryammahmood/ws_moveit2/install/moveit_task_constructor_core:/home/maryammahmood/ws_moveit2/install/moveit_ros_control_interface:/home/maryammahmood/ws_moveit2/install/moveit_plugins:/home/maryammahmood/ws_moveit2/install/moveit_simple_controller_manager:/home/maryammahmood/ws_moveit2/install/moveit_setup_assistant:/home/maryammahmood/ws_moveit2/install/moveit_setup_srdf_plugins:/home/maryammahmood/ws_moveit2/install/moveit_setup_core_plugins:/home/maryammahmood/ws_moveit2/install/moveit_setup_controllers:/home/maryammahmood/ws_moveit2/install/moveit_setup_app_plugins:/home/maryammahmood/ws_moveit2/install/moveit_setup_framework:/home/maryammahmood/ws_moveit2/install/moveit_servo:/home/maryammahmood/ws_moveit2/install/moveit_ros:/home/maryammahmood/ws_moveit2/install/moveit_ros_visualization:/home/maryammahmood/ws_moveit2/install/moveit_hybrid_planning:/home/maryammahmood/ws_moveit2/install/moveit_ros_planning_interface:/home/maryammahmood/ws_moveit2/install/moveit_ros_benchmarks:/home/maryammahmood/ws_moveit2/install/moveit_ros_warehouse:/home/maryammahmood/ws_moveit2/install/moveit_ros_robot_interaction:/home/maryammahmood/ws_moveit2/install/moveit_ros_perception:/home/maryammahmood/ws_moveit2/install/moveit_resources_prbt_pg70_support:/home/maryammahmood/ws_moveit2/install/moveit_resources_prbt_moveit_config:/home/maryammahmood/ws_moveit2/install/moveit_ros_move_group:/home/maryammahmood/ws_moveit2/install/moveit_planners_ompl:/home/maryammahmood/ws_moveit2/install/moveit_ros_planning:/home/maryammahmood/ws_moveit2/install/moveit_ros_occupancy_map_monitor:/home/maryammahmood/ws_moveit2/install/moveit_resources_prbt_ikfast_manipulator_plugin:/home/maryammahmood/ws_moveit2/install/moveit_planners_chomp:/home/maryammahmood/ws_moveit2/install/moveit_kinematics:/home/maryammahmood/ws_moveit2/install/moveit_chomp_optimizer_adapter:/home/maryammahmood/ws_moveit2/install/chomp_motion_planner:/home/maryammahmood/ws_moveit2/install/moveit_core:/home/maryammahmood/ws_moveit2/install/srdfdom:/home/maryammahmood/ws_moveit2/install/rviz_marker_tools:/home/maryammahmood/ws_moveit2/install/rosparam_shortcuts:/home/maryammahmood/ws_moveit2/install/moveit_task_constructor_msgs:/home/maryammahmood/ws_moveit2/install/moveit_resources_prbt_support:/home/maryammahmood/ws_moveit2/install/moveit_resources:/home/maryammahmood/ws_moveit2/install/moveit_resources_pr2_description:/home/maryammahmood/ws_moveit2/install/moveit_resources_panda_moveit_config:/home/maryammahmood/ws_moveit2/install/moveit_resources_panda_description:/home/maryammahmood/ws_moveit2/install/moveit_resources_fanuc_moveit_config:/home/maryammahmood/ws_moveit2/install/moveit_resources_fanuc_description:/home/maryammahmood/ws_moveit2/install/moveit_common:/home/maryammahmood/ws_moveit2/install/moveit_configs_utils:/home/maryammahmood/ws_moveit2/install/launch_param_builder:/opt/ros/humble LD_LIBRARY_PATH=/home/maryammahmood/PID_based_control_rrbot/PID-based-SCARA-Robot-Position-and-Velocity-Control-And-Manipulation/src/install/custom_interfaces/lib:${LD_LIBRARY_PATH} PYTHONPATH=/home/maryammahmood/PID_based_control_rrbot/PID-based-SCARA-Robot-Position-and-Velocity-Control-And-Manipulation/src/install/custom_interfaces/local/lib/python3.10/dist-packages:${PYTHONPATH} /usr/bin/cmake /home/maryammahmood/PID_based_control_rrbot/PID-based-SCARA-Robot-Position-and-Velocity-Control-And-Manipulation/src/rrbot_simulation_files/rrbot_gazebo -DAMENT_CMAKE_SYMLINK_INSTALL=1 -DCMAKE_INSTALL_PREFIX=/home/maryammahmood/PID_based_control_rrbot/PID-based-SCARA-Robot-Position-and-Velocity-Control-And-Manipulation/src/install/rrbot_gazebo
[7.015s] DEBUG:colcon.colcon_core.event_handler.log_command:Invoked command in '/home/maryammahmood/PID_based_control_rrbot/PID-based-SCARA-Robot-Position-and-Velocity-Control-And-Manipulation/src/build/rrbot_gazebo' returned '0': AMENT_PREFIX_PATH=/home/maryammahmood/PID_based_control_rrbot/PID-based-SCARA-Robot-Position-and-Velocity-Control-And-Manipulation/src/install/rrbot_description:/home/maryammahmood/PID_based_control_rrbot/PID-based-SCARA-Robot-Position-and-Velocity-Control-And-Manipulation/src/install/custom_interfaces:${AMENT_PREFIX_PATH} CMAKE_PREFIX_PATH=/home/maryammahmood/PID_based_control_rrbot/PID-based-SCARA-Robot-Position-and-Velocity-Control-And-Manipulation/src/install/rrbot_description:/home/maryammahmood/PID_based_control_rrbot/PID-based-SCARA-Robot-Position-and-Velocity-Control-And-Manipulation/src/install/custom_interfaces:/opt/openrobots:/opt/openrobots:/home/maryammahmood/ws_moveit2/install/pilz_industrial_motion_planner_testutils:/home/maryammahmood/ws_moveit2/install/moveit_runtime:/home/maryammahmood/ws_moveit2/install/moveit2_tutorials:/home/maryammahmood/ws_moveit2/install/moveit:/home/maryammahmood/ws_moveit2/install/moveit_planners:/home/maryammahmood/ws_moveit2/install/pilz_industrial_motion_planner:/home/maryammahmood/ws_moveit2/install/moveit_visual_tools:/home/maryammahmood/ws_moveit2/install/moveit_task_constructor_visualization:/home/maryammahmood/ws_moveit2/install/moveit_task_constructor_demo:/home/maryammahmood/ws_moveit2/install/moveit_task_constructor_capabilities:/home/maryammahmood/ws_moveit2/install/moveit_task_constructor_core:/home/maryammahmood/ws_moveit2/install/moveit_ros_control_interface:/home/maryammahmood/ws_moveit2/install/moveit_plugins:/home/maryammahmood/ws_moveit2/install/moveit_simple_controller_manager:/home/maryammahmood/ws_moveit2/install/moveit_setup_assistant:/home/maryammahmood/ws_moveit2/install/moveit_setup_srdf_plugins:/home/maryammahmood/ws_moveit2/install/moveit_setup_core_plugins:/home/maryammahmood/ws_moveit2/install/moveit_setup_controllers:/home/maryammahmood/ws_moveit2/install/moveit_setup_app_plugins:/home/maryammahmood/ws_moveit2/install/moveit_setup_framework:/home/maryammahmood/ws_moveit2/install/moveit_servo:/home/maryammahmood/ws_moveit2/install/moveit_ros:/home/maryammahmood/ws_moveit2/install/moveit_ros_visualization:/home/maryammahmood/ws_moveit2/install/moveit_hybrid_planning:/home/maryammahmood/ws_moveit2/install/moveit_ros_planning_interface:/home/maryammahmood/ws_moveit2/install/moveit_ros_benchmarks:/home/maryammahmood/ws_moveit2/install/moveit_ros_warehouse:/home/maryammahmood/ws_moveit2/install/moveit_ros_robot_interaction:/home/maryammahmood/ws_moveit2/install/moveit_ros_perception:/home/maryammahmood/ws_moveit2/install/moveit_resources_prbt_pg70_support:/home/maryammahmood/ws_moveit2/install/moveit_resources_prbt_moveit_config:/home/maryammahmood/ws_moveit2/install/moveit_ros_move_group:/home/maryammahmood/ws_moveit2/install/moveit_planners_ompl:/home/maryammahmood/ws_moveit2/install/moveit_ros_planning:/home/maryammahmood/ws_moveit2/install/moveit_ros_occupancy_map_monitor:/home/maryammahmood/ws_moveit2/install/moveit_resources_prbt_ikfast_manipulator_plugin:/home/maryammahmood/ws_moveit2/install/moveit_planners_chomp:/home/maryammahmood/ws_moveit2/install/moveit_kinematics:/home/maryammahmood/ws_moveit2/install/moveit_chomp_optimizer_adapter:/home/maryammahmood/ws_moveit2/install/chomp_motion_planner:/home/maryammahmood/ws_moveit2/install/moveit_core:/home/maryammahmood/ws_moveit2/install/srdfdom:/home/maryammahmood/ws_moveit2/install/rviz_marker_tools:/home/maryammahmood/ws_moveit2/install/rosparam_shortcuts:/home/maryammahmood/ws_moveit2/install/moveit_task_constructor_msgs:/home/maryammahmood/ws_moveit2/install/moveit_resources_prbt_support:/home/maryammahmood/ws_moveit2/install/moveit_resources:/home/maryammahmood/ws_moveit2/install/moveit_resources_pr2_description:/home/maryammahmood/ws_moveit2/install/moveit_resources_panda_moveit_config:/home/maryammahmood/ws_moveit2/install/moveit_resources_panda_description:/home/maryammahmood/ws_moveit2/install/moveit_resources_fanuc_moveit_config:/home/maryammahmood/ws_moveit2/install/moveit_resources_fanuc_description:/home/maryammahmood/ws_moveit2/install/moveit_common:/home/maryammahmood/ws_moveit2/install/moveit_configs_utils:/home/maryammahmood/ws_moveit2/install/launch_param_builder:/opt/ros/humble LD_LIBRARY_PATH=/home/maryammahmood/PID_based_control_rrbot/PID-based-SCARA-Robot-Position-and-Velocity-Control-And-Manipulation/src/install/custom_interfaces/lib:${LD_LIBRARY_PATH} PYTHONPATH=/home/maryammahmood/PID_based_control_rrbot/PID-based-SCARA-Robot-Position-and-Velocity-Control-And-Manipulation/src/install/custom_interfaces/local/lib/python3.10/dist-packages:${PYTHONPATH} /usr/bin/cmake /home/maryammahmood/PID_based_control_rrbot/PID-based-SCARA-Robot-Position-and-Velocity-Control-And-Manipulation/src/rrbot_simulation_files/rrbot_gazebo -DAMENT_CMAKE_SYMLINK_INSTALL=1 -DCMAKE_INSTALL_PREFIX=/home/maryammahmood/PID_based_control_rrbot/PID-based-SCARA-Robot-Position-and-Velocity-Control-And-Manipulation/src/install/rrbot_gazebo
[7.017s] DEBUG:colcon.colcon_core.event_handler.log_command:Invoking command in '/home/maryammahmood/PID_based_control_rrbot/PID-based-SCARA-Robot-Position-and-Velocity-Control-And-Manipulation/src/build/rrbot_gazebo': AMENT_PREFIX_PATH=/home/maryammahmood/PID_based_control_rrbot/PID-based-SCARA-Robot-Position-and-Velocity-Control-And-Manipulation/src/install/rrbot_description:/home/maryammahmood/PID_based_control_rrbot/PID-based-SCARA-Robot-Position-and-Velocity-Control-And-Manipulation/src/install/custom_interfaces:${AMENT_PREFIX_PATH} CMAKE_PREFIX_PATH=/home/maryammahmood/PID_based_control_rrbot/PID-based-SCARA-Robot-Position-and-Velocity-Control-And-Manipulation/src/install/rrbot_description:/home/maryammahmood/PID_based_control_rrbot/PID-based-SCARA-Robot-Position-and-Velocity-Control-And-Manipulation/src/install/custom_interfaces:/opt/openrobots:/opt/openrobots:/home/maryammahmood/ws_moveit2/install/pilz_industrial_motion_planner_testutils:/home/maryammahmood/ws_moveit2/install/moveit_runtime:/home/maryammahmood/ws_moveit2/install/moveit2_tutorials:/home/maryammahmood/ws_moveit2/install/moveit:/home/maryammahmood/ws_moveit2/install/moveit_planners:/home/maryammahmood/ws_moveit2/install/pilz_industrial_motion_planner:/home/maryammahmood/ws_moveit2/install/moveit_visual_tools:/home/maryammahmood/ws_moveit2/install/moveit_task_constructor_visualization:/home/maryammahmood/ws_moveit2/install/moveit_task_constructor_demo:/home/maryammahmood/ws_moveit2/install/moveit_task_constructor_capabilities:/home/maryammahmood/ws_moveit2/install/moveit_task_constructor_core:/home/maryammahmood/ws_moveit2/install/moveit_ros_control_interface:/home/maryammahmood/ws_moveit2/install/moveit_plugins:/home/maryammahmood/ws_moveit2/install/moveit_simple_controller_manager:/home/maryammahmood/ws_moveit2/install/moveit_setup_assistant:/home/maryammahmood/ws_moveit2/install/moveit_setup_srdf_plugins:/home/maryammahmood/ws_moveit2/install/moveit_setup_core_plugins:/home/maryammahmood/ws_moveit2/install/moveit_setup_controllers:/home/maryammahmood/ws_moveit2/install/moveit_setup_app_plugins:/home/maryammahmood/ws_moveit2/install/moveit_setup_framework:/home/maryammahmood/ws_moveit2/install/moveit_servo:/home/maryammahmood/ws_moveit2/install/moveit_ros:/home/maryammahmood/ws_moveit2/install/moveit_ros_visualization:/home/maryammahmood/ws_moveit2/install/moveit_hybrid_planning:/home/maryammahmood/ws_moveit2/install/moveit_ros_planning_interface:/home/maryammahmood/ws_moveit2/install/moveit_ros_benchmarks:/home/maryammahmood/ws_moveit2/install/moveit_ros_warehouse:/home/maryammahmood/ws_moveit2/install/moveit_ros_robot_interaction:/home/maryammahmood/ws_moveit2/install/moveit_ros_perception:/home/maryammahmood/ws_moveit2/install/moveit_resources_prbt_pg70_support:/home/maryammahmood/ws_moveit2/install/moveit_resources_prbt_moveit_config:/home/maryammahmood/ws_moveit2/install/moveit_ros_move_group:/home/maryammahmood/ws_moveit2/install/moveit_planners_ompl:/home/maryammahmood/ws_moveit2/install/moveit_ros_planning:/home/maryammahmood/ws_moveit2/install/moveit_ros_occupancy_map_monitor:/home/maryammahmood/ws_moveit2/install/moveit_resources_prbt_ikfast_manipulator_plugin:/home/maryammahmood/ws_moveit2/install/moveit_planners_chomp:/home/maryammahmood/ws_moveit2/install/moveit_kinematics:/home/maryammahmood/ws_moveit2/install/moveit_chomp_optimizer_adapter:/home/maryammahmood/ws_moveit2/install/chomp_motion_planner:/home/maryammahmood/ws_moveit2/install/moveit_core:/home/maryammahmood/ws_moveit2/install/srdfdom:/home/maryammahmood/ws_moveit2/install/rviz_marker_tools:/home/maryammahmood/ws_moveit2/install/rosparam_shortcuts:/home/maryammahmood/ws_moveit2/install/moveit_task_constructor_msgs:/home/maryammahmood/ws_moveit2/install/moveit_resources_prbt_support:/home/maryammahmood/ws_moveit2/install/moveit_resources:/home/maryammahmood/ws_moveit2/install/moveit_resources_pr2_description:/home/maryammahmood/ws_moveit2/install/moveit_resources_panda_moveit_config:/home/maryammahmood/ws_moveit2/install/moveit_resources_panda_description:/home/maryammahmood/ws_moveit2/install/moveit_resources_fanuc_moveit_config:/home/maryammahmood/ws_moveit2/install/moveit_resources_fanuc_description:/home/maryammahmood/ws_moveit2/install/moveit_common:/home/maryammahmood/ws_moveit2/install/moveit_configs_utils:/home/maryammahmood/ws_moveit2/install/launch_param_builder:/opt/ros/humble LD_LIBRARY_PATH=/home/maryammahmood/PID_based_control_rrbot/PID-based-SCARA-Robot-Position-and-Velocity-Control-And-Manipulation/src/install/custom_interfaces/lib:${LD_LIBRARY_PATH} PYTHONPATH=/home/maryammahmood/PID_based_control_rrbot/PID-based-SCARA-Robot-Position-and-Velocity-Control-And-Manipulation/src/install/custom_interfaces/local/lib/python3.10/dist-packages:${PYTHONPATH} /usr/bin/cmake --build /home/maryammahmood/PID_based_control_rrbot/PID-based-SCARA-Robot-Position-and-Velocity-Control-And-Manipulation/src/build/rrbot_gazebo -- -j24 -l24
[13.076s] DEBUG:colcon.colcon_core.event_handler.log_command:Invoked command in '/home/maryammahmood/PID_based_control_rrbot/PID-based-SCARA-Robot-Position-and-Velocity-Control-And-Manipulation/src/build/rrbot_gazebo' returned '0': AMENT_PREFIX_PATH=/home/maryammahmood/PID_based_control_rrbot/PID-based-SCARA-Robot-Position-and-Velocity-Control-And-Manipulation/src/install/rrbot_description:/home/maryammahmood/PID_based_control_rrbot/PID-based-SCARA-Robot-Position-and-Velocity-Control-And-Manipulation/src/install/custom_interfaces:${AMENT_PREFIX_PATH} CMAKE_PREFIX_PATH=/home/maryammahmood/PID_based_control_rrbot/PID-based-SCARA-Robot-Position-and-Velocity-Control-And-Manipulation/src/install/rrbot_description:/home/maryammahmood/PID_based_control_rrbot/PID-based-SCARA-Robot-Position-and-Velocity-Control-And-Manipulation/src/install/custom_interfaces:/opt/openrobots:/opt/openrobots:/home/maryammahmood/ws_moveit2/install/pilz_industrial_motion_planner_testutils:/home/maryammahmood/ws_moveit2/install/moveit_runtime:/home/maryammahmood/ws_moveit2/install/moveit2_tutorials:/home/maryammahmood/ws_moveit2/install/moveit:/home/maryammahmood/ws_moveit2/install/moveit_planners:/home/maryammahmood/ws_moveit2/install/pilz_industrial_motion_planner:/home/maryammahmood/ws_moveit2/install/moveit_visual_tools:/home/maryammahmood/ws_moveit2/install/moveit_task_constructor_visualization:/home/maryammahmood/ws_moveit2/install/moveit_task_constructor_demo:/home/maryammahmood/ws_moveit2/install/moveit_task_constructor_capabilities:/home/maryammahmood/ws_moveit2/install/moveit_task_constructor_core:/home/maryammahmood/ws_moveit2/install/moveit_ros_control_interface:/home/maryammahmood/ws_moveit2/install/moveit_plugins:/home/maryammahmood/ws_moveit2/install/moveit_simple_controller_manager:/home/maryammahmood/ws_moveit2/install/moveit_setup_assistant:/home/maryammahmood/ws_moveit2/install/moveit_setup_srdf_plugins:/home/maryammahmood/ws_moveit2/install/moveit_setup_core_plugins:/home/maryammahmood/ws_moveit2/install/moveit_setup_controllers:/home/maryammahmood/ws_moveit2/install/moveit_setup_app_plugins:/home/maryammahmood/ws_moveit2/install/moveit_setup_framework:/home/maryammahmood/ws_moveit2/install/moveit_servo:/home/maryammahmood/ws_moveit2/install/moveit_ros:/home/maryammahmood/ws_moveit2/install/moveit_ros_visualization:/home/maryammahmood/ws_moveit2/install/moveit_hybrid_planning:/home/maryammahmood/ws_moveit2/install/moveit_ros_planning_interface:/home/maryammahmood/ws_moveit2/install/moveit_ros_benchmarks:/home/maryammahmood/ws_moveit2/install/moveit_ros_warehouse:/home/maryammahmood/ws_moveit2/install/moveit_ros_robot_interaction:/home/maryammahmood/ws_moveit2/install/moveit_ros_perception:/home/maryammahmood/ws_moveit2/install/moveit_resources_prbt_pg70_support:/home/maryammahmood/ws_moveit2/install/moveit_resources_prbt_moveit_config:/home/maryammahmood/ws_moveit2/install/moveit_ros_move_group:/home/maryammahmood/ws_moveit2/install/moveit_planners_ompl:/home/maryammahmood/ws_moveit2/install/moveit_ros_planning:/home/maryammahmood/ws_moveit2/install/moveit_ros_occupancy_map_monitor:/home/maryammahmood/ws_moveit2/install/moveit_resources_prbt_ikfast_manipulator_plugin:/home/maryammahmood/ws_moveit2/install/moveit_planners_chomp:/home/maryammahmood/ws_moveit2/install/moveit_kinematics:/home/maryammahmood/ws_moveit2/install/moveit_chomp_optimizer_adapter:/home/maryammahmood/ws_moveit2/install/chomp_motion_planner:/home/maryammahmood/ws_moveit2/install/moveit_core:/home/maryammahmood/ws_moveit2/install/srdfdom:/home/maryammahmood/ws_moveit2/install/rviz_marker_tools:/home/maryammahmood/ws_moveit2/install/rosparam_shortcuts:/home/maryammahmood/ws_moveit2/install/moveit_task_constructor_msgs:/home/maryammahmood/ws_moveit2/install/moveit_resources_prbt_support:/home/maryammahmood/ws_moveit2/install/moveit_resources:/home/maryammahmood/ws_moveit2/install/moveit_resources_pr2_description:/home/maryammahmood/ws_moveit2/install/moveit_resources_panda_moveit_config:/home/maryammahmood/ws_moveit2/install/moveit_resources_panda_description:/home/maryammahmood/ws_moveit2/install/moveit_resources_fanuc_moveit_config:/home/maryammahmood/ws_moveit2/install/moveit_resources_fanuc_description:/home/maryammahmood/ws_moveit2/install/moveit_common:/home/maryammahmood/ws_moveit2/install/moveit_configs_utils:/home/maryammahmood/ws_moveit2/install/launch_param_builder:/opt/ros/humble LD_LIBRARY_PATH=/home/maryammahmood/PID_based_control_rrbot/PID-based-SCARA-Robot-Position-and-Velocity-Control-And-Manipulation/src/install/custom_interfaces/lib:${LD_LIBRARY_PATH} PYTHONPATH=/home/maryammahmood/PID_based_control_rrbot/PID-based-SCARA-Robot-Position-and-Velocity-Control-And-Manipulation/src/install/custom_interfaces/local/lib/python3.10/dist-packages:${PYTHONPATH} /usr/bin/cmake --build /home/maryammahmood/PID_based_control_rrbot/PID-based-SCARA-Robot-Position-and-Velocity-Control-And-Manipulation/src/build/rrbot_gazebo -- -j24 -l24
[13.144s] DEBUG:colcon.colcon_core.event_handler.log_command:Invoking command in '/home/maryammahmood/PID_based_control_rrbot/PID-based-SCARA-Robot-Position-and-Velocity-Control-And-Manipulation/src/build/rrbot_gazebo': AMENT_PREFIX_PATH=/home/maryammahmood/PID_based_control_rrbot/PID-based-SCARA-Robot-Position-and-Velocity-Control-And-Manipulation/src/install/rrbot_description:/home/maryammahmood/PID_based_control_rrbot/PID-based-SCARA-Robot-Position-and-Velocity-Control-And-Manipulation/src/install/custom_interfaces:${AMENT_PREFIX_PATH} CMAKE_PREFIX_PATH=/home/maryammahmood/PID_based_control_rrbot/PID-based-SCARA-Robot-Position-and-Velocity-Control-And-Manipulation/src/install/rrbot_description:/home/maryammahmood/PID_based_control_rrbot/PID-based-SCARA-Robot-Position-and-Velocity-Control-And-Manipulation/src/install/custom_interfaces:/opt/openrobots:/opt/openrobots:/home/maryammahmood/ws_moveit2/install/pilz_industrial_motion_planner_testutils:/home/maryammahmood/ws_moveit2/install/moveit_runtime:/home/maryammahmood/ws_moveit2/install/moveit2_tutorials:/home/maryammahmood/ws_moveit2/install/moveit:/home/maryammahmood/ws_moveit2/install/moveit_planners:/home/maryammahmood/ws_moveit2/install/pilz_industrial_motion_planner:/home/maryammahmood/ws_moveit2/install/moveit_visual_tools:/home/maryammahmood/ws_moveit2/install/moveit_task_constructor_visualization:/home/maryammahmood/ws_moveit2/install/moveit_task_constructor_demo:/home/maryammahmood/ws_moveit2/install/moveit_task_constructor_capabilities:/home/maryammahmood/ws_moveit2/install/moveit_task_constructor_core:/home/maryammahmood/ws_moveit2/install/moveit_ros_control_interface:/home/maryammahmood/ws_moveit2/install/moveit_plugins:/home/maryammahmood/ws_moveit2/install/moveit_simple_controller_manager:/home/maryammahmood/ws_moveit2/install/moveit_setup_assistant:/home/maryammahmood/ws_moveit2/install/moveit_setup_srdf_plugins:/home/maryammahmood/ws_moveit2/install/moveit_setup_core_plugins:/home/maryammahmood/ws_moveit2/install/moveit_setup_controllers:/home/maryammahmood/ws_moveit2/install/moveit_setup_app_plugins:/home/maryammahmood/ws_moveit2/install/moveit_setup_framework:/home/maryammahmood/ws_moveit2/install/moveit_servo:/home/maryammahmood/ws_moveit2/install/moveit_ros:/home/maryammahmood/ws_moveit2/install/moveit_ros_visualization:/home/maryammahmood/ws_moveit2/install/moveit_hybrid_planning:/home/maryammahmood/ws_moveit2/install/moveit_ros_planning_interface:/home/maryammahmood/ws_moveit2/install/moveit_ros_benchmarks:/home/maryammahmood/ws_moveit2/install/moveit_ros_warehouse:/home/maryammahmood/ws_moveit2/install/moveit_ros_robot_interaction:/home/maryammahmood/ws_moveit2/install/moveit_ros_perception:/home/maryammahmood/ws_moveit2/install/moveit_resources_prbt_pg70_support:/home/maryammahmood/ws_moveit2/install/moveit_resources_prbt_moveit_config:/home/maryammahmood/ws_moveit2/install/moveit_ros_move_group:/home/maryammahmood/ws_moveit2/install/moveit_planners_ompl:/home/maryammahmood/ws_moveit2/install/moveit_ros_planning:/home/maryammahmood/ws_moveit2/install/moveit_ros_occupancy_map_monitor:/home/maryammahmood/ws_moveit2/install/moveit_resources_prbt_ikfast_manipulator_plugin:/home/maryammahmood/ws_moveit2/install/moveit_planners_chomp:/home/maryammahmood/ws_moveit2/install/moveit_kinematics:/home/maryammahmood/ws_moveit2/install/moveit_chomp_optimizer_adapter:/home/maryammahmood/ws_moveit2/install/chomp_motion_planner:/home/maryammahmood/ws_moveit2/install/moveit_core:/home/maryammahmood/ws_moveit2/install/srdfdom:/home/maryammahmood/ws_moveit2/install/rviz_marker_tools:/home/maryammahmood/ws_moveit2/install/rosparam_shortcuts:/home/maryammahmood/ws_moveit2/install/moveit_task_constructor_msgs:/home/maryammahmood/ws_moveit2/install/moveit_resources_prbt_support:/home/maryammahmood/ws_moveit2/install/moveit_resources:/home/maryammahmood/ws_moveit2/install/moveit_resources_pr2_description:/home/maryammahmood/ws_moveit2/install/moveit_resources_panda_moveit_config:/home/maryammahmood/ws_moveit2/install/moveit_resources_panda_description:/home/maryammahmood/ws_moveit2/install/moveit_resources_fanuc_moveit_config:/home/maryammahmood/ws_moveit2/install/moveit_resources_fanuc_description:/home/maryammahmood/ws_moveit2/install/moveit_common:/home/maryammahmood/ws_moveit2/install/moveit_configs_utils:/home/maryammahmood/ws_moveit2/install/launch_param_builder:/opt/ros/humble LD_LIBRARY_PATH=/home/maryammahmood/PID_based_control_rrbot/PID-based-SCARA-Robot-Position-and-Velocity-Control-And-Manipulation/src/install/custom_interfaces/lib:${LD_LIBRARY_PATH} PYTHONPATH=/home/maryammahmood/PID_based_control_rrbot/PID-based-SCARA-Robot-Position-and-Velocity-Control-And-Manipulation/src/install/custom_interfaces/local/lib/python3.10/dist-packages:${PYTHONPATH} /usr/bin/cmake --install /home/maryammahmood/PID_based_control_rrbot/PID-based-SCARA-Robot-Position-and-Velocity-Control-And-Manipulation/src/build/rrbot_gazebo
[13.407s] Level 1:colcon.colcon_core.environment:create_environment_scripts_only(rrbot_gazebo)
[13.407s] Level 1:colcon.colcon_core.environment:checking '/home/maryammahmood/PID_based_control_rrbot/PID-based-SCARA-Robot-Position-and-Velocity-Control-And-Manipulation/src/install/rrbot_gazebo' for CMake module files
[13.408s] DEBUG:colcon.colcon_core.event_handler.log_command:Invoked command in '/home/maryammahmood/PID_based_control_rrbot/PID-based-SCARA-Robot-Position-and-Velocity-Control-And-Manipulation/src/build/rrbot_gazebo' returned '0': AMENT_PREFIX_PATH=/home/maryammahmood/PID_based_control_rrbot/PID-based-SCARA-Robot-Position-and-Velocity-Control-And-Manipulation/src/install/rrbot_description:/home/maryammahmood/PID_based_control_rrbot/PID-based-SCARA-Robot-Position-and-Velocity-Control-And-Manipulation/src/install/custom_interfaces:${AMENT_PREFIX_PATH} CMAKE_PREFIX_PATH=/home/maryammahmood/PID_based_control_rrbot/PID-based-SCARA-Robot-Position-and-Velocity-Control-And-Manipulation/src/install/rrbot_description:/home/maryammahmood/PID_based_control_rrbot/PID-based-SCARA-Robot-Position-and-Velocity-Control-And-Manipulation/src/install/custom_interfaces:/opt/openrobots:/opt/openrobots:/home/maryammahmood/ws_moveit2/install/pilz_industrial_motion_planner_testutils:/home/maryammahmood/ws_moveit2/install/moveit_runtime:/home/maryammahmood/ws_moveit2/install/moveit2_tutorials:/home/maryammahmood/ws_moveit2/install/moveit:/home/maryammahmood/ws_moveit2/install/moveit_planners:/home/maryammahmood/ws_moveit2/install/pilz_industrial_motion_planner:/home/maryammahmood/ws_moveit2/install/moveit_visual_tools:/home/maryammahmood/ws_moveit2/install/moveit_task_constructor_visualization:/home/maryammahmood/ws_moveit2/install/moveit_task_constructor_demo:/home/maryammahmood/ws_moveit2/install/moveit_task_constructor_capabilities:/home/maryammahmood/ws_moveit2/install/moveit_task_constructor_core:/home/maryammahmood/ws_moveit2/install/moveit_ros_control_interface:/home/maryammahmood/ws_moveit2/install/moveit_plugins:/home/maryammahmood/ws_moveit2/install/moveit_simple_controller_manager:/home/maryammahmood/ws_moveit2/install/moveit_setup_assistant:/home/maryammahmood/ws_moveit2/install/moveit_setup_srdf_plugins:/home/maryammahmood/ws_moveit2/install/moveit_setup_core_plugins:/home/maryammahmood/ws_moveit2/install/moveit_setup_controllers:/home/maryammahmood/ws_moveit2/install/moveit_setup_app_plugins:/home/maryammahmood/ws_moveit2/install/moveit_setup_framework:/home/maryammahmood/ws_moveit2/install/moveit_servo:/home/maryammahmood/ws_moveit2/install/moveit_ros:/home/maryammahmood/ws_moveit2/install/moveit_ros_visualization:/home/maryammahmood/ws_moveit2/install/moveit_hybrid_planning:/home/maryammahmood/ws_moveit2/install/moveit_ros_planning_interface:/home/maryammahmood/ws_moveit2/install/moveit_ros_benchmarks:/home/maryammahmood/ws_moveit2/install/moveit_ros_warehouse:/home/maryammahmood/ws_moveit2/install/moveit_ros_robot_interaction:/home/maryammahmood/ws_moveit2/install/moveit_ros_perception:/home/maryammahmood/ws_moveit2/install/moveit_resources_prbt_pg70_support:/home/maryammahmood/ws_moveit2/install/moveit_resources_prbt_moveit_config:/home/maryammahmood/ws_moveit2/install/moveit_ros_move_group:/home/maryammahmood/ws_moveit2/install/moveit_planners_ompl:/home/maryammahmood/ws_moveit2/install/moveit_ros_planning:/home/maryammahmood/ws_moveit2/install/moveit_ros_occupancy_map_monitor:/home/maryammahmood/ws_moveit2/install/moveit_resources_prbt_ikfast_manipulator_plugin:/home/maryammahmood/ws_moveit2/install/moveit_planners_chomp:/home/maryammahmood/ws_moveit2/install/moveit_kinematics:/home/maryammahmood/ws_moveit2/install/moveit_chomp_optimizer_adapter:/home/maryammahmood/ws_moveit2/install/chomp_motion_planner:/home/maryammahmood/ws_moveit2/install/moveit_core:/home/maryammahmood/ws_moveit2/install/srdfdom:/home/maryammahmood/ws_moveit2/install/rviz_marker_tools:/home/maryammahmood/ws_moveit2/install/rosparam_shortcuts:/home/maryammahmood/ws_moveit2/install/moveit_task_constructor_msgs:/home/maryammahmood/ws_moveit2/install/moveit_resources_prbt_support:/home/maryammahmood/ws_moveit2/install/moveit_resources:/home/maryammahmood/ws_moveit2/install/moveit_resources_pr2_description:/home/maryammahmood/ws_moveit2/install/moveit_resources_panda_moveit_config:/home/maryammahmood/ws_moveit2/install/moveit_resources_panda_description:/home/maryammahmood/ws_moveit2/install/moveit_resources_fanuc_moveit_config:/home/maryammahmood/ws_moveit2/install/moveit_resources_fanuc_description:/home/maryammahmood/ws_moveit2/install/moveit_common:/home/maryammahmood/ws_moveit2/install/moveit_configs_utils:/home/maryammahmood/ws_moveit2/install/launch_param_builder:/opt/ros/humble LD_LIBRARY_PATH=/home/maryammahmood/PID_based_control_rrbot/PID-based-SCARA-Robot-Position-and-Velocity-Control-And-Manipulation/src/install/custom_interfaces/lib:${LD_LIBRARY_PATH} PYTHONPATH=/home/maryammahmood/PID_based_control_rrbot/PID-based-SCARA-Robot-Position-and-Velocity-Control-And-Manipulation/src/install/custom_interfaces/local/lib/python3.10/dist-packages:${PYTHONPATH} /usr/bin/cmake --install /home/maryammahmood/PID_based_control_rrbot/PID-based-SCARA-Robot-Position-and-Velocity-Control-And-Manipulation/src/build/rrbot_gazebo
[13.408s] Level 1:colcon.colcon_core.environment:checking '/home/maryammahmood/PID_based_control_rrbot/PID-based-SCARA-Robot-Position-and-Velocity-Control-And-Manipulation/src/install/rrbot_gazebo' for CMake config files
[13.408s] Level 1:colcon.colcon_core.shell:create_environment_hook('rrbot_gazebo', 'cmake_prefix_path')
[13.408s] INFO:colcon.colcon_core.shell:Creating environment hook '/home/maryammahmood/PID_based_control_rrbot/PID-based-SCARA-Robot-Position-and-Velocity-Control-And-Manipulation/src/install/rrbot_gazebo/share/rrbot_gazebo/hook/cmake_prefix_path.ps1'
[13.409s] INFO:colcon.colcon_core.shell:Creating environment descriptor '/home/maryammahmood/PID_based_control_rrbot/PID-based-SCARA-Robot-Position-and-Velocity-Control-And-Manipulation/src/install/rrbot_gazebo/share/rrbot_gazebo/hook/cmake_prefix_path.dsv'
[13.409s] INFO:colcon.colcon_core.shell:Creating environment hook '/home/maryammahmood/PID_based_control_rrbot/PID-based-SCARA-Robot-Position-and-Velocity-Control-And-Manipulation/src/install/rrbot_gazebo/share/rrbot_gazebo/hook/cmake_prefix_path.sh'
[13.409s] Level 1:colcon.colcon_core.environment:checking '/home/maryammahmood/PID_based_control_rrbot/PID-based-SCARA-Robot-Position-and-Velocity-Control-And-Manipulation/src/install/rrbot_gazebo/lib'
[13.409s] Level 1:colcon.colcon_core.environment:checking '/home/maryammahmood/PID_based_control_rrbot/PID-based-SCARA-Robot-Position-and-Velocity-Control-And-Manipulation/src/install/rrbot_gazebo/bin'
[13.409s] Level 1:colcon.colcon_core.environment:checking '/home/maryammahmood/PID_based_control_rrbot/PID-based-SCARA-Robot-Position-and-Velocity-Control-And-Manipulation/src/install/rrbot_gazebo/lib/pkgconfig/rrbot_gazebo.pc'
[13.409s] Level 1:colcon.colcon_core.environment:checking '/home/maryammahmood/PID_based_control_rrbot/PID-based-SCARA-Robot-Position-and-Velocity-Control-And-Manipulation/src/install/rrbot_gazebo/lib/python3.10/site-packages'
[13.409s] Level 1:colcon.colcon_core.environment:checking '/home/maryammahmood/PID_based_control_rrbot/PID-based-SCARA-Robot-Position-and-Velocity-Control-And-Manipulation/src/install/rrbot_gazebo/bin'
[13.410s] INFO:colcon.colcon_core.shell:Creating package script '/home/maryammahmood/PID_based_control_rrbot/PID-based-SCARA-Robot-Position-and-Velocity-Control-And-Manipulation/src/install/rrbot_gazebo/share/rrbot_gazebo/package.ps1'
[13.410s] INFO:colcon.colcon_core.shell:Creating package descriptor '/home/maryammahmood/PID_based_control_rrbot/PID-based-SCARA-Robot-Position-and-Velocity-Control-And-Manipulation/src/install/rrbot_gazebo/share/rrbot_gazebo/package.dsv'
[13.410s] INFO:colcon.colcon_core.shell:Creating package script '/home/maryammahmood/PID_based_control_rrbot/PID-based-SCARA-Robot-Position-and-Velocity-Control-And-Manipulation/src/install/rrbot_gazebo/share/rrbot_gazebo/package.sh'
[13.410s] INFO:colcon.colcon_core.shell:Creating package script '/home/maryammahmood/PID_based_control_rrbot/PID-based-SCARA-Robot-Position-and-Velocity-Control-And-Manipulation/src/install/rrbot_gazebo/share/rrbot_gazebo/package.bash'
[13.410s] INFO:colcon.colcon_core.shell:Creating package script '/home/maryammahmood/PID_based_control_rrbot/PID-based-SCARA-Robot-Position-and-Velocity-Control-And-Manipulation/src/install/rrbot_gazebo/share/rrbot_gazebo/package.zsh'
[13.411s] Level 1:colcon.colcon_core.environment:create_file_with_runtime_dependencies(/home/maryammahmood/PID_based_control_rrbot/PID-based-SCARA-Robot-Position-and-Velocity-Control-And-Manipulation/src/install/rrbot_gazebo/share/colcon-core/packages/rrbot_gazebo)
[13.475s] Level 1:colcon.colcon_core.environment:create_environment_scripts_only(rrbot_gazebo)
[13.475s] Level 1:colcon.colcon_core.environment:checking '/home/maryammahmood/PID_based_control_rrbot/PID-based-SCARA-Robot-Position-and-Velocity-Control-And-Manipulation/src/install/rrbot_gazebo' for CMake module files
[13.476s] Level 1:colcon.colcon_core.environment:checking '/home/maryammahmood/PID_based_control_rrbot/PID-based-SCARA-Robot-Position-and-Velocity-Control-And-Manipulation/src/install/rrbot_gazebo' for CMake config files
[13.476s] Level 1:colcon.colcon_core.shell:create_environment_hook('rrbot_gazebo', 'cmake_prefix_path')
[13.476s] INFO:colcon.colcon_core.shell:Creating environment hook '/home/maryammahmood/PID_based_control_rrbot/PID-based-SCARA-Robot-Position-and-Velocity-Control-And-Manipulation/src/install/rrbot_gazebo/share/rrbot_gazebo/hook/cmake_prefix_path.ps1'
[13.476s] INFO:colcon.colcon_core.shell:Creating environment descriptor '/home/maryammahmood/PID_based_control_rrbot/PID-based-SCARA-Robot-Position-and-Velocity-Control-And-Manipulation/src/install/rrbot_gazebo/share/rrbot_gazebo/hook/cmake_prefix_path.dsv'
[13.476s] INFO:colcon.colcon_core.shell:Creating environment hook '/home/maryammahmood/PID_based_control_rrbot/PID-based-SCARA-Robot-Position-and-Velocity-Control-And-Manipulation/src/install/rrbot_gazebo/share/rrbot_gazebo/hook/cmake_prefix_path.sh'
[13.477s] Level 1:colcon.colcon_core.environment:checking '/home/maryammahmood/PID_based_control_rrbot/PID-based-SCARA-Robot-Position-and-Velocity-Control-And-Manipulation/src/install/rrbot_gazebo/lib'
[13.477s] Level 1:colcon.colcon_core.environment:checking '/home/maryammahmood/PID_based_control_rrbot/PID-based-SCARA-Robot-Position-and-Velocity-Control-And-Manipulation/src/install/rrbot_gazebo/bin'
[13.477s] Level 1:colcon.colcon_core.environment:checking '/home/maryammahmood/PID_based_control_rrbot/PID-based-SCARA-Robot-Position-and-Velocity-Control-And-Manipulation/src/install/rrbot_gazebo/lib/pkgconfig/rrbot_gazebo.pc'
[13.477s] Level 1:colcon.colcon_core.environment:checking '/home/maryammahmood/PID_based_control_rrbot/PID-based-SCARA-Robot-Position-and-Velocity-Control-And-Manipulation/src/install/rrbot_gazebo/lib/python3.10/site-packages'
[13.477s] Level 1:colcon.colcon_core.environment:checking '/home/maryammahmood/PID_based_control_rrbot/PID-based-SCARA-Robot-Position-and-Velocity-Control-And-Manipulation/src/install/rrbot_gazebo/bin'
[13.477s] INFO:colcon.colcon_core.shell:Creating package script '/home/maryammahmood/PID_based_control_rrbot/PID-based-SCARA-Robot-Position-and-Velocity-Control-And-Manipulation/src/install/rrbot_gazebo/share/rrbot_gazebo/package.ps1'
[13.478s] INFO:colcon.colcon_core.shell:Creating package descriptor '/home/maryammahmood/PID_based_control_rrbot/PID-based-SCARA-Robot-Position-and-Velocity-Control-And-Manipulation/src/install/rrbot_gazebo/share/rrbot_gazebo/package.dsv'
[13.478s] INFO:colcon.colcon_core.shell:Creating package script '/home/maryammahmood/PID_based_control_rrbot/PID-based-SCARA-Robot-Position-and-Velocity-Control-And-Manipulation/src/install/rrbot_gazebo/share/rrbot_gazebo/package.sh'
[13.478s] INFO:colcon.colcon_core.shell:Creating package script '/home/maryammahmood/PID_based_control_rrbot/PID-based-SCARA-Robot-Position-and-Velocity-Control-And-Manipulation/src/install/rrbot_gazebo/share/rrbot_gazebo/package.bash'
[13.478s] INFO:colcon.colcon_core.shell:Creating package script '/home/maryammahmood/PID_based_control_rrbot/PID-based-SCARA-Robot-Position-and-Velocity-Control-And-Manipulation/src/install/rrbot_gazebo/share/rrbot_gazebo/package.zsh'
[13.479s] Level 1:colcon.colcon_core.environment:create_file_with_runtime_dependencies(/home/maryammahmood/PID_based_control_rrbot/PID-based-SCARA-Robot-Position-and-Velocity-Control-And-Manipulation/src/install/rrbot_gazebo/share/colcon-core/packages/rrbot_gazebo)
[13.479s] DEBUG:colcon.colcon_parallel_executor.executor.parallel:closing loop
[13.479s] DEBUG:colcon.colcon_parallel_executor.executor.parallel:loop closed
[13.479s] DEBUG:colcon.colcon_parallel_executor.executor.parallel:run_until_complete finished with '0'
[13.479s] DEBUG:colcon.colcon_core.event_reactor:joining thread
[13.484s] INFO:colcon.colcon_core.plugin_system:Skipping extension 'colcon_notification.desktop_notification.terminal_notifier': Not used on non-Darwin systems
[13.484s] INFO:colcon.colcon_core.plugin_system:Skipping extension 'colcon_notification.desktop_notification.win32': Not used on non-Windows systems
[13.484s] INFO:colcon.colcon_notification.desktop_notification:Sending desktop notification using 'notify2'
[13.495s] DEBUG:colcon.colcon_core.event_reactor:joined thread
[13.495s] INFO:colcon.colcon_core.shell:Creating prefix script '/home/maryammahmood/PID_based_control_rrbot/PID-based-SCARA-Robot-Position-and-Velocity-Control-And-Manipulation/src/install/local_setup.ps1'
[13.496s] INFO:colcon.colcon_core.shell:Creating prefix util module '/home/maryammahmood/PID_based_control_rrbot/PID-based-SCARA-Robot-Position-and-Velocity-Control-And-Manipulation/src/install/_local_setup_util_ps1.py'
[13.498s] INFO:colcon.colcon_core.shell:Creating prefix chain script '/home/maryammahmood/PID_based_control_rrbot/PID-based-SCARA-Robot-Position-and-Velocity-Control-And-Manipulation/src/install/setup.ps1'
[13.500s] INFO:colcon.colcon_core.shell:Creating prefix script '/home/maryammahmood/PID_based_control_rrbot/PID-based-SCARA-Robot-Position-and-Velocity-Control-And-Manipulation/src/install/local_setup.sh'
[13.501s] INFO:colcon.colcon_core.shell:Creating prefix util module '/home/maryammahmood/PID_based_control_rrbot/PID-based-SCARA-Robot-Position-and-Velocity-Control-And-Manipulation/src/install/_local_setup_util_sh.py'
[13.501s] INFO:colcon.colcon_core.shell:Creating prefix chain script '/home/maryammahmood/PID_based_control_rrbot/PID-based-SCARA-Robot-Position-and-Velocity-Control-And-Manipulation/src/install/setup.sh'
[13.504s] INFO:colcon.colcon_core.shell:Creating prefix script '/home/maryammahmood/PID_based_control_rrbot/PID-based-SCARA-Robot-Position-and-Velocity-Control-And-Manipulation/src/install/local_setup.bash'
[13.505s] INFO:colcon.colcon_core.shell:Creating prefix chain script '/home/maryammahmood/PID_based_control_rrbot/PID-based-SCARA-Robot-Position-and-Velocity-Control-And-Manipulation/src/install/setup.bash'
[13.507s] INFO:colcon.colcon_core.shell:Creating prefix script '/home/maryammahmood/PID_based_control_rrbot/PID-based-SCARA-Robot-Position-and-Velocity-Control-And-Manipulation/src/install/local_setup.zsh'
[13.507s] INFO:colcon.colcon_core.shell:Creating prefix chain script '/home/maryammahmood/PID_based_control_rrbot/PID-based-SCARA-Robot-Position-and-Velocity-Control-And-Manipulation/src/install/setup.zsh'
