[0.012s] Invoking command in '/home/maryammahmood/PID_based_control_rrbot/PID-based-SCARA-Robot-Position-and-Velocity-Control-And-Manipulation/src/rrbot_simulation_files/rrbot_gazebo/build/rrbot_gazebo': CMAKE_PREFIX_PATH=${CMAKE_PREFIX_PATH}:/home/maryammahmood/ws_moveit2/install/moveit_configs_utils:/home/maryammahmood/ws_moveit2/install/launch_param_builder:/opt/ros/humble /usr/bin/cmake /home/maryammahmood/PID_based_control_rrbot/PID-based-SCARA-Robot-Position-and-Velocity-Control-And-Manipulation/src/rrbot_simulation_files/rrbot_gazebo -DAMENT_CMAKE_SYMLINK_INSTALL=1 -DCMAKE_INSTALL_PREFIX=/home/maryammahmood/PID_based_control_rrbot/PID-based-SCARA-Robot-Position-and-Velocity-Control-And-Manipulation/src/rrbot_simulation_files/rrbot_gazebo/install/rrbot_gazebo
[0.075s] -- The C compiler identification is GNU 11.4.0
[0.131s] -- The CXX compiler identification is GNU 11.4.0
[0.138s] -- Detecting C compiler ABI info
[0.218s] -- Detecting C compiler ABI info - done
[0.228s] -- Check for working C compiler: /usr/bin/cc - skipped
[0.229s] -- Detecting C compile features
[0.229s] -- Detecting C compile features - done
[0.233s] -- Detecting CXX compiler ABI info
[0.308s] -- Detecting CXX compiler ABI info - done
[0.313s] -- Check for working CXX compiler: /usr/bin/c++ - skipped
[0.313s] -- Detecting CXX compile features
[0.313s] -- Detecting CXX compile features - done
[0.318s] -- Found ament_cmake: 1.3.10 (/opt/ros/humble/share/ament_cmake/cmake)
[0.472s] -- Found Python3: /usr/bin/python3 (found version "3.10.12") found components: Interpreter 
[0.519s] -- Override CMake install command with custom implementation using symlinks instead of copying resources
[0.589s] -- Found rclcpp: 16.0.10 (/opt/ros/humble/share/rclcpp/cmake)
[0.655s] -- Found rosidl_generator_c: 3.1.5 (/opt/ros/humble/share/rosidl_generator_c/cmake)
[0.665s] -- Found rosidl_adapter: 3.1.5 (/opt/ros/humble/share/rosidl_adapter/cmake)
[0.677s] -- Found rosidl_generator_cpp: 3.1.5 (/opt/ros/humble/share/rosidl_generator_cpp/cmake)
[0.693s] -- Using all available rosidl_typesupport_c: rosidl_typesupport_fastrtps_c;rosidl_typesupport_introspection_c
[0.716s] -- Using all available rosidl_typesupport_cpp: rosidl_typesupport_fastrtps_cpp;rosidl_typesupport_introspection_cpp
[0.781s] -- Found rmw_implementation_cmake: 6.1.2 (/opt/ros/humble/share/rmw_implementation_cmake/cmake)
[0.787s] -- Found rmw_fastrtps_cpp: 6.2.7 (/opt/ros/humble/share/rmw_fastrtps_cpp/cmake)
[0.920s] -- Found OpenSSL: /usr/lib/x86_64-linux-gnu/libcrypto.so (found version "3.0.2")  
[0.958s] -- Found FastRTPS: /opt/ros/humble/include  
[1.005s] -- Using RMW implementation 'rmw_fastrtps_cpp' as default
[1.024s] -- Looking for pthread.h
[1.101s] -- Looking for pthread.h - found
[1.102s] -- Performing Test CMAKE_HAVE_LIBC_PTHREAD
[1.182s] -- Performing Test CMAKE_HAVE_LIBC_PTHREAD - Success
[1.184s] -- Found Threads: TRUE  
[1.237s] -- Found sensor_msgs: 4.2.4 (/opt/ros/humble/share/sensor_msgs/cmake)
[1.264s] -- Found controller_manager_msgs: 2.43.1 (/opt/ros/humble/share/controller_manager_msgs/cmake)
[1.283s] -- Found custom_interfaces: 0.0.0 (/home/maryammahmood/PID_based_control_rrbot/PID-based-SCARA-Robot-Position-and-Velocity-Control-And-Manipulation/src/install/custom_interfaces/share/custom_interfaces/cmake)
[1.294s] -- Found example_interfaces: 0.9.3 (/opt/ros/humble/share/example_interfaces/cmake)
[1.394s] -- Configuring done
[1.409s] -- Generating done
[1.411s] -- Build files have been written to: /home/maryammahmood/PID_based_control_rrbot/PID-based-SCARA-Robot-Position-and-Velocity-Control-And-Manipulation/src/rrbot_simulation_files/rrbot_gazebo/build/rrbot_gazebo
[1.418s] Invoked command in '/home/maryammahmood/PID_based_control_rrbot/PID-based-SCARA-Robot-Position-and-Velocity-Control-And-Manipulation/src/rrbot_simulation_files/rrbot_gazebo/build/rrbot_gazebo' returned '0': CMAKE_PREFIX_PATH=${CMAKE_PREFIX_PATH}:/home/maryammahmood/ws_moveit2/install/moveit_configs_utils:/home/maryammahmood/ws_moveit2/install/launch_param_builder:/opt/ros/humble /usr/bin/cmake /home/maryammahmood/PID_based_control_rrbot/PID-based-SCARA-Robot-Position-and-Velocity-Control-And-Manipulation/src/rrbot_simulation_files/rrbot_gazebo -DAMENT_CMAKE_SYMLINK_INSTALL=1 -DCMAKE_INSTALL_PREFIX=/home/maryammahmood/PID_based_control_rrbot/PID-based-SCARA-Robot-Position-and-Velocity-Control-And-Manipulation/src/rrbot_simulation_files/rrbot_gazebo/install/rrbot_gazebo
[1.420s] Invoking command in '/home/maryammahmood/PID_based_control_rrbot/PID-based-SCARA-Robot-Position-and-Velocity-Control-And-Manipulation/src/rrbot_simulation_files/rrbot_gazebo/build/rrbot_gazebo': CMAKE_PREFIX_PATH=${CMAKE_PREFIX_PATH}:/home/maryammahmood/ws_moveit2/install/moveit_configs_utils:/home/maryammahmood/ws_moveit2/install/launch_param_builder:/opt/ros/humble /usr/bin/cmake --build /home/maryammahmood/PID_based_control_rrbot/PID-based-SCARA-Robot-Position-and-Velocity-Control-And-Manipulation/src/rrbot_simulation_files/rrbot_gazebo/build/rrbot_gazebo -- -j24 -l24
[1.475s] [ 16%] [32mBuilding CXX object CMakeFiles/fkin_publisher.dir/src/position_publisher.cpp.o[0m
[1.475s] [ 16%] [32mBuilding CXX object CMakeFiles/switch_eff.dir/src/controller_effort_switch.cpp.o[0m
[1.476s] [ 25%] [32mBuilding CXX object CMakeFiles/joint_effort_control.dir/src/joint_effort_controller.cpp.o[0m
[1.479s] [ 33%] [32mBuilding CXX object CMakeFiles/ikin_publisher.dir/src/joint_state_publisher.cpp.o[0m
[1.479s] [ 41%] [32mBuilding CXX object CMakeFiles/switch_vel.dir/src/controller_velocity_switch.cpp.o[0m
[1.480s] [ 50%] [32mBuilding CXX object CMakeFiles/end_eff_vel_control.dir/src/end_effector_velocity_controller.cpp.o[0m
[3.554s] [ 58%] [32m[1mLinking CXX executable switch_eff[0m
[3.586s] [ 66%] [32m[1mLinking CXX executable switch_vel[0m
[3.667s] [ 66%] Built target switch_eff
[3.680s] [ 75%] [32m[1mLinking CXX executable ikin_publisher[0m
[3.705s] [ 75%] Built target switch_vel
[3.787s] [ 75%] Built target ikin_publisher
[6.542s] [ 83%] [32m[1mLinking CXX executable fkin_publisher[0m
[6.810s] [ 83%] Built target fkin_publisher
[6.849s] [ 91%] [32m[1mLinking CXX executable joint_effort_control[0m
[7.114s] [100%] [32m[1mLinking CXX executable end_eff_vel_control[0m
[7.134s] [100%] Built target joint_effort_control
[7.425s] [100%] Built target end_eff_vel_control
[7.436s] Invoked command in '/home/maryammahmood/PID_based_control_rrbot/PID-based-SCARA-Robot-Position-and-Velocity-Control-And-Manipulation/src/rrbot_simulation_files/rrbot_gazebo/build/rrbot_gazebo' returned '0': CMAKE_PREFIX_PATH=${CMAKE_PREFIX_PATH}:/home/maryammahmood/ws_moveit2/install/moveit_configs_utils:/home/maryammahmood/ws_moveit2/install/launch_param_builder:/opt/ros/humble /usr/bin/cmake --build /home/maryammahmood/PID_based_control_rrbot/PID-based-SCARA-Robot-Position-and-Velocity-Control-And-Manipulation/src/rrbot_simulation_files/rrbot_gazebo/build/rrbot_gazebo -- -j24 -l24
[7.526s] Invoking command in '/home/maryammahmood/PID_based_control_rrbot/PID-based-SCARA-Robot-Position-and-Velocity-Control-And-Manipulation/src/rrbot_simulation_files/rrbot_gazebo/build/rrbot_gazebo': CMAKE_PREFIX_PATH=${CMAKE_PREFIX_PATH}:/home/maryammahmood/ws_moveit2/install/moveit_configs_utils:/home/maryammahmood/ws_moveit2/install/launch_param_builder:/opt/ros/humble /usr/bin/cmake --install /home/maryammahmood/PID_based_control_rrbot/PID-based-SCARA-Robot-Position-and-Velocity-Control-And-Manipulation/src/rrbot_simulation_files/rrbot_gazebo/build/rrbot_gazebo
[7.537s] -- Install configuration: ""
[7.538s] -- Execute custom install script
[7.538s] -- Symlinking: /home/maryammahmood/PID_based_control_rrbot/PID-based-SCARA-Robot-Position-and-Velocity-Control-And-Manipulation/src/rrbot_simulation_files/rrbot_gazebo/install/rrbot_gazebo/lib/rrbot_gazebo/fkin_publisher
[7.549s] -- Symlinking: /home/maryammahmood/PID_based_control_rrbot/PID-based-SCARA-Robot-Position-and-Velocity-Control-And-Manipulation/src/rrbot_simulation_files/rrbot_gazebo/install/rrbot_gazebo/lib/rrbot_gazebo/ikin_publisher
[7.560s] -- Symlinking: /home/maryammahmood/PID_based_control_rrbot/PID-based-SCARA-Robot-Position-and-Velocity-Control-And-Manipulation/src/rrbot_simulation_files/rrbot_gazebo/install/rrbot_gazebo/lib/rrbot_gazebo/switch_eff
[7.572s] -- Symlinking: /home/maryammahmood/PID_based_control_rrbot/PID-based-SCARA-Robot-Position-and-Velocity-Control-And-Manipulation/src/rrbot_simulation_files/rrbot_gazebo/install/rrbot_gazebo/lib/rrbot_gazebo/switch_vel
[7.583s] -- Symlinking: /home/maryammahmood/PID_based_control_rrbot/PID-based-SCARA-Robot-Position-and-Velocity-Control-And-Manipulation/src/rrbot_simulation_files/rrbot_gazebo/install/rrbot_gazebo/lib/rrbot_gazebo/joint_effort_control
[7.595s] -- Symlinking: /home/maryammahmood/PID_based_control_rrbot/PID-based-SCARA-Robot-Position-and-Velocity-Control-And-Manipulation/src/rrbot_simulation_files/rrbot_gazebo/install/rrbot_gazebo/lib/rrbot_gazebo/end_eff_vel_control
[7.604s] -- Symlinking: /home/maryammahmood/PID_based_control_rrbot/PID-based-SCARA-Robot-Position-and-Velocity-Control-And-Manipulation/src/rrbot_simulation_files/rrbot_gazebo/install/rrbot_gazebo/share/rrbot_gazebo/launch/rrbot_world.launch.py
[7.615s] -- Symlinking: /home/maryammahmood/PID_based_control_rrbot/PID-based-SCARA-Robot-Position-and-Velocity-Control-And-Manipulation/src/rrbot_simulation_files/rrbot_gazebo/install/rrbot_gazebo/share/rrbot_gazebo/worlds/rrbot.world
[7.623s] -- Symlinking: /home/maryammahmood/PID_based_control_rrbot/PID-based-SCARA-Robot-Position-and-Velocity-Control-And-Manipulation/src/rrbot_simulation_files/rrbot_gazebo/install/rrbot_gazebo/share/rrbot_gazebo/config/controllers.yaml
[7.632s] -- Symlinking: /home/maryammahmood/PID_based_control_rrbot/PID-based-SCARA-Robot-Position-and-Velocity-Control-And-Manipulation/src/rrbot_simulation_files/rrbot_gazebo/install/rrbot_gazebo/share/rrbot_gazebo/config/gazebo_controllers.yaml
[7.640s] -- Symlinking: /home/maryammahmood/PID_based_control_rrbot/PID-based-SCARA-Robot-Position-and-Velocity-Control-And-Manipulation/src/rrbot_simulation_files/rrbot_gazebo/install/rrbot_gazebo/share/ament_index/resource_index/package_run_dependencies/rrbot_gazebo
[7.650s] -- Symlinking: /home/maryammahmood/PID_based_control_rrbot/PID-based-SCARA-Robot-Position-and-Velocity-Control-And-Manipulation/src/rrbot_simulation_files/rrbot_gazebo/install/rrbot_gazebo/share/ament_index/resource_index/parent_prefix_path/rrbot_gazebo
[7.660s] -- Symlinking: /home/maryammahmood/PID_based_control_rrbot/PID-based-SCARA-Robot-Position-and-Velocity-Control-And-Manipulation/src/rrbot_simulation_files/rrbot_gazebo/install/rrbot_gazebo/share/rrbot_gazebo/environment/ament_prefix_path.sh
[7.672s] -- Symlinking: /home/maryammahmood/PID_based_control_rrbot/PID-based-SCARA-Robot-Position-and-Velocity-Control-And-Manipulation/src/rrbot_simulation_files/rrbot_gazebo/install/rrbot_gazebo/share/rrbot_gazebo/environment/ament_prefix_path.dsv
[7.684s] -- Symlinking: /home/maryammahmood/PID_based_control_rrbot/PID-based-SCARA-Robot-Position-and-Velocity-Control-And-Manipulation/src/rrbot_simulation_files/rrbot_gazebo/install/rrbot_gazebo/share/rrbot_gazebo/environment/path.sh
[7.694s] -- Symlinking: /home/maryammahmood/PID_based_control_rrbot/PID-based-SCARA-Robot-Position-and-Velocity-Control-And-Manipulation/src/rrbot_simulation_files/rrbot_gazebo/install/rrbot_gazebo/share/rrbot_gazebo/environment/path.dsv
[7.706s] -- Symlinking: /home/maryammahmood/PID_based_control_rrbot/PID-based-SCARA-Robot-Position-and-Velocity-Control-And-Manipulation/src/rrbot_simulation_files/rrbot_gazebo/install/rrbot_gazebo/share/rrbot_gazebo/local_setup.bash
[7.719s] -- Symlinking: /home/maryammahmood/PID_based_control_rrbot/PID-based-SCARA-Robot-Position-and-Velocity-Control-And-Manipulation/src/rrbot_simulation_files/rrbot_gazebo/install/rrbot_gazebo/share/rrbot_gazebo/local_setup.sh
[7.727s] -- Symlinking: /home/maryammahmood/PID_based_control_rrbot/PID-based-SCARA-Robot-Position-and-Velocity-Control-And-Manipulation/src/rrbot_simulation_files/rrbot_gazebo/install/rrbot_gazebo/share/rrbot_gazebo/local_setup.zsh
[7.735s] -- Symlinking: /home/maryammahmood/PID_based_control_rrbot/PID-based-SCARA-Robot-Position-and-Velocity-Control-And-Manipulation/src/rrbot_simulation_files/rrbot_gazebo/install/rrbot_gazebo/share/rrbot_gazebo/local_setup.dsv
[7.746s] -- Symlinking: /home/maryammahmood/PID_based_control_rrbot/PID-based-SCARA-Robot-Position-and-Velocity-Control-And-Manipulation/src/rrbot_simulation_files/rrbot_gazebo/install/rrbot_gazebo/share/rrbot_gazebo/package.dsv
[7.756s] -- Symlinking: /home/maryammahmood/PID_based_control_rrbot/PID-based-SCARA-Robot-Position-and-Velocity-Control-And-Manipulation/src/rrbot_simulation_files/rrbot_gazebo/install/rrbot_gazebo/share/ament_index/resource_index/packages/rrbot_gazebo
[7.765s] -- Symlinking: /home/maryammahmood/PID_based_control_rrbot/PID-based-SCARA-Robot-Position-and-Velocity-Control-And-Manipulation/src/rrbot_simulation_files/rrbot_gazebo/install/rrbot_gazebo/share/rrbot_gazebo/cmake/rrbot_gazeboConfig.cmake
[7.778s] -- Symlinking: /home/maryammahmood/PID_based_control_rrbot/PID-based-SCARA-Robot-Position-and-Velocity-Control-And-Manipulation/src/rrbot_simulation_files/rrbot_gazebo/install/rrbot_gazebo/share/rrbot_gazebo/cmake/rrbot_gazeboConfig-version.cmake
[7.789s] -- Symlinking: /home/maryammahmood/PID_based_control_rrbot/PID-based-SCARA-Robot-Position-and-Velocity-Control-And-Manipulation/src/rrbot_simulation_files/rrbot_gazebo/install/rrbot_gazebo/share/rrbot_gazebo/package.xml
[7.804s] Invoked command in '/home/maryammahmood/PID_based_control_rrbot/PID-based-SCARA-Robot-Position-and-Velocity-Control-And-Manipulation/src/rrbot_simulation_files/rrbot_gazebo/build/rrbot_gazebo' returned '0': CMAKE_PREFIX_PATH=${CMAKE_PREFIX_PATH}:/home/maryammahmood/ws_moveit2/install/moveit_configs_utils:/home/maryammahmood/ws_moveit2/install/launch_param_builder:/opt/ros/humble /usr/bin/cmake --install /home/maryammahmood/PID_based_control_rrbot/PID-based-SCARA-Robot-Position-and-Velocity-Control-And-Manipulation/src/rrbot_simulation_files/rrbot_gazebo/build/rrbot_gazebo
