[0.028s] Invoking command in '/home/maryammahmood/PID_own_urdf/src/build/custom_interfaces': CMAKE_PREFIX_PATH=${CMAKE_PREFIX_PATH}:/home/maryammahmood/ws_moveit2/install/moveit_configs_utils:/home/maryammahmood/ws_moveit2/install/launch_param_builder:/opt/ros/humble /usr/bin/cmake --build /home/maryammahmood/PID_own_urdf/src/build/custom_interfaces -- -j24 -l24
[0.104s] [35m[1mConsolidate compiler generated dependencies of target custom_interfaces__rosidl_generator_c[0m
[0.123s] [  1%] Built target custom_interfaces__cpp
[0.126s] [ 12%] Built target custom_interfaces__rosidl_generator_c
[0.140s] [ 12%] Built target ament_cmake_python_symlink_custom_interfaces
[0.146s] [35m[1mConsolidate compiler generated dependencies of target custom_interfaces__rosidl_typesupport_cpp[0m
[0.148s] [35m[1mConsolidate compiler generated dependencies of target custom_interfaces__rosidl_typesupport_fastrtps_cpp[0m
[0.148s] [35m[1mConsolidate compiler generated dependencies of target custom_interfaces__rosidl_typesupport_c[0m
[0.149s] [35m[1mConsolidate compiler generated dependencies of target custom_interfaces__rosidl_typesupport_fastrtps_c[0m
[0.151s] [35m[1mConsolidate compiler generated dependencies of target custom_interfaces__rosidl_typesupport_introspection_c[0m
[0.151s] [35m[1mConsolidate compiler generated dependencies of target custom_interfaces__rosidl_typesupport_introspection_cpp[0m
[0.175s] [ 23%] Built target custom_interfaces__rosidl_typesupport_c
[0.175s] [ 34%] Built target custom_interfaces__rosidl_typesupport_cpp
[0.178s] [ 45%] Built target custom_interfaces__rosidl_typesupport_introspection_c
[0.178s] [ 56%] Built target custom_interfaces__rosidl_typesupport_fastrtps_cpp
[0.180s] [ 67%] Built target custom_interfaces__rosidl_typesupport_fastrtps_c
[0.182s] [ 78%] Built target custom_interfaces__rosidl_typesupport_introspection_cpp
[0.219s] [ 78%] Built target custom_interfaces
[0.255s] [ 80%] Built target custom_interfaces__py
[0.274s] [35m[1mConsolidate compiler generated dependencies of target custom_interfaces__rosidl_generator_py[0m
[0.298s] [ 89%] Built target custom_interfaces__rosidl_generator_py
[0.315s] [35m[1mConsolidate compiler generated dependencies of target custom_interfaces__rosidl_typesupport_fastrtps_c__pyext[0m
[0.315s] [35m[1mConsolidate compiler generated dependencies of target custom_interfaces__rosidl_typesupport_introspection_c__pyext[0m
[0.321s] [35m[1mConsolidate compiler generated dependencies of target custom_interfaces__rosidl_typesupport_c__pyext[0m
[0.335s] [ 92%] Built target custom_interfaces__rosidl_typesupport_introspection_c__pyext
[0.337s] [ 96%] Built target custom_interfaces__rosidl_typesupport_fastrtps_c__pyext
[0.342s] [100%] Built target custom_interfaces__rosidl_typesupport_c__pyext
[0.432s] running egg_info
[0.433s] writing custom_interfaces.egg-info/PKG-INFO
[0.433s] writing dependency_links to custom_interfaces.egg-info/dependency_links.txt
[0.433s] writing top-level names to custom_interfaces.egg-info/top_level.txt
[0.436s] reading manifest file 'custom_interfaces.egg-info/SOURCES.txt'
[0.436s] writing manifest file 'custom_interfaces.egg-info/SOURCES.txt'
[0.468s] [100%] Built target ament_cmake_python_build_custom_interfaces_egg
[0.486s] Invoked command in '/home/maryammahmood/PID_own_urdf/src/build/custom_interfaces' returned '0': CMAKE_PREFIX_PATH=${CMAKE_PREFIX_PATH}:/home/maryammahmood/ws_moveit2/install/moveit_configs_utils:/home/maryammahmood/ws_moveit2/install/launch_param_builder:/opt/ros/humble /usr/bin/cmake --build /home/maryammahmood/PID_own_urdf/src/build/custom_interfaces -- -j24 -l24
[0.489s] Invoking command in '/home/maryammahmood/PID_own_urdf/src/build/custom_interfaces': CMAKE_PREFIX_PATH=${CMAKE_PREFIX_PATH}:/home/maryammahmood/ws_moveit2/install/moveit_configs_utils:/home/maryammahmood/ws_moveit2/install/launch_param_builder:/opt/ros/humble /usr/bin/cmake --install /home/maryammahmood/PID_own_urdf/src/build/custom_interfaces
[0.500s] -- Install configuration: ""
[0.501s] -- Execute custom install script
[0.501s] -- Up-to-date symlink: /home/maryammahmood/PID_own_urdf/src/install/custom_interfaces/share/ament_index/resource_index/rosidl_interfaces/custom_interfaces
[0.502s] -- Up-to-date symlink: /home/maryammahmood/PID_own_urdf/src/install/custom_interfaces/include/custom_interfaces/custom_interfaces/msg/rosidl_generator_c__visibility_control.h
[0.502s] -- Up-to-date symlink: /home/maryammahmood/PID_own_urdf/src/install/custom_interfaces/include/custom_interfaces/custom_interfaces/srv/detail/find_joint_states__functions.h
[0.502s] -- Up-to-date symlink: /home/maryammahmood/PID_own_urdf/src/install/custom_interfaces/include/custom_interfaces/custom_interfaces/srv/detail/find_joint_states__struct.h
[0.502s] -- Up-to-date symlink: /home/maryammahmood/PID_own_urdf/src/install/custom_interfaces/include/custom_interfaces/custom_interfaces/srv/detail/find_joint_states__type_support.h
[0.503s] -- Up-to-date symlink: /home/maryammahmood/PID_own_urdf/src/install/custom_interfaces/include/custom_interfaces/custom_interfaces/srv/detail/set_end_effector_velocity__functions.h
[0.503s] -- Up-to-date symlink: /home/maryammahmood/PID_own_urdf/src/install/custom_interfaces/include/custom_interfaces/custom_interfaces/srv/detail/set_end_effector_velocity__struct.h
[0.503s] -- Up-to-date symlink: /home/maryammahmood/PID_own_urdf/src/install/custom_interfaces/include/custom_interfaces/custom_interfaces/srv/detail/set_end_effector_velocity__type_support.h
[0.503s] -- Up-to-date symlink: /home/maryammahmood/PID_own_urdf/src/install/custom_interfaces/include/custom_interfaces/custom_interfaces/srv/detail/set_joint_states__functions.h
[0.503s] -- Up-to-date symlink: /home/maryammahmood/PID_own_urdf/src/install/custom_interfaces/include/custom_interfaces/custom_interfaces/srv/detail/set_joint_states__struct.h
[0.503s] -- Up-to-date symlink: /home/maryammahmood/PID_own_urdf/src/install/custom_interfaces/include/custom_interfaces/custom_interfaces/srv/detail/set_joint_states__type_support.h
[0.503s] -- Up-to-date symlink: /home/maryammahmood/PID_own_urdf/src/install/custom_interfaces/include/custom_interfaces/custom_interfaces/srv/detail/set_joint_velocity__functions.h
[0.503s] -- Up-to-date symlink: /home/maryammahmood/PID_own_urdf/src/install/custom_interfaces/include/custom_interfaces/custom_interfaces/srv/detail/set_joint_velocity__struct.h
[0.503s] -- Up-to-date symlink: /home/maryammahmood/PID_own_urdf/src/install/custom_interfaces/include/custom_interfaces/custom_interfaces/srv/detail/set_joint_velocity__type_support.h
[0.503s] -- Up-to-date symlink: /home/maryammahmood/PID_own_urdf/src/install/custom_interfaces/include/custom_interfaces/custom_interfaces/srv/find_joint_states.h
[0.503s] -- Up-to-date symlink: /home/maryammahmood/PID_own_urdf/src/install/custom_interfaces/include/custom_interfaces/custom_interfaces/srv/set_end_effector_velocity.h
[0.504s] -- Up-to-date symlink: /home/maryammahmood/PID_own_urdf/src/install/custom_interfaces/include/custom_interfaces/custom_interfaces/srv/set_joint_states.h
[0.504s] -- Up-to-date symlink: /home/maryammahmood/PID_own_urdf/src/install/custom_interfaces/include/custom_interfaces/custom_interfaces/srv/set_joint_velocity.h
[0.504s] -- Up-to-date symlink: /home/maryammahmood/PID_own_urdf/src/install/custom_interfaces/share/custom_interfaces/environment/library_path.sh
[0.504s] -- Up-to-date symlink: /home/maryammahmood/PID_own_urdf/src/install/custom_interfaces/share/custom_interfaces/environment/library_path.dsv
[0.504s] -- Up-to-date symlink: /home/maryammahmood/PID_own_urdf/src/install/custom_interfaces/include/custom_interfaces/custom_interfaces/msg/rosidl_typesupport_fastrtps_c__visibility_control.h
[0.504s] -- Up-to-date symlink: /home/maryammahmood/PID_own_urdf/src/install/custom_interfaces/include/custom_interfaces/custom_interfaces/srv/detail/find_joint_states__rosidl_typesupport_fastrtps_c.h
[0.504s] -- Up-to-date symlink: /home/maryammahmood/PID_own_urdf/src/install/custom_interfaces/include/custom_interfaces/custom_interfaces/srv/detail/set_end_effector_velocity__rosidl_typesupport_fastrtps_c.h
[0.504s] -- Up-to-date symlink: /home/maryammahmood/PID_own_urdf/src/install/custom_interfaces/include/custom_interfaces/custom_interfaces/srv/detail/set_joint_states__rosidl_typesupport_fastrtps_c.h
[0.504s] -- Up-to-date symlink: /home/maryammahmood/PID_own_urdf/src/install/custom_interfaces/include/custom_interfaces/custom_interfaces/srv/detail/set_joint_velocity__rosidl_typesupport_fastrtps_c.h
[0.504s] -- Up-to-date symlink: /home/maryammahmood/PID_own_urdf/src/install/custom_interfaces/include/custom_interfaces/custom_interfaces/msg/rosidl_typesupport_introspection_c__visibility_control.h
[0.505s] -- Up-to-date symlink: /home/maryammahmood/PID_own_urdf/src/install/custom_interfaces/include/custom_interfaces/custom_interfaces/srv/detail/find_joint_states__rosidl_typesupport_introspection_c.h
[0.505s] -- Up-to-date symlink: /home/maryammahmood/PID_own_urdf/src/install/custom_interfaces/include/custom_interfaces/custom_interfaces/srv/detail/set_end_effector_velocity__rosidl_typesupport_introspection_c.h
[0.505s] -- Up-to-date symlink: /home/maryammahmood/PID_own_urdf/src/install/custom_interfaces/include/custom_interfaces/custom_interfaces/srv/detail/set_joint_states__rosidl_typesupport_introspection_c.h
[0.505s] -- Up-to-date symlink: /home/maryammahmood/PID_own_urdf/src/install/custom_interfaces/include/custom_interfaces/custom_interfaces/srv/detail/set_joint_velocity__rosidl_typesupport_introspection_c.h
[0.505s] -- Up-to-date symlink: /home/maryammahmood/PID_own_urdf/src/install/custom_interfaces/include/custom_interfaces/custom_interfaces/msg/rosidl_generator_cpp__visibility_control.hpp
[0.505s] -- Up-to-date symlink: /home/maryammahmood/PID_own_urdf/src/install/custom_interfaces/include/custom_interfaces/custom_interfaces/srv/detail/find_joint_states__builder.hpp
[0.505s] -- Up-to-date symlink: /home/maryammahmood/PID_own_urdf/src/install/custom_interfaces/include/custom_interfaces/custom_interfaces/srv/detail/find_joint_states__struct.hpp
[0.506s] -- Up-to-date symlink: /home/maryammahmood/PID_own_urdf/src/install/custom_interfaces/include/custom_interfaces/custom_interfaces/srv/detail/find_joint_states__traits.hpp
[0.506s] -- Up-to-date symlink: /home/maryammahmood/PID_own_urdf/src/install/custom_interfaces/include/custom_interfaces/custom_interfaces/srv/detail/find_joint_states__type_support.hpp
[0.506s] -- Up-to-date symlink: /home/maryammahmood/PID_own_urdf/src/install/custom_interfaces/include/custom_interfaces/custom_interfaces/srv/detail/set_end_effector_velocity__builder.hpp
[0.506s] -- Up-to-date symlink: /home/maryammahmood/PID_own_urdf/src/install/custom_interfaces/include/custom_interfaces/custom_interfaces/srv/detail/set_end_effector_velocity__struct.hpp
[0.506s] -- Up-to-date symlink: /home/maryammahmood/PID_own_urdf/src/install/custom_interfaces/include/custom_interfaces/custom_interfaces/srv/detail/set_end_effector_velocity__traits.hpp
[0.506s] -- Up-to-date symlink: /home/maryammahmood/PID_own_urdf/src/install/custom_interfaces/include/custom_interfaces/custom_interfaces/srv/detail/set_end_effector_velocity__type_support.hpp
[0.507s] -- Up-to-date symlink: /home/maryammahmood/PID_own_urdf/src/install/custom_interfaces/include/custom_interfaces/custom_interfaces/srv/detail/set_joint_states__builder.hpp
[0.507s] -- Up-to-date symlink: /home/maryammahmood/PID_own_urdf/src/install/custom_interfaces/include/custom_interfaces/custom_interfaces/srv/detail/set_joint_states__struct.hpp
[0.507s] -- Up-to-date symlink: /home/maryammahmood/PID_own_urdf/src/install/custom_interfaces/include/custom_interfaces/custom_interfaces/srv/detail/set_joint_states__traits.hpp
[0.507s] -- Up-to-date symlink: /home/maryammahmood/PID_own_urdf/src/install/custom_interfaces/include/custom_interfaces/custom_interfaces/srv/detail/set_joint_states__type_support.hpp
[0.507s] -- Up-to-date symlink: /home/maryammahmood/PID_own_urdf/src/install/custom_interfaces/include/custom_interfaces/custom_interfaces/srv/detail/set_joint_velocity__builder.hpp
[0.507s] -- Up-to-date symlink: /home/maryammahmood/PID_own_urdf/src/install/custom_interfaces/include/custom_interfaces/custom_interfaces/srv/detail/set_joint_velocity__struct.hpp
[0.507s] -- Up-to-date symlink: /home/maryammahmood/PID_own_urdf/src/install/custom_interfaces/include/custom_interfaces/custom_interfaces/srv/detail/set_joint_velocity__traits.hpp
[0.507s] -- Up-to-date symlink: /home/maryammahmood/PID_own_urdf/src/install/custom_interfaces/include/custom_interfaces/custom_interfaces/srv/detail/set_joint_velocity__type_support.hpp
[0.507s] -- Up-to-date symlink: /home/maryammahmood/PID_own_urdf/src/install/custom_interfaces/include/custom_interfaces/custom_interfaces/srv/find_joint_states.hpp
[0.507s] -- Up-to-date symlink: /home/maryammahmood/PID_own_urdf/src/install/custom_interfaces/include/custom_interfaces/custom_interfaces/srv/set_end_effector_velocity.hpp
[0.507s] -- Up-to-date symlink: /home/maryammahmood/PID_own_urdf/src/install/custom_interfaces/include/custom_interfaces/custom_interfaces/srv/set_joint_states.hpp
[0.507s] -- Up-to-date symlink: /home/maryammahmood/PID_own_urdf/src/install/custom_interfaces/include/custom_interfaces/custom_interfaces/srv/set_joint_velocity.hpp
[0.507s] -- Up-to-date symlink: /home/maryammahmood/PID_own_urdf/src/install/custom_interfaces/include/custom_interfaces/custom_interfaces/msg/rosidl_typesupport_fastrtps_cpp__visibility_control.h
[0.508s] -- Up-to-date symlink: /home/maryammahmood/PID_own_urdf/src/install/custom_interfaces/include/custom_interfaces/custom_interfaces/srv/detail/find_joint_states__rosidl_typesupport_fastrtps_cpp.hpp
[0.508s] -- Up-to-date symlink: /home/maryammahmood/PID_own_urdf/src/install/custom_interfaces/include/custom_interfaces/custom_interfaces/srv/detail/set_end_effector_velocity__rosidl_typesupport_fastrtps_cpp.hpp
[0.508s] -- Up-to-date symlink: /home/maryammahmood/PID_own_urdf/src/install/custom_interfaces/include/custom_interfaces/custom_interfaces/srv/detail/set_joint_states__rosidl_typesupport_fastrtps_cpp.hpp
[0.508s] -- Up-to-date symlink: /home/maryammahmood/PID_own_urdf/src/install/custom_interfaces/include/custom_interfaces/custom_interfaces/srv/detail/set_joint_velocity__rosidl_typesupport_fastrtps_cpp.hpp
[0.508s] -- Up-to-date symlink: /home/maryammahmood/PID_own_urdf/src/install/custom_interfaces/include/custom_interfaces/custom_interfaces/srv/detail/find_joint_states__rosidl_typesupport_introspection_cpp.hpp
[0.508s] -- Up-to-date symlink: /home/maryammahmood/PID_own_urdf/src/install/custom_interfaces/include/custom_interfaces/custom_interfaces/srv/detail/set_end_effector_velocity__rosidl_typesupport_introspection_cpp.hpp
[0.509s] -- Up-to-date symlink: /home/maryammahmood/PID_own_urdf/src/install/custom_interfaces/include/custom_interfaces/custom_interfaces/srv/detail/set_joint_states__rosidl_typesupport_introspection_cpp.hpp
[0.509s] -- Up-to-date symlink: /home/maryammahmood/PID_own_urdf/src/install/custom_interfaces/include/custom_interfaces/custom_interfaces/srv/detail/set_joint_velocity__rosidl_typesupport_introspection_cpp.hpp
[0.509s] -- Up-to-date symlink: /home/maryammahmood/PID_own_urdf/src/install/custom_interfaces/share/custom_interfaces/environment/pythonpath.sh
[0.509s] -- Up-to-date symlink: /home/maryammahmood/PID_own_urdf/src/install/custom_interfaces/share/custom_interfaces/environment/pythonpath.dsv
[0.509s] -- Up-to-date symlink: /home/maryammahmood/PID_own_urdf/src/install/custom_interfaces/local/lib/python3.10/dist-packages/custom_interfaces-0.0.0-py3.10.egg-info/PKG-INFO
[0.509s] -- Up-to-date symlink: /home/maryammahmood/PID_own_urdf/src/install/custom_interfaces/local/lib/python3.10/dist-packages/custom_interfaces-0.0.0-py3.10.egg-info/SOURCES.txt
[0.509s] -- Up-to-date symlink: /home/maryammahmood/PID_own_urdf/src/install/custom_interfaces/local/lib/python3.10/dist-packages/custom_interfaces-0.0.0-py3.10.egg-info/dependency_links.txt
[0.509s] -- Up-to-date symlink: /home/maryammahmood/PID_own_urdf/src/install/custom_interfaces/local/lib/python3.10/dist-packages/custom_interfaces-0.0.0-py3.10.egg-info/top_level.txt
[0.510s] -- Up-to-date symlink: /home/maryammahmood/PID_own_urdf/src/install/custom_interfaces/local/lib/python3.10/dist-packages/custom_interfaces/__init__.py
[0.510s] -- Up-to-date symlink: /home/maryammahmood/PID_own_urdf/src/install/custom_interfaces/local/lib/python3.10/dist-packages/custom_interfaces/_custom_interfaces_s.ep.rosidl_typesupport_c.c
[0.510s] -- Up-to-date symlink: /home/maryammahmood/PID_own_urdf/src/install/custom_interfaces/local/lib/python3.10/dist-packages/custom_interfaces/_custom_interfaces_s.ep.rosidl_typesupport_fastrtps_c.c
[0.510s] -- Up-to-date symlink: /home/maryammahmood/PID_own_urdf/src/install/custom_interfaces/local/lib/python3.10/dist-packages/custom_interfaces/_custom_interfaces_s.ep.rosidl_typesupport_introspection_c.c
[0.510s] -- Up-to-date symlink: /home/maryammahmood/PID_own_urdf/src/install/custom_interfaces/local/lib/python3.10/dist-packages/custom_interfaces/custom_interfaces_s__rosidl_typesupport_c.cpython-310-x86_64-linux-gnu.so
[0.510s] -- Up-to-date symlink: /home/maryammahmood/PID_own_urdf/src/install/custom_interfaces/local/lib/python3.10/dist-packages/custom_interfaces/custom_interfaces_s__rosidl_typesupport_fastrtps_c.cpython-310-x86_64-linux-gnu.so
[0.510s] -- Up-to-date symlink: /home/maryammahmood/PID_own_urdf/src/install/custom_interfaces/local/lib/python3.10/dist-packages/custom_interfaces/custom_interfaces_s__rosidl_typesupport_introspection_c.cpython-310-x86_64-linux-gnu.so
[0.511s] -- Up-to-date symlink: /home/maryammahmood/PID_own_urdf/src/install/custom_interfaces/local/lib/python3.10/dist-packages/custom_interfaces/libcustom_interfaces__rosidl_generator_py.so
[0.511s] -- Up-to-date symlink: /home/maryammahmood/PID_own_urdf/src/install/custom_interfaces/local/lib/python3.10/dist-packages/custom_interfaces/srv/__init__.py
[0.511s] -- Up-to-date symlink: /home/maryammahmood/PID_own_urdf/src/install/custom_interfaces/local/lib/python3.10/dist-packages/custom_interfaces/srv/_find_joint_states.py
[0.511s] -- Up-to-date symlink: /home/maryammahmood/PID_own_urdf/src/install/custom_interfaces/local/lib/python3.10/dist-packages/custom_interfaces/srv/_find_joint_states_s.c
[0.511s] -- Up-to-date symlink: /home/maryammahmood/PID_own_urdf/src/install/custom_interfaces/local/lib/python3.10/dist-packages/custom_interfaces/srv/_set_end_effector_velocity.py
[0.511s] -- Up-to-date symlink: /home/maryammahmood/PID_own_urdf/src/install/custom_interfaces/local/lib/python3.10/dist-packages/custom_interfaces/srv/_set_end_effector_velocity_s.c
[0.511s] -- Up-to-date symlink: /home/maryammahmood/PID_own_urdf/src/install/custom_interfaces/local/lib/python3.10/dist-packages/custom_interfaces/srv/_set_joint_states.py
[0.511s] -- Up-to-date symlink: /home/maryammahmood/PID_own_urdf/src/install/custom_interfaces/local/lib/python3.10/dist-packages/custom_interfaces/srv/_set_joint_states_s.c
[0.511s] -- Up-to-date symlink: /home/maryammahmood/PID_own_urdf/src/install/custom_interfaces/local/lib/python3.10/dist-packages/custom_interfaces/srv/_set_joint_velocity.py
[0.511s] -- Up-to-date symlink: /home/maryammahmood/PID_own_urdf/src/install/custom_interfaces/local/lib/python3.10/dist-packages/custom_interfaces/srv/_set_joint_velocity_s.c
[0.511s] -- Up-to-date symlink: /home/maryammahmood/PID_own_urdf/src/install/custom_interfaces/local/lib/python3.10/dist-packages/custom_interfaces/custom_interfaces_s__rosidl_typesupport_fastrtps_c.cpython-310-x86_64-linux-gnu.so
[0.512s] -- Up-to-date symlink: /home/maryammahmood/PID_own_urdf/src/install/custom_interfaces/local/lib/python3.10/dist-packages/custom_interfaces/custom_interfaces_s__rosidl_typesupport_introspection_c.cpython-310-x86_64-linux-gnu.so
[0.512s] -- Up-to-date symlink: /home/maryammahmood/PID_own_urdf/src/install/custom_interfaces/local/lib/python3.10/dist-packages/custom_interfaces/custom_interfaces_s__rosidl_typesupport_c.cpython-310-x86_64-linux-gnu.so
[0.512s] -- Up-to-date symlink: /home/maryammahmood/PID_own_urdf/src/install/custom_interfaces/share/custom_interfaces/srv/FindJointStates.idl
[0.512s] -- Up-to-date symlink: /home/maryammahmood/PID_own_urdf/src/install/custom_interfaces/share/custom_interfaces/srv/SetJointStates.idl
[0.513s] -- Up-to-date symlink: /home/maryammahmood/PID_own_urdf/src/install/custom_interfaces/share/custom_interfaces/srv/SetEndEffectorVelocity.idl
[0.513s] -- Up-to-date symlink: /home/maryammahmood/PID_own_urdf/src/install/custom_interfaces/share/custom_interfaces/srv/SetJointVelocity.idl
[0.513s] -- Up-to-date symlink: /home/maryammahmood/PID_own_urdf/src/install/custom_interfaces/share/custom_interfaces/srv/FindJointStates.srv
[0.513s] -- Up-to-date symlink: /home/maryammahmood/PID_own_urdf/src/install/custom_interfaces/share/custom_interfaces/srv/FindJointStates_Request.msg
[0.513s] -- Up-to-date symlink: /home/maryammahmood/PID_own_urdf/src/install/custom_interfaces/share/custom_interfaces/srv/FindJointStates_Response.msg
[0.513s] -- Up-to-date symlink: /home/maryammahmood/PID_own_urdf/src/install/custom_interfaces/share/custom_interfaces/srv/SetJointStates.srv
[0.513s] -- Up-to-date symlink: /home/maryammahmood/PID_own_urdf/src/install/custom_interfaces/share/custom_interfaces/srv/SetJointStates_Request.msg
[0.513s] -- Up-to-date symlink: /home/maryammahmood/PID_own_urdf/src/install/custom_interfaces/share/custom_interfaces/srv/SetJointStates_Response.msg
[0.514s] -- Up-to-date symlink: /home/maryammahmood/PID_own_urdf/src/install/custom_interfaces/share/custom_interfaces/srv/SetEndEffectorVelocity.srv
[0.514s] -- Up-to-date symlink: /home/maryammahmood/PID_own_urdf/src/install/custom_interfaces/share/custom_interfaces/srv/SetEndEffectorVelocity_Request.msg
[0.514s] -- Up-to-date symlink: /home/maryammahmood/PID_own_urdf/src/install/custom_interfaces/share/custom_interfaces/srv/SetEndEffectorVelocity_Response.msg
[0.514s] -- Up-to-date symlink: /home/maryammahmood/PID_own_urdf/src/install/custom_interfaces/share/custom_interfaces/srv/SetJointVelocity.srv
[0.514s] -- Up-to-date symlink: /home/maryammahmood/PID_own_urdf/src/install/custom_interfaces/share/custom_interfaces/srv/SetJointVelocity_Request.msg
[0.514s] -- Up-to-date symlink: /home/maryammahmood/PID_own_urdf/src/install/custom_interfaces/share/custom_interfaces/srv/SetJointVelocity_Response.msg
[0.514s] -- Up-to-date symlink: /home/maryammahmood/PID_own_urdf/src/install/custom_interfaces/share/ament_index/resource_index/package_run_dependencies/custom_interfaces
[0.514s] -- Up-to-date symlink: /home/maryammahmood/PID_own_urdf/src/install/custom_interfaces/share/ament_index/resource_index/parent_prefix_path/custom_interfaces
[0.515s] -- Up-to-date symlink: /home/maryammahmood/PID_own_urdf/src/install/custom_interfaces/share/custom_interfaces/environment/ament_prefix_path.sh
[0.515s] -- Up-to-date symlink: /home/maryammahmood/PID_own_urdf/src/install/custom_interfaces/share/custom_interfaces/environment/ament_prefix_path.dsv
[0.515s] -- Up-to-date symlink: /home/maryammahmood/PID_own_urdf/src/install/custom_interfaces/share/custom_interfaces/environment/path.sh
[0.515s] -- Up-to-date symlink: /home/maryammahmood/PID_own_urdf/src/install/custom_interfaces/share/custom_interfaces/environment/path.dsv
[0.515s] -- Up-to-date symlink: /home/maryammahmood/PID_own_urdf/src/install/custom_interfaces/share/custom_interfaces/local_setup.bash
[0.515s] -- Up-to-date symlink: /home/maryammahmood/PID_own_urdf/src/install/custom_interfaces/share/custom_interfaces/local_setup.sh
[0.515s] -- Up-to-date symlink: /home/maryammahmood/PID_own_urdf/src/install/custom_interfaces/share/custom_interfaces/local_setup.zsh
[0.515s] -- Up-to-date symlink: /home/maryammahmood/PID_own_urdf/src/install/custom_interfaces/share/custom_interfaces/local_setup.dsv
[0.515s] -- Symlinking: /home/maryammahmood/PID_own_urdf/src/install/custom_interfaces/share/custom_interfaces/package.dsv
[0.528s] -- Up-to-date symlink: /home/maryammahmood/PID_own_urdf/src/install/custom_interfaces/share/ament_index/resource_index/packages/custom_interfaces
[0.529s] -- Up-to-date symlink: /home/maryammahmood/PID_own_urdf/src/install/custom_interfaces/share/custom_interfaces/cmake/rosidl_cmake-extras.cmake
[0.529s] -- Up-to-date symlink: /home/maryammahmood/PID_own_urdf/src/install/custom_interfaces/share/custom_interfaces/cmake/ament_cmake_export_include_directories-extras.cmake
[0.529s] -- Up-to-date symlink: /home/maryammahmood/PID_own_urdf/src/install/custom_interfaces/share/custom_interfaces/cmake/ament_cmake_export_libraries-extras.cmake
[0.529s] -- Up-to-date symlink: /home/maryammahmood/PID_own_urdf/src/install/custom_interfaces/share/custom_interfaces/cmake/ament_cmake_export_targets-extras.cmake
[0.529s] -- Up-to-date symlink: /home/maryammahmood/PID_own_urdf/src/install/custom_interfaces/share/custom_interfaces/cmake/rosidl_cmake_export_typesupport_targets-extras.cmake
[0.529s] -- Up-to-date symlink: /home/maryammahmood/PID_own_urdf/src/install/custom_interfaces/share/custom_interfaces/cmake/ament_cmake_export_dependencies-extras.cmake
[0.529s] -- Up-to-date symlink: /home/maryammahmood/PID_own_urdf/src/install/custom_interfaces/share/custom_interfaces/cmake/rosidl_cmake_export_typesupport_libraries-extras.cmake
[0.529s] -- Up-to-date symlink: /home/maryammahmood/PID_own_urdf/src/install/custom_interfaces/share/custom_interfaces/cmake/custom_interfacesConfig.cmake
[0.530s] -- Up-to-date symlink: /home/maryammahmood/PID_own_urdf/src/install/custom_interfaces/share/custom_interfaces/cmake/custom_interfacesConfig-version.cmake
[0.530s] -- Up-to-date symlink: /home/maryammahmood/PID_own_urdf/src/install/custom_interfaces/share/custom_interfaces/package.xml
[0.530s] -- Up-to-date: /home/maryammahmood/PID_own_urdf/src/install/custom_interfaces/lib/libcustom_interfaces__rosidl_generator_c.so
[0.530s] -- Up-to-date: /home/maryammahmood/PID_own_urdf/src/install/custom_interfaces/lib/libcustom_interfaces__rosidl_typesupport_fastrtps_c.so
[0.530s] -- Up-to-date: /home/maryammahmood/PID_own_urdf/src/install/custom_interfaces/lib/libcustom_interfaces__rosidl_typesupport_introspection_c.so
[0.530s] -- Up-to-date: /home/maryammahmood/PID_own_urdf/src/install/custom_interfaces/lib/libcustom_interfaces__rosidl_typesupport_c.so
[0.530s] -- Up-to-date: /home/maryammahmood/PID_own_urdf/src/install/custom_interfaces/lib/libcustom_interfaces__rosidl_typesupport_fastrtps_cpp.so
[0.531s] -- Up-to-date: /home/maryammahmood/PID_own_urdf/src/install/custom_interfaces/lib/libcustom_interfaces__rosidl_typesupport_introspection_cpp.so
[0.531s] -- Up-to-date: /home/maryammahmood/PID_own_urdf/src/install/custom_interfaces/lib/libcustom_interfaces__rosidl_typesupport_cpp.so
[0.573s] Listing '/home/maryammahmood/PID_own_urdf/src/install/custom_interfaces/local/lib/python3.10/dist-packages/custom_interfaces'...
[0.573s] Compiling '/home/maryammahmood/PID_own_urdf/src/install/custom_interfaces/local/lib/python3.10/dist-packages/custom_interfaces/__init__.py'...
[0.573s] Listing '/home/maryammahmood/PID_own_urdf/src/install/custom_interfaces/local/lib/python3.10/dist-packages/custom_interfaces/srv'...
[0.578s] -- Up-to-date: /home/maryammahmood/PID_own_urdf/src/install/custom_interfaces/lib/libcustom_interfaces__rosidl_generator_py.so
[0.578s] -- Up-to-date: /home/maryammahmood/PID_own_urdf/src/install/custom_interfaces/share/custom_interfaces/cmake/export_custom_interfaces__rosidl_generator_cExport.cmake
[0.578s] -- Up-to-date: /home/maryammahmood/PID_own_urdf/src/install/custom_interfaces/share/custom_interfaces/cmake/export_custom_interfaces__rosidl_generator_cExport-noconfig.cmake
[0.579s] -- Up-to-date: /home/maryammahmood/PID_own_urdf/src/install/custom_interfaces/share/custom_interfaces/cmake/export_custom_interfaces__rosidl_typesupport_fastrtps_cExport.cmake
[0.579s] -- Up-to-date: /home/maryammahmood/PID_own_urdf/src/install/custom_interfaces/share/custom_interfaces/cmake/export_custom_interfaces__rosidl_typesupport_fastrtps_cExport-noconfig.cmake
[0.579s] -- Up-to-date: /home/maryammahmood/PID_own_urdf/src/install/custom_interfaces/share/custom_interfaces/cmake/custom_interfaces__rosidl_typesupport_introspection_cExport.cmake
[0.579s] -- Up-to-date: /home/maryammahmood/PID_own_urdf/src/install/custom_interfaces/share/custom_interfaces/cmake/custom_interfaces__rosidl_typesupport_introspection_cExport-noconfig.cmake
[0.579s] -- Up-to-date: /home/maryammahmood/PID_own_urdf/src/install/custom_interfaces/share/custom_interfaces/cmake/custom_interfaces__rosidl_typesupport_cExport.cmake
[0.579s] -- Up-to-date: /home/maryammahmood/PID_own_urdf/src/install/custom_interfaces/share/custom_interfaces/cmake/custom_interfaces__rosidl_typesupport_cExport-noconfig.cmake
[0.579s] -- Up-to-date: /home/maryammahmood/PID_own_urdf/src/install/custom_interfaces/share/custom_interfaces/cmake/export_custom_interfaces__rosidl_generator_cppExport.cmake
[0.579s] -- Up-to-date: /home/maryammahmood/PID_own_urdf/src/install/custom_interfaces/share/custom_interfaces/cmake/export_custom_interfaces__rosidl_typesupport_fastrtps_cppExport.cmake
[0.579s] -- Up-to-date: /home/maryammahmood/PID_own_urdf/src/install/custom_interfaces/share/custom_interfaces/cmake/export_custom_interfaces__rosidl_typesupport_fastrtps_cppExport-noconfig.cmake
[0.579s] -- Up-to-date: /home/maryammahmood/PID_own_urdf/src/install/custom_interfaces/share/custom_interfaces/cmake/custom_interfaces__rosidl_typesupport_introspection_cppExport.cmake
[0.579s] -- Up-to-date: /home/maryammahmood/PID_own_urdf/src/install/custom_interfaces/share/custom_interfaces/cmake/custom_interfaces__rosidl_typesupport_introspection_cppExport-noconfig.cmake
[0.579s] -- Up-to-date: /home/maryammahmood/PID_own_urdf/src/install/custom_interfaces/share/custom_interfaces/cmake/custom_interfaces__rosidl_typesupport_cppExport.cmake
[0.579s] -- Up-to-date: /home/maryammahmood/PID_own_urdf/src/install/custom_interfaces/share/custom_interfaces/cmake/custom_interfaces__rosidl_typesupport_cppExport-noconfig.cmake
[0.579s] -- Up-to-date: /home/maryammahmood/PID_own_urdf/src/install/custom_interfaces/share/custom_interfaces/cmake/export_custom_interfaces__rosidl_generator_pyExport.cmake
[0.580s] -- Up-to-date: /home/maryammahmood/PID_own_urdf/src/install/custom_interfaces/share/custom_interfaces/cmake/export_custom_interfaces__rosidl_generator_pyExport-noconfig.cmake
[0.582s] Invoked command in '/home/maryammahmood/PID_own_urdf/src/build/custom_interfaces' returned '0': CMAKE_PREFIX_PATH=${CMAKE_PREFIX_PATH}:/home/maryammahmood/ws_moveit2/install/moveit_configs_utils:/home/maryammahmood/ws_moveit2/install/launch_param_builder:/opt/ros/humble /usr/bin/cmake --install /home/maryammahmood/PID_own_urdf/src/build/custom_interfaces
