-- Found ament_cmake: 1.3.11 (/opt/ros/humble/share/ament_cmake/cmake)
-- Override CMake install command with custom implementation using symlinks instead of copying resources
-- Found rclcpp: 16.0.11 (/opt/ros/humble/share/rclcpp/cmake)
-- Found rosidl_generator_c: 3.1.6 (/opt/ros/humble/share/rosidl_generator_c/cmake)
-- Found rosidl_adapter: 3.1.6 (/opt/ros/humble/share/rosidl_adapter/cmake)
-- Found rosidl_generator_cpp: 3.1.6 (/opt/ros/humble/share/rosidl_generator_cpp/cmake)
-- Using all available rosidl_typesupport_c: rosidl_typesupport_fastrtps_c;rosidl_typesupport_introspection_c
-- Using all available rosidl_typesupport_cpp: rosidl_typesupport_fastrtps_cpp;rosidl_typesupport_introspection_cpp
-- Found rmw_implementation_cmake: 6.1.2 (/opt/ros/humble/share/rmw_implementation_cmake/cmake)
-- Found rmw_fastrtps_cpp: 6.2.7 (/opt/ros/humble/share/rmw_fastrtps_cpp/cmake)
-- Using RMW implementation 'rmw_fastrtps_cpp' as default
-- Found sensor_msgs: 4.2.4 (/opt/ros/humble/share/sensor_msgs/cmake)
-- Found controller_manager_msgs: 2.46.0 (/opt/ros/humble/share/controller_manager_msgs/cmake)
-- Found custom_interfaces: 0.0.0 (/home/maryammahmood/PID_own_urdf/src/install/custom_interfaces/share/custom_interfaces/cmake)
-- Found example_interfaces: 0.9.3 (/opt/ros/humble/share/example_interfaces/cmake)
-- Configuring done
-- Generating done
-- Build files have been written to: /home/maryammahmood/PID_own_urdf/src/build/rrbot_gazebo
[35m[1mConsolidate compiler generated dependencies of target ikin_publisher[0m
[35m[1mConsolidate compiler generated dependencies of target end_eff_vel_control[0m
[35m[1mConsolidate compiler generated dependencies of target fkin_publisher[0m
[35m[1mConsolidate compiler generated dependencies of target joint_effort_control[0m
[35m[1mConsolidate compiler generated dependencies of target switch_eff[0m
[35m[1mConsolidate compiler generated dependencies of target switch_vel[0m
[  8%] [32mBuilding CXX object CMakeFiles/ikin_publisher.dir/src/joint_state_publisher.cpp.o[0m
[ 16%] [32mBuilding CXX object CMakeFiles/joint_effort_control.dir/src/joint_effort_controller.cpp.o[0m
[ 25%] [32mBuilding CXX object CMakeFiles/fkin_publisher.dir/src/position_publisher.cpp.o[0m
[ 33%] [32mBuilding CXX object CMakeFiles/end_eff_vel_control.dir/src/end_effector_velocity_controller.cpp.o[0m
[ 41%] [32mBuilding CXX object CMakeFiles/switch_eff.dir/src/controller_effort_switch.cpp.o[0m
[ 50%] [32mBuilding CXX object CMakeFiles/switch_vel.dir/src/controller_velocity_switch.cpp.o[0m
[ 58%] [32m[1mLinking CXX executable switch_eff[0m
[ 66%] [32m[1mLinking CXX executable ikin_publisher[0m
[ 66%] Built target switch_eff
[ 66%] Built target ikin_publisher
[ 75%] [32m[1mLinking CXX executable switch_vel[0m
[ 75%] Built target switch_vel
[ 83%] [32m[1mLinking CXX executable fkin_publisher[0m
[ 83%] Built target fkin_publisher
[ 91%] [32m[1mLinking CXX executable joint_effort_control[0m
[ 91%] Built target joint_effort_control
[100%] [32m[1mLinking CXX executable end_eff_vel_control[0m
[100%] Built target end_eff_vel_control
