[0.011s] Invoking command in '/home/maryammahmood/PID_based_control_rrbot/PID-based-SCARA-Robot-Position-and-Velocity-Control-And-Manipulation/src/build/rrbot_description': CMAKE_PREFIX_PATH=${CMAKE_PREFIX_PATH}:/home/maryammahmood/ws_moveit2/install/moveit_configs_utils:/home/maryammahmood/ws_moveit2/install/launch_param_builder:/opt/ros/humble /usr/bin/cmake /home/maryammahmood/PID_based_control_rrbot/PID-based-SCARA-Robot-Position-and-Velocity-Control-And-Manipulation/src/rrbot_simulation_files/rrbot_description -DAMENT_CMAKE_SYMLINK_INSTALL=1 -DCMAKE_INSTALL_PREFIX=/home/maryammahmood/PID_based_control_rrbot/PID-based-SCARA-Robot-Position-and-Velocity-Control-And-Manipulation/src/install/rrbot_description
[0.072s] -- The C compiler identification is GNU 11.4.0
[0.120s] -- The CXX compiler identification is GNU 11.4.0
[0.127s] -- Detecting C compiler ABI info
[0.200s] -- Detecting C compiler ABI info - done
[0.205s] -- Check for working C compiler: /usr/bin/cc - skipped
[0.205s] -- Detecting C compile features
[0.205s] -- Detecting C compile features - done
[0.207s] -- Detecting CXX compiler ABI info
[0.286s] -- Detecting CXX compiler ABI info - done
[0.294s] -- Check for working CXX compiler: /usr/bin/c++ - skipped
[0.294s] -- Detecting CXX compile features
[0.294s] -- Detecting CXX compile features - done
[0.299s] -- Found ament_cmake: 1.3.10 (/opt/ros/humble/share/ament_cmake/cmake)
[0.448s] -- Found Python3: /usr/bin/python3 (found version "3.10.12") found components: Interpreter 
[0.494s] -- Override CMake install command with custom implementation using symlinks instead of copying resources
[0.603s] -- Configuring done
[0.605s] -- Generating done
[0.605s] -- Build files have been written to: /home/maryammahmood/PID_based_control_rrbot/PID-based-SCARA-Robot-Position-and-Velocity-Control-And-Manipulation/src/build/rrbot_description
[0.608s] Invoked command in '/home/maryammahmood/PID_based_control_rrbot/PID-based-SCARA-Robot-Position-and-Velocity-Control-And-Manipulation/src/build/rrbot_description' returned '0': CMAKE_PREFIX_PATH=${CMAKE_PREFIX_PATH}:/home/maryammahmood/ws_moveit2/install/moveit_configs_utils:/home/maryammahmood/ws_moveit2/install/launch_param_builder:/opt/ros/humble /usr/bin/cmake /home/maryammahmood/PID_based_control_rrbot/PID-based-SCARA-Robot-Position-and-Velocity-Control-And-Manipulation/src/rrbot_simulation_files/rrbot_description -DAMENT_CMAKE_SYMLINK_INSTALL=1 -DCMAKE_INSTALL_PREFIX=/home/maryammahmood/PID_based_control_rrbot/PID-based-SCARA-Robot-Position-and-Velocity-Control-And-Manipulation/src/install/rrbot_description
[0.609s] Invoking command in '/home/maryammahmood/PID_based_control_rrbot/PID-based-SCARA-Robot-Position-and-Velocity-Control-And-Manipulation/src/build/rrbot_description': CMAKE_PREFIX_PATH=${CMAKE_PREFIX_PATH}:/home/maryammahmood/ws_moveit2/install/moveit_configs_utils:/home/maryammahmood/ws_moveit2/install/launch_param_builder:/opt/ros/humble /usr/bin/cmake --build /home/maryammahmood/PID_based_control_rrbot/PID-based-SCARA-Robot-Position-and-Velocity-Control-And-Manipulation/src/build/rrbot_description -- -j24 -l24
[0.651s] Invoked command in '/home/maryammahmood/PID_based_control_rrbot/PID-based-SCARA-Robot-Position-and-Velocity-Control-And-Manipulation/src/build/rrbot_description' returned '0': CMAKE_PREFIX_PATH=${CMAKE_PREFIX_PATH}:/home/maryammahmood/ws_moveit2/install/moveit_configs_utils:/home/maryammahmood/ws_moveit2/install/launch_param_builder:/opt/ros/humble /usr/bin/cmake --build /home/maryammahmood/PID_based_control_rrbot/PID-based-SCARA-Robot-Position-and-Velocity-Control-And-Manipulation/src/build/rrbot_description -- -j24 -l24
[0.691s] Invoking command in '/home/maryammahmood/PID_based_control_rrbot/PID-based-SCARA-Robot-Position-and-Velocity-Control-And-Manipulation/src/build/rrbot_description': CMAKE_PREFIX_PATH=${CMAKE_PREFIX_PATH}:/home/maryammahmood/ws_moveit2/install/moveit_configs_utils:/home/maryammahmood/ws_moveit2/install/launch_param_builder:/opt/ros/humble /usr/bin/cmake --install /home/maryammahmood/PID_based_control_rrbot/PID-based-SCARA-Robot-Position-and-Velocity-Control-And-Manipulation/src/build/rrbot_description
[0.700s] -- Install configuration: ""
[0.701s] -- Execute custom install script
[0.701s] -- Symlinking: /home/maryammahmood/PID_based_control_rrbot/PID-based-SCARA-Robot-Position-and-Velocity-Control-And-Manipulation/src/install/rrbot_description/share/rrbot_description/config/rrbot.rviz
[0.711s] -- Symlinking: /home/maryammahmood/PID_based_control_rrbot/PID-based-SCARA-Robot-Position-and-Velocity-Control-And-Manipulation/src/install/rrbot_description/share/rrbot_description/gazebo/rrbot.gazebo.xacro
[0.720s] -- Symlinking: /home/maryammahmood/PID_based_control_rrbot/PID-based-SCARA-Robot-Position-and-Velocity-Control-And-Manipulation/src/install/rrbot_description/share/rrbot_description/gazebo/rrbot.materials.xacro
[0.729s] -- Symlinking: /home/maryammahmood/PID_based_control_rrbot/PID-based-SCARA-Robot-Position-and-Velocity-Control-And-Manipulation/src/install/rrbot_description/share/rrbot_description/meshes/hokuyo.dae
[0.738s] -- Symlinking: /home/maryammahmood/PID_based_control_rrbot/PID-based-SCARA-Robot-Position-and-Velocity-Control-And-Manipulation/src/install/rrbot_description/share/rrbot_description/launch/view_robot.launch.py
[0.751s] -- Symlinking: /home/maryammahmood/PID_based_control_rrbot/PID-based-SCARA-Robot-Position-and-Velocity-Control-And-Manipulation/src/install/rrbot_description/share/rrbot_description/ros2_control/rrbot.ros2_control.xacro
[0.761s] -- Symlinking: /home/maryammahmood/PID_based_control_rrbot/PID-based-SCARA-Robot-Position-and-Velocity-Control-And-Manipulation/src/install/rrbot_description/share/rrbot_description/urdf/rrbot.urdf.xacro
[0.768s] -- Symlinking: /home/maryammahmood/PID_based_control_rrbot/PID-based-SCARA-Robot-Position-and-Velocity-Control-And-Manipulation/src/install/rrbot_description/share/rrbot_description/urdf/rrbot_description.urdf.xacro
[0.776s] -- Symlinking: /home/maryammahmood/PID_based_control_rrbot/PID-based-SCARA-Robot-Position-and-Velocity-Control-And-Manipulation/src/install/rrbot_description/share/rrbot_description/environment/rrbot_description.dsv
[0.784s] -- Symlinking: /home/maryammahmood/PID_based_control_rrbot/PID-based-SCARA-Robot-Position-and-Velocity-Control-And-Manipulation/src/install/rrbot_description/share/ament_index/resource_index/package_run_dependencies/rrbot_description
[0.791s] -- Symlinking: /home/maryammahmood/PID_based_control_rrbot/PID-based-SCARA-Robot-Position-and-Velocity-Control-And-Manipulation/src/install/rrbot_description/share/ament_index/resource_index/parent_prefix_path/rrbot_description
[0.799s] -- Symlinking: /home/maryammahmood/PID_based_control_rrbot/PID-based-SCARA-Robot-Position-and-Velocity-Control-And-Manipulation/src/install/rrbot_description/share/rrbot_description/environment/ament_prefix_path.sh
[0.807s] -- Symlinking: /home/maryammahmood/PID_based_control_rrbot/PID-based-SCARA-Robot-Position-and-Velocity-Control-And-Manipulation/src/install/rrbot_description/share/rrbot_description/environment/ament_prefix_path.dsv
[0.815s] -- Symlinking: /home/maryammahmood/PID_based_control_rrbot/PID-based-SCARA-Robot-Position-and-Velocity-Control-And-Manipulation/src/install/rrbot_description/share/rrbot_description/environment/path.sh
[0.825s] -- Symlinking: /home/maryammahmood/PID_based_control_rrbot/PID-based-SCARA-Robot-Position-and-Velocity-Control-And-Manipulation/src/install/rrbot_description/share/rrbot_description/environment/path.dsv
[0.832s] -- Symlinking: /home/maryammahmood/PID_based_control_rrbot/PID-based-SCARA-Robot-Position-and-Velocity-Control-And-Manipulation/src/install/rrbot_description/share/rrbot_description/local_setup.bash
[0.841s] -- Symlinking: /home/maryammahmood/PID_based_control_rrbot/PID-based-SCARA-Robot-Position-and-Velocity-Control-And-Manipulation/src/install/rrbot_description/share/rrbot_description/local_setup.sh
[0.849s] -- Symlinking: /home/maryammahmood/PID_based_control_rrbot/PID-based-SCARA-Robot-Position-and-Velocity-Control-And-Manipulation/src/install/rrbot_description/share/rrbot_description/local_setup.zsh
[0.857s] -- Symlinking: /home/maryammahmood/PID_based_control_rrbot/PID-based-SCARA-Robot-Position-and-Velocity-Control-And-Manipulation/src/install/rrbot_description/share/rrbot_description/local_setup.dsv
[0.866s] -- Symlinking: /home/maryammahmood/PID_based_control_rrbot/PID-based-SCARA-Robot-Position-and-Velocity-Control-And-Manipulation/src/install/rrbot_description/share/rrbot_description/package.dsv
[0.873s] -- Symlinking: /home/maryammahmood/PID_based_control_rrbot/PID-based-SCARA-Robot-Position-and-Velocity-Control-And-Manipulation/src/install/rrbot_description/share/ament_index/resource_index/packages/rrbot_description
[0.881s] -- Symlinking: /home/maryammahmood/PID_based_control_rrbot/PID-based-SCARA-Robot-Position-and-Velocity-Control-And-Manipulation/src/install/rrbot_description/share/rrbot_description/cmake/rrbot_descriptionConfig.cmake
[0.887s] -- Symlinking: /home/maryammahmood/PID_based_control_rrbot/PID-based-SCARA-Robot-Position-and-Velocity-Control-And-Manipulation/src/install/rrbot_description/share/rrbot_description/cmake/rrbot_descriptionConfig-version.cmake
[0.898s] -- Symlinking: /home/maryammahmood/PID_based_control_rrbot/PID-based-SCARA-Robot-Position-and-Velocity-Control-And-Manipulation/src/install/rrbot_description/share/rrbot_description/package.xml
[0.910s] Invoked command in '/home/maryammahmood/PID_based_control_rrbot/PID-based-SCARA-Robot-Position-and-Velocity-Control-And-Manipulation/src/build/rrbot_description' returned '0': CMAKE_PREFIX_PATH=${CMAKE_PREFIX_PATH}:/home/maryammahmood/ws_moveit2/install/moveit_configs_utils:/home/maryammahmood/ws_moveit2/install/launch_param_builder:/opt/ros/humble /usr/bin/cmake --install /home/maryammahmood/PID_based_control_rrbot/PID-based-SCARA-Robot-Position-and-Velocity-Control-And-Manipulation/src/build/rrbot_description
