-- The C compiler identification is GNU 11.4.0
-- The CXX compiler identification is GNU 11.4.0
-- Detecting C compiler ABI info
-- Detecting C compiler ABI info - done
-- Check for working C compiler: /usr/bin/cc - skipped
-- Detecting C compile features
-- Detecting C compile features - done
-- Detecting CXX compiler ABI info
-- Detecting CXX compiler ABI info - done
-- Check for working CXX compiler: /usr/bin/c++ - skipped
-- Detecting CXX compile features
-- Detecting CXX compile features - done
-- Found ament_cmake: 1.3.10 (/opt/ros/humble/share/ament_cmake/cmake)
-- Found Python3: /usr/bin/python3 (found version "3.10.12") found components: Interpreter 
-- Override CMake install command with custom implementation using symlinks instead of copying resources
-- Found rclcpp: 16.0.10 (/opt/ros/humble/share/rclcpp/cmake)
-- Found rosidl_generator_c: 3.1.5 (/opt/ros/humble/share/rosidl_generator_c/cmake)
-- Found rosidl_adapter: 3.1.5 (/opt/ros/humble/share/rosidl_adapter/cmake)
-- Found rosidl_generator_cpp: 3.1.5 (/opt/ros/humble/share/rosidl_generator_cpp/cmake)
-- Using all available rosidl_typesupport_c: rosidl_typesupport_fastrtps_c;rosidl_typesupport_introspection_c
-- Using all available rosidl_typesupport_cpp: rosidl_typesupport_fastrtps_cpp;rosidl_typesupport_introspection_cpp
-- Found rmw_implementation_cmake: 6.1.2 (/opt/ros/humble/share/rmw_implementation_cmake/cmake)
-- Found rmw_fastrtps_cpp: 6.2.7 (/opt/ros/humble/share/rmw_fastrtps_cpp/cmake)
-- Found OpenSSL: /usr/lib/x86_64-linux-gnu/libcrypto.so (found version "3.0.2")  
-- Found FastRTPS: /opt/ros/humble/include  
-- Using RMW implementation 'rmw_fastrtps_cpp' as default
-- Looking for pthread.h
-- Looking for pthread.h - found
-- Performing Test CMAKE_HAVE_LIBC_PTHREAD
-- Performing Test CMAKE_HAVE_LIBC_PTHREAD - Success
-- Found Threads: TRUE  
-- Found sensor_msgs: 4.2.4 (/opt/ros/humble/share/sensor_msgs/cmake)
-- Found controller_manager_msgs: 2.43.1 (/opt/ros/humble/share/controller_manager_msgs/cmake)
-- Found custom_interfaces: 0.0.0 (/home/maryammahmood/PID_based_control_rrbot/PID-based-SCARA-Robot-Position-and-Velocity-Control-And-Manipulation/src/install/custom_interfaces/share/custom_interfaces/cmake)
-- Found example_interfaces: 0.9.3 (/opt/ros/humble/share/example_interfaces/cmake)
-- Configuring done
-- Generating done
-- Build files have been written to: /home/maryammahmood/PID_based_control_rrbot/PID-based-SCARA-Robot-Position-and-Velocity-Control-And-Manipulation/src/build/rrbot_gazebo
[  8%] [32mBuilding CXX object CMakeFiles/ikin_publisher.dir/src/joint_state_publisher.cpp.o[0m
[ 16%] [32mBuilding CXX object CMakeFiles/switch_eff.dir/src/controller_effort_switch.cpp.o[0m
[ 25%] [32mBuilding CXX object CMakeFiles/end_eff_vel_control.dir/src/end_effector_velocity_controller.cpp.o[0m
[ 33%] [32mBuilding CXX object CMakeFiles/joint_effort_control.dir/src/joint_effort_controller.cpp.o[0m
[ 41%] [32mBuilding CXX object CMakeFiles/switch_vel.dir/src/controller_velocity_switch.cpp.o[0m
[ 50%] [32mBuilding CXX object CMakeFiles/fkin_publisher.dir/src/position_publisher.cpp.o[0m
[ 58%] [32m[1mLinking CXX executable switch_vel[0m
[ 66%] [32m[1mLinking CXX executable switch_eff[0m
[ 75%] [32m[1mLinking CXX executable ikin_publisher[0m
[ 75%] Built target switch_eff
[ 75%] Built target switch_vel
[ 75%] Built target ikin_publisher
[ 83%] [32m[1mLinking CXX executable fkin_publisher[0m
[ 83%] Built target fkin_publisher
[ 91%] [32m[1mLinking CXX executable joint_effort_control[0m
[ 91%] Built target joint_effort_control
[100%] [32m[1mLinking CXX executable end_eff_vel_control[0m
[100%] Built target end_eff_vel_control
-- Install configuration: ""
-- Execute custom install script
-- Symlinking: /home/maryammahmood/PID_based_control_rrbot/PID-based-SCARA-Robot-Position-and-Velocity-Control-And-Manipulation/src/install/rrbot_gazebo/lib/rrbot_gazebo/fkin_publisher
-- Symlinking: /home/maryammahmood/PID_based_control_rrbot/PID-based-SCARA-Robot-Position-and-Velocity-Control-And-Manipulation/src/install/rrbot_gazebo/lib/rrbot_gazebo/ikin_publisher
-- Symlinking: /home/maryammahmood/PID_based_control_rrbot/PID-based-SCARA-Robot-Position-and-Velocity-Control-And-Manipulation/src/install/rrbot_gazebo/lib/rrbot_gazebo/switch_eff
-- Symlinking: /home/maryammahmood/PID_based_control_rrbot/PID-based-SCARA-Robot-Position-and-Velocity-Control-And-Manipulation/src/install/rrbot_gazebo/lib/rrbot_gazebo/switch_vel
-- Symlinking: /home/maryammahmood/PID_based_control_rrbot/PID-based-SCARA-Robot-Position-and-Velocity-Control-And-Manipulation/src/install/rrbot_gazebo/lib/rrbot_gazebo/joint_effort_control
-- Symlinking: /home/maryammahmood/PID_based_control_rrbot/PID-based-SCARA-Robot-Position-and-Velocity-Control-And-Manipulation/src/install/rrbot_gazebo/lib/rrbot_gazebo/end_eff_vel_control
-- Symlinking: /home/maryammahmood/PID_based_control_rrbot/PID-based-SCARA-Robot-Position-and-Velocity-Control-And-Manipulation/src/install/rrbot_gazebo/share/rrbot_gazebo/launch/rrbot_world.launch.py
-- Symlinking: /home/maryammahmood/PID_based_control_rrbot/PID-based-SCARA-Robot-Position-and-Velocity-Control-And-Manipulation/src/install/rrbot_gazebo/share/rrbot_gazebo/worlds/rrbot.world
-- Symlinking: /home/maryammahmood/PID_based_control_rrbot/PID-based-SCARA-Robot-Position-and-Velocity-Control-And-Manipulation/src/install/rrbot_gazebo/share/rrbot_gazebo/config/controllers.yaml
-- Symlinking: /home/maryammahmood/PID_based_control_rrbot/PID-based-SCARA-Robot-Position-and-Velocity-Control-And-Manipulation/src/install/rrbot_gazebo/share/rrbot_gazebo/config/gazebo_controllers.yaml
-- Symlinking: /home/maryammahmood/PID_based_control_rrbot/PID-based-SCARA-Robot-Position-and-Velocity-Control-And-Manipulation/src/install/rrbot_gazebo/share/ament_index/resource_index/package_run_dependencies/rrbot_gazebo
-- Symlinking: /home/maryammahmood/PID_based_control_rrbot/PID-based-SCARA-Robot-Position-and-Velocity-Control-And-Manipulation/src/install/rrbot_gazebo/share/ament_index/resource_index/parent_prefix_path/rrbot_gazebo
-- Symlinking: /home/maryammahmood/PID_based_control_rrbot/PID-based-SCARA-Robot-Position-and-Velocity-Control-And-Manipulation/src/install/rrbot_gazebo/share/rrbot_gazebo/environment/ament_prefix_path.sh
-- Symlinking: /home/maryammahmood/PID_based_control_rrbot/PID-based-SCARA-Robot-Position-and-Velocity-Control-And-Manipulation/src/install/rrbot_gazebo/share/rrbot_gazebo/environment/ament_prefix_path.dsv
-- Symlinking: /home/maryammahmood/PID_based_control_rrbot/PID-based-SCARA-Robot-Position-and-Velocity-Control-And-Manipulation/src/install/rrbot_gazebo/share/rrbot_gazebo/environment/path.sh
-- Symlinking: /home/maryammahmood/PID_based_control_rrbot/PID-based-SCARA-Robot-Position-and-Velocity-Control-And-Manipulation/src/install/rrbot_gazebo/share/rrbot_gazebo/environment/path.dsv
-- Symlinking: /home/maryammahmood/PID_based_control_rrbot/PID-based-SCARA-Robot-Position-and-Velocity-Control-And-Manipulation/src/install/rrbot_gazebo/share/rrbot_gazebo/local_setup.bash
-- Symlinking: /home/maryammahmood/PID_based_control_rrbot/PID-based-SCARA-Robot-Position-and-Velocity-Control-And-Manipulation/src/install/rrbot_gazebo/share/rrbot_gazebo/local_setup.sh
-- Symlinking: /home/maryammahmood/PID_based_control_rrbot/PID-based-SCARA-Robot-Position-and-Velocity-Control-And-Manipulation/src/install/rrbot_gazebo/share/rrbot_gazebo/local_setup.zsh
-- Symlinking: /home/maryammahmood/PID_based_control_rrbot/PID-based-SCARA-Robot-Position-and-Velocity-Control-And-Manipulation/src/install/rrbot_gazebo/share/rrbot_gazebo/local_setup.dsv
-- Symlinking: /home/maryammahmood/PID_based_control_rrbot/PID-based-SCARA-Robot-Position-and-Velocity-Control-And-Manipulation/src/install/rrbot_gazebo/share/rrbot_gazebo/package.dsv
-- Symlinking: /home/maryammahmood/PID_based_control_rrbot/PID-based-SCARA-Robot-Position-and-Velocity-Control-And-Manipulation/src/install/rrbot_gazebo/share/ament_index/resource_index/packages/rrbot_gazebo
-- Symlinking: /home/maryammahmood/PID_based_control_rrbot/PID-based-SCARA-Robot-Position-and-Velocity-Control-And-Manipulation/src/install/rrbot_gazebo/share/rrbot_gazebo/cmake/rrbot_gazeboConfig.cmake
-- Symlinking: /home/maryammahmood/PID_based_control_rrbot/PID-based-SCARA-Robot-Position-and-Velocity-Control-And-Manipulation/src/install/rrbot_gazebo/share/rrbot_gazebo/cmake/rrbot_gazeboConfig-version.cmake
-- Symlinking: /home/maryammahmood/PID_based_control_rrbot/PID-based-SCARA-Robot-Position-and-Velocity-Control-And-Manipulation/src/install/rrbot_gazebo/share/rrbot_gazebo/package.xml
