[0.074s] DEBUG:colcon:Command line arguments: ['/usr/bin/colcon', 'build', '--symlink-install']
[0.074s] DEBUG:colcon:Parsed command line arguments: Namespace(log_base=None, log_level=None, verb_name='build', build_base='build', install_base='install', merge_install=False, symlink_install=True, test_result_base=None, continue_on_error=False, executor='parallel', parallel_workers=24, event_handlers=None, ignore_user_meta=False, metas=['./colcon.meta'], base_paths=['.'], packages_ignore=None, packages_ignore_regex=None, paths=None, packages_up_to=None, packages_up_to_regex=None, packages_above=None, packages_above_and_dependencies=None, packages_above_depth=None, packages_select_by_dep=None, packages_skip_by_dep=None, packages_skip_up_to=None, packages_select_build_failed=False, packages_skip_build_finished=False, packages_select_test_failures=False, packages_skip_test_passed=False, packages_select=None, packages_skip=None, packages_select_regex=None, packages_skip_regex=None, packages_start=None, packages_end=None, allow_overriding=[], cmake_args=None, cmake_target=None, cmake_target_skip_unavailable=False, cmake_clean_cache=False, cmake_clean_first=False, cmake_force_configure=False, ament_cmake_args=None, catkin_cmake_args=None, catkin_skip_building_tests=False, mixin_files=None, mixin=None, verb_parser=<colcon_mixin.mixin.mixin_argument.MixinArgumentDecorator object at 0x7d5c6c13b100>, verb_extension=<colcon_core.verb.build.BuildVerb object at 0x7d5c6c2ec160>, main=<bound method BuildVerb.main of <colcon_core.verb.build.BuildVerb object at 0x7d5c6c2ec160>>, mixin_verb=('build',))
[0.171s] Level 1:colcon.colcon_core.package_discovery:discover_packages(colcon_meta) check parameters
[0.171s] Level 1:colcon.colcon_core.package_discovery:discover_packages(recursive) check parameters
[0.171s] Level 1:colcon.colcon_core.package_discovery:discover_packages(ignore) check parameters
[0.171s] Level 1:colcon.colcon_core.package_discovery:discover_packages(path) check parameters
[0.171s] Level 1:colcon.colcon_core.package_discovery:discover_packages(colcon_meta) discover
[0.171s] Level 1:colcon.colcon_core.package_discovery:discover_packages(recursive) discover
[0.171s] INFO:colcon.colcon_core.package_discovery:Crawling recursively for packages in '/home/maryammahmood/PID_based_control_rrbot/PID-based-SCARA-Robot-Position-and-Velocity-Control-And-Manipulation/src/rrbot_simulation_files'
[0.171s] Level 1:colcon.colcon_core.package_identification:_identify(.) by extensions ['ignore', 'ignore_ament_install']
[0.171s] Level 1:colcon.colcon_core.package_identification:_identify(.) by extension 'ignore'
[0.171s] Level 1:colcon.colcon_core.package_identification:_identify(.) by extension 'ignore_ament_install'
[0.171s] Level 1:colcon.colcon_core.package_identification:_identify(.) by extensions ['colcon_pkg']
[0.171s] Level 1:colcon.colcon_core.package_identification:_identify(.) by extension 'colcon_pkg'
[0.171s] Level 1:colcon.colcon_core.package_identification:_identify(.) by extensions ['colcon_meta']
[0.171s] Level 1:colcon.colcon_core.package_identification:_identify(.) by extension 'colcon_meta'
[0.171s] Level 1:colcon.colcon_core.package_identification:_identify(.) by extensions ['ros']
[0.171s] Level 1:colcon.colcon_core.package_identification:_identify(.) by extension 'ros'
[0.178s] Level 1:colcon.colcon_core.package_identification:_identify(.) by extensions ['cmake', 'python']
[0.178s] Level 1:colcon.colcon_core.package_identification:_identify(.) by extension 'cmake'
[0.178s] Level 1:colcon.colcon_core.package_identification:_identify(.) by extension 'python'
[0.178s] Level 1:colcon.colcon_core.package_identification:_identify(.) by extensions ['python_setup_py']
[0.178s] Level 1:colcon.colcon_core.package_identification:_identify(.) by extension 'python_setup_py'
[0.178s] Level 1:colcon.colcon_core.package_identification:_identify(build) by extensions ['ignore', 'ignore_ament_install']
[0.178s] Level 1:colcon.colcon_core.package_identification:_identify(build) by extension 'ignore'
[0.178s] Level 1:colcon.colcon_core.package_identification:_identify(build) ignored
[0.179s] Level 1:colcon.colcon_core.package_identification:_identify(install) by extensions ['ignore', 'ignore_ament_install']
[0.179s] Level 1:colcon.colcon_core.package_identification:_identify(install) by extension 'ignore'
[0.179s] Level 1:colcon.colcon_core.package_identification:_identify(install) ignored
[0.179s] Level 1:colcon.colcon_core.package_identification:_identify(log) by extensions ['ignore', 'ignore_ament_install']
[0.179s] Level 1:colcon.colcon_core.package_identification:_identify(log) by extension 'ignore'
[0.179s] Level 1:colcon.colcon_core.package_identification:_identify(log) ignored
[0.179s] Level 1:colcon.colcon_core.package_identification:_identify(rrbot_description) by extensions ['ignore', 'ignore_ament_install']
[0.179s] Level 1:colcon.colcon_core.package_identification:_identify(rrbot_description) by extension 'ignore'
[0.179s] Level 1:colcon.colcon_core.package_identification:_identify(rrbot_description) by extension 'ignore_ament_install'
[0.179s] Level 1:colcon.colcon_core.package_identification:_identify(rrbot_description) by extensions ['colcon_pkg']
[0.179s] Level 1:colcon.colcon_core.package_identification:_identify(rrbot_description) by extension 'colcon_pkg'
[0.179s] Level 1:colcon.colcon_core.package_identification:_identify(rrbot_description) by extensions ['colcon_meta']
[0.179s] Level 1:colcon.colcon_core.package_identification:_identify(rrbot_description) by extension 'colcon_meta'
[0.179s] Level 1:colcon.colcon_core.package_identification:_identify(rrbot_description) by extensions ['ros']
[0.179s] Level 1:colcon.colcon_core.package_identification:_identify(rrbot_description) by extension 'ros'
[0.181s] DEBUG:colcon.colcon_core.package_identification:Package 'rrbot_description' with type 'ros.ament_cmake' and name 'rrbot_description'
[0.181s] Level 1:colcon.colcon_core.package_identification:_identify(rrbot_gazebo) by extensions ['ignore', 'ignore_ament_install']
[0.181s] Level 1:colcon.colcon_core.package_identification:_identify(rrbot_gazebo) by extension 'ignore'
[0.181s] Level 1:colcon.colcon_core.package_identification:_identify(rrbot_gazebo) by extension 'ignore_ament_install'
[0.181s] Level 1:colcon.colcon_core.package_identification:_identify(rrbot_gazebo) by extensions ['colcon_pkg']
[0.181s] Level 1:colcon.colcon_core.package_identification:_identify(rrbot_gazebo) by extension 'colcon_pkg'
[0.181s] Level 1:colcon.colcon_core.package_identification:_identify(rrbot_gazebo) by extensions ['colcon_meta']
[0.181s] Level 1:colcon.colcon_core.package_identification:_identify(rrbot_gazebo) by extension 'colcon_meta'
[0.181s] Level 1:colcon.colcon_core.package_identification:_identify(rrbot_gazebo) by extensions ['ros']
[0.181s] Level 1:colcon.colcon_core.package_identification:_identify(rrbot_gazebo) by extension 'ros'
[0.181s] DEBUG:colcon.colcon_core.package_identification:Package 'rrbot_gazebo' with type 'ros.ament_cmake' and name 'rrbot_gazebo'
[0.181s] Level 1:colcon.colcon_core.package_discovery:discover_packages(recursive) using defaults
[0.181s] Level 1:colcon.colcon_core.package_discovery:discover_packages(ignore) discover
[0.181s] Level 1:colcon.colcon_core.package_discovery:discover_packages(ignore) using defaults
[0.182s] Level 1:colcon.colcon_core.package_discovery:discover_packages(path) discover
[0.182s] Level 1:colcon.colcon_core.package_discovery:discover_packages(path) using defaults
[0.200s] Level 1:colcon.colcon_core.package_discovery:discover_packages(prefix_path) check parameters
[0.200s] Level 1:colcon.colcon_core.package_discovery:discover_packages(prefix_path) discover
[0.202s] DEBUG:colcon.colcon_installed_package_information.package_discovery:Found 2 installed packages in /home/maryammahmood/PID_based_control_rrbot/PID-based-SCARA-Robot-Position-and-Velocity-Control-And-Manipulation/src/rrbot_simulation_files/install
[0.203s] DEBUG:colcon.colcon_installed_package_information.package_discovery:Found 55 installed packages in /home/maryammahmood/ws_moveit2/install
[0.204s] DEBUG:colcon.colcon_installed_package_information.package_discovery:Found 354 installed packages in /opt/ros/humble
[0.205s] Level 1:colcon.colcon_core.package_discovery:discover_packages(prefix_path) using defaults
[0.232s] Level 5:colcon.colcon_core.verb:set package 'rrbot_description' build argument 'cmake_args' from command line to 'None'
[0.232s] Level 5:colcon.colcon_core.verb:set package 'rrbot_description' build argument 'cmake_target' from command line to 'None'
[0.232s] Level 5:colcon.colcon_core.verb:set package 'rrbot_description' build argument 'cmake_target_skip_unavailable' from command line to 'False'
[0.232s] Level 5:colcon.colcon_core.verb:set package 'rrbot_description' build argument 'cmake_clean_cache' from command line to 'False'
[0.233s] Level 5:colcon.colcon_core.verb:set package 'rrbot_description' build argument 'cmake_clean_first' from command line to 'False'
[0.233s] Level 5:colcon.colcon_core.verb:set package 'rrbot_description' build argument 'cmake_force_configure' from command line to 'False'
[0.233s] Level 5:colcon.colcon_core.verb:set package 'rrbot_description' build argument 'ament_cmake_args' from command line to 'None'
[0.233s] Level 5:colcon.colcon_core.verb:set package 'rrbot_description' build argument 'catkin_cmake_args' from command line to 'None'
[0.233s] Level 5:colcon.colcon_core.verb:set package 'rrbot_description' build argument 'catkin_skip_building_tests' from command line to 'False'
[0.233s] DEBUG:colcon.colcon_core.verb:Building package 'rrbot_description' with the following arguments: {'ament_cmake_args': None, 'build_base': '/home/maryammahmood/PID_based_control_rrbot/PID-based-SCARA-Robot-Position-and-Velocity-Control-And-Manipulation/src/rrbot_simulation_files/build/rrbot_description', 'catkin_cmake_args': None, 'catkin_skip_building_tests': False, 'cmake_args': None, 'cmake_clean_cache': False, 'cmake_clean_first': False, 'cmake_force_configure': False, 'cmake_target': None, 'cmake_target_skip_unavailable': False, 'install_base': '/home/maryammahmood/PID_based_control_rrbot/PID-based-SCARA-Robot-Position-and-Velocity-Control-And-Manipulation/src/rrbot_simulation_files/install/rrbot_description', 'merge_install': False, 'path': '/home/maryammahmood/PID_based_control_rrbot/PID-based-SCARA-Robot-Position-and-Velocity-Control-And-Manipulation/src/rrbot_simulation_files/rrbot_description', 'symlink_install': True, 'test_result_base': None}
[0.233s] Level 5:colcon.colcon_core.verb:set package 'rrbot_gazebo' build argument 'cmake_args' from command line to 'None'
[0.233s] Level 5:colcon.colcon_core.verb:set package 'rrbot_gazebo' build argument 'cmake_target' from command line to 'None'
[0.233s] Level 5:colcon.colcon_core.verb:set package 'rrbot_gazebo' build argument 'cmake_target_skip_unavailable' from command line to 'False'
[0.233s] Level 5:colcon.colcon_core.verb:set package 'rrbot_gazebo' build argument 'cmake_clean_cache' from command line to 'False'
[0.233s] Level 5:colcon.colcon_core.verb:set package 'rrbot_gazebo' build argument 'cmake_clean_first' from command line to 'False'
[0.233s] Level 5:colcon.colcon_core.verb:set package 'rrbot_gazebo' build argument 'cmake_force_configure' from command line to 'False'
[0.233s] Level 5:colcon.colcon_core.verb:set package 'rrbot_gazebo' build argument 'ament_cmake_args' from command line to 'None'
[0.233s] Level 5:colcon.colcon_core.verb:set package 'rrbot_gazebo' build argument 'catkin_cmake_args' from command line to 'None'
[0.233s] Level 5:colcon.colcon_core.verb:set package 'rrbot_gazebo' build argument 'catkin_skip_building_tests' from command line to 'False'
[0.233s] DEBUG:colcon.colcon_core.verb:Building package 'rrbot_gazebo' with the following arguments: {'ament_cmake_args': None, 'build_base': '/home/maryammahmood/PID_based_control_rrbot/PID-based-SCARA-Robot-Position-and-Velocity-Control-And-Manipulation/src/rrbot_simulation_files/build/rrbot_gazebo', 'catkin_cmake_args': None, 'catkin_skip_building_tests': False, 'cmake_args': None, 'cmake_clean_cache': False, 'cmake_clean_first': False, 'cmake_force_configure': False, 'cmake_target': None, 'cmake_target_skip_unavailable': False, 'install_base': '/home/maryammahmood/PID_based_control_rrbot/PID-based-SCARA-Robot-Position-and-Velocity-Control-And-Manipulation/src/rrbot_simulation_files/install/rrbot_gazebo', 'merge_install': False, 'path': '/home/maryammahmood/PID_based_control_rrbot/PID-based-SCARA-Robot-Position-and-Velocity-Control-And-Manipulation/src/rrbot_simulation_files/rrbot_gazebo', 'symlink_install': True, 'test_result_base': None}
[0.233s] INFO:colcon.colcon_core.executor:Executing jobs using 'parallel' executor
[0.234s] DEBUG:colcon.colcon_parallel_executor.executor.parallel:run_until_complete
[0.234s] INFO:colcon.colcon_ros.task.ament_cmake.build:Building ROS package in '/home/maryammahmood/PID_based_control_rrbot/PID-based-SCARA-Robot-Position-and-Velocity-Control-And-Manipulation/src/rrbot_simulation_files/rrbot_description' with build type 'ament_cmake'
[0.234s] INFO:colcon.colcon_cmake.task.cmake.build:Building CMake package in '/home/maryammahmood/PID_based_control_rrbot/PID-based-SCARA-Robot-Position-and-Velocity-Control-And-Manipulation/src/rrbot_simulation_files/rrbot_description'
[0.235s] INFO:colcon.colcon_core.plugin_system:Skipping extension 'colcon_core.shell.bat': Not used on non-Windows systems
[0.235s] INFO:colcon.colcon_core.shell:Skip shell extension 'powershell' for command environment: Not usable outside of PowerShell
[0.235s] DEBUG:colcon.colcon_core.shell:Skip shell extension 'dsv' for command environment
[0.245s] DEBUG:colcon.colcon_core.event_handler.log_command:Invoking command in '/home/maryammahmood/PID_based_control_rrbot/PID-based-SCARA-Robot-Position-and-Velocity-Control-And-Manipulation/src/rrbot_simulation_files/build/rrbot_description': CMAKE_PREFIX_PATH=${CMAKE_PREFIX_PATH}:/home/maryammahmood/ws_moveit2/install/moveit_configs_utils:/home/maryammahmood/ws_moveit2/install/launch_param_builder:/opt/ros/humble /usr/bin/cmake /home/maryammahmood/PID_based_control_rrbot/PID-based-SCARA-Robot-Position-and-Velocity-Control-And-Manipulation/src/rrbot_simulation_files/rrbot_description -DAMENT_CMAKE_SYMLINK_INSTALL=1 -DCMAKE_INSTALL_PREFIX=/home/maryammahmood/PID_based_control_rrbot/PID-based-SCARA-Robot-Position-and-Velocity-Control-And-Manipulation/src/rrbot_simulation_files/install/rrbot_description
[0.418s] DEBUG:colcon.colcon_core.event_handler.log_command:Invoked command in '/home/maryammahmood/PID_based_control_rrbot/PID-based-SCARA-Robot-Position-and-Velocity-Control-And-Manipulation/src/rrbot_simulation_files/build/rrbot_description' returned '0': CMAKE_PREFIX_PATH=${CMAKE_PREFIX_PATH}:/home/maryammahmood/ws_moveit2/install/moveit_configs_utils:/home/maryammahmood/ws_moveit2/install/launch_param_builder:/opt/ros/humble /usr/bin/cmake /home/maryammahmood/PID_based_control_rrbot/PID-based-SCARA-Robot-Position-and-Velocity-Control-And-Manipulation/src/rrbot_simulation_files/rrbot_description -DAMENT_CMAKE_SYMLINK_INSTALL=1 -DCMAKE_INSTALL_PREFIX=/home/maryammahmood/PID_based_control_rrbot/PID-based-SCARA-Robot-Position-and-Velocity-Control-And-Manipulation/src/rrbot_simulation_files/install/rrbot_description
[0.419s] DEBUG:colcon.colcon_core.event_handler.log_command:Invoking command in '/home/maryammahmood/PID_based_control_rrbot/PID-based-SCARA-Robot-Position-and-Velocity-Control-And-Manipulation/src/rrbot_simulation_files/build/rrbot_description': CMAKE_PREFIX_PATH=${CMAKE_PREFIX_PATH}:/home/maryammahmood/ws_moveit2/install/moveit_configs_utils:/home/maryammahmood/ws_moveit2/install/launch_param_builder:/opt/ros/humble /usr/bin/cmake --build /home/maryammahmood/PID_based_control_rrbot/PID-based-SCARA-Robot-Position-and-Velocity-Control-And-Manipulation/src/rrbot_simulation_files/build/rrbot_description -- -j24 -l24
[0.470s] DEBUG:colcon.colcon_core.event_handler.log_command:Invoked command in '/home/maryammahmood/PID_based_control_rrbot/PID-based-SCARA-Robot-Position-and-Velocity-Control-And-Manipulation/src/rrbot_simulation_files/build/rrbot_description' returned '0': CMAKE_PREFIX_PATH=${CMAKE_PREFIX_PATH}:/home/maryammahmood/ws_moveit2/install/moveit_configs_utils:/home/maryammahmood/ws_moveit2/install/launch_param_builder:/opt/ros/humble /usr/bin/cmake --build /home/maryammahmood/PID_based_control_rrbot/PID-based-SCARA-Robot-Position-and-Velocity-Control-And-Manipulation/src/rrbot_simulation_files/build/rrbot_description -- -j24 -l24
[0.534s] DEBUG:colcon.colcon_core.event_handler.log_command:Invoking command in '/home/maryammahmood/PID_based_control_rrbot/PID-based-SCARA-Robot-Position-and-Velocity-Control-And-Manipulation/src/rrbot_simulation_files/build/rrbot_description': CMAKE_PREFIX_PATH=${CMAKE_PREFIX_PATH}:/home/maryammahmood/ws_moveit2/install/moveit_configs_utils:/home/maryammahmood/ws_moveit2/install/launch_param_builder:/opt/ros/humble /usr/bin/cmake --install /home/maryammahmood/PID_based_control_rrbot/PID-based-SCARA-Robot-Position-and-Velocity-Control-And-Manipulation/src/rrbot_simulation_files/build/rrbot_description
[0.562s] Level 1:colcon.colcon_core.environment:create_environment_scripts_only(rrbot_description)
[0.562s] DEBUG:colcon.colcon_core.event_handler.log_command:Invoked command in '/home/maryammahmood/PID_based_control_rrbot/PID-based-SCARA-Robot-Position-and-Velocity-Control-And-Manipulation/src/rrbot_simulation_files/build/rrbot_description' returned '0': CMAKE_PREFIX_PATH=${CMAKE_PREFIX_PATH}:/home/maryammahmood/ws_moveit2/install/moveit_configs_utils:/home/maryammahmood/ws_moveit2/install/launch_param_builder:/opt/ros/humble /usr/bin/cmake --install /home/maryammahmood/PID_based_control_rrbot/PID-based-SCARA-Robot-Position-and-Velocity-Control-And-Manipulation/src/rrbot_simulation_files/build/rrbot_description
[0.565s] Level 1:colcon.colcon_core.environment:checking '/home/maryammahmood/PID_based_control_rrbot/PID-based-SCARA-Robot-Position-and-Velocity-Control-And-Manipulation/src/rrbot_simulation_files/install/rrbot_description' for CMake module files
[0.565s] Level 1:colcon.colcon_core.environment:checking '/home/maryammahmood/PID_based_control_rrbot/PID-based-SCARA-Robot-Position-and-Velocity-Control-And-Manipulation/src/rrbot_simulation_files/install/rrbot_description' for CMake config files
[0.566s] Level 1:colcon.colcon_core.shell:create_environment_hook('rrbot_description', 'cmake_prefix_path')
[0.566s] INFO:colcon.colcon_core.shell:Creating environment hook '/home/maryammahmood/PID_based_control_rrbot/PID-based-SCARA-Robot-Position-and-Velocity-Control-And-Manipulation/src/rrbot_simulation_files/install/rrbot_description/share/rrbot_description/hook/cmake_prefix_path.ps1'
[0.566s] INFO:colcon.colcon_core.shell:Creating environment descriptor '/home/maryammahmood/PID_based_control_rrbot/PID-based-SCARA-Robot-Position-and-Velocity-Control-And-Manipulation/src/rrbot_simulation_files/install/rrbot_description/share/rrbot_description/hook/cmake_prefix_path.dsv'
[0.567s] INFO:colcon.colcon_core.shell:Creating environment hook '/home/maryammahmood/PID_based_control_rrbot/PID-based-SCARA-Robot-Position-and-Velocity-Control-And-Manipulation/src/rrbot_simulation_files/install/rrbot_description/share/rrbot_description/hook/cmake_prefix_path.sh'
[0.568s] Level 1:colcon.colcon_core.environment:checking '/home/maryammahmood/PID_based_control_rrbot/PID-based-SCARA-Robot-Position-and-Velocity-Control-And-Manipulation/src/rrbot_simulation_files/install/rrbot_description/bin'
[0.568s] Level 1:colcon.colcon_core.environment:checking '/home/maryammahmood/PID_based_control_rrbot/PID-based-SCARA-Robot-Position-and-Velocity-Control-And-Manipulation/src/rrbot_simulation_files/install/rrbot_description/lib/pkgconfig/rrbot_description.pc'
[0.568s] Level 1:colcon.colcon_core.environment:checking '/home/maryammahmood/PID_based_control_rrbot/PID-based-SCARA-Robot-Position-and-Velocity-Control-And-Manipulation/src/rrbot_simulation_files/install/rrbot_description/lib/python3.10/site-packages'
[0.568s] Level 1:colcon.colcon_core.environment:checking '/home/maryammahmood/PID_based_control_rrbot/PID-based-SCARA-Robot-Position-and-Velocity-Control-And-Manipulation/src/rrbot_simulation_files/install/rrbot_description/bin'
[0.568s] INFO:colcon.colcon_core.shell:Creating package script '/home/maryammahmood/PID_based_control_rrbot/PID-based-SCARA-Robot-Position-and-Velocity-Control-And-Manipulation/src/rrbot_simulation_files/install/rrbot_description/share/rrbot_description/package.ps1'
[0.569s] INFO:colcon.colcon_core.shell:Creating package descriptor '/home/maryammahmood/PID_based_control_rrbot/PID-based-SCARA-Robot-Position-and-Velocity-Control-And-Manipulation/src/rrbot_simulation_files/install/rrbot_description/share/rrbot_description/package.dsv'
[0.569s] INFO:colcon.colcon_core.shell:Creating package script '/home/maryammahmood/PID_based_control_rrbot/PID-based-SCARA-Robot-Position-and-Velocity-Control-And-Manipulation/src/rrbot_simulation_files/install/rrbot_description/share/rrbot_description/package.sh'
[0.570s] INFO:colcon.colcon_core.shell:Creating package script '/home/maryammahmood/PID_based_control_rrbot/PID-based-SCARA-Robot-Position-and-Velocity-Control-And-Manipulation/src/rrbot_simulation_files/install/rrbot_description/share/rrbot_description/package.bash'
[0.570s] INFO:colcon.colcon_core.shell:Creating package script '/home/maryammahmood/PID_based_control_rrbot/PID-based-SCARA-Robot-Position-and-Velocity-Control-And-Manipulation/src/rrbot_simulation_files/install/rrbot_description/share/rrbot_description/package.zsh'
[0.571s] Level 1:colcon.colcon_core.environment:create_file_with_runtime_dependencies(/home/maryammahmood/PID_based_control_rrbot/PID-based-SCARA-Robot-Position-and-Velocity-Control-And-Manipulation/src/rrbot_simulation_files/install/rrbot_description/share/colcon-core/packages/rrbot_description)
[0.611s] Level 1:colcon.colcon_core.environment:create_environment_scripts_only(rrbot_description)
[0.611s] Level 1:colcon.colcon_core.environment:checking '/home/maryammahmood/PID_based_control_rrbot/PID-based-SCARA-Robot-Position-and-Velocity-Control-And-Manipulation/src/rrbot_simulation_files/install/rrbot_description' for CMake module files
[0.612s] Level 1:colcon.colcon_core.environment:checking '/home/maryammahmood/PID_based_control_rrbot/PID-based-SCARA-Robot-Position-and-Velocity-Control-And-Manipulation/src/rrbot_simulation_files/install/rrbot_description' for CMake config files
[0.612s] Level 1:colcon.colcon_core.shell:create_environment_hook('rrbot_description', 'cmake_prefix_path')
[0.612s] INFO:colcon.colcon_core.shell:Creating environment hook '/home/maryammahmood/PID_based_control_rrbot/PID-based-SCARA-Robot-Position-and-Velocity-Control-And-Manipulation/src/rrbot_simulation_files/install/rrbot_description/share/rrbot_description/hook/cmake_prefix_path.ps1'
[0.613s] INFO:colcon.colcon_core.shell:Creating environment descriptor '/home/maryammahmood/PID_based_control_rrbot/PID-based-SCARA-Robot-Position-and-Velocity-Control-And-Manipulation/src/rrbot_simulation_files/install/rrbot_description/share/rrbot_description/hook/cmake_prefix_path.dsv'
[0.613s] INFO:colcon.colcon_core.shell:Creating environment hook '/home/maryammahmood/PID_based_control_rrbot/PID-based-SCARA-Robot-Position-and-Velocity-Control-And-Manipulation/src/rrbot_simulation_files/install/rrbot_description/share/rrbot_description/hook/cmake_prefix_path.sh'
[0.614s] Level 1:colcon.colcon_core.environment:checking '/home/maryammahmood/PID_based_control_rrbot/PID-based-SCARA-Robot-Position-and-Velocity-Control-And-Manipulation/src/rrbot_simulation_files/install/rrbot_description/bin'
[0.614s] Level 1:colcon.colcon_core.environment:checking '/home/maryammahmood/PID_based_control_rrbot/PID-based-SCARA-Robot-Position-and-Velocity-Control-And-Manipulation/src/rrbot_simulation_files/install/rrbot_description/lib/pkgconfig/rrbot_description.pc'
[0.614s] Level 1:colcon.colcon_core.environment:checking '/home/maryammahmood/PID_based_control_rrbot/PID-based-SCARA-Robot-Position-and-Velocity-Control-And-Manipulation/src/rrbot_simulation_files/install/rrbot_description/lib/python3.10/site-packages'
[0.614s] Level 1:colcon.colcon_core.environment:checking '/home/maryammahmood/PID_based_control_rrbot/PID-based-SCARA-Robot-Position-and-Velocity-Control-And-Manipulation/src/rrbot_simulation_files/install/rrbot_description/bin'
[0.614s] INFO:colcon.colcon_core.shell:Creating package script '/home/maryammahmood/PID_based_control_rrbot/PID-based-SCARA-Robot-Position-and-Velocity-Control-And-Manipulation/src/rrbot_simulation_files/install/rrbot_description/share/rrbot_description/package.ps1'
[0.615s] INFO:colcon.colcon_core.shell:Creating package descriptor '/home/maryammahmood/PID_based_control_rrbot/PID-based-SCARA-Robot-Position-and-Velocity-Control-And-Manipulation/src/rrbot_simulation_files/install/rrbot_description/share/rrbot_description/package.dsv'
[0.615s] INFO:colcon.colcon_core.shell:Creating package script '/home/maryammahmood/PID_based_control_rrbot/PID-based-SCARA-Robot-Position-and-Velocity-Control-And-Manipulation/src/rrbot_simulation_files/install/rrbot_description/share/rrbot_description/package.sh'
[0.616s] INFO:colcon.colcon_core.shell:Creating package script '/home/maryammahmood/PID_based_control_rrbot/PID-based-SCARA-Robot-Position-and-Velocity-Control-And-Manipulation/src/rrbot_simulation_files/install/rrbot_description/share/rrbot_description/package.bash'
[0.616s] INFO:colcon.colcon_core.shell:Creating package script '/home/maryammahmood/PID_based_control_rrbot/PID-based-SCARA-Robot-Position-and-Velocity-Control-And-Manipulation/src/rrbot_simulation_files/install/rrbot_description/share/rrbot_description/package.zsh'
[0.617s] Level 1:colcon.colcon_core.environment:create_file_with_runtime_dependencies(/home/maryammahmood/PID_based_control_rrbot/PID-based-SCARA-Robot-Position-and-Velocity-Control-And-Manipulation/src/rrbot_simulation_files/install/rrbot_description/share/colcon-core/packages/rrbot_description)
[0.617s] INFO:colcon.colcon_ros.task.ament_cmake.build:Building ROS package in '/home/maryammahmood/PID_based_control_rrbot/PID-based-SCARA-Robot-Position-and-Velocity-Control-And-Manipulation/src/rrbot_simulation_files/rrbot_gazebo' with build type 'ament_cmake'
[0.618s] INFO:colcon.colcon_cmake.task.cmake.build:Building CMake package in '/home/maryammahmood/PID_based_control_rrbot/PID-based-SCARA-Robot-Position-and-Velocity-Control-And-Manipulation/src/rrbot_simulation_files/rrbot_gazebo'
[0.618s] INFO:colcon.colcon_core.shell:Skip shell extension 'powershell' for command environment: Not usable outside of PowerShell
[0.618s] DEBUG:colcon.colcon_core.shell:Skip shell extension 'dsv' for command environment
[0.636s] DEBUG:colcon.colcon_core.event_handler.log_command:Invoking command in '/home/maryammahmood/PID_based_control_rrbot/PID-based-SCARA-Robot-Position-and-Velocity-Control-And-Manipulation/src/rrbot_simulation_files/build/rrbot_gazebo': CMAKE_PREFIX_PATH=/home/maryammahmood/PID_based_control_rrbot/PID-based-SCARA-Robot-Position-and-Velocity-Control-And-Manipulation/src/rrbot_simulation_files/install/rrbot_description:/home/maryammahmood/PID_based_control_rrbot/PID-based-SCARA-Robot-Position-and-Velocity-Control-And-Manipulation/src/rrbot_simulation_files/install/rrbot_gazebo:/opt/openrobots:/home/maryammahmood/ws_moveit2/install/pilz_industrial_motion_planner_testutils:/home/maryammahmood/ws_moveit2/install/moveit_runtime:/home/maryammahmood/ws_moveit2/install/moveit2_tutorials:/home/maryammahmood/ws_moveit2/install/moveit:/home/maryammahmood/ws_moveit2/install/moveit_planners:/home/maryammahmood/ws_moveit2/install/pilz_industrial_motion_planner:/home/maryammahmood/ws_moveit2/install/moveit_visual_tools:/home/maryammahmood/ws_moveit2/install/moveit_task_constructor_visualization:/home/maryammahmood/ws_moveit2/install/moveit_task_constructor_demo:/home/maryammahmood/ws_moveit2/install/moveit_task_constructor_capabilities:/home/maryammahmood/ws_moveit2/install/moveit_task_constructor_core:/home/maryammahmood/ws_moveit2/install/moveit_ros_control_interface:/home/maryammahmood/ws_moveit2/install/moveit_plugins:/home/maryammahmood/ws_moveit2/install/moveit_simple_controller_manager:/home/maryammahmood/ws_moveit2/install/moveit_setup_assistant:/home/maryammahmood/ws_moveit2/install/moveit_setup_srdf_plugins:/home/maryammahmood/ws_moveit2/install/moveit_setup_core_plugins:/home/maryammahmood/ws_moveit2/install/moveit_setup_controllers:/home/maryammahmood/ws_moveit2/install/moveit_setup_app_plugins:/home/maryammahmood/ws_moveit2/install/moveit_setup_framework:/home/maryammahmood/ws_moveit2/install/moveit_servo:/home/maryammahmood/ws_moveit2/install/moveit_ros:/home/maryammahmood/ws_moveit2/install/moveit_ros_visualization:/home/maryammahmood/ws_moveit2/install/moveit_hybrid_planning:/home/maryammahmood/ws_moveit2/install/moveit_ros_planning_interface:/home/maryammahmood/ws_moveit2/install/moveit_ros_benchmarks:/home/maryammahmood/ws_moveit2/install/moveit_ros_warehouse:/home/maryammahmood/ws_moveit2/install/moveit_ros_robot_interaction:/home/maryammahmood/ws_moveit2/install/moveit_ros_perception:/home/maryammahmood/ws_moveit2/install/moveit_resources_prbt_pg70_support:/home/maryammahmood/ws_moveit2/install/moveit_resources_prbt_moveit_config:/home/maryammahmood/ws_moveit2/install/moveit_ros_move_group:/home/maryammahmood/ws_moveit2/install/moveit_planners_ompl:/home/maryammahmood/ws_moveit2/install/moveit_ros_planning:/home/maryammahmood/ws_moveit2/install/moveit_ros_occupancy_map_monitor:/home/maryammahmood/ws_moveit2/install/moveit_resources_prbt_ikfast_manipulator_plugin:/home/maryammahmood/ws_moveit2/install/moveit_planners_chomp:/home/maryammahmood/ws_moveit2/install/moveit_kinematics:/home/maryammahmood/ws_moveit2/install/moveit_chomp_optimizer_adapter:/home/maryammahmood/ws_moveit2/install/chomp_motion_planner:/home/maryammahmood/ws_moveit2/install/moveit_core:/home/maryammahmood/ws_moveit2/install/srdfdom:/home/maryammahmood/ws_moveit2/install/rviz_marker_tools:/home/maryammahmood/ws_moveit2/install/rosparam_shortcuts:/home/maryammahmood/ws_moveit2/install/moveit_task_constructor_msgs:/home/maryammahmood/ws_moveit2/install/moveit_resources_prbt_support:/home/maryammahmood/ws_moveit2/install/moveit_resources:/home/maryammahmood/ws_moveit2/install/moveit_resources_pr2_description:/home/maryammahmood/ws_moveit2/install/moveit_resources_panda_moveit_config:/home/maryammahmood/ws_moveit2/install/moveit_resources_panda_description:/home/maryammahmood/ws_moveit2/install/moveit_resources_fanuc_moveit_config:/home/maryammahmood/ws_moveit2/install/moveit_resources_fanuc_description:/home/maryammahmood/ws_moveit2/install/moveit_common:/home/maryammahmood/ws_moveit2/install/moveit_configs_utils:/home/maryammahmood/ws_moveit2/install/launch_param_builder:/opt/ros/humble /usr/bin/cmake /home/maryammahmood/PID_based_control_rrbot/PID-based-SCARA-Robot-Position-and-Velocity-Control-And-Manipulation/src/rrbot_simulation_files/rrbot_gazebo -DAMENT_CMAKE_SYMLINK_INSTALL=1 -DCMAKE_INSTALL_PREFIX=/home/maryammahmood/PID_based_control_rrbot/PID-based-SCARA-Robot-Position-and-Velocity-Control-And-Manipulation/src/rrbot_simulation_files/install/rrbot_gazebo
[1.097s] DEBUG:colcon.colcon_core.event_handler.log_command:Invoked command in '/home/maryammahmood/PID_based_control_rrbot/PID-based-SCARA-Robot-Position-and-Velocity-Control-And-Manipulation/src/rrbot_simulation_files/build/rrbot_gazebo' returned '0': CMAKE_PREFIX_PATH=/home/maryammahmood/PID_based_control_rrbot/PID-based-SCARA-Robot-Position-and-Velocity-Control-And-Manipulation/src/rrbot_simulation_files/install/rrbot_description:/home/maryammahmood/PID_based_control_rrbot/PID-based-SCARA-Robot-Position-and-Velocity-Control-And-Manipulation/src/rrbot_simulation_files/install/rrbot_gazebo:/opt/openrobots:/home/maryammahmood/ws_moveit2/install/pilz_industrial_motion_planner_testutils:/home/maryammahmood/ws_moveit2/install/moveit_runtime:/home/maryammahmood/ws_moveit2/install/moveit2_tutorials:/home/maryammahmood/ws_moveit2/install/moveit:/home/maryammahmood/ws_moveit2/install/moveit_planners:/home/maryammahmood/ws_moveit2/install/pilz_industrial_motion_planner:/home/maryammahmood/ws_moveit2/install/moveit_visual_tools:/home/maryammahmood/ws_moveit2/install/moveit_task_constructor_visualization:/home/maryammahmood/ws_moveit2/install/moveit_task_constructor_demo:/home/maryammahmood/ws_moveit2/install/moveit_task_constructor_capabilities:/home/maryammahmood/ws_moveit2/install/moveit_task_constructor_core:/home/maryammahmood/ws_moveit2/install/moveit_ros_control_interface:/home/maryammahmood/ws_moveit2/install/moveit_plugins:/home/maryammahmood/ws_moveit2/install/moveit_simple_controller_manager:/home/maryammahmood/ws_moveit2/install/moveit_setup_assistant:/home/maryammahmood/ws_moveit2/install/moveit_setup_srdf_plugins:/home/maryammahmood/ws_moveit2/install/moveit_setup_core_plugins:/home/maryammahmood/ws_moveit2/install/moveit_setup_controllers:/home/maryammahmood/ws_moveit2/install/moveit_setup_app_plugins:/home/maryammahmood/ws_moveit2/install/moveit_setup_framework:/home/maryammahmood/ws_moveit2/install/moveit_servo:/home/maryammahmood/ws_moveit2/install/moveit_ros:/home/maryammahmood/ws_moveit2/install/moveit_ros_visualization:/home/maryammahmood/ws_moveit2/install/moveit_hybrid_planning:/home/maryammahmood/ws_moveit2/install/moveit_ros_planning_interface:/home/maryammahmood/ws_moveit2/install/moveit_ros_benchmarks:/home/maryammahmood/ws_moveit2/install/moveit_ros_warehouse:/home/maryammahmood/ws_moveit2/install/moveit_ros_robot_interaction:/home/maryammahmood/ws_moveit2/install/moveit_ros_perception:/home/maryammahmood/ws_moveit2/install/moveit_resources_prbt_pg70_support:/home/maryammahmood/ws_moveit2/install/moveit_resources_prbt_moveit_config:/home/maryammahmood/ws_moveit2/install/moveit_ros_move_group:/home/maryammahmood/ws_moveit2/install/moveit_planners_ompl:/home/maryammahmood/ws_moveit2/install/moveit_ros_planning:/home/maryammahmood/ws_moveit2/install/moveit_ros_occupancy_map_monitor:/home/maryammahmood/ws_moveit2/install/moveit_resources_prbt_ikfast_manipulator_plugin:/home/maryammahmood/ws_moveit2/install/moveit_planners_chomp:/home/maryammahmood/ws_moveit2/install/moveit_kinematics:/home/maryammahmood/ws_moveit2/install/moveit_chomp_optimizer_adapter:/home/maryammahmood/ws_moveit2/install/chomp_motion_planner:/home/maryammahmood/ws_moveit2/install/moveit_core:/home/maryammahmood/ws_moveit2/install/srdfdom:/home/maryammahmood/ws_moveit2/install/rviz_marker_tools:/home/maryammahmood/ws_moveit2/install/rosparam_shortcuts:/home/maryammahmood/ws_moveit2/install/moveit_task_constructor_msgs:/home/maryammahmood/ws_moveit2/install/moveit_resources_prbt_support:/home/maryammahmood/ws_moveit2/install/moveit_resources:/home/maryammahmood/ws_moveit2/install/moveit_resources_pr2_description:/home/maryammahmood/ws_moveit2/install/moveit_resources_panda_moveit_config:/home/maryammahmood/ws_moveit2/install/moveit_resources_panda_description:/home/maryammahmood/ws_moveit2/install/moveit_resources_fanuc_moveit_config:/home/maryammahmood/ws_moveit2/install/moveit_resources_fanuc_description:/home/maryammahmood/ws_moveit2/install/moveit_common:/home/maryammahmood/ws_moveit2/install/moveit_configs_utils:/home/maryammahmood/ws_moveit2/install/launch_param_builder:/opt/ros/humble /usr/bin/cmake /home/maryammahmood/PID_based_control_rrbot/PID-based-SCARA-Robot-Position-and-Velocity-Control-And-Manipulation/src/rrbot_simulation_files/rrbot_gazebo -DAMENT_CMAKE_SYMLINK_INSTALL=1 -DCMAKE_INSTALL_PREFIX=/home/maryammahmood/PID_based_control_rrbot/PID-based-SCARA-Robot-Position-and-Velocity-Control-And-Manipulation/src/rrbot_simulation_files/install/rrbot_gazebo
[1.099s] DEBUG:colcon.colcon_core.event_handler.log_command:Invoking command in '/home/maryammahmood/PID_based_control_rrbot/PID-based-SCARA-Robot-Position-and-Velocity-Control-And-Manipulation/src/rrbot_simulation_files/build/rrbot_gazebo': CMAKE_PREFIX_PATH=/home/maryammahmood/PID_based_control_rrbot/PID-based-SCARA-Robot-Position-and-Velocity-Control-And-Manipulation/src/rrbot_simulation_files/install/rrbot_description:/home/maryammahmood/PID_based_control_rrbot/PID-based-SCARA-Robot-Position-and-Velocity-Control-And-Manipulation/src/rrbot_simulation_files/install/rrbot_gazebo:/opt/openrobots:/home/maryammahmood/ws_moveit2/install/pilz_industrial_motion_planner_testutils:/home/maryammahmood/ws_moveit2/install/moveit_runtime:/home/maryammahmood/ws_moveit2/install/moveit2_tutorials:/home/maryammahmood/ws_moveit2/install/moveit:/home/maryammahmood/ws_moveit2/install/moveit_planners:/home/maryammahmood/ws_moveit2/install/pilz_industrial_motion_planner:/home/maryammahmood/ws_moveit2/install/moveit_visual_tools:/home/maryammahmood/ws_moveit2/install/moveit_task_constructor_visualization:/home/maryammahmood/ws_moveit2/install/moveit_task_constructor_demo:/home/maryammahmood/ws_moveit2/install/moveit_task_constructor_capabilities:/home/maryammahmood/ws_moveit2/install/moveit_task_constructor_core:/home/maryammahmood/ws_moveit2/install/moveit_ros_control_interface:/home/maryammahmood/ws_moveit2/install/moveit_plugins:/home/maryammahmood/ws_moveit2/install/moveit_simple_controller_manager:/home/maryammahmood/ws_moveit2/install/moveit_setup_assistant:/home/maryammahmood/ws_moveit2/install/moveit_setup_srdf_plugins:/home/maryammahmood/ws_moveit2/install/moveit_setup_core_plugins:/home/maryammahmood/ws_moveit2/install/moveit_setup_controllers:/home/maryammahmood/ws_moveit2/install/moveit_setup_app_plugins:/home/maryammahmood/ws_moveit2/install/moveit_setup_framework:/home/maryammahmood/ws_moveit2/install/moveit_servo:/home/maryammahmood/ws_moveit2/install/moveit_ros:/home/maryammahmood/ws_moveit2/install/moveit_ros_visualization:/home/maryammahmood/ws_moveit2/install/moveit_hybrid_planning:/home/maryammahmood/ws_moveit2/install/moveit_ros_planning_interface:/home/maryammahmood/ws_moveit2/install/moveit_ros_benchmarks:/home/maryammahmood/ws_moveit2/install/moveit_ros_warehouse:/home/maryammahmood/ws_moveit2/install/moveit_ros_robot_interaction:/home/maryammahmood/ws_moveit2/install/moveit_ros_perception:/home/maryammahmood/ws_moveit2/install/moveit_resources_prbt_pg70_support:/home/maryammahmood/ws_moveit2/install/moveit_resources_prbt_moveit_config:/home/maryammahmood/ws_moveit2/install/moveit_ros_move_group:/home/maryammahmood/ws_moveit2/install/moveit_planners_ompl:/home/maryammahmood/ws_moveit2/install/moveit_ros_planning:/home/maryammahmood/ws_moveit2/install/moveit_ros_occupancy_map_monitor:/home/maryammahmood/ws_moveit2/install/moveit_resources_prbt_ikfast_manipulator_plugin:/home/maryammahmood/ws_moveit2/install/moveit_planners_chomp:/home/maryammahmood/ws_moveit2/install/moveit_kinematics:/home/maryammahmood/ws_moveit2/install/moveit_chomp_optimizer_adapter:/home/maryammahmood/ws_moveit2/install/chomp_motion_planner:/home/maryammahmood/ws_moveit2/install/moveit_core:/home/maryammahmood/ws_moveit2/install/srdfdom:/home/maryammahmood/ws_moveit2/install/rviz_marker_tools:/home/maryammahmood/ws_moveit2/install/rosparam_shortcuts:/home/maryammahmood/ws_moveit2/install/moveit_task_constructor_msgs:/home/maryammahmood/ws_moveit2/install/moveit_resources_prbt_support:/home/maryammahmood/ws_moveit2/install/moveit_resources:/home/maryammahmood/ws_moveit2/install/moveit_resources_pr2_description:/home/maryammahmood/ws_moveit2/install/moveit_resources_panda_moveit_config:/home/maryammahmood/ws_moveit2/install/moveit_resources_panda_description:/home/maryammahmood/ws_moveit2/install/moveit_resources_fanuc_moveit_config:/home/maryammahmood/ws_moveit2/install/moveit_resources_fanuc_description:/home/maryammahmood/ws_moveit2/install/moveit_common:/home/maryammahmood/ws_moveit2/install/moveit_configs_utils:/home/maryammahmood/ws_moveit2/install/launch_param_builder:/opt/ros/humble /usr/bin/cmake --build /home/maryammahmood/PID_based_control_rrbot/PID-based-SCARA-Robot-Position-and-Velocity-Control-And-Manipulation/src/rrbot_simulation_files/build/rrbot_gazebo -- -j24 -l24
[1.176s] DEBUG:colcon.colcon_core.event_handler.log_command:Invoked command in '/home/maryammahmood/PID_based_control_rrbot/PID-based-SCARA-Robot-Position-and-Velocity-Control-And-Manipulation/src/rrbot_simulation_files/build/rrbot_gazebo' returned '0': CMAKE_PREFIX_PATH=/home/maryammahmood/PID_based_control_rrbot/PID-based-SCARA-Robot-Position-and-Velocity-Control-And-Manipulation/src/rrbot_simulation_files/install/rrbot_description:/home/maryammahmood/PID_based_control_rrbot/PID-based-SCARA-Robot-Position-and-Velocity-Control-And-Manipulation/src/rrbot_simulation_files/install/rrbot_gazebo:/opt/openrobots:/home/maryammahmood/ws_moveit2/install/pilz_industrial_motion_planner_testutils:/home/maryammahmood/ws_moveit2/install/moveit_runtime:/home/maryammahmood/ws_moveit2/install/moveit2_tutorials:/home/maryammahmood/ws_moveit2/install/moveit:/home/maryammahmood/ws_moveit2/install/moveit_planners:/home/maryammahmood/ws_moveit2/install/pilz_industrial_motion_planner:/home/maryammahmood/ws_moveit2/install/moveit_visual_tools:/home/maryammahmood/ws_moveit2/install/moveit_task_constructor_visualization:/home/maryammahmood/ws_moveit2/install/moveit_task_constructor_demo:/home/maryammahmood/ws_moveit2/install/moveit_task_constructor_capabilities:/home/maryammahmood/ws_moveit2/install/moveit_task_constructor_core:/home/maryammahmood/ws_moveit2/install/moveit_ros_control_interface:/home/maryammahmood/ws_moveit2/install/moveit_plugins:/home/maryammahmood/ws_moveit2/install/moveit_simple_controller_manager:/home/maryammahmood/ws_moveit2/install/moveit_setup_assistant:/home/maryammahmood/ws_moveit2/install/moveit_setup_srdf_plugins:/home/maryammahmood/ws_moveit2/install/moveit_setup_core_plugins:/home/maryammahmood/ws_moveit2/install/moveit_setup_controllers:/home/maryammahmood/ws_moveit2/install/moveit_setup_app_plugins:/home/maryammahmood/ws_moveit2/install/moveit_setup_framework:/home/maryammahmood/ws_moveit2/install/moveit_servo:/home/maryammahmood/ws_moveit2/install/moveit_ros:/home/maryammahmood/ws_moveit2/install/moveit_ros_visualization:/home/maryammahmood/ws_moveit2/install/moveit_hybrid_planning:/home/maryammahmood/ws_moveit2/install/moveit_ros_planning_interface:/home/maryammahmood/ws_moveit2/install/moveit_ros_benchmarks:/home/maryammahmood/ws_moveit2/install/moveit_ros_warehouse:/home/maryammahmood/ws_moveit2/install/moveit_ros_robot_interaction:/home/maryammahmood/ws_moveit2/install/moveit_ros_perception:/home/maryammahmood/ws_moveit2/install/moveit_resources_prbt_pg70_support:/home/maryammahmood/ws_moveit2/install/moveit_resources_prbt_moveit_config:/home/maryammahmood/ws_moveit2/install/moveit_ros_move_group:/home/maryammahmood/ws_moveit2/install/moveit_planners_ompl:/home/maryammahmood/ws_moveit2/install/moveit_ros_planning:/home/maryammahmood/ws_moveit2/install/moveit_ros_occupancy_map_monitor:/home/maryammahmood/ws_moveit2/install/moveit_resources_prbt_ikfast_manipulator_plugin:/home/maryammahmood/ws_moveit2/install/moveit_planners_chomp:/home/maryammahmood/ws_moveit2/install/moveit_kinematics:/home/maryammahmood/ws_moveit2/install/moveit_chomp_optimizer_adapter:/home/maryammahmood/ws_moveit2/install/chomp_motion_planner:/home/maryammahmood/ws_moveit2/install/moveit_core:/home/maryammahmood/ws_moveit2/install/srdfdom:/home/maryammahmood/ws_moveit2/install/rviz_marker_tools:/home/maryammahmood/ws_moveit2/install/rosparam_shortcuts:/home/maryammahmood/ws_moveit2/install/moveit_task_constructor_msgs:/home/maryammahmood/ws_moveit2/install/moveit_resources_prbt_support:/home/maryammahmood/ws_moveit2/install/moveit_resources:/home/maryammahmood/ws_moveit2/install/moveit_resources_pr2_description:/home/maryammahmood/ws_moveit2/install/moveit_resources_panda_moveit_config:/home/maryammahmood/ws_moveit2/install/moveit_resources_panda_description:/home/maryammahmood/ws_moveit2/install/moveit_resources_fanuc_moveit_config:/home/maryammahmood/ws_moveit2/install/moveit_resources_fanuc_description:/home/maryammahmood/ws_moveit2/install/moveit_common:/home/maryammahmood/ws_moveit2/install/moveit_configs_utils:/home/maryammahmood/ws_moveit2/install/launch_param_builder:/opt/ros/humble /usr/bin/cmake --build /home/maryammahmood/PID_based_control_rrbot/PID-based-SCARA-Robot-Position-and-Velocity-Control-And-Manipulation/src/rrbot_simulation_files/build/rrbot_gazebo -- -j24 -l24
[1.242s] DEBUG:colcon.colcon_core.event_handler.log_command:Invoking command in '/home/maryammahmood/PID_based_control_rrbot/PID-based-SCARA-Robot-Position-and-Velocity-Control-And-Manipulation/src/rrbot_simulation_files/build/rrbot_gazebo': CMAKE_PREFIX_PATH=/home/maryammahmood/PID_based_control_rrbot/PID-based-SCARA-Robot-Position-and-Velocity-Control-And-Manipulation/src/rrbot_simulation_files/install/rrbot_description:/home/maryammahmood/PID_based_control_rrbot/PID-based-SCARA-Robot-Position-and-Velocity-Control-And-Manipulation/src/rrbot_simulation_files/install/rrbot_gazebo:/opt/openrobots:/home/maryammahmood/ws_moveit2/install/pilz_industrial_motion_planner_testutils:/home/maryammahmood/ws_moveit2/install/moveit_runtime:/home/maryammahmood/ws_moveit2/install/moveit2_tutorials:/home/maryammahmood/ws_moveit2/install/moveit:/home/maryammahmood/ws_moveit2/install/moveit_planners:/home/maryammahmood/ws_moveit2/install/pilz_industrial_motion_planner:/home/maryammahmood/ws_moveit2/install/moveit_visual_tools:/home/maryammahmood/ws_moveit2/install/moveit_task_constructor_visualization:/home/maryammahmood/ws_moveit2/install/moveit_task_constructor_demo:/home/maryammahmood/ws_moveit2/install/moveit_task_constructor_capabilities:/home/maryammahmood/ws_moveit2/install/moveit_task_constructor_core:/home/maryammahmood/ws_moveit2/install/moveit_ros_control_interface:/home/maryammahmood/ws_moveit2/install/moveit_plugins:/home/maryammahmood/ws_moveit2/install/moveit_simple_controller_manager:/home/maryammahmood/ws_moveit2/install/moveit_setup_assistant:/home/maryammahmood/ws_moveit2/install/moveit_setup_srdf_plugins:/home/maryammahmood/ws_moveit2/install/moveit_setup_core_plugins:/home/maryammahmood/ws_moveit2/install/moveit_setup_controllers:/home/maryammahmood/ws_moveit2/install/moveit_setup_app_plugins:/home/maryammahmood/ws_moveit2/install/moveit_setup_framework:/home/maryammahmood/ws_moveit2/install/moveit_servo:/home/maryammahmood/ws_moveit2/install/moveit_ros:/home/maryammahmood/ws_moveit2/install/moveit_ros_visualization:/home/maryammahmood/ws_moveit2/install/moveit_hybrid_planning:/home/maryammahmood/ws_moveit2/install/moveit_ros_planning_interface:/home/maryammahmood/ws_moveit2/install/moveit_ros_benchmarks:/home/maryammahmood/ws_moveit2/install/moveit_ros_warehouse:/home/maryammahmood/ws_moveit2/install/moveit_ros_robot_interaction:/home/maryammahmood/ws_moveit2/install/moveit_ros_perception:/home/maryammahmood/ws_moveit2/install/moveit_resources_prbt_pg70_support:/home/maryammahmood/ws_moveit2/install/moveit_resources_prbt_moveit_config:/home/maryammahmood/ws_moveit2/install/moveit_ros_move_group:/home/maryammahmood/ws_moveit2/install/moveit_planners_ompl:/home/maryammahmood/ws_moveit2/install/moveit_ros_planning:/home/maryammahmood/ws_moveit2/install/moveit_ros_occupancy_map_monitor:/home/maryammahmood/ws_moveit2/install/moveit_resources_prbt_ikfast_manipulator_plugin:/home/maryammahmood/ws_moveit2/install/moveit_planners_chomp:/home/maryammahmood/ws_moveit2/install/moveit_kinematics:/home/maryammahmood/ws_moveit2/install/moveit_chomp_optimizer_adapter:/home/maryammahmood/ws_moveit2/install/chomp_motion_planner:/home/maryammahmood/ws_moveit2/install/moveit_core:/home/maryammahmood/ws_moveit2/install/srdfdom:/home/maryammahmood/ws_moveit2/install/rviz_marker_tools:/home/maryammahmood/ws_moveit2/install/rosparam_shortcuts:/home/maryammahmood/ws_moveit2/install/moveit_task_constructor_msgs:/home/maryammahmood/ws_moveit2/install/moveit_resources_prbt_support:/home/maryammahmood/ws_moveit2/install/moveit_resources:/home/maryammahmood/ws_moveit2/install/moveit_resources_pr2_description:/home/maryammahmood/ws_moveit2/install/moveit_resources_panda_moveit_config:/home/maryammahmood/ws_moveit2/install/moveit_resources_panda_description:/home/maryammahmood/ws_moveit2/install/moveit_resources_fanuc_moveit_config:/home/maryammahmood/ws_moveit2/install/moveit_resources_fanuc_description:/home/maryammahmood/ws_moveit2/install/moveit_common:/home/maryammahmood/ws_moveit2/install/moveit_configs_utils:/home/maryammahmood/ws_moveit2/install/launch_param_builder:/opt/ros/humble /usr/bin/cmake --install /home/maryammahmood/PID_based_control_rrbot/PID-based-SCARA-Robot-Position-and-Velocity-Control-And-Manipulation/src/rrbot_simulation_files/build/rrbot_gazebo
[1.260s] Level 1:colcon.colcon_core.environment:create_environment_scripts_only(rrbot_gazebo)
[1.260s] Level 1:colcon.colcon_core.environment:checking '/home/maryammahmood/PID_based_control_rrbot/PID-based-SCARA-Robot-Position-and-Velocity-Control-And-Manipulation/src/rrbot_simulation_files/install/rrbot_gazebo' for CMake module files
[1.260s] DEBUG:colcon.colcon_core.event_handler.log_command:Invoked command in '/home/maryammahmood/PID_based_control_rrbot/PID-based-SCARA-Robot-Position-and-Velocity-Control-And-Manipulation/src/rrbot_simulation_files/build/rrbot_gazebo' returned '0': CMAKE_PREFIX_PATH=/home/maryammahmood/PID_based_control_rrbot/PID-based-SCARA-Robot-Position-and-Velocity-Control-And-Manipulation/src/rrbot_simulation_files/install/rrbot_description:/home/maryammahmood/PID_based_control_rrbot/PID-based-SCARA-Robot-Position-and-Velocity-Control-And-Manipulation/src/rrbot_simulation_files/install/rrbot_gazebo:/opt/openrobots:/home/maryammahmood/ws_moveit2/install/pilz_industrial_motion_planner_testutils:/home/maryammahmood/ws_moveit2/install/moveit_runtime:/home/maryammahmood/ws_moveit2/install/moveit2_tutorials:/home/maryammahmood/ws_moveit2/install/moveit:/home/maryammahmood/ws_moveit2/install/moveit_planners:/home/maryammahmood/ws_moveit2/install/pilz_industrial_motion_planner:/home/maryammahmood/ws_moveit2/install/moveit_visual_tools:/home/maryammahmood/ws_moveit2/install/moveit_task_constructor_visualization:/home/maryammahmood/ws_moveit2/install/moveit_task_constructor_demo:/home/maryammahmood/ws_moveit2/install/moveit_task_constructor_capabilities:/home/maryammahmood/ws_moveit2/install/moveit_task_constructor_core:/home/maryammahmood/ws_moveit2/install/moveit_ros_control_interface:/home/maryammahmood/ws_moveit2/install/moveit_plugins:/home/maryammahmood/ws_moveit2/install/moveit_simple_controller_manager:/home/maryammahmood/ws_moveit2/install/moveit_setup_assistant:/home/maryammahmood/ws_moveit2/install/moveit_setup_srdf_plugins:/home/maryammahmood/ws_moveit2/install/moveit_setup_core_plugins:/home/maryammahmood/ws_moveit2/install/moveit_setup_controllers:/home/maryammahmood/ws_moveit2/install/moveit_setup_app_plugins:/home/maryammahmood/ws_moveit2/install/moveit_setup_framework:/home/maryammahmood/ws_moveit2/install/moveit_servo:/home/maryammahmood/ws_moveit2/install/moveit_ros:/home/maryammahmood/ws_moveit2/install/moveit_ros_visualization:/home/maryammahmood/ws_moveit2/install/moveit_hybrid_planning:/home/maryammahmood/ws_moveit2/install/moveit_ros_planning_interface:/home/maryammahmood/ws_moveit2/install/moveit_ros_benchmarks:/home/maryammahmood/ws_moveit2/install/moveit_ros_warehouse:/home/maryammahmood/ws_moveit2/install/moveit_ros_robot_interaction:/home/maryammahmood/ws_moveit2/install/moveit_ros_perception:/home/maryammahmood/ws_moveit2/install/moveit_resources_prbt_pg70_support:/home/maryammahmood/ws_moveit2/install/moveit_resources_prbt_moveit_config:/home/maryammahmood/ws_moveit2/install/moveit_ros_move_group:/home/maryammahmood/ws_moveit2/install/moveit_planners_ompl:/home/maryammahmood/ws_moveit2/install/moveit_ros_planning:/home/maryammahmood/ws_moveit2/install/moveit_ros_occupancy_map_monitor:/home/maryammahmood/ws_moveit2/install/moveit_resources_prbt_ikfast_manipulator_plugin:/home/maryammahmood/ws_moveit2/install/moveit_planners_chomp:/home/maryammahmood/ws_moveit2/install/moveit_kinematics:/home/maryammahmood/ws_moveit2/install/moveit_chomp_optimizer_adapter:/home/maryammahmood/ws_moveit2/install/chomp_motion_planner:/home/maryammahmood/ws_moveit2/install/moveit_core:/home/maryammahmood/ws_moveit2/install/srdfdom:/home/maryammahmood/ws_moveit2/install/rviz_marker_tools:/home/maryammahmood/ws_moveit2/install/rosparam_shortcuts:/home/maryammahmood/ws_moveit2/install/moveit_task_constructor_msgs:/home/maryammahmood/ws_moveit2/install/moveit_resources_prbt_support:/home/maryammahmood/ws_moveit2/install/moveit_resources:/home/maryammahmood/ws_moveit2/install/moveit_resources_pr2_description:/home/maryammahmood/ws_moveit2/install/moveit_resources_panda_moveit_config:/home/maryammahmood/ws_moveit2/install/moveit_resources_panda_description:/home/maryammahmood/ws_moveit2/install/moveit_resources_fanuc_moveit_config:/home/maryammahmood/ws_moveit2/install/moveit_resources_fanuc_description:/home/maryammahmood/ws_moveit2/install/moveit_common:/home/maryammahmood/ws_moveit2/install/moveit_configs_utils:/home/maryammahmood/ws_moveit2/install/launch_param_builder:/opt/ros/humble /usr/bin/cmake --install /home/maryammahmood/PID_based_control_rrbot/PID-based-SCARA-Robot-Position-and-Velocity-Control-And-Manipulation/src/rrbot_simulation_files/build/rrbot_gazebo
[1.261s] Level 1:colcon.colcon_core.environment:checking '/home/maryammahmood/PID_based_control_rrbot/PID-based-SCARA-Robot-Position-and-Velocity-Control-And-Manipulation/src/rrbot_simulation_files/install/rrbot_gazebo' for CMake config files
[1.261s] Level 1:colcon.colcon_core.shell:create_environment_hook('rrbot_gazebo', 'cmake_prefix_path')
[1.261s] INFO:colcon.colcon_core.shell:Creating environment hook '/home/maryammahmood/PID_based_control_rrbot/PID-based-SCARA-Robot-Position-and-Velocity-Control-And-Manipulation/src/rrbot_simulation_files/install/rrbot_gazebo/share/rrbot_gazebo/hook/cmake_prefix_path.ps1'
[1.261s] INFO:colcon.colcon_core.shell:Creating environment descriptor '/home/maryammahmood/PID_based_control_rrbot/PID-based-SCARA-Robot-Position-and-Velocity-Control-And-Manipulation/src/rrbot_simulation_files/install/rrbot_gazebo/share/rrbot_gazebo/hook/cmake_prefix_path.dsv'
[1.261s] INFO:colcon.colcon_core.shell:Creating environment hook '/home/maryammahmood/PID_based_control_rrbot/PID-based-SCARA-Robot-Position-and-Velocity-Control-And-Manipulation/src/rrbot_simulation_files/install/rrbot_gazebo/share/rrbot_gazebo/hook/cmake_prefix_path.sh'
[1.262s] Level 1:colcon.colcon_core.environment:checking '/home/maryammahmood/PID_based_control_rrbot/PID-based-SCARA-Robot-Position-and-Velocity-Control-And-Manipulation/src/rrbot_simulation_files/install/rrbot_gazebo/lib'
[1.262s] Level 1:colcon.colcon_core.environment:checking '/home/maryammahmood/PID_based_control_rrbot/PID-based-SCARA-Robot-Position-and-Velocity-Control-And-Manipulation/src/rrbot_simulation_files/install/rrbot_gazebo/bin'
[1.262s] Level 1:colcon.colcon_core.environment:checking '/home/maryammahmood/PID_based_control_rrbot/PID-based-SCARA-Robot-Position-and-Velocity-Control-And-Manipulation/src/rrbot_simulation_files/install/rrbot_gazebo/lib/pkgconfig/rrbot_gazebo.pc'
[1.262s] Level 1:colcon.colcon_core.environment:checking '/home/maryammahmood/PID_based_control_rrbot/PID-based-SCARA-Robot-Position-and-Velocity-Control-And-Manipulation/src/rrbot_simulation_files/install/rrbot_gazebo/lib/python3.10/site-packages'
[1.262s] Level 1:colcon.colcon_core.environment:checking '/home/maryammahmood/PID_based_control_rrbot/PID-based-SCARA-Robot-Position-and-Velocity-Control-And-Manipulation/src/rrbot_simulation_files/install/rrbot_gazebo/bin'
[1.262s] INFO:colcon.colcon_core.shell:Creating package script '/home/maryammahmood/PID_based_control_rrbot/PID-based-SCARA-Robot-Position-and-Velocity-Control-And-Manipulation/src/rrbot_simulation_files/install/rrbot_gazebo/share/rrbot_gazebo/package.ps1'
[1.263s] INFO:colcon.colcon_core.shell:Creating package descriptor '/home/maryammahmood/PID_based_control_rrbot/PID-based-SCARA-Robot-Position-and-Velocity-Control-And-Manipulation/src/rrbot_simulation_files/install/rrbot_gazebo/share/rrbot_gazebo/package.dsv'
[1.263s] INFO:colcon.colcon_core.shell:Creating package script '/home/maryammahmood/PID_based_control_rrbot/PID-based-SCARA-Robot-Position-and-Velocity-Control-And-Manipulation/src/rrbot_simulation_files/install/rrbot_gazebo/share/rrbot_gazebo/package.sh'
[1.263s] INFO:colcon.colcon_core.shell:Creating package script '/home/maryammahmood/PID_based_control_rrbot/PID-based-SCARA-Robot-Position-and-Velocity-Control-And-Manipulation/src/rrbot_simulation_files/install/rrbot_gazebo/share/rrbot_gazebo/package.bash'
[1.263s] INFO:colcon.colcon_core.shell:Creating package script '/home/maryammahmood/PID_based_control_rrbot/PID-based-SCARA-Robot-Position-and-Velocity-Control-And-Manipulation/src/rrbot_simulation_files/install/rrbot_gazebo/share/rrbot_gazebo/package.zsh'
[1.263s] Level 1:colcon.colcon_core.environment:create_file_with_runtime_dependencies(/home/maryammahmood/PID_based_control_rrbot/PID-based-SCARA-Robot-Position-and-Velocity-Control-And-Manipulation/src/rrbot_simulation_files/install/rrbot_gazebo/share/colcon-core/packages/rrbot_gazebo)
[1.328s] Level 1:colcon.colcon_core.environment:create_environment_scripts_only(rrbot_gazebo)
[1.329s] Level 1:colcon.colcon_core.environment:checking '/home/maryammahmood/PID_based_control_rrbot/PID-based-SCARA-Robot-Position-and-Velocity-Control-And-Manipulation/src/rrbot_simulation_files/install/rrbot_gazebo' for CMake module files
[1.329s] Level 1:colcon.colcon_core.environment:checking '/home/maryammahmood/PID_based_control_rrbot/PID-based-SCARA-Robot-Position-and-Velocity-Control-And-Manipulation/src/rrbot_simulation_files/install/rrbot_gazebo' for CMake config files
[1.329s] Level 1:colcon.colcon_core.shell:create_environment_hook('rrbot_gazebo', 'cmake_prefix_path')
[1.329s] INFO:colcon.colcon_core.shell:Creating environment hook '/home/maryammahmood/PID_based_control_rrbot/PID-based-SCARA-Robot-Position-and-Velocity-Control-And-Manipulation/src/rrbot_simulation_files/install/rrbot_gazebo/share/rrbot_gazebo/hook/cmake_prefix_path.ps1'
[1.330s] INFO:colcon.colcon_core.shell:Creating environment descriptor '/home/maryammahmood/PID_based_control_rrbot/PID-based-SCARA-Robot-Position-and-Velocity-Control-And-Manipulation/src/rrbot_simulation_files/install/rrbot_gazebo/share/rrbot_gazebo/hook/cmake_prefix_path.dsv'
[1.330s] INFO:colcon.colcon_core.shell:Creating environment hook '/home/maryammahmood/PID_based_control_rrbot/PID-based-SCARA-Robot-Position-and-Velocity-Control-And-Manipulation/src/rrbot_simulation_files/install/rrbot_gazebo/share/rrbot_gazebo/hook/cmake_prefix_path.sh'
[1.330s] Level 1:colcon.colcon_core.environment:checking '/home/maryammahmood/PID_based_control_rrbot/PID-based-SCARA-Robot-Position-and-Velocity-Control-And-Manipulation/src/rrbot_simulation_files/install/rrbot_gazebo/lib'
[1.330s] Level 1:colcon.colcon_core.environment:checking '/home/maryammahmood/PID_based_control_rrbot/PID-based-SCARA-Robot-Position-and-Velocity-Control-And-Manipulation/src/rrbot_simulation_files/install/rrbot_gazebo/bin'
[1.330s] Level 1:colcon.colcon_core.environment:checking '/home/maryammahmood/PID_based_control_rrbot/PID-based-SCARA-Robot-Position-and-Velocity-Control-And-Manipulation/src/rrbot_simulation_files/install/rrbot_gazebo/lib/pkgconfig/rrbot_gazebo.pc'
[1.330s] Level 1:colcon.colcon_core.environment:checking '/home/maryammahmood/PID_based_control_rrbot/PID-based-SCARA-Robot-Position-and-Velocity-Control-And-Manipulation/src/rrbot_simulation_files/install/rrbot_gazebo/lib/python3.10/site-packages'
[1.330s] Level 1:colcon.colcon_core.environment:checking '/home/maryammahmood/PID_based_control_rrbot/PID-based-SCARA-Robot-Position-and-Velocity-Control-And-Manipulation/src/rrbot_simulation_files/install/rrbot_gazebo/bin'
[1.331s] INFO:colcon.colcon_core.shell:Creating package script '/home/maryammahmood/PID_based_control_rrbot/PID-based-SCARA-Robot-Position-and-Velocity-Control-And-Manipulation/src/rrbot_simulation_files/install/rrbot_gazebo/share/rrbot_gazebo/package.ps1'
[1.331s] INFO:colcon.colcon_core.shell:Creating package descriptor '/home/maryammahmood/PID_based_control_rrbot/PID-based-SCARA-Robot-Position-and-Velocity-Control-And-Manipulation/src/rrbot_simulation_files/install/rrbot_gazebo/share/rrbot_gazebo/package.dsv'
[1.331s] INFO:colcon.colcon_core.shell:Creating package script '/home/maryammahmood/PID_based_control_rrbot/PID-based-SCARA-Robot-Position-and-Velocity-Control-And-Manipulation/src/rrbot_simulation_files/install/rrbot_gazebo/share/rrbot_gazebo/package.sh'
[1.331s] INFO:colcon.colcon_core.shell:Creating package script '/home/maryammahmood/PID_based_control_rrbot/PID-based-SCARA-Robot-Position-and-Velocity-Control-And-Manipulation/src/rrbot_simulation_files/install/rrbot_gazebo/share/rrbot_gazebo/package.bash'
[1.332s] INFO:colcon.colcon_core.shell:Creating package script '/home/maryammahmood/PID_based_control_rrbot/PID-based-SCARA-Robot-Position-and-Velocity-Control-And-Manipulation/src/rrbot_simulation_files/install/rrbot_gazebo/share/rrbot_gazebo/package.zsh'
[1.332s] Level 1:colcon.colcon_core.environment:create_file_with_runtime_dependencies(/home/maryammahmood/PID_based_control_rrbot/PID-based-SCARA-Robot-Position-and-Velocity-Control-And-Manipulation/src/rrbot_simulation_files/install/rrbot_gazebo/share/colcon-core/packages/rrbot_gazebo)
[1.332s] DEBUG:colcon.colcon_parallel_executor.executor.parallel:closing loop
[1.332s] DEBUG:colcon.colcon_parallel_executor.executor.parallel:loop closed
[1.332s] DEBUG:colcon.colcon_parallel_executor.executor.parallel:run_until_complete finished with '0'
[1.332s] DEBUG:colcon.colcon_core.event_reactor:joining thread
[1.336s] INFO:colcon.colcon_core.plugin_system:Skipping extension 'colcon_notification.desktop_notification.terminal_notifier': Not used on non-Darwin systems
[1.336s] INFO:colcon.colcon_core.plugin_system:Skipping extension 'colcon_notification.desktop_notification.win32': Not used on non-Windows systems
[1.336s] INFO:colcon.colcon_notification.desktop_notification:Sending desktop notification using 'notify2'
[1.344s] DEBUG:colcon.colcon_core.event_reactor:joined thread
[1.345s] INFO:colcon.colcon_core.shell:Creating prefix script '/home/maryammahmood/PID_based_control_rrbot/PID-based-SCARA-Robot-Position-and-Velocity-Control-And-Manipulation/src/rrbot_simulation_files/install/local_setup.ps1'
[1.345s] INFO:colcon.colcon_core.shell:Creating prefix util module '/home/maryammahmood/PID_based_control_rrbot/PID-based-SCARA-Robot-Position-and-Velocity-Control-And-Manipulation/src/rrbot_simulation_files/install/_local_setup_util_ps1.py'
[1.346s] INFO:colcon.colcon_core.shell:Creating prefix chain script '/home/maryammahmood/PID_based_control_rrbot/PID-based-SCARA-Robot-Position-and-Velocity-Control-And-Manipulation/src/rrbot_simulation_files/install/setup.ps1'
[1.348s] INFO:colcon.colcon_core.shell:Creating prefix script '/home/maryammahmood/PID_based_control_rrbot/PID-based-SCARA-Robot-Position-and-Velocity-Control-And-Manipulation/src/rrbot_simulation_files/install/local_setup.sh'
[1.348s] INFO:colcon.colcon_core.shell:Creating prefix util module '/home/maryammahmood/PID_based_control_rrbot/PID-based-SCARA-Robot-Position-and-Velocity-Control-And-Manipulation/src/rrbot_simulation_files/install/_local_setup_util_sh.py'
[1.348s] INFO:colcon.colcon_core.shell:Creating prefix chain script '/home/maryammahmood/PID_based_control_rrbot/PID-based-SCARA-Robot-Position-and-Velocity-Control-And-Manipulation/src/rrbot_simulation_files/install/setup.sh'
[1.350s] INFO:colcon.colcon_core.shell:Creating prefix script '/home/maryammahmood/PID_based_control_rrbot/PID-based-SCARA-Robot-Position-and-Velocity-Control-And-Manipulation/src/rrbot_simulation_files/install/local_setup.bash'
[1.350s] INFO:colcon.colcon_core.shell:Creating prefix chain script '/home/maryammahmood/PID_based_control_rrbot/PID-based-SCARA-Robot-Position-and-Velocity-Control-And-Manipulation/src/rrbot_simulation_files/install/setup.bash'
[1.351s] INFO:colcon.colcon_core.shell:Creating prefix script '/home/maryammahmood/PID_based_control_rrbot/PID-based-SCARA-Robot-Position-and-Velocity-Control-And-Manipulation/src/rrbot_simulation_files/install/local_setup.zsh'
[1.351s] INFO:colcon.colcon_core.shell:Creating prefix chain script '/home/maryammahmood/PID_based_control_rrbot/PID-based-SCARA-Robot-Position-and-Velocity-Control-And-Manipulation/src/rrbot_simulation_files/install/setup.zsh'
