[0.020s] Invoking command in '/home/maryammahmood/PID_own_urdf/src/build/urdf_desc': CMAKE_PREFIX_PATH=${CMAKE_PREFIX_PATH}:/home/maryammahmood/ws_moveit2/install/moveit_configs_utils:/home/maryammahmood/ws_moveit2/install/launch_param_builder:/opt/ros/humble /usr/bin/cmake /home/maryammahmood/PID_own_urdf/src/rrbot_simulation_files/urdf_desc -DAMENT_CMAKE_SYMLINK_INSTALL=1 -DCMAKE_INSTALL_PREFIX=/home/maryammahmood/PID_own_urdf/src/install/urdf_desc
[0.034s] -- Found ament_cmake: 1.3.11 (/opt/ros/humble/share/ament_cmake/cmake)
[0.203s] -- Override CMake install command with custom implementation using symlinks instead of copying resources
[0.299s] -- Configuring done
[0.301s] -- Generating done
[0.303s] -- Build files have been written to: /home/maryammahmood/PID_own_urdf/src/build/urdf_desc
[0.307s] Invoked command in '/home/maryammahmood/PID_own_urdf/src/build/urdf_desc' returned '0': CMAKE_PREFIX_PATH=${CMAKE_PREFIX_PATH}:/home/maryammahmood/ws_moveit2/install/moveit_configs_utils:/home/maryammahmood/ws_moveit2/install/launch_param_builder:/opt/ros/humble /usr/bin/cmake /home/maryammahmood/PID_own_urdf/src/rrbot_simulation_files/urdf_desc -DAMENT_CMAKE_SYMLINK_INSTALL=1 -DCMAKE_INSTALL_PREFIX=/home/maryammahmood/PID_own_urdf/src/install/urdf_desc
[0.308s] Invoking command in '/home/maryammahmood/PID_own_urdf/src/build/urdf_desc': CMAKE_PREFIX_PATH=${CMAKE_PREFIX_PATH}:/home/maryammahmood/ws_moveit2/install/moveit_configs_utils:/home/maryammahmood/ws_moveit2/install/launch_param_builder:/opt/ros/humble /usr/bin/cmake --build /home/maryammahmood/PID_own_urdf/src/build/urdf_desc -- -j24 -l24
[0.398s] Invoked command in '/home/maryammahmood/PID_own_urdf/src/build/urdf_desc' returned '0': CMAKE_PREFIX_PATH=${CMAKE_PREFIX_PATH}:/home/maryammahmood/ws_moveit2/install/moveit_configs_utils:/home/maryammahmood/ws_moveit2/install/launch_param_builder:/opt/ros/humble /usr/bin/cmake --build /home/maryammahmood/PID_own_urdf/src/build/urdf_desc -- -j24 -l24
[0.401s] Invoking command in '/home/maryammahmood/PID_own_urdf/src/build/urdf_desc': CMAKE_PREFIX_PATH=${CMAKE_PREFIX_PATH}:/home/maryammahmood/ws_moveit2/install/moveit_configs_utils:/home/maryammahmood/ws_moveit2/install/launch_param_builder:/opt/ros/humble /usr/bin/cmake --install /home/maryammahmood/PID_own_urdf/src/build/urdf_desc
[0.416s] -- Install configuration: ""
[0.417s] -- Execute custom install script
[0.417s] -- Up-to-date symlink: /home/maryammahmood/PID_own_urdf/src/install/urdf_desc/share/urdf_desc/config/rrbot.rviz
[0.417s] -- Symlinking: /home/maryammahmood/PID_own_urdf/src/install/urdf_desc/share/urdf_desc/meshes/Link_1.STL
[0.436s] CMake Error: failed to create symbolic link '/home/maryammahmood/PID_own_urdf/src/install/urdf_desc/share/urdf_desc/meshes/Link_1.STL': Permission denied
[0.436s] [31mCMake Error at ament_cmake_symlink_install/ament_cmake_symlink_install.cmake:302 (message):
[0.437s]   Could not create symlink
[0.437s]   '/home/maryammahmood/PID_own_urdf/src/install/urdf_desc/share/urdf_desc/meshes/Link_1.STL'
[0.438s]   pointing to
[0.438s]   '/home/maryammahmood/PID_own_urdf/src/rrbot_simulation_files/urdf_desc/meshes/Link_1.STL'
[0.438s] Call Stack (most recent call first):
[0.438s]   ament_cmake_symlink_install/ament_cmake_symlink_install.cmake:96 (_ament_cmake_symlink_install_create_symlink)
[0.438s]   ament_cmake_symlink_install/ament_cmake_symlink_install.cmake:314 (ament_cmake_symlink_install_directory)
[0.439s]   cmake_install.cmake:46 (include)
[0.439s] 
[0.439s] [0m
[0.456s] Invoked command in '/home/maryammahmood/PID_own_urdf/src/build/urdf_desc' returned '1': CMAKE_PREFIX_PATH=${CMAKE_PREFIX_PATH}:/home/maryammahmood/ws_moveit2/install/moveit_configs_utils:/home/maryammahmood/ws_moveit2/install/launch_param_builder:/opt/ros/humble /usr/bin/cmake --install /home/maryammahmood/PID_own_urdf/src/build/urdf_desc
