[0.127s] DEBUG:colcon:Command line arguments: ['/usr/bin/colcon', 'build', '--symlink-install']
[0.127s] DEBUG:colcon:Parsed command line arguments: Namespace(log_base=None, log_level=None, verb_name='build', build_base='build', install_base='install', merge_install=False, symlink_install=True, test_result_base=None, continue_on_error=False, executor='parallel', parallel_workers=24, event_handlers=None, ignore_user_meta=False, metas=['./colcon.meta'], base_paths=['.'], packages_ignore=None, packages_ignore_regex=None, paths=None, packages_up_to=None, packages_up_to_regex=None, packages_above=None, packages_above_and_dependencies=None, packages_above_depth=None, packages_select_by_dep=None, packages_skip_by_dep=None, packages_skip_up_to=None, packages_select_build_failed=False, packages_skip_build_finished=False, packages_select_test_failures=False, packages_skip_test_passed=False, packages_select=None, packages_skip=None, packages_select_regex=None, packages_skip_regex=None, packages_start=None, packages_end=None, allow_overriding=[], cmake_args=None, cmake_target=None, cmake_target_skip_unavailable=False, cmake_clean_cache=False, cmake_clean_first=False, cmake_force_configure=False, ament_cmake_args=None, catkin_cmake_args=None, catkin_skip_building_tests=False, mixin_files=None, mixin=None, verb_parser=<colcon_mixin.mixin.mixin_argument.MixinArgumentDecorator object at 0x72297332f760>, verb_extension=<colcon_core.verb.build.BuildVerb object at 0x7229734e0610>, main=<bound method BuildVerb.main of <colcon_core.verb.build.BuildVerb object at 0x7229734e0610>>, mixin_verb=('build',))
[0.299s] Level 1:colcon.colcon_core.package_discovery:discover_packages(colcon_meta) check parameters
[0.299s] Level 1:colcon.colcon_core.package_discovery:discover_packages(recursive) check parameters
[0.299s] Level 1:colcon.colcon_core.package_discovery:discover_packages(ignore) check parameters
[0.299s] Level 1:colcon.colcon_core.package_discovery:discover_packages(path) check parameters
[0.299s] Level 1:colcon.colcon_core.package_discovery:discover_packages(colcon_meta) discover
[0.299s] Level 1:colcon.colcon_core.package_discovery:discover_packages(recursive) discover
[0.299s] INFO:colcon.colcon_core.package_discovery:Crawling recursively for packages in '/home/maryammahmood/PID_own_urdf/src'
[0.299s] Level 1:colcon.colcon_core.package_identification:_identify(.) by extensions ['ignore', 'ignore_ament_install']
[0.299s] Level 1:colcon.colcon_core.package_identification:_identify(.) by extension 'ignore'
[0.299s] Level 1:colcon.colcon_core.package_identification:_identify(.) by extension 'ignore_ament_install'
[0.299s] Level 1:colcon.colcon_core.package_identification:_identify(.) by extensions ['colcon_pkg']
[0.299s] Level 1:colcon.colcon_core.package_identification:_identify(.) by extension 'colcon_pkg'
[0.300s] Level 1:colcon.colcon_core.package_identification:_identify(.) by extensions ['colcon_meta']
[0.300s] Level 1:colcon.colcon_core.package_identification:_identify(.) by extension 'colcon_meta'
[0.300s] Level 1:colcon.colcon_core.package_identification:_identify(.) by extensions ['ros']
[0.300s] Level 1:colcon.colcon_core.package_identification:_identify(.) by extension 'ros'
[0.311s] Level 1:colcon.colcon_core.package_identification:_identify(.) by extensions ['cmake', 'python']
[0.312s] Level 1:colcon.colcon_core.package_identification:_identify(.) by extension 'cmake'
[0.312s] Level 1:colcon.colcon_core.package_identification:_identify(.) by extension 'python'
[0.312s] Level 1:colcon.colcon_core.package_identification:_identify(.) by extensions ['python_setup_py']
[0.312s] Level 1:colcon.colcon_core.package_identification:_identify(.) by extension 'python_setup_py'
[0.312s] Level 1:colcon.colcon_core.package_identification:_identify(build) by extensions ['ignore', 'ignore_ament_install']
[0.312s] Level 1:colcon.colcon_core.package_identification:_identify(build) by extension 'ignore'
[0.312s] Level 1:colcon.colcon_core.package_identification:_identify(build) ignored
[0.312s] Level 1:colcon.colcon_core.package_identification:_identify(custom_interfaces) by extensions ['ignore', 'ignore_ament_install']
[0.312s] Level 1:colcon.colcon_core.package_identification:_identify(custom_interfaces) by extension 'ignore'
[0.312s] Level 1:colcon.colcon_core.package_identification:_identify(custom_interfaces) by extension 'ignore_ament_install'
[0.312s] Level 1:colcon.colcon_core.package_identification:_identify(custom_interfaces) by extensions ['colcon_pkg']
[0.312s] Level 1:colcon.colcon_core.package_identification:_identify(custom_interfaces) by extension 'colcon_pkg'
[0.312s] Level 1:colcon.colcon_core.package_identification:_identify(custom_interfaces) by extensions ['colcon_meta']
[0.312s] Level 1:colcon.colcon_core.package_identification:_identify(custom_interfaces) by extension 'colcon_meta'
[0.312s] Level 1:colcon.colcon_core.package_identification:_identify(custom_interfaces) by extensions ['ros']
[0.312s] Level 1:colcon.colcon_core.package_identification:_identify(custom_interfaces) by extension 'ros'
[0.315s] DEBUG:colcon.colcon_core.package_identification:Package 'custom_interfaces' with type 'ros.ament_cmake' and name 'custom_interfaces'
[0.315s] Level 1:colcon.colcon_core.package_identification:_identify(install) by extensions ['ignore', 'ignore_ament_install']
[0.315s] Level 1:colcon.colcon_core.package_identification:_identify(install) by extension 'ignore'
[0.315s] Level 1:colcon.colcon_core.package_identification:_identify(install) ignored
[0.316s] Level 1:colcon.colcon_core.package_identification:_identify(log) by extensions ['ignore', 'ignore_ament_install']
[0.316s] Level 1:colcon.colcon_core.package_identification:_identify(log) by extension 'ignore'
[0.316s] Level 1:colcon.colcon_core.package_identification:_identify(log) ignored
[0.316s] Level 1:colcon.colcon_core.package_identification:_identify(rrbot_simulation_files) by extensions ['ignore', 'ignore_ament_install']
[0.316s] Level 1:colcon.colcon_core.package_identification:_identify(rrbot_simulation_files) by extension 'ignore'
[0.316s] Level 1:colcon.colcon_core.package_identification:_identify(rrbot_simulation_files) by extension 'ignore_ament_install'
[0.316s] Level 1:colcon.colcon_core.package_identification:_identify(rrbot_simulation_files) by extensions ['colcon_pkg']
[0.316s] Level 1:colcon.colcon_core.package_identification:_identify(rrbot_simulation_files) by extension 'colcon_pkg'
[0.316s] Level 1:colcon.colcon_core.package_identification:_identify(rrbot_simulation_files) by extensions ['colcon_meta']
[0.316s] Level 1:colcon.colcon_core.package_identification:_identify(rrbot_simulation_files) by extension 'colcon_meta'
[0.316s] Level 1:colcon.colcon_core.package_identification:_identify(rrbot_simulation_files) by extensions ['ros']
[0.316s] Level 1:colcon.colcon_core.package_identification:_identify(rrbot_simulation_files) by extension 'ros'
[0.316s] Level 1:colcon.colcon_core.package_identification:_identify(rrbot_simulation_files) by extensions ['cmake', 'python']
[0.316s] Level 1:colcon.colcon_core.package_identification:_identify(rrbot_simulation_files) by extension 'cmake'
[0.316s] Level 1:colcon.colcon_core.package_identification:_identify(rrbot_simulation_files) by extension 'python'
[0.316s] Level 1:colcon.colcon_core.package_identification:_identify(rrbot_simulation_files) by extensions ['python_setup_py']
[0.317s] Level 1:colcon.colcon_core.package_identification:_identify(rrbot_simulation_files) by extension 'python_setup_py'
[0.317s] Level 1:colcon.colcon_core.package_identification:_identify(rrbot_simulation_files/rrbot_description) by extensions ['ignore', 'ignore_ament_install']
[0.317s] Level 1:colcon.colcon_core.package_identification:_identify(rrbot_simulation_files/rrbot_description) by extension 'ignore'
[0.317s] Level 1:colcon.colcon_core.package_identification:_identify(rrbot_simulation_files/rrbot_description) by extension 'ignore_ament_install'
[0.317s] Level 1:colcon.colcon_core.package_identification:_identify(rrbot_simulation_files/rrbot_description) by extensions ['colcon_pkg']
[0.317s] Level 1:colcon.colcon_core.package_identification:_identify(rrbot_simulation_files/rrbot_description) by extension 'colcon_pkg'
[0.317s] Level 1:colcon.colcon_core.package_identification:_identify(rrbot_simulation_files/rrbot_description) by extensions ['colcon_meta']
[0.317s] Level 1:colcon.colcon_core.package_identification:_identify(rrbot_simulation_files/rrbot_description) by extension 'colcon_meta'
[0.317s] Level 1:colcon.colcon_core.package_identification:_identify(rrbot_simulation_files/rrbot_description) by extensions ['ros']
[0.317s] Level 1:colcon.colcon_core.package_identification:_identify(rrbot_simulation_files/rrbot_description) by extension 'ros'
[0.317s] DEBUG:colcon.colcon_core.package_identification:Package 'rrbot_simulation_files/rrbot_description' with type 'ros.ament_cmake' and name 'rrbot_description'
[0.318s] Level 1:colcon.colcon_core.package_identification:_identify(rrbot_simulation_files/rrbot_gazebo) by extensions ['ignore', 'ignore_ament_install']
[0.318s] Level 1:colcon.colcon_core.package_identification:_identify(rrbot_simulation_files/rrbot_gazebo) by extension 'ignore'
[0.318s] Level 1:colcon.colcon_core.package_identification:_identify(rrbot_simulation_files/rrbot_gazebo) by extension 'ignore_ament_install'
[0.318s] Level 1:colcon.colcon_core.package_identification:_identify(rrbot_simulation_files/rrbot_gazebo) by extensions ['colcon_pkg']
[0.318s] Level 1:colcon.colcon_core.package_identification:_identify(rrbot_simulation_files/rrbot_gazebo) by extension 'colcon_pkg'
[0.318s] Level 1:colcon.colcon_core.package_identification:_identify(rrbot_simulation_files/rrbot_gazebo) by extensions ['colcon_meta']
[0.318s] Level 1:colcon.colcon_core.package_identification:_identify(rrbot_simulation_files/rrbot_gazebo) by extension 'colcon_meta'
[0.318s] Level 1:colcon.colcon_core.package_identification:_identify(rrbot_simulation_files/rrbot_gazebo) by extensions ['ros']
[0.318s] Level 1:colcon.colcon_core.package_identification:_identify(rrbot_simulation_files/rrbot_gazebo) by extension 'ros'
[0.319s] DEBUG:colcon.colcon_core.package_identification:Package 'rrbot_simulation_files/rrbot_gazebo' with type 'ros.ament_cmake' and name 'rrbot_gazebo'
[0.319s] Level 1:colcon.colcon_core.package_discovery:discover_packages(recursive) using defaults
[0.319s] Level 1:colcon.colcon_core.package_discovery:discover_packages(ignore) discover
[0.319s] Level 1:colcon.colcon_core.package_discovery:discover_packages(ignore) using defaults
[0.319s] Level 1:colcon.colcon_core.package_discovery:discover_packages(path) discover
[0.319s] Level 1:colcon.colcon_core.package_discovery:discover_packages(path) using defaults
[0.350s] Level 1:colcon.colcon_core.package_discovery:discover_packages(prefix_path) check parameters
[0.350s] Level 1:colcon.colcon_core.package_discovery:discover_packages(prefix_path) discover
[0.353s] DEBUG:colcon.colcon_installed_package_information.package_discovery:Found 3 installed packages in /home/maryammahmood/PID_own_urdf/src/install
[0.354s] DEBUG:colcon.colcon_installed_package_information.package_discovery:Found 55 installed packages in /home/maryammahmood/ws_moveit2/install
[0.357s] DEBUG:colcon.colcon_installed_package_information.package_discovery:Found 419 installed packages in /opt/ros/humble
[0.360s] Level 1:colcon.colcon_core.package_discovery:discover_packages(prefix_path) using defaults
[0.414s] Level 5:colcon.colcon_core.verb:set package 'custom_interfaces' build argument 'cmake_args' from command line to 'None'
[0.414s] Level 5:colcon.colcon_core.verb:set package 'custom_interfaces' build argument 'cmake_target' from command line to 'None'
[0.414s] Level 5:colcon.colcon_core.verb:set package 'custom_interfaces' build argument 'cmake_target_skip_unavailable' from command line to 'False'
[0.414s] Level 5:colcon.colcon_core.verb:set package 'custom_interfaces' build argument 'cmake_clean_cache' from command line to 'False'
[0.414s] Level 5:colcon.colcon_core.verb:set package 'custom_interfaces' build argument 'cmake_clean_first' from command line to 'False'
[0.414s] Level 5:colcon.colcon_core.verb:set package 'custom_interfaces' build argument 'cmake_force_configure' from command line to 'False'
[0.414s] Level 5:colcon.colcon_core.verb:set package 'custom_interfaces' build argument 'ament_cmake_args' from command line to 'None'
[0.414s] Level 5:colcon.colcon_core.verb:set package 'custom_interfaces' build argument 'catkin_cmake_args' from command line to 'None'
[0.414s] Level 5:colcon.colcon_core.verb:set package 'custom_interfaces' build argument 'catkin_skip_building_tests' from command line to 'False'
[0.414s] DEBUG:colcon.colcon_core.verb:Building package 'custom_interfaces' with the following arguments: {'ament_cmake_args': None, 'build_base': '/home/maryammahmood/PID_own_urdf/src/build/custom_interfaces', 'catkin_cmake_args': None, 'catkin_skip_building_tests': False, 'cmake_args': None, 'cmake_clean_cache': False, 'cmake_clean_first': False, 'cmake_force_configure': False, 'cmake_target': None, 'cmake_target_skip_unavailable': False, 'install_base': '/home/maryammahmood/PID_own_urdf/src/install/custom_interfaces', 'merge_install': False, 'path': '/home/maryammahmood/PID_own_urdf/src/custom_interfaces', 'symlink_install': True, 'test_result_base': None}
[0.414s] Level 5:colcon.colcon_core.verb:set package 'rrbot_description' build argument 'cmake_args' from command line to 'None'
[0.414s] Level 5:colcon.colcon_core.verb:set package 'rrbot_description' build argument 'cmake_target' from command line to 'None'
[0.415s] Level 5:colcon.colcon_core.verb:set package 'rrbot_description' build argument 'cmake_target_skip_unavailable' from command line to 'False'
[0.415s] Level 5:colcon.colcon_core.verb:set package 'rrbot_description' build argument 'cmake_clean_cache' from command line to 'False'
[0.415s] Level 5:colcon.colcon_core.verb:set package 'rrbot_description' build argument 'cmake_clean_first' from command line to 'False'
[0.415s] Level 5:colcon.colcon_core.verb:set package 'rrbot_description' build argument 'cmake_force_configure' from command line to 'False'
[0.415s] Level 5:colcon.colcon_core.verb:set package 'rrbot_description' build argument 'ament_cmake_args' from command line to 'None'
[0.415s] Level 5:colcon.colcon_core.verb:set package 'rrbot_description' build argument 'catkin_cmake_args' from command line to 'None'
[0.415s] Level 5:colcon.colcon_core.verb:set package 'rrbot_description' build argument 'catkin_skip_building_tests' from command line to 'False'
[0.415s] DEBUG:colcon.colcon_core.verb:Building package 'rrbot_description' with the following arguments: {'ament_cmake_args': None, 'build_base': '/home/maryammahmood/PID_own_urdf/src/build/rrbot_description', 'catkin_cmake_args': None, 'catkin_skip_building_tests': False, 'cmake_args': None, 'cmake_clean_cache': False, 'cmake_clean_first': False, 'cmake_force_configure': False, 'cmake_target': None, 'cmake_target_skip_unavailable': False, 'install_base': '/home/maryammahmood/PID_own_urdf/src/install/rrbot_description', 'merge_install': False, 'path': '/home/maryammahmood/PID_own_urdf/src/rrbot_simulation_files/rrbot_description', 'symlink_install': True, 'test_result_base': None}
[0.415s] Level 5:colcon.colcon_core.verb:set package 'rrbot_gazebo' build argument 'cmake_args' from command line to 'None'
[0.415s] Level 5:colcon.colcon_core.verb:set package 'rrbot_gazebo' build argument 'cmake_target' from command line to 'None'
[0.415s] Level 5:colcon.colcon_core.verb:set package 'rrbot_gazebo' build argument 'cmake_target_skip_unavailable' from command line to 'False'
[0.415s] Level 5:colcon.colcon_core.verb:set package 'rrbot_gazebo' build argument 'cmake_clean_cache' from command line to 'False'
[0.415s] Level 5:colcon.colcon_core.verb:set package 'rrbot_gazebo' build argument 'cmake_clean_first' from command line to 'False'
[0.415s] Level 5:colcon.colcon_core.verb:set package 'rrbot_gazebo' build argument 'cmake_force_configure' from command line to 'False'
[0.415s] Level 5:colcon.colcon_core.verb:set package 'rrbot_gazebo' build argument 'ament_cmake_args' from command line to 'None'
[0.415s] Level 5:colcon.colcon_core.verb:set package 'rrbot_gazebo' build argument 'catkin_cmake_args' from command line to 'None'
[0.415s] Level 5:colcon.colcon_core.verb:set package 'rrbot_gazebo' build argument 'catkin_skip_building_tests' from command line to 'False'
[0.415s] DEBUG:colcon.colcon_core.verb:Building package 'rrbot_gazebo' with the following arguments: {'ament_cmake_args': None, 'build_base': '/home/maryammahmood/PID_own_urdf/src/build/rrbot_gazebo', 'catkin_cmake_args': None, 'catkin_skip_building_tests': False, 'cmake_args': None, 'cmake_clean_cache': False, 'cmake_clean_first': False, 'cmake_force_configure': False, 'cmake_target': None, 'cmake_target_skip_unavailable': False, 'install_base': '/home/maryammahmood/PID_own_urdf/src/install/rrbot_gazebo', 'merge_install': False, 'path': '/home/maryammahmood/PID_own_urdf/src/rrbot_simulation_files/rrbot_gazebo', 'symlink_install': True, 'test_result_base': None}
[0.415s] INFO:colcon.colcon_core.executor:Executing jobs using 'parallel' executor
[0.416s] DEBUG:colcon.colcon_parallel_executor.executor.parallel:run_until_complete
[0.417s] INFO:colcon.colcon_ros.task.ament_cmake.build:Building ROS package in '/home/maryammahmood/PID_own_urdf/src/custom_interfaces' with build type 'ament_cmake'
[0.417s] INFO:colcon.colcon_cmake.task.cmake.build:Building CMake package in '/home/maryammahmood/PID_own_urdf/src/custom_interfaces'
[0.419s] INFO:colcon.colcon_core.plugin_system:Skipping extension 'colcon_core.shell.bat': Not used on non-Windows systems
[0.419s] INFO:colcon.colcon_core.shell:Skip shell extension 'powershell' for command environment: Not usable outside of PowerShell
[0.419s] DEBUG:colcon.colcon_core.shell:Skip shell extension 'dsv' for command environment
[0.426s] INFO:colcon.colcon_ros.task.ament_cmake.build:Building ROS package in '/home/maryammahmood/PID_own_urdf/src/rrbot_simulation_files/rrbot_description' with build type 'ament_cmake'
[0.427s] INFO:colcon.colcon_cmake.task.cmake.build:Building CMake package in '/home/maryammahmood/PID_own_urdf/src/rrbot_simulation_files/rrbot_description'
[0.427s] INFO:colcon.colcon_core.shell:Skip shell extension 'powershell' for command environment: Not usable outside of PowerShell
[0.427s] DEBUG:colcon.colcon_core.shell:Skip shell extension 'dsv' for command environment
[0.439s] DEBUG:colcon.colcon_core.event_handler.log_command:Invoking command in '/home/maryammahmood/PID_own_urdf/src/build/custom_interfaces': CMAKE_PREFIX_PATH=${CMAKE_PREFIX_PATH}:/home/maryammahmood/ws_moveit2/install/moveit_configs_utils:/home/maryammahmood/ws_moveit2/install/launch_param_builder:/opt/ros/humble /usr/bin/cmake --build /home/maryammahmood/PID_own_urdf/src/build/custom_interfaces -- -j24 -l24
[0.444s] DEBUG:colcon.colcon_core.event_handler.log_command:Invoking command in '/home/maryammahmood/PID_own_urdf/src/build/rrbot_description': CMAKE_PREFIX_PATH=${CMAKE_PREFIX_PATH}:/home/maryammahmood/ws_moveit2/install/moveit_configs_utils:/home/maryammahmood/ws_moveit2/install/launch_param_builder:/opt/ros/humble /usr/bin/cmake --build /home/maryammahmood/PID_own_urdf/src/build/rrbot_description -- -j24 -l24
[0.500s] DEBUG:colcon.colcon_core.event_handler.log_command:Invoked command in '/home/maryammahmood/PID_own_urdf/src/build/rrbot_description' returned '0': CMAKE_PREFIX_PATH=${CMAKE_PREFIX_PATH}:/home/maryammahmood/ws_moveit2/install/moveit_configs_utils:/home/maryammahmood/ws_moveit2/install/launch_param_builder:/opt/ros/humble /usr/bin/cmake --build /home/maryammahmood/PID_own_urdf/src/build/rrbot_description -- -j24 -l24
[0.564s] DEBUG:colcon.colcon_core.event_handler.log_command:Invoking command in '/home/maryammahmood/PID_own_urdf/src/build/rrbot_description': CMAKE_PREFIX_PATH=${CMAKE_PREFIX_PATH}:/home/maryammahmood/ws_moveit2/install/moveit_configs_utils:/home/maryammahmood/ws_moveit2/install/launch_param_builder:/opt/ros/humble /usr/bin/cmake --install /home/maryammahmood/PID_own_urdf/src/build/rrbot_description
[0.592s] Level 1:colcon.colcon_core.environment:create_environment_scripts_only(rrbot_description)
[0.593s] DEBUG:colcon.colcon_core.event_handler.log_command:Invoked command in '/home/maryammahmood/PID_own_urdf/src/build/rrbot_description' returned '0': CMAKE_PREFIX_PATH=${CMAKE_PREFIX_PATH}:/home/maryammahmood/ws_moveit2/install/moveit_configs_utils:/home/maryammahmood/ws_moveit2/install/launch_param_builder:/opt/ros/humble /usr/bin/cmake --install /home/maryammahmood/PID_own_urdf/src/build/rrbot_description
[0.595s] Level 1:colcon.colcon_core.environment:checking '/home/maryammahmood/PID_own_urdf/src/install/rrbot_description' for CMake module files
[0.595s] Level 1:colcon.colcon_core.environment:checking '/home/maryammahmood/PID_own_urdf/src/install/rrbot_description' for CMake config files
[0.596s] Level 1:colcon.colcon_core.shell:create_environment_hook('rrbot_description', 'cmake_prefix_path')
[0.596s] INFO:colcon.colcon_core.shell:Creating environment hook '/home/maryammahmood/PID_own_urdf/src/install/rrbot_description/share/rrbot_description/hook/cmake_prefix_path.ps1'
[0.597s] INFO:colcon.colcon_core.shell:Creating environment descriptor '/home/maryammahmood/PID_own_urdf/src/install/rrbot_description/share/rrbot_description/hook/cmake_prefix_path.dsv'
[0.597s] INFO:colcon.colcon_core.shell:Creating environment hook '/home/maryammahmood/PID_own_urdf/src/install/rrbot_description/share/rrbot_description/hook/cmake_prefix_path.sh'
[0.598s] Level 1:colcon.colcon_core.environment:checking '/home/maryammahmood/PID_own_urdf/src/install/rrbot_description/bin'
[0.598s] Level 1:colcon.colcon_core.environment:checking '/home/maryammahmood/PID_own_urdf/src/install/rrbot_description/lib/pkgconfig/rrbot_description.pc'
[0.598s] Level 1:colcon.colcon_core.environment:checking '/home/maryammahmood/PID_own_urdf/src/install/rrbot_description/lib/python3.10/site-packages'
[0.598s] Level 1:colcon.colcon_core.environment:checking '/home/maryammahmood/PID_own_urdf/src/install/rrbot_description/bin'
[0.599s] INFO:colcon.colcon_core.shell:Creating package script '/home/maryammahmood/PID_own_urdf/src/install/rrbot_description/share/rrbot_description/package.ps1'
[0.599s] INFO:colcon.colcon_core.shell:Creating package descriptor '/home/maryammahmood/PID_own_urdf/src/install/rrbot_description/share/rrbot_description/package.dsv'
[0.600s] INFO:colcon.colcon_core.shell:Creating package script '/home/maryammahmood/PID_own_urdf/src/install/rrbot_description/share/rrbot_description/package.sh'
[0.601s] INFO:colcon.colcon_core.shell:Creating package script '/home/maryammahmood/PID_own_urdf/src/install/rrbot_description/share/rrbot_description/package.bash'
[0.601s] INFO:colcon.colcon_core.shell:Creating package script '/home/maryammahmood/PID_own_urdf/src/install/rrbot_description/share/rrbot_description/package.zsh'
[0.602s] Level 1:colcon.colcon_core.environment:create_file_with_runtime_dependencies(/home/maryammahmood/PID_own_urdf/src/install/rrbot_description/share/colcon-core/packages/rrbot_description)
[0.647s] Level 1:colcon.colcon_core.environment:create_environment_scripts_only(rrbot_description)
[0.648s] Level 1:colcon.colcon_core.environment:checking '/home/maryammahmood/PID_own_urdf/src/install/rrbot_description' for CMake module files
[0.648s] Level 1:colcon.colcon_core.environment:checking '/home/maryammahmood/PID_own_urdf/src/install/rrbot_description' for CMake config files
[0.648s] Level 1:colcon.colcon_core.shell:create_environment_hook('rrbot_description', 'cmake_prefix_path')
[0.649s] INFO:colcon.colcon_core.shell:Creating environment hook '/home/maryammahmood/PID_own_urdf/src/install/rrbot_description/share/rrbot_description/hook/cmake_prefix_path.ps1'
[0.649s] INFO:colcon.colcon_core.shell:Creating environment descriptor '/home/maryammahmood/PID_own_urdf/src/install/rrbot_description/share/rrbot_description/hook/cmake_prefix_path.dsv'
[0.649s] INFO:colcon.colcon_core.shell:Creating environment hook '/home/maryammahmood/PID_own_urdf/src/install/rrbot_description/share/rrbot_description/hook/cmake_prefix_path.sh'
[0.650s] Level 1:colcon.colcon_core.environment:checking '/home/maryammahmood/PID_own_urdf/src/install/rrbot_description/bin'
[0.650s] Level 1:colcon.colcon_core.environment:checking '/home/maryammahmood/PID_own_urdf/src/install/rrbot_description/lib/pkgconfig/rrbot_description.pc'
[0.650s] Level 1:colcon.colcon_core.environment:checking '/home/maryammahmood/PID_own_urdf/src/install/rrbot_description/lib/python3.10/site-packages'
[0.651s] Level 1:colcon.colcon_core.environment:checking '/home/maryammahmood/PID_own_urdf/src/install/rrbot_description/bin'
[0.651s] INFO:colcon.colcon_core.shell:Creating package script '/home/maryammahmood/PID_own_urdf/src/install/rrbot_description/share/rrbot_description/package.ps1'
[0.651s] INFO:colcon.colcon_core.shell:Creating package descriptor '/home/maryammahmood/PID_own_urdf/src/install/rrbot_description/share/rrbot_description/package.dsv'
[0.652s] INFO:colcon.colcon_core.shell:Creating package script '/home/maryammahmood/PID_own_urdf/src/install/rrbot_description/share/rrbot_description/package.sh'
[0.652s] INFO:colcon.colcon_core.shell:Creating package script '/home/maryammahmood/PID_own_urdf/src/install/rrbot_description/share/rrbot_description/package.bash'
[0.653s] INFO:colcon.colcon_core.shell:Creating package script '/home/maryammahmood/PID_own_urdf/src/install/rrbot_description/share/rrbot_description/package.zsh'
[0.653s] Level 1:colcon.colcon_core.environment:create_file_with_runtime_dependencies(/home/maryammahmood/PID_own_urdf/src/install/rrbot_description/share/colcon-core/packages/rrbot_description)
[0.853s] DEBUG:colcon.colcon_core.event_handler.log_command:Invoked command in '/home/maryammahmood/PID_own_urdf/src/build/custom_interfaces' returned '0': CMAKE_PREFIX_PATH=${CMAKE_PREFIX_PATH}:/home/maryammahmood/ws_moveit2/install/moveit_configs_utils:/home/maryammahmood/ws_moveit2/install/launch_param_builder:/opt/ros/humble /usr/bin/cmake --build /home/maryammahmood/PID_own_urdf/src/build/custom_interfaces -- -j24 -l24
[1.176s] DEBUG:colcon.colcon_core.event_handler.log_command:Invoking command in '/home/maryammahmood/PID_own_urdf/src/build/custom_interfaces': CMAKE_PREFIX_PATH=${CMAKE_PREFIX_PATH}:/home/maryammahmood/ws_moveit2/install/moveit_configs_utils:/home/maryammahmood/ws_moveit2/install/launch_param_builder:/opt/ros/humble /usr/bin/cmake --install /home/maryammahmood/PID_own_urdf/src/build/custom_interfaces
[1.267s] Level 1:colcon.colcon_core.environment:create_environment_scripts_only(custom_interfaces)
[1.268s] Level 1:colcon.colcon_core.environment:checking '/home/maryammahmood/PID_own_urdf/src/install/custom_interfaces' for CMake module files
[1.268s] DEBUG:colcon.colcon_core.event_handler.log_command:Invoked command in '/home/maryammahmood/PID_own_urdf/src/build/custom_interfaces' returned '0': CMAKE_PREFIX_PATH=${CMAKE_PREFIX_PATH}:/home/maryammahmood/ws_moveit2/install/moveit_configs_utils:/home/maryammahmood/ws_moveit2/install/launch_param_builder:/opt/ros/humble /usr/bin/cmake --install /home/maryammahmood/PID_own_urdf/src/build/custom_interfaces
[1.269s] Level 1:colcon.colcon_core.environment:checking '/home/maryammahmood/PID_own_urdf/src/install/custom_interfaces' for CMake config files
[1.270s] Level 1:colcon.colcon_core.shell:create_environment_hook('custom_interfaces', 'cmake_prefix_path')
[1.270s] INFO:colcon.colcon_core.shell:Creating environment hook '/home/maryammahmood/PID_own_urdf/src/install/custom_interfaces/share/custom_interfaces/hook/cmake_prefix_path.ps1'
[1.270s] INFO:colcon.colcon_core.shell:Creating environment descriptor '/home/maryammahmood/PID_own_urdf/src/install/custom_interfaces/share/custom_interfaces/hook/cmake_prefix_path.dsv'
[1.271s] INFO:colcon.colcon_core.shell:Creating environment hook '/home/maryammahmood/PID_own_urdf/src/install/custom_interfaces/share/custom_interfaces/hook/cmake_prefix_path.sh'
[1.271s] Level 1:colcon.colcon_core.environment:checking '/home/maryammahmood/PID_own_urdf/src/install/custom_interfaces/lib'
[1.271s] Level 1:colcon.colcon_core.shell:create_environment_hook('custom_interfaces', 'ld_library_path_lib')
[1.272s] INFO:colcon.colcon_core.shell:Creating environment hook '/home/maryammahmood/PID_own_urdf/src/install/custom_interfaces/share/custom_interfaces/hook/ld_library_path_lib.ps1'
[1.272s] INFO:colcon.colcon_core.shell:Creating environment descriptor '/home/maryammahmood/PID_own_urdf/src/install/custom_interfaces/share/custom_interfaces/hook/ld_library_path_lib.dsv'
[1.272s] INFO:colcon.colcon_core.shell:Creating environment hook '/home/maryammahmood/PID_own_urdf/src/install/custom_interfaces/share/custom_interfaces/hook/ld_library_path_lib.sh'
[1.273s] Level 1:colcon.colcon_core.environment:checking '/home/maryammahmood/PID_own_urdf/src/install/custom_interfaces/bin'
[1.273s] Level 1:colcon.colcon_core.environment:checking '/home/maryammahmood/PID_own_urdf/src/install/custom_interfaces/lib/pkgconfig/custom_interfaces.pc'
[1.273s] Level 1:colcon.colcon_core.environment:checking '/home/maryammahmood/PID_own_urdf/src/install/custom_interfaces/lib/python3.10/site-packages'
[1.273s] Level 1:colcon.colcon_core.environment:checking '/home/maryammahmood/PID_own_urdf/src/install/custom_interfaces/bin'
[1.273s] INFO:colcon.colcon_core.shell:Creating package script '/home/maryammahmood/PID_own_urdf/src/install/custom_interfaces/share/custom_interfaces/package.ps1'
[1.274s] INFO:colcon.colcon_core.shell:Creating package descriptor '/home/maryammahmood/PID_own_urdf/src/install/custom_interfaces/share/custom_interfaces/package.dsv'
[1.274s] INFO:colcon.colcon_core.shell:Creating package script '/home/maryammahmood/PID_own_urdf/src/install/custom_interfaces/share/custom_interfaces/package.sh'
[1.275s] INFO:colcon.colcon_core.shell:Creating package script '/home/maryammahmood/PID_own_urdf/src/install/custom_interfaces/share/custom_interfaces/package.bash'
[1.275s] INFO:colcon.colcon_core.shell:Creating package script '/home/maryammahmood/PID_own_urdf/src/install/custom_interfaces/share/custom_interfaces/package.zsh'
[1.275s] Level 1:colcon.colcon_core.environment:create_file_with_runtime_dependencies(/home/maryammahmood/PID_own_urdf/src/install/custom_interfaces/share/colcon-core/packages/custom_interfaces)
[1.594s] Level 1:colcon.colcon_core.environment:create_environment_scripts_only(custom_interfaces)
[1.595s] Level 1:colcon.colcon_core.environment:checking '/home/maryammahmood/PID_own_urdf/src/install/custom_interfaces' for CMake module files
[1.595s] Level 1:colcon.colcon_core.environment:checking '/home/maryammahmood/PID_own_urdf/src/install/custom_interfaces' for CMake config files
[1.596s] Level 1:colcon.colcon_core.shell:create_environment_hook('custom_interfaces', 'cmake_prefix_path')
[1.596s] INFO:colcon.colcon_core.shell:Creating environment hook '/home/maryammahmood/PID_own_urdf/src/install/custom_interfaces/share/custom_interfaces/hook/cmake_prefix_path.ps1'
[1.597s] INFO:colcon.colcon_core.shell:Creating environment descriptor '/home/maryammahmood/PID_own_urdf/src/install/custom_interfaces/share/custom_interfaces/hook/cmake_prefix_path.dsv'
[1.597s] INFO:colcon.colcon_core.shell:Creating environment hook '/home/maryammahmood/PID_own_urdf/src/install/custom_interfaces/share/custom_interfaces/hook/cmake_prefix_path.sh'
[1.598s] Level 1:colcon.colcon_core.environment:checking '/home/maryammahmood/PID_own_urdf/src/install/custom_interfaces/lib'
[1.598s] Level 1:colcon.colcon_core.shell:create_environment_hook('custom_interfaces', 'ld_library_path_lib')
[1.598s] INFO:colcon.colcon_core.shell:Creating environment hook '/home/maryammahmood/PID_own_urdf/src/install/custom_interfaces/share/custom_interfaces/hook/ld_library_path_lib.ps1'
[1.598s] INFO:colcon.colcon_core.shell:Creating environment descriptor '/home/maryammahmood/PID_own_urdf/src/install/custom_interfaces/share/custom_interfaces/hook/ld_library_path_lib.dsv'
[1.599s] INFO:colcon.colcon_core.shell:Creating environment hook '/home/maryammahmood/PID_own_urdf/src/install/custom_interfaces/share/custom_interfaces/hook/ld_library_path_lib.sh'
[1.599s] Level 1:colcon.colcon_core.environment:checking '/home/maryammahmood/PID_own_urdf/src/install/custom_interfaces/bin'
[1.599s] Level 1:colcon.colcon_core.environment:checking '/home/maryammahmood/PID_own_urdf/src/install/custom_interfaces/lib/pkgconfig/custom_interfaces.pc'
[1.599s] Level 1:colcon.colcon_core.environment:checking '/home/maryammahmood/PID_own_urdf/src/install/custom_interfaces/lib/python3.10/site-packages'
[1.599s] Level 1:colcon.colcon_core.environment:checking '/home/maryammahmood/PID_own_urdf/src/install/custom_interfaces/bin'
[1.600s] INFO:colcon.colcon_core.shell:Creating package script '/home/maryammahmood/PID_own_urdf/src/install/custom_interfaces/share/custom_interfaces/package.ps1'
[1.600s] INFO:colcon.colcon_core.shell:Creating package descriptor '/home/maryammahmood/PID_own_urdf/src/install/custom_interfaces/share/custom_interfaces/package.dsv'
[1.601s] INFO:colcon.colcon_core.shell:Creating package script '/home/maryammahmood/PID_own_urdf/src/install/custom_interfaces/share/custom_interfaces/package.sh'
[1.601s] INFO:colcon.colcon_core.shell:Creating package script '/home/maryammahmood/PID_own_urdf/src/install/custom_interfaces/share/custom_interfaces/package.bash'
[1.601s] INFO:colcon.colcon_core.shell:Creating package script '/home/maryammahmood/PID_own_urdf/src/install/custom_interfaces/share/custom_interfaces/package.zsh'
[1.602s] Level 1:colcon.colcon_core.environment:create_file_with_runtime_dependencies(/home/maryammahmood/PID_own_urdf/src/install/custom_interfaces/share/colcon-core/packages/custom_interfaces)
[1.602s] INFO:colcon.colcon_ros.task.ament_cmake.build:Building ROS package in '/home/maryammahmood/PID_own_urdf/src/rrbot_simulation_files/rrbot_gazebo' with build type 'ament_cmake'
[1.602s] INFO:colcon.colcon_cmake.task.cmake.build:Building CMake package in '/home/maryammahmood/PID_own_urdf/src/rrbot_simulation_files/rrbot_gazebo'
[1.602s] INFO:colcon.colcon_core.shell:Skip shell extension 'powershell' for command environment: Not usable outside of PowerShell
[1.602s] DEBUG:colcon.colcon_core.shell:Skip shell extension 'dsv' for command environment
[1.625s] DEBUG:colcon.colcon_core.event_handler.log_command:Invoking command in '/home/maryammahmood/PID_own_urdf/src/build/rrbot_gazebo': CMAKE_PREFIX_PATH=/home/maryammahmood/PID_own_urdf/src/install/rrbot_description:/home/maryammahmood/PID_own_urdf/src/install/custom_interfaces:/home/maryammahmood/PID_own_urdf/src/install/rrbot_gazebo:/home/maryammahmood/ws_moveit2/install/pilz_industrial_motion_planner_testutils:/home/maryammahmood/ws_moveit2/install/moveit_runtime:/home/maryammahmood/ws_moveit2/install/moveit2_tutorials:/home/maryammahmood/ws_moveit2/install/moveit:/home/maryammahmood/ws_moveit2/install/moveit_planners:/home/maryammahmood/ws_moveit2/install/pilz_industrial_motion_planner:/home/maryammahmood/ws_moveit2/install/moveit_visual_tools:/home/maryammahmood/ws_moveit2/install/moveit_task_constructor_visualization:/home/maryammahmood/ws_moveit2/install/moveit_task_constructor_demo:/home/maryammahmood/ws_moveit2/install/moveit_task_constructor_capabilities:/home/maryammahmood/ws_moveit2/install/moveit_task_constructor_core:/home/maryammahmood/ws_moveit2/install/moveit_ros_control_interface:/home/maryammahmood/ws_moveit2/install/moveit_plugins:/home/maryammahmood/ws_moveit2/install/moveit_simple_controller_manager:/home/maryammahmood/ws_moveit2/install/moveit_setup_assistant:/home/maryammahmood/ws_moveit2/install/moveit_setup_srdf_plugins:/home/maryammahmood/ws_moveit2/install/moveit_setup_core_plugins:/home/maryammahmood/ws_moveit2/install/moveit_setup_controllers:/home/maryammahmood/ws_moveit2/install/moveit_setup_app_plugins:/home/maryammahmood/ws_moveit2/install/moveit_setup_framework:/home/maryammahmood/ws_moveit2/install/moveit_servo:/home/maryammahmood/ws_moveit2/install/moveit_ros:/home/maryammahmood/ws_moveit2/install/moveit_ros_visualization:/home/maryammahmood/ws_moveit2/install/moveit_hybrid_planning:/home/maryammahmood/ws_moveit2/install/moveit_ros_planning_interface:/home/maryammahmood/ws_moveit2/install/moveit_ros_benchmarks:/home/maryammahmood/ws_moveit2/install/moveit_ros_warehouse:/home/maryammahmood/ws_moveit2/install/moveit_ros_robot_interaction:/home/maryammahmood/ws_moveit2/install/moveit_ros_perception:/home/maryammahmood/ws_moveit2/install/moveit_resources_prbt_pg70_support:/home/maryammahmood/ws_moveit2/install/moveit_resources_prbt_moveit_config:/home/maryammahmood/ws_moveit2/install/moveit_ros_move_group:/home/maryammahmood/ws_moveit2/install/moveit_planners_ompl:/home/maryammahmood/ws_moveit2/install/moveit_ros_planning:/home/maryammahmood/ws_moveit2/install/moveit_ros_occupancy_map_monitor:/home/maryammahmood/ws_moveit2/install/moveit_resources_prbt_ikfast_manipulator_plugin:/home/maryammahmood/ws_moveit2/install/moveit_planners_chomp:/home/maryammahmood/ws_moveit2/install/moveit_kinematics:/home/maryammahmood/ws_moveit2/install/moveit_chomp_optimizer_adapter:/home/maryammahmood/ws_moveit2/install/chomp_motion_planner:/home/maryammahmood/ws_moveit2/install/moveit_core:/home/maryammahmood/ws_moveit2/install/srdfdom:/home/maryammahmood/ws_moveit2/install/rviz_marker_tools:/home/maryammahmood/ws_moveit2/install/rosparam_shortcuts:/home/maryammahmood/ws_moveit2/install/moveit_task_constructor_msgs:/home/maryammahmood/ws_moveit2/install/moveit_resources_prbt_support:/home/maryammahmood/ws_moveit2/install/moveit_resources:/home/maryammahmood/ws_moveit2/install/moveit_resources_pr2_description:/home/maryammahmood/ws_moveit2/install/moveit_resources_panda_moveit_config:/home/maryammahmood/ws_moveit2/install/moveit_resources_panda_description:/home/maryammahmood/ws_moveit2/install/moveit_resources_fanuc_moveit_config:/home/maryammahmood/ws_moveit2/install/moveit_resources_fanuc_description:/home/maryammahmood/ws_moveit2/install/moveit_common:/opt/openrobots:/home/maryammahmood/ws_moveit2/install/moveit_configs_utils:/home/maryammahmood/ws_moveit2/install/launch_param_builder:/opt/ros/humble LD_LIBRARY_PATH=/home/maryammahmood/PID_own_urdf/src/install/custom_interfaces/lib:/home/maryammahmood/ws_moveit2/install/pilz_industrial_motion_planner_testutils/lib:/home/maryammahmood/ws_moveit2/install/pilz_industrial_motion_planner/lib:/home/maryammahmood/ws_moveit2/install/moveit_visual_tools/lib:/home/maryammahmood/ws_moveit2/install/moveit_task_constructor_visualization/lib:/home/maryammahmood/ws_moveit2/install/moveit_task_constructor_demo/lib:/home/maryammahmood/ws_moveit2/install/moveit_task_constructor_capabilities/lib:/home/maryammahmood/ws_moveit2/install/moveit_task_constructor_core/lib:/home/maryammahmood/ws_moveit2/install/moveit_ros_control_interface/lib:/home/maryammahmood/ws_moveit2/install/moveit_simple_controller_manager/lib:/home/maryammahmood/ws_moveit2/install/moveit_setup_assistant/lib:/home/maryammahmood/ws_moveit2/install/moveit_setup_srdf_plugins/lib:/home/maryammahmood/ws_moveit2/install/moveit_setup_core_plugins/lib:/home/maryammahmood/ws_moveit2/install/moveit_setup_controllers/lib:/home/maryammahmood/ws_moveit2/install/moveit_setup_app_plugins/lib:/home/maryammahmood/ws_moveit2/install/moveit_setup_framework/lib:/home/maryammahmood/ws_moveit2/install/moveit_servo/lib:/home/maryammahmood/ws_moveit2/install/moveit_ros_visualization/lib:/home/maryammahmood/ws_moveit2/install/moveit_hybrid_planning/lib:/home/maryammahmood/ws_moveit2/install/moveit_ros_planning_interface/lib:/home/maryammahmood/ws_moveit2/install/moveit_ros_benchmarks/lib:/home/maryammahmood/ws_moveit2/install/moveit_ros_warehouse/lib:/home/maryammahmood/ws_moveit2/install/moveit_ros_robot_interaction/lib:/home/maryammahmood/ws_moveit2/install/moveit_ros_perception/lib:/home/maryammahmood/ws_moveit2/install/moveit_ros_move_group/lib:/home/maryammahmood/ws_moveit2/install/moveit_planners_ompl/lib:/home/maryammahmood/ws_moveit2/install/moveit_ros_planning/lib:/home/maryammahmood/ws_moveit2/install/moveit_ros_occupancy_map_monitor/lib:/home/maryammahmood/ws_moveit2/install/moveit_resources_prbt_ikfast_manipulator_plugin/lib:/home/maryammahmood/ws_moveit2/install/moveit_planners_chomp/lib:/home/maryammahmood/ws_moveit2/install/moveit_kinematics/lib:/home/maryammahmood/ws_moveit2/install/moveit_chomp_optimizer_adapter/lib:/home/maryammahmood/ws_moveit2/install/chomp_motion_planner/lib:/home/maryammahmood/ws_moveit2/install/moveit_core/lib:/home/maryammahmood/ws_moveit2/install/srdfdom/lib:/home/maryammahmood/ws_moveit2/install/rviz_marker_tools/lib:/home/maryammahmood/ws_moveit2/install/rosparam_shortcuts/lib:/home/maryammahmood/ws_moveit2/install/moveit_task_constructor_msgs/lib:/opt/openrobots/lib:/usr/lib/x86_64-linux-gnu/gazebo-11/plugins:/opt/ros/humble/opt/rviz_ogre_vendor/lib:/opt/ros/humble/lib/x86_64-linux-gnu:/opt/ros/humble/lib:/usr/share/gazebo/../../lib/x86_64-linux-gnu/gazebo-11/plugins /usr/bin/cmake --build /home/maryammahmood/PID_own_urdf/src/build/rrbot_gazebo -- -j24 -l24
[1.730s] DEBUG:colcon.colcon_core.event_handler.log_command:Invoked command in '/home/maryammahmood/PID_own_urdf/src/build/rrbot_gazebo' returned '0': CMAKE_PREFIX_PATH=/home/maryammahmood/PID_own_urdf/src/install/rrbot_description:/home/maryammahmood/PID_own_urdf/src/install/custom_interfaces:/home/maryammahmood/PID_own_urdf/src/install/rrbot_gazebo:/home/maryammahmood/ws_moveit2/install/pilz_industrial_motion_planner_testutils:/home/maryammahmood/ws_moveit2/install/moveit_runtime:/home/maryammahmood/ws_moveit2/install/moveit2_tutorials:/home/maryammahmood/ws_moveit2/install/moveit:/home/maryammahmood/ws_moveit2/install/moveit_planners:/home/maryammahmood/ws_moveit2/install/pilz_industrial_motion_planner:/home/maryammahmood/ws_moveit2/install/moveit_visual_tools:/home/maryammahmood/ws_moveit2/install/moveit_task_constructor_visualization:/home/maryammahmood/ws_moveit2/install/moveit_task_constructor_demo:/home/maryammahmood/ws_moveit2/install/moveit_task_constructor_capabilities:/home/maryammahmood/ws_moveit2/install/moveit_task_constructor_core:/home/maryammahmood/ws_moveit2/install/moveit_ros_control_interface:/home/maryammahmood/ws_moveit2/install/moveit_plugins:/home/maryammahmood/ws_moveit2/install/moveit_simple_controller_manager:/home/maryammahmood/ws_moveit2/install/moveit_setup_assistant:/home/maryammahmood/ws_moveit2/install/moveit_setup_srdf_plugins:/home/maryammahmood/ws_moveit2/install/moveit_setup_core_plugins:/home/maryammahmood/ws_moveit2/install/moveit_setup_controllers:/home/maryammahmood/ws_moveit2/install/moveit_setup_app_plugins:/home/maryammahmood/ws_moveit2/install/moveit_setup_framework:/home/maryammahmood/ws_moveit2/install/moveit_servo:/home/maryammahmood/ws_moveit2/install/moveit_ros:/home/maryammahmood/ws_moveit2/install/moveit_ros_visualization:/home/maryammahmood/ws_moveit2/install/moveit_hybrid_planning:/home/maryammahmood/ws_moveit2/install/moveit_ros_planning_interface:/home/maryammahmood/ws_moveit2/install/moveit_ros_benchmarks:/home/maryammahmood/ws_moveit2/install/moveit_ros_warehouse:/home/maryammahmood/ws_moveit2/install/moveit_ros_robot_interaction:/home/maryammahmood/ws_moveit2/install/moveit_ros_perception:/home/maryammahmood/ws_moveit2/install/moveit_resources_prbt_pg70_support:/home/maryammahmood/ws_moveit2/install/moveit_resources_prbt_moveit_config:/home/maryammahmood/ws_moveit2/install/moveit_ros_move_group:/home/maryammahmood/ws_moveit2/install/moveit_planners_ompl:/home/maryammahmood/ws_moveit2/install/moveit_ros_planning:/home/maryammahmood/ws_moveit2/install/moveit_ros_occupancy_map_monitor:/home/maryammahmood/ws_moveit2/install/moveit_resources_prbt_ikfast_manipulator_plugin:/home/maryammahmood/ws_moveit2/install/moveit_planners_chomp:/home/maryammahmood/ws_moveit2/install/moveit_kinematics:/home/maryammahmood/ws_moveit2/install/moveit_chomp_optimizer_adapter:/home/maryammahmood/ws_moveit2/install/chomp_motion_planner:/home/maryammahmood/ws_moveit2/install/moveit_core:/home/maryammahmood/ws_moveit2/install/srdfdom:/home/maryammahmood/ws_moveit2/install/rviz_marker_tools:/home/maryammahmood/ws_moveit2/install/rosparam_shortcuts:/home/maryammahmood/ws_moveit2/install/moveit_task_constructor_msgs:/home/maryammahmood/ws_moveit2/install/moveit_resources_prbt_support:/home/maryammahmood/ws_moveit2/install/moveit_resources:/home/maryammahmood/ws_moveit2/install/moveit_resources_pr2_description:/home/maryammahmood/ws_moveit2/install/moveit_resources_panda_moveit_config:/home/maryammahmood/ws_moveit2/install/moveit_resources_panda_description:/home/maryammahmood/ws_moveit2/install/moveit_resources_fanuc_moveit_config:/home/maryammahmood/ws_moveit2/install/moveit_resources_fanuc_description:/home/maryammahmood/ws_moveit2/install/moveit_common:/opt/openrobots:/home/maryammahmood/ws_moveit2/install/moveit_configs_utils:/home/maryammahmood/ws_moveit2/install/launch_param_builder:/opt/ros/humble LD_LIBRARY_PATH=/home/maryammahmood/PID_own_urdf/src/install/custom_interfaces/lib:/home/maryammahmood/ws_moveit2/install/pilz_industrial_motion_planner_testutils/lib:/home/maryammahmood/ws_moveit2/install/pilz_industrial_motion_planner/lib:/home/maryammahmood/ws_moveit2/install/moveit_visual_tools/lib:/home/maryammahmood/ws_moveit2/install/moveit_task_constructor_visualization/lib:/home/maryammahmood/ws_moveit2/install/moveit_task_constructor_demo/lib:/home/maryammahmood/ws_moveit2/install/moveit_task_constructor_capabilities/lib:/home/maryammahmood/ws_moveit2/install/moveit_task_constructor_core/lib:/home/maryammahmood/ws_moveit2/install/moveit_ros_control_interface/lib:/home/maryammahmood/ws_moveit2/install/moveit_simple_controller_manager/lib:/home/maryammahmood/ws_moveit2/install/moveit_setup_assistant/lib:/home/maryammahmood/ws_moveit2/install/moveit_setup_srdf_plugins/lib:/home/maryammahmood/ws_moveit2/install/moveit_setup_core_plugins/lib:/home/maryammahmood/ws_moveit2/install/moveit_setup_controllers/lib:/home/maryammahmood/ws_moveit2/install/moveit_setup_app_plugins/lib:/home/maryammahmood/ws_moveit2/install/moveit_setup_framework/lib:/home/maryammahmood/ws_moveit2/install/moveit_servo/lib:/home/maryammahmood/ws_moveit2/install/moveit_ros_visualization/lib:/home/maryammahmood/ws_moveit2/install/moveit_hybrid_planning/lib:/home/maryammahmood/ws_moveit2/install/moveit_ros_planning_interface/lib:/home/maryammahmood/ws_moveit2/install/moveit_ros_benchmarks/lib:/home/maryammahmood/ws_moveit2/install/moveit_ros_warehouse/lib:/home/maryammahmood/ws_moveit2/install/moveit_ros_robot_interaction/lib:/home/maryammahmood/ws_moveit2/install/moveit_ros_perception/lib:/home/maryammahmood/ws_moveit2/install/moveit_ros_move_group/lib:/home/maryammahmood/ws_moveit2/install/moveit_planners_ompl/lib:/home/maryammahmood/ws_moveit2/install/moveit_ros_planning/lib:/home/maryammahmood/ws_moveit2/install/moveit_ros_occupancy_map_monitor/lib:/home/maryammahmood/ws_moveit2/install/moveit_resources_prbt_ikfast_manipulator_plugin/lib:/home/maryammahmood/ws_moveit2/install/moveit_planners_chomp/lib:/home/maryammahmood/ws_moveit2/install/moveit_kinematics/lib:/home/maryammahmood/ws_moveit2/install/moveit_chomp_optimizer_adapter/lib:/home/maryammahmood/ws_moveit2/install/chomp_motion_planner/lib:/home/maryammahmood/ws_moveit2/install/moveit_core/lib:/home/maryammahmood/ws_moveit2/install/srdfdom/lib:/home/maryammahmood/ws_moveit2/install/rviz_marker_tools/lib:/home/maryammahmood/ws_moveit2/install/rosparam_shortcuts/lib:/home/maryammahmood/ws_moveit2/install/moveit_task_constructor_msgs/lib:/opt/openrobots/lib:/usr/lib/x86_64-linux-gnu/gazebo-11/plugins:/opt/ros/humble/opt/rviz_ogre_vendor/lib:/opt/ros/humble/lib/x86_64-linux-gnu:/opt/ros/humble/lib:/usr/share/gazebo/../../lib/x86_64-linux-gnu/gazebo-11/plugins /usr/bin/cmake --build /home/maryammahmood/PID_own_urdf/src/build/rrbot_gazebo -- -j24 -l24
[1.832s] DEBUG:colcon.colcon_core.event_handler.log_command:Invoking command in '/home/maryammahmood/PID_own_urdf/src/build/rrbot_gazebo': CMAKE_PREFIX_PATH=/home/maryammahmood/PID_own_urdf/src/install/rrbot_description:/home/maryammahmood/PID_own_urdf/src/install/custom_interfaces:/home/maryammahmood/PID_own_urdf/src/install/rrbot_gazebo:/home/maryammahmood/ws_moveit2/install/pilz_industrial_motion_planner_testutils:/home/maryammahmood/ws_moveit2/install/moveit_runtime:/home/maryammahmood/ws_moveit2/install/moveit2_tutorials:/home/maryammahmood/ws_moveit2/install/moveit:/home/maryammahmood/ws_moveit2/install/moveit_planners:/home/maryammahmood/ws_moveit2/install/pilz_industrial_motion_planner:/home/maryammahmood/ws_moveit2/install/moveit_visual_tools:/home/maryammahmood/ws_moveit2/install/moveit_task_constructor_visualization:/home/maryammahmood/ws_moveit2/install/moveit_task_constructor_demo:/home/maryammahmood/ws_moveit2/install/moveit_task_constructor_capabilities:/home/maryammahmood/ws_moveit2/install/moveit_task_constructor_core:/home/maryammahmood/ws_moveit2/install/moveit_ros_control_interface:/home/maryammahmood/ws_moveit2/install/moveit_plugins:/home/maryammahmood/ws_moveit2/install/moveit_simple_controller_manager:/home/maryammahmood/ws_moveit2/install/moveit_setup_assistant:/home/maryammahmood/ws_moveit2/install/moveit_setup_srdf_plugins:/home/maryammahmood/ws_moveit2/install/moveit_setup_core_plugins:/home/maryammahmood/ws_moveit2/install/moveit_setup_controllers:/home/maryammahmood/ws_moveit2/install/moveit_setup_app_plugins:/home/maryammahmood/ws_moveit2/install/moveit_setup_framework:/home/maryammahmood/ws_moveit2/install/moveit_servo:/home/maryammahmood/ws_moveit2/install/moveit_ros:/home/maryammahmood/ws_moveit2/install/moveit_ros_visualization:/home/maryammahmood/ws_moveit2/install/moveit_hybrid_planning:/home/maryammahmood/ws_moveit2/install/moveit_ros_planning_interface:/home/maryammahmood/ws_moveit2/install/moveit_ros_benchmarks:/home/maryammahmood/ws_moveit2/install/moveit_ros_warehouse:/home/maryammahmood/ws_moveit2/install/moveit_ros_robot_interaction:/home/maryammahmood/ws_moveit2/install/moveit_ros_perception:/home/maryammahmood/ws_moveit2/install/moveit_resources_prbt_pg70_support:/home/maryammahmood/ws_moveit2/install/moveit_resources_prbt_moveit_config:/home/maryammahmood/ws_moveit2/install/moveit_ros_move_group:/home/maryammahmood/ws_moveit2/install/moveit_planners_ompl:/home/maryammahmood/ws_moveit2/install/moveit_ros_planning:/home/maryammahmood/ws_moveit2/install/moveit_ros_occupancy_map_monitor:/home/maryammahmood/ws_moveit2/install/moveit_resources_prbt_ikfast_manipulator_plugin:/home/maryammahmood/ws_moveit2/install/moveit_planners_chomp:/home/maryammahmood/ws_moveit2/install/moveit_kinematics:/home/maryammahmood/ws_moveit2/install/moveit_chomp_optimizer_adapter:/home/maryammahmood/ws_moveit2/install/chomp_motion_planner:/home/maryammahmood/ws_moveit2/install/moveit_core:/home/maryammahmood/ws_moveit2/install/srdfdom:/home/maryammahmood/ws_moveit2/install/rviz_marker_tools:/home/maryammahmood/ws_moveit2/install/rosparam_shortcuts:/home/maryammahmood/ws_moveit2/install/moveit_task_constructor_msgs:/home/maryammahmood/ws_moveit2/install/moveit_resources_prbt_support:/home/maryammahmood/ws_moveit2/install/moveit_resources:/home/maryammahmood/ws_moveit2/install/moveit_resources_pr2_description:/home/maryammahmood/ws_moveit2/install/moveit_resources_panda_moveit_config:/home/maryammahmood/ws_moveit2/install/moveit_resources_panda_description:/home/maryammahmood/ws_moveit2/install/moveit_resources_fanuc_moveit_config:/home/maryammahmood/ws_moveit2/install/moveit_resources_fanuc_description:/home/maryammahmood/ws_moveit2/install/moveit_common:/opt/openrobots:/home/maryammahmood/ws_moveit2/install/moveit_configs_utils:/home/maryammahmood/ws_moveit2/install/launch_param_builder:/opt/ros/humble LD_LIBRARY_PATH=/home/maryammahmood/PID_own_urdf/src/install/custom_interfaces/lib:/home/maryammahmood/ws_moveit2/install/pilz_industrial_motion_planner_testutils/lib:/home/maryammahmood/ws_moveit2/install/pilz_industrial_motion_planner/lib:/home/maryammahmood/ws_moveit2/install/moveit_visual_tools/lib:/home/maryammahmood/ws_moveit2/install/moveit_task_constructor_visualization/lib:/home/maryammahmood/ws_moveit2/install/moveit_task_constructor_demo/lib:/home/maryammahmood/ws_moveit2/install/moveit_task_constructor_capabilities/lib:/home/maryammahmood/ws_moveit2/install/moveit_task_constructor_core/lib:/home/maryammahmood/ws_moveit2/install/moveit_ros_control_interface/lib:/home/maryammahmood/ws_moveit2/install/moveit_simple_controller_manager/lib:/home/maryammahmood/ws_moveit2/install/moveit_setup_assistant/lib:/home/maryammahmood/ws_moveit2/install/moveit_setup_srdf_plugins/lib:/home/maryammahmood/ws_moveit2/install/moveit_setup_core_plugins/lib:/home/maryammahmood/ws_moveit2/install/moveit_setup_controllers/lib:/home/maryammahmood/ws_moveit2/install/moveit_setup_app_plugins/lib:/home/maryammahmood/ws_moveit2/install/moveit_setup_framework/lib:/home/maryammahmood/ws_moveit2/install/moveit_servo/lib:/home/maryammahmood/ws_moveit2/install/moveit_ros_visualization/lib:/home/maryammahmood/ws_moveit2/install/moveit_hybrid_planning/lib:/home/maryammahmood/ws_moveit2/install/moveit_ros_planning_interface/lib:/home/maryammahmood/ws_moveit2/install/moveit_ros_benchmarks/lib:/home/maryammahmood/ws_moveit2/install/moveit_ros_warehouse/lib:/home/maryammahmood/ws_moveit2/install/moveit_ros_robot_interaction/lib:/home/maryammahmood/ws_moveit2/install/moveit_ros_perception/lib:/home/maryammahmood/ws_moveit2/install/moveit_ros_move_group/lib:/home/maryammahmood/ws_moveit2/install/moveit_planners_ompl/lib:/home/maryammahmood/ws_moveit2/install/moveit_ros_planning/lib:/home/maryammahmood/ws_moveit2/install/moveit_ros_occupancy_map_monitor/lib:/home/maryammahmood/ws_moveit2/install/moveit_resources_prbt_ikfast_manipulator_plugin/lib:/home/maryammahmood/ws_moveit2/install/moveit_planners_chomp/lib:/home/maryammahmood/ws_moveit2/install/moveit_kinematics/lib:/home/maryammahmood/ws_moveit2/install/moveit_chomp_optimizer_adapter/lib:/home/maryammahmood/ws_moveit2/install/chomp_motion_planner/lib:/home/maryammahmood/ws_moveit2/install/moveit_core/lib:/home/maryammahmood/ws_moveit2/install/srdfdom/lib:/home/maryammahmood/ws_moveit2/install/rviz_marker_tools/lib:/home/maryammahmood/ws_moveit2/install/rosparam_shortcuts/lib:/home/maryammahmood/ws_moveit2/install/moveit_task_constructor_msgs/lib:/opt/openrobots/lib:/usr/lib/x86_64-linux-gnu/gazebo-11/plugins:/opt/ros/humble/opt/rviz_ogre_vendor/lib:/opt/ros/humble/lib/x86_64-linux-gnu:/opt/ros/humble/lib:/usr/share/gazebo/../../lib/x86_64-linux-gnu/gazebo-11/plugins /usr/bin/cmake --install /home/maryammahmood/PID_own_urdf/src/build/rrbot_gazebo
[1.865s] Level 1:colcon.colcon_core.environment:create_environment_scripts_only(rrbot_gazebo)
[1.865s] Level 1:colcon.colcon_core.environment:checking '/home/maryammahmood/PID_own_urdf/src/install/rrbot_gazebo' for CMake module files
[1.866s] DEBUG:colcon.colcon_core.event_handler.log_command:Invoked command in '/home/maryammahmood/PID_own_urdf/src/build/rrbot_gazebo' returned '0': CMAKE_PREFIX_PATH=/home/maryammahmood/PID_own_urdf/src/install/rrbot_description:/home/maryammahmood/PID_own_urdf/src/install/custom_interfaces:/home/maryammahmood/PID_own_urdf/src/install/rrbot_gazebo:/home/maryammahmood/ws_moveit2/install/pilz_industrial_motion_planner_testutils:/home/maryammahmood/ws_moveit2/install/moveit_runtime:/home/maryammahmood/ws_moveit2/install/moveit2_tutorials:/home/maryammahmood/ws_moveit2/install/moveit:/home/maryammahmood/ws_moveit2/install/moveit_planners:/home/maryammahmood/ws_moveit2/install/pilz_industrial_motion_planner:/home/maryammahmood/ws_moveit2/install/moveit_visual_tools:/home/maryammahmood/ws_moveit2/install/moveit_task_constructor_visualization:/home/maryammahmood/ws_moveit2/install/moveit_task_constructor_demo:/home/maryammahmood/ws_moveit2/install/moveit_task_constructor_capabilities:/home/maryammahmood/ws_moveit2/install/moveit_task_constructor_core:/home/maryammahmood/ws_moveit2/install/moveit_ros_control_interface:/home/maryammahmood/ws_moveit2/install/moveit_plugins:/home/maryammahmood/ws_moveit2/install/moveit_simple_controller_manager:/home/maryammahmood/ws_moveit2/install/moveit_setup_assistant:/home/maryammahmood/ws_moveit2/install/moveit_setup_srdf_plugins:/home/maryammahmood/ws_moveit2/install/moveit_setup_core_plugins:/home/maryammahmood/ws_moveit2/install/moveit_setup_controllers:/home/maryammahmood/ws_moveit2/install/moveit_setup_app_plugins:/home/maryammahmood/ws_moveit2/install/moveit_setup_framework:/home/maryammahmood/ws_moveit2/install/moveit_servo:/home/maryammahmood/ws_moveit2/install/moveit_ros:/home/maryammahmood/ws_moveit2/install/moveit_ros_visualization:/home/maryammahmood/ws_moveit2/install/moveit_hybrid_planning:/home/maryammahmood/ws_moveit2/install/moveit_ros_planning_interface:/home/maryammahmood/ws_moveit2/install/moveit_ros_benchmarks:/home/maryammahmood/ws_moveit2/install/moveit_ros_warehouse:/home/maryammahmood/ws_moveit2/install/moveit_ros_robot_interaction:/home/maryammahmood/ws_moveit2/install/moveit_ros_perception:/home/maryammahmood/ws_moveit2/install/moveit_resources_prbt_pg70_support:/home/maryammahmood/ws_moveit2/install/moveit_resources_prbt_moveit_config:/home/maryammahmood/ws_moveit2/install/moveit_ros_move_group:/home/maryammahmood/ws_moveit2/install/moveit_planners_ompl:/home/maryammahmood/ws_moveit2/install/moveit_ros_planning:/home/maryammahmood/ws_moveit2/install/moveit_ros_occupancy_map_monitor:/home/maryammahmood/ws_moveit2/install/moveit_resources_prbt_ikfast_manipulator_plugin:/home/maryammahmood/ws_moveit2/install/moveit_planners_chomp:/home/maryammahmood/ws_moveit2/install/moveit_kinematics:/home/maryammahmood/ws_moveit2/install/moveit_chomp_optimizer_adapter:/home/maryammahmood/ws_moveit2/install/chomp_motion_planner:/home/maryammahmood/ws_moveit2/install/moveit_core:/home/maryammahmood/ws_moveit2/install/srdfdom:/home/maryammahmood/ws_moveit2/install/rviz_marker_tools:/home/maryammahmood/ws_moveit2/install/rosparam_shortcuts:/home/maryammahmood/ws_moveit2/install/moveit_task_constructor_msgs:/home/maryammahmood/ws_moveit2/install/moveit_resources_prbt_support:/home/maryammahmood/ws_moveit2/install/moveit_resources:/home/maryammahmood/ws_moveit2/install/moveit_resources_pr2_description:/home/maryammahmood/ws_moveit2/install/moveit_resources_panda_moveit_config:/home/maryammahmood/ws_moveit2/install/moveit_resources_panda_description:/home/maryammahmood/ws_moveit2/install/moveit_resources_fanuc_moveit_config:/home/maryammahmood/ws_moveit2/install/moveit_resources_fanuc_description:/home/maryammahmood/ws_moveit2/install/moveit_common:/opt/openrobots:/home/maryammahmood/ws_moveit2/install/moveit_configs_utils:/home/maryammahmood/ws_moveit2/install/launch_param_builder:/opt/ros/humble LD_LIBRARY_PATH=/home/maryammahmood/PID_own_urdf/src/install/custom_interfaces/lib:/home/maryammahmood/ws_moveit2/install/pilz_industrial_motion_planner_testutils/lib:/home/maryammahmood/ws_moveit2/install/pilz_industrial_motion_planner/lib:/home/maryammahmood/ws_moveit2/install/moveit_visual_tools/lib:/home/maryammahmood/ws_moveit2/install/moveit_task_constructor_visualization/lib:/home/maryammahmood/ws_moveit2/install/moveit_task_constructor_demo/lib:/home/maryammahmood/ws_moveit2/install/moveit_task_constructor_capabilities/lib:/home/maryammahmood/ws_moveit2/install/moveit_task_constructor_core/lib:/home/maryammahmood/ws_moveit2/install/moveit_ros_control_interface/lib:/home/maryammahmood/ws_moveit2/install/moveit_simple_controller_manager/lib:/home/maryammahmood/ws_moveit2/install/moveit_setup_assistant/lib:/home/maryammahmood/ws_moveit2/install/moveit_setup_srdf_plugins/lib:/home/maryammahmood/ws_moveit2/install/moveit_setup_core_plugins/lib:/home/maryammahmood/ws_moveit2/install/moveit_setup_controllers/lib:/home/maryammahmood/ws_moveit2/install/moveit_setup_app_plugins/lib:/home/maryammahmood/ws_moveit2/install/moveit_setup_framework/lib:/home/maryammahmood/ws_moveit2/install/moveit_servo/lib:/home/maryammahmood/ws_moveit2/install/moveit_ros_visualization/lib:/home/maryammahmood/ws_moveit2/install/moveit_hybrid_planning/lib:/home/maryammahmood/ws_moveit2/install/moveit_ros_planning_interface/lib:/home/maryammahmood/ws_moveit2/install/moveit_ros_benchmarks/lib:/home/maryammahmood/ws_moveit2/install/moveit_ros_warehouse/lib:/home/maryammahmood/ws_moveit2/install/moveit_ros_robot_interaction/lib:/home/maryammahmood/ws_moveit2/install/moveit_ros_perception/lib:/home/maryammahmood/ws_moveit2/install/moveit_ros_move_group/lib:/home/maryammahmood/ws_moveit2/install/moveit_planners_ompl/lib:/home/maryammahmood/ws_moveit2/install/moveit_ros_planning/lib:/home/maryammahmood/ws_moveit2/install/moveit_ros_occupancy_map_monitor/lib:/home/maryammahmood/ws_moveit2/install/moveit_resources_prbt_ikfast_manipulator_plugin/lib:/home/maryammahmood/ws_moveit2/install/moveit_planners_chomp/lib:/home/maryammahmood/ws_moveit2/install/moveit_kinematics/lib:/home/maryammahmood/ws_moveit2/install/moveit_chomp_optimizer_adapter/lib:/home/maryammahmood/ws_moveit2/install/chomp_motion_planner/lib:/home/maryammahmood/ws_moveit2/install/moveit_core/lib:/home/maryammahmood/ws_moveit2/install/srdfdom/lib:/home/maryammahmood/ws_moveit2/install/rviz_marker_tools/lib:/home/maryammahmood/ws_moveit2/install/rosparam_shortcuts/lib:/home/maryammahmood/ws_moveit2/install/moveit_task_constructor_msgs/lib:/opt/openrobots/lib:/usr/lib/x86_64-linux-gnu/gazebo-11/plugins:/opt/ros/humble/opt/rviz_ogre_vendor/lib:/opt/ros/humble/lib/x86_64-linux-gnu:/opt/ros/humble/lib:/usr/share/gazebo/../../lib/x86_64-linux-gnu/gazebo-11/plugins /usr/bin/cmake --install /home/maryammahmood/PID_own_urdf/src/build/rrbot_gazebo
[1.867s] Level 1:colcon.colcon_core.environment:checking '/home/maryammahmood/PID_own_urdf/src/install/rrbot_gazebo' for CMake config files
[1.868s] Level 1:colcon.colcon_core.shell:create_environment_hook('rrbot_gazebo', 'cmake_prefix_path')
[1.868s] INFO:colcon.colcon_core.shell:Creating environment hook '/home/maryammahmood/PID_own_urdf/src/install/rrbot_gazebo/share/rrbot_gazebo/hook/cmake_prefix_path.ps1'
[1.869s] INFO:colcon.colcon_core.shell:Creating environment descriptor '/home/maryammahmood/PID_own_urdf/src/install/rrbot_gazebo/share/rrbot_gazebo/hook/cmake_prefix_path.dsv'
[1.870s] INFO:colcon.colcon_core.shell:Creating environment hook '/home/maryammahmood/PID_own_urdf/src/install/rrbot_gazebo/share/rrbot_gazebo/hook/cmake_prefix_path.sh'
[1.871s] Level 1:colcon.colcon_core.environment:checking '/home/maryammahmood/PID_own_urdf/src/install/rrbot_gazebo/lib'
[1.871s] Level 1:colcon.colcon_core.environment:checking '/home/maryammahmood/PID_own_urdf/src/install/rrbot_gazebo/bin'
[1.871s] Level 1:colcon.colcon_core.environment:checking '/home/maryammahmood/PID_own_urdf/src/install/rrbot_gazebo/lib/pkgconfig/rrbot_gazebo.pc'
[1.871s] Level 1:colcon.colcon_core.environment:checking '/home/maryammahmood/PID_own_urdf/src/install/rrbot_gazebo/lib/python3.10/site-packages'
[1.872s] Level 1:colcon.colcon_core.environment:checking '/home/maryammahmood/PID_own_urdf/src/install/rrbot_gazebo/bin'
[1.872s] INFO:colcon.colcon_core.shell:Creating package script '/home/maryammahmood/PID_own_urdf/src/install/rrbot_gazebo/share/rrbot_gazebo/package.ps1'
[1.873s] INFO:colcon.colcon_core.shell:Creating package descriptor '/home/maryammahmood/PID_own_urdf/src/install/rrbot_gazebo/share/rrbot_gazebo/package.dsv'
[1.874s] INFO:colcon.colcon_core.shell:Creating package script '/home/maryammahmood/PID_own_urdf/src/install/rrbot_gazebo/share/rrbot_gazebo/package.sh'
[1.874s] INFO:colcon.colcon_core.shell:Creating package script '/home/maryammahmood/PID_own_urdf/src/install/rrbot_gazebo/share/rrbot_gazebo/package.bash'
[1.875s] INFO:colcon.colcon_core.shell:Creating package script '/home/maryammahmood/PID_own_urdf/src/install/rrbot_gazebo/share/rrbot_gazebo/package.zsh'
[1.875s] Level 1:colcon.colcon_core.environment:create_file_with_runtime_dependencies(/home/maryammahmood/PID_own_urdf/src/install/rrbot_gazebo/share/colcon-core/packages/rrbot_gazebo)
[1.991s] Level 1:colcon.colcon_core.environment:create_environment_scripts_only(rrbot_gazebo)
[1.991s] Level 1:colcon.colcon_core.environment:checking '/home/maryammahmood/PID_own_urdf/src/install/rrbot_gazebo' for CMake module files
[1.992s] Level 1:colcon.colcon_core.environment:checking '/home/maryammahmood/PID_own_urdf/src/install/rrbot_gazebo' for CMake config files
[1.992s] Level 1:colcon.colcon_core.shell:create_environment_hook('rrbot_gazebo', 'cmake_prefix_path')
[1.992s] INFO:colcon.colcon_core.shell:Creating environment hook '/home/maryammahmood/PID_own_urdf/src/install/rrbot_gazebo/share/rrbot_gazebo/hook/cmake_prefix_path.ps1'
[1.993s] INFO:colcon.colcon_core.shell:Creating environment descriptor '/home/maryammahmood/PID_own_urdf/src/install/rrbot_gazebo/share/rrbot_gazebo/hook/cmake_prefix_path.dsv'
[1.993s] INFO:colcon.colcon_core.shell:Creating environment hook '/home/maryammahmood/PID_own_urdf/src/install/rrbot_gazebo/share/rrbot_gazebo/hook/cmake_prefix_path.sh'
[1.994s] Level 1:colcon.colcon_core.environment:checking '/home/maryammahmood/PID_own_urdf/src/install/rrbot_gazebo/lib'
[1.994s] Level 1:colcon.colcon_core.environment:checking '/home/maryammahmood/PID_own_urdf/src/install/rrbot_gazebo/bin'
[1.994s] Level 1:colcon.colcon_core.environment:checking '/home/maryammahmood/PID_own_urdf/src/install/rrbot_gazebo/lib/pkgconfig/rrbot_gazebo.pc'
[1.994s] Level 1:colcon.colcon_core.environment:checking '/home/maryammahmood/PID_own_urdf/src/install/rrbot_gazebo/lib/python3.10/site-packages'
[1.994s] Level 1:colcon.colcon_core.environment:checking '/home/maryammahmood/PID_own_urdf/src/install/rrbot_gazebo/bin'
[1.995s] INFO:colcon.colcon_core.shell:Creating package script '/home/maryammahmood/PID_own_urdf/src/install/rrbot_gazebo/share/rrbot_gazebo/package.ps1'
[1.995s] INFO:colcon.colcon_core.shell:Creating package descriptor '/home/maryammahmood/PID_own_urdf/src/install/rrbot_gazebo/share/rrbot_gazebo/package.dsv'
[1.996s] INFO:colcon.colcon_core.shell:Creating package script '/home/maryammahmood/PID_own_urdf/src/install/rrbot_gazebo/share/rrbot_gazebo/package.sh'
[1.996s] INFO:colcon.colcon_core.shell:Creating package script '/home/maryammahmood/PID_own_urdf/src/install/rrbot_gazebo/share/rrbot_gazebo/package.bash'
[1.996s] INFO:colcon.colcon_core.shell:Creating package script '/home/maryammahmood/PID_own_urdf/src/install/rrbot_gazebo/share/rrbot_gazebo/package.zsh'
[1.997s] Level 1:colcon.colcon_core.environment:create_file_with_runtime_dependencies(/home/maryammahmood/PID_own_urdf/src/install/rrbot_gazebo/share/colcon-core/packages/rrbot_gazebo)
[1.997s] DEBUG:colcon.colcon_parallel_executor.executor.parallel:closing loop
[1.997s] DEBUG:colcon.colcon_parallel_executor.executor.parallel:loop closed
[1.997s] DEBUG:colcon.colcon_parallel_executor.executor.parallel:run_until_complete finished with '0'
[1.997s] DEBUG:colcon.colcon_core.event_reactor:joining thread
[2.003s] INFO:colcon.colcon_core.plugin_system:Skipping extension 'colcon_notification.desktop_notification.terminal_notifier': Not used on non-Darwin systems
[2.003s] INFO:colcon.colcon_core.plugin_system:Skipping extension 'colcon_notification.desktop_notification.win32': Not used on non-Windows systems
[2.003s] INFO:colcon.colcon_notification.desktop_notification:Sending desktop notification using 'notify2'
[2.019s] DEBUG:colcon.colcon_core.event_reactor:joined thread
[2.020s] INFO:colcon.colcon_core.shell:Creating prefix script '/home/maryammahmood/PID_own_urdf/src/install/local_setup.ps1'
[2.020s] INFO:colcon.colcon_core.shell:Creating prefix util module '/home/maryammahmood/PID_own_urdf/src/install/_local_setup_util_ps1.py'
[2.022s] INFO:colcon.colcon_core.shell:Creating prefix chain script '/home/maryammahmood/PID_own_urdf/src/install/setup.ps1'
[2.024s] INFO:colcon.colcon_core.shell:Creating prefix script '/home/maryammahmood/PID_own_urdf/src/install/local_setup.sh'
[2.025s] INFO:colcon.colcon_core.shell:Creating prefix util module '/home/maryammahmood/PID_own_urdf/src/install/_local_setup_util_sh.py'
[2.025s] INFO:colcon.colcon_core.shell:Creating prefix chain script '/home/maryammahmood/PID_own_urdf/src/install/setup.sh'
[2.028s] INFO:colcon.colcon_core.shell:Creating prefix script '/home/maryammahmood/PID_own_urdf/src/install/local_setup.bash'
[2.028s] INFO:colcon.colcon_core.shell:Creating prefix chain script '/home/maryammahmood/PID_own_urdf/src/install/setup.bash'
[2.031s] INFO:colcon.colcon_core.shell:Creating prefix script '/home/maryammahmood/PID_own_urdf/src/install/local_setup.zsh'
[2.031s] INFO:colcon.colcon_core.shell:Creating prefix chain script '/home/maryammahmood/PID_own_urdf/src/install/setup.zsh'
