[0.010s] Invoking command in '/home/maryammahmood/PID_based_control_rrbot/PID-based-SCARA-Robot-Position-and-Velocity-Control-And-Manipulation/src/rrbot_simulation_files/build/rrbot_description': CMAKE_PREFIX_PATH=${CMAKE_PREFIX_PATH}:/home/maryammahmood/ws_moveit2/install/moveit_configs_utils:/home/maryammahmood/ws_moveit2/install/launch_param_builder:/opt/ros/humble /usr/bin/cmake /home/maryammahmood/PID_based_control_rrbot/PID-based-SCARA-Robot-Position-and-Velocity-Control-And-Manipulation/src/rrbot_simulation_files/rrbot_description -DCMAKE_INSTALL_PREFIX=/home/maryammahmood/PID_based_control_rrbot/PID-based-SCARA-Robot-Position-and-Velocity-Control-And-Manipulation/src/rrbot_simulation_files/install/rrbot_description
[0.021s] -- Found ament_cmake: 1.3.10 (/opt/ros/humble/share/ament_cmake/cmake)
[0.114s] -- Override CMake install command with custom implementation using symlinks instead of copying resources
[0.168s] -- Configuring done
[0.169s] -- Generating done
[0.169s] -- Build files have been written to: /home/maryammahmood/PID_based_control_rrbot/PID-based-SCARA-Robot-Position-and-Velocity-Control-And-Manipulation/src/rrbot_simulation_files/build/rrbot_description
[0.171s] Invoked command in '/home/maryammahmood/PID_based_control_rrbot/PID-based-SCARA-Robot-Position-and-Velocity-Control-And-Manipulation/src/rrbot_simulation_files/build/rrbot_description' returned '0': CMAKE_PREFIX_PATH=${CMAKE_PREFIX_PATH}:/home/maryammahmood/ws_moveit2/install/moveit_configs_utils:/home/maryammahmood/ws_moveit2/install/launch_param_builder:/opt/ros/humble /usr/bin/cmake /home/maryammahmood/PID_based_control_rrbot/PID-based-SCARA-Robot-Position-and-Velocity-Control-And-Manipulation/src/rrbot_simulation_files/rrbot_description -DCMAKE_INSTALL_PREFIX=/home/maryammahmood/PID_based_control_rrbot/PID-based-SCARA-Robot-Position-and-Velocity-Control-And-Manipulation/src/rrbot_simulation_files/install/rrbot_description
[0.173s] Invoking command in '/home/maryammahmood/PID_based_control_rrbot/PID-based-SCARA-Robot-Position-and-Velocity-Control-And-Manipulation/src/rrbot_simulation_files/build/rrbot_description': CMAKE_PREFIX_PATH=${CMAKE_PREFIX_PATH}:/home/maryammahmood/ws_moveit2/install/moveit_configs_utils:/home/maryammahmood/ws_moveit2/install/launch_param_builder:/opt/ros/humble /usr/bin/cmake --build /home/maryammahmood/PID_based_control_rrbot/PID-based-SCARA-Robot-Position-and-Velocity-Control-And-Manipulation/src/rrbot_simulation_files/build/rrbot_description -- -j24 -l24
[0.223s] Invoked command in '/home/maryammahmood/PID_based_control_rrbot/PID-based-SCARA-Robot-Position-and-Velocity-Control-And-Manipulation/src/rrbot_simulation_files/build/rrbot_description' returned '0': CMAKE_PREFIX_PATH=${CMAKE_PREFIX_PATH}:/home/maryammahmood/ws_moveit2/install/moveit_configs_utils:/home/maryammahmood/ws_moveit2/install/launch_param_builder:/opt/ros/humble /usr/bin/cmake --build /home/maryammahmood/PID_based_control_rrbot/PID-based-SCARA-Robot-Position-and-Velocity-Control-And-Manipulation/src/rrbot_simulation_files/build/rrbot_description -- -j24 -l24
[0.304s] Invoking command in '/home/maryammahmood/PID_based_control_rrbot/PID-based-SCARA-Robot-Position-and-Velocity-Control-And-Manipulation/src/rrbot_simulation_files/build/rrbot_description': CMAKE_PREFIX_PATH=${CMAKE_PREFIX_PATH}:/home/maryammahmood/ws_moveit2/install/moveit_configs_utils:/home/maryammahmood/ws_moveit2/install/launch_param_builder:/opt/ros/humble /usr/bin/cmake --install /home/maryammahmood/PID_based_control_rrbot/PID-based-SCARA-Robot-Position-and-Velocity-Control-And-Manipulation/src/rrbot_simulation_files/build/rrbot_description
[0.320s] -- Install configuration: ""
[0.321s] -- Execute custom install script
[0.321s] -- Up-to-date symlink: /home/maryammahmood/PID_based_control_rrbot/PID-based-SCARA-Robot-Position-and-Velocity-Control-And-Manipulation/src/rrbot_simulation_files/install/rrbot_description/share/rrbot_description/config/rrbot.rviz
[0.321s] -- Up-to-date symlink: /home/maryammahmood/PID_based_control_rrbot/PID-based-SCARA-Robot-Position-and-Velocity-Control-And-Manipulation/src/rrbot_simulation_files/install/rrbot_description/share/rrbot_description/gazebo/rrbot.gazebo.xacro
[0.321s] -- Up-to-date symlink: /home/maryammahmood/PID_based_control_rrbot/PID-based-SCARA-Robot-Position-and-Velocity-Control-And-Manipulation/src/rrbot_simulation_files/install/rrbot_description/share/rrbot_description/gazebo/rrbot.materials.xacro
[0.322s] -- Up-to-date symlink: /home/maryammahmood/PID_based_control_rrbot/PID-based-SCARA-Robot-Position-and-Velocity-Control-And-Manipulation/src/rrbot_simulation_files/install/rrbot_description/share/rrbot_description/meshes/hokuyo.dae
[0.322s] -- Up-to-date symlink: /home/maryammahmood/PID_based_control_rrbot/PID-based-SCARA-Robot-Position-and-Velocity-Control-And-Manipulation/src/rrbot_simulation_files/install/rrbot_description/share/rrbot_description/launch/view_robot.launch.py
[0.322s] -- Up-to-date symlink: /home/maryammahmood/PID_based_control_rrbot/PID-based-SCARA-Robot-Position-and-Velocity-Control-And-Manipulation/src/rrbot_simulation_files/install/rrbot_description/share/rrbot_description/ros2_control/rrbot.ros2_control.xacro
[0.322s] -- Up-to-date symlink: /home/maryammahmood/PID_based_control_rrbot/PID-based-SCARA-Robot-Position-and-Velocity-Control-And-Manipulation/src/rrbot_simulation_files/install/rrbot_description/share/rrbot_description/urdf/rrbot.urdf.xacro
[0.322s] -- Up-to-date symlink: /home/maryammahmood/PID_based_control_rrbot/PID-based-SCARA-Robot-Position-and-Velocity-Control-And-Manipulation/src/rrbot_simulation_files/install/rrbot_description/share/rrbot_description/urdf/rrbot_description.urdf.xacro
[0.322s] -- Up-to-date symlink: /home/maryammahmood/PID_based_control_rrbot/PID-based-SCARA-Robot-Position-and-Velocity-Control-And-Manipulation/src/rrbot_simulation_files/install/rrbot_description/share/rrbot_description/environment/rrbot_description.dsv
[0.323s] -- Up-to-date symlink: /home/maryammahmood/PID_based_control_rrbot/PID-based-SCARA-Robot-Position-and-Velocity-Control-And-Manipulation/src/rrbot_simulation_files/install/rrbot_description/share/ament_index/resource_index/package_run_dependencies/rrbot_description
[0.323s] -- Up-to-date symlink: /home/maryammahmood/PID_based_control_rrbot/PID-based-SCARA-Robot-Position-and-Velocity-Control-And-Manipulation/src/rrbot_simulation_files/install/rrbot_description/share/ament_index/resource_index/parent_prefix_path/rrbot_description
[0.323s] -- Up-to-date symlink: /home/maryammahmood/PID_based_control_rrbot/PID-based-SCARA-Robot-Position-and-Velocity-Control-And-Manipulation/src/rrbot_simulation_files/install/rrbot_description/share/rrbot_description/environment/ament_prefix_path.sh
[0.323s] -- Up-to-date symlink: /home/maryammahmood/PID_based_control_rrbot/PID-based-SCARA-Robot-Position-and-Velocity-Control-And-Manipulation/src/rrbot_simulation_files/install/rrbot_description/share/rrbot_description/environment/ament_prefix_path.dsv
[0.323s] -- Up-to-date symlink: /home/maryammahmood/PID_based_control_rrbot/PID-based-SCARA-Robot-Position-and-Velocity-Control-And-Manipulation/src/rrbot_simulation_files/install/rrbot_description/share/rrbot_description/environment/path.sh
[0.324s] -- Up-to-date symlink: /home/maryammahmood/PID_based_control_rrbot/PID-based-SCARA-Robot-Position-and-Velocity-Control-And-Manipulation/src/rrbot_simulation_files/install/rrbot_description/share/rrbot_description/environment/path.dsv
[0.324s] -- Up-to-date symlink: /home/maryammahmood/PID_based_control_rrbot/PID-based-SCARA-Robot-Position-and-Velocity-Control-And-Manipulation/src/rrbot_simulation_files/install/rrbot_description/share/rrbot_description/local_setup.bash
[0.324s] -- Up-to-date symlink: /home/maryammahmood/PID_based_control_rrbot/PID-based-SCARA-Robot-Position-and-Velocity-Control-And-Manipulation/src/rrbot_simulation_files/install/rrbot_description/share/rrbot_description/local_setup.sh
[0.324s] -- Up-to-date symlink: /home/maryammahmood/PID_based_control_rrbot/PID-based-SCARA-Robot-Position-and-Velocity-Control-And-Manipulation/src/rrbot_simulation_files/install/rrbot_description/share/rrbot_description/local_setup.zsh
[0.324s] -- Up-to-date symlink: /home/maryammahmood/PID_based_control_rrbot/PID-based-SCARA-Robot-Position-and-Velocity-Control-And-Manipulation/src/rrbot_simulation_files/install/rrbot_description/share/rrbot_description/local_setup.dsv
[0.324s] -- Symlinking: /home/maryammahmood/PID_based_control_rrbot/PID-based-SCARA-Robot-Position-and-Velocity-Control-And-Manipulation/src/rrbot_simulation_files/install/rrbot_description/share/rrbot_description/package.dsv
[0.334s] -- Up-to-date symlink: /home/maryammahmood/PID_based_control_rrbot/PID-based-SCARA-Robot-Position-and-Velocity-Control-And-Manipulation/src/rrbot_simulation_files/install/rrbot_description/share/ament_index/resource_index/packages/rrbot_description
[0.334s] -- Up-to-date symlink: /home/maryammahmood/PID_based_control_rrbot/PID-based-SCARA-Robot-Position-and-Velocity-Control-And-Manipulation/src/rrbot_simulation_files/install/rrbot_description/share/rrbot_description/cmake/rrbot_descriptionConfig.cmake
[0.334s] -- Up-to-date symlink: /home/maryammahmood/PID_based_control_rrbot/PID-based-SCARA-Robot-Position-and-Velocity-Control-And-Manipulation/src/rrbot_simulation_files/install/rrbot_description/share/rrbot_description/cmake/rrbot_descriptionConfig-version.cmake
[0.334s] -- Up-to-date symlink: /home/maryammahmood/PID_based_control_rrbot/PID-based-SCARA-Robot-Position-and-Velocity-Control-And-Manipulation/src/rrbot_simulation_files/install/rrbot_description/share/rrbot_description/package.xml
[0.336s] Invoked command in '/home/maryammahmood/PID_based_control_rrbot/PID-based-SCARA-Robot-Position-and-Velocity-Control-And-Manipulation/src/rrbot_simulation_files/build/rrbot_description' returned '0': CMAKE_PREFIX_PATH=${CMAKE_PREFIX_PATH}:/home/maryammahmood/ws_moveit2/install/moveit_configs_utils:/home/maryammahmood/ws_moveit2/install/launch_param_builder:/opt/ros/humble /usr/bin/cmake --install /home/maryammahmood/PID_based_control_rrbot/PID-based-SCARA-Robot-Position-and-Velocity-Control-And-Manipulation/src/rrbot_simulation_files/build/rrbot_description
