[0.075s] DEBUG:colcon:Command line arguments: ['/usr/bin/colcon', 'build', '--symlink-install']
[0.075s] DEBUG:colcon:Parsed command line arguments: Namespace(log_base=None, log_level=None, verb_name='build', build_base='build', install_base='install', merge_install=False, symlink_install=True, test_result_base=None, continue_on_error=False, executor='parallel', parallel_workers=24, event_handlers=None, ignore_user_meta=False, metas=['./colcon.meta'], base_paths=['.'], packages_ignore=None, packages_ignore_regex=None, paths=None, packages_up_to=None, packages_up_to_regex=None, packages_above=None, packages_above_and_dependencies=None, packages_above_depth=None, packages_select_by_dep=None, packages_skip_by_dep=None, packages_skip_up_to=None, packages_select_build_failed=False, packages_skip_build_finished=False, packages_select_test_failures=False, packages_skip_test_passed=False, packages_select=None, packages_skip=None, packages_select_regex=None, packages_skip_regex=None, packages_start=None, packages_end=None, allow_overriding=[], cmake_args=None, cmake_target=None, cmake_target_skip_unavailable=False, cmake_clean_cache=False, cmake_clean_first=False, cmake_force_configure=False, ament_cmake_args=None, catkin_cmake_args=None, catkin_skip_building_tests=False, mixin_files=None, mixin=None, verb_parser=<colcon_mixin.mixin.mixin_argument.MixinArgumentDecorator object at 0x7af29e033970>, verb_extension=<colcon_core.verb.build.BuildVerb object at 0x7af29e1e48b0>, main=<bound method BuildVerb.main of <colcon_core.verb.build.BuildVerb object at 0x7af29e1e48b0>>, mixin_verb=('build',))
[0.179s] Level 1:colcon.colcon_core.package_discovery:discover_packages(colcon_meta) check parameters
[0.179s] Level 1:colcon.colcon_core.package_discovery:discover_packages(recursive) check parameters
[0.179s] Level 1:colcon.colcon_core.package_discovery:discover_packages(ignore) check parameters
[0.179s] Level 1:colcon.colcon_core.package_discovery:discover_packages(path) check parameters
[0.179s] Level 1:colcon.colcon_core.package_discovery:discover_packages(colcon_meta) discover
[0.179s] Level 1:colcon.colcon_core.package_discovery:discover_packages(recursive) discover
[0.179s] INFO:colcon.colcon_core.package_discovery:Crawling recursively for packages in '/home/maryammahmood/PID_own_urdf/src'
[0.179s] Level 1:colcon.colcon_core.package_identification:_identify(.) by extensions ['ignore', 'ignore_ament_install']
[0.179s] Level 1:colcon.colcon_core.package_identification:_identify(.) by extension 'ignore'
[0.179s] Level 1:colcon.colcon_core.package_identification:_identify(.) by extension 'ignore_ament_install'
[0.179s] Level 1:colcon.colcon_core.package_identification:_identify(.) by extensions ['colcon_pkg']
[0.179s] Level 1:colcon.colcon_core.package_identification:_identify(.) by extension 'colcon_pkg'
[0.179s] Level 1:colcon.colcon_core.package_identification:_identify(.) by extensions ['colcon_meta']
[0.179s] Level 1:colcon.colcon_core.package_identification:_identify(.) by extension 'colcon_meta'
[0.179s] Level 1:colcon.colcon_core.package_identification:_identify(.) by extensions ['ros']
[0.179s] Level 1:colcon.colcon_core.package_identification:_identify(.) by extension 'ros'
[0.186s] Level 1:colcon.colcon_core.package_identification:_identify(.) by extensions ['cmake', 'python']
[0.186s] Level 1:colcon.colcon_core.package_identification:_identify(.) by extension 'cmake'
[0.186s] Level 1:colcon.colcon_core.package_identification:_identify(.) by extension 'python'
[0.186s] Level 1:colcon.colcon_core.package_identification:_identify(.) by extensions ['python_setup_py']
[0.186s] Level 1:colcon.colcon_core.package_identification:_identify(.) by extension 'python_setup_py'
[0.186s] Level 1:colcon.colcon_core.package_identification:_identify(build) by extensions ['ignore', 'ignore_ament_install']
[0.186s] Level 1:colcon.colcon_core.package_identification:_identify(build) by extension 'ignore'
[0.186s] Level 1:colcon.colcon_core.package_identification:_identify(build) ignored
[0.186s] Level 1:colcon.colcon_core.package_identification:_identify(custom_interfaces) by extensions ['ignore', 'ignore_ament_install']
[0.186s] Level 1:colcon.colcon_core.package_identification:_identify(custom_interfaces) by extension 'ignore'
[0.186s] Level 1:colcon.colcon_core.package_identification:_identify(custom_interfaces) by extension 'ignore_ament_install'
[0.186s] Level 1:colcon.colcon_core.package_identification:_identify(custom_interfaces) by extensions ['colcon_pkg']
[0.187s] Level 1:colcon.colcon_core.package_identification:_identify(custom_interfaces) by extension 'colcon_pkg'
[0.187s] Level 1:colcon.colcon_core.package_identification:_identify(custom_interfaces) by extensions ['colcon_meta']
[0.187s] Level 1:colcon.colcon_core.package_identification:_identify(custom_interfaces) by extension 'colcon_meta'
[0.187s] Level 1:colcon.colcon_core.package_identification:_identify(custom_interfaces) by extensions ['ros']
[0.187s] Level 1:colcon.colcon_core.package_identification:_identify(custom_interfaces) by extension 'ros'
[0.188s] DEBUG:colcon.colcon_core.package_identification:Package 'custom_interfaces' with type 'ros.ament_cmake' and name 'custom_interfaces'
[0.188s] Level 1:colcon.colcon_core.package_identification:_identify(install) by extensions ['ignore', 'ignore_ament_install']
[0.188s] Level 1:colcon.colcon_core.package_identification:_identify(install) by extension 'ignore'
[0.188s] Level 1:colcon.colcon_core.package_identification:_identify(install) ignored
[0.188s] Level 1:colcon.colcon_core.package_identification:_identify(log) by extensions ['ignore', 'ignore_ament_install']
[0.189s] Level 1:colcon.colcon_core.package_identification:_identify(log) by extension 'ignore'
[0.189s] Level 1:colcon.colcon_core.package_identification:_identify(log) ignored
[0.189s] Level 1:colcon.colcon_core.package_identification:_identify(rrbot_simulation_files) by extensions ['ignore', 'ignore_ament_install']
[0.189s] Level 1:colcon.colcon_core.package_identification:_identify(rrbot_simulation_files) by extension 'ignore'
[0.189s] Level 1:colcon.colcon_core.package_identification:_identify(rrbot_simulation_files) by extension 'ignore_ament_install'
[0.189s] Level 1:colcon.colcon_core.package_identification:_identify(rrbot_simulation_files) by extensions ['colcon_pkg']
[0.189s] Level 1:colcon.colcon_core.package_identification:_identify(rrbot_simulation_files) by extension 'colcon_pkg'
[0.189s] Level 1:colcon.colcon_core.package_identification:_identify(rrbot_simulation_files) by extensions ['colcon_meta']
[0.189s] Level 1:colcon.colcon_core.package_identification:_identify(rrbot_simulation_files) by extension 'colcon_meta'
[0.189s] Level 1:colcon.colcon_core.package_identification:_identify(rrbot_simulation_files) by extensions ['ros']
[0.189s] Level 1:colcon.colcon_core.package_identification:_identify(rrbot_simulation_files) by extension 'ros'
[0.189s] Level 1:colcon.colcon_core.package_identification:_identify(rrbot_simulation_files) by extensions ['cmake', 'python']
[0.189s] Level 1:colcon.colcon_core.package_identification:_identify(rrbot_simulation_files) by extension 'cmake'
[0.189s] Level 1:colcon.colcon_core.package_identification:_identify(rrbot_simulation_files) by extension 'python'
[0.189s] Level 1:colcon.colcon_core.package_identification:_identify(rrbot_simulation_files) by extensions ['python_setup_py']
[0.189s] Level 1:colcon.colcon_core.package_identification:_identify(rrbot_simulation_files) by extension 'python_setup_py'
[0.189s] Level 1:colcon.colcon_core.package_identification:_identify(rrbot_simulation_files/our_URDF_desc) by extensions ['ignore', 'ignore_ament_install']
[0.189s] Level 1:colcon.colcon_core.package_identification:_identify(rrbot_simulation_files/our_URDF_desc) by extension 'ignore'
[0.189s] Level 1:colcon.colcon_core.package_identification:_identify(rrbot_simulation_files/our_URDF_desc) by extension 'ignore_ament_install'
[0.189s] Level 1:colcon.colcon_core.package_identification:_identify(rrbot_simulation_files/our_URDF_desc) by extensions ['colcon_pkg']
[0.189s] Level 1:colcon.colcon_core.package_identification:_identify(rrbot_simulation_files/our_URDF_desc) by extension 'colcon_pkg'
[0.189s] Level 1:colcon.colcon_core.package_identification:_identify(rrbot_simulation_files/our_URDF_desc) by extensions ['colcon_meta']
[0.189s] Level 1:colcon.colcon_core.package_identification:_identify(rrbot_simulation_files/our_URDF_desc) by extension 'colcon_meta'
[0.189s] Level 1:colcon.colcon_core.package_identification:_identify(rrbot_simulation_files/our_URDF_desc) by extensions ['ros']
[0.189s] Level 1:colcon.colcon_core.package_identification:_identify(rrbot_simulation_files/our_URDF_desc) by extension 'ros'
[0.189s] DEBUG:colcon.colcon_core.package_identification:Package 'rrbot_simulation_files/our_URDF_desc' with type 'ros.ament_cmake' and name 'our_URDF_desc'
[0.190s] Level 1:colcon.colcon_core.package_identification:_identify(rrbot_simulation_files/own_bot_gazebo) by extensions ['ignore', 'ignore_ament_install']
[0.190s] Level 1:colcon.colcon_core.package_identification:_identify(rrbot_simulation_files/own_bot_gazebo) by extension 'ignore'
[0.190s] Level 1:colcon.colcon_core.package_identification:_identify(rrbot_simulation_files/own_bot_gazebo) by extension 'ignore_ament_install'
[0.190s] Level 1:colcon.colcon_core.package_identification:_identify(rrbot_simulation_files/own_bot_gazebo) by extensions ['colcon_pkg']
[0.190s] Level 1:colcon.colcon_core.package_identification:_identify(rrbot_simulation_files/own_bot_gazebo) by extension 'colcon_pkg'
[0.190s] Level 1:colcon.colcon_core.package_identification:_identify(rrbot_simulation_files/own_bot_gazebo) by extensions ['colcon_meta']
[0.190s] Level 1:colcon.colcon_core.package_identification:_identify(rrbot_simulation_files/own_bot_gazebo) by extension 'colcon_meta'
[0.190s] Level 1:colcon.colcon_core.package_identification:_identify(rrbot_simulation_files/own_bot_gazebo) by extensions ['ros']
[0.190s] Level 1:colcon.colcon_core.package_identification:_identify(rrbot_simulation_files/own_bot_gazebo) by extension 'ros'
[0.190s] DEBUG:colcon.colcon_core.package_identification:Package 'rrbot_simulation_files/own_bot_gazebo' with type 'ros.ament_cmake' and name 'own_bot_gazebo'
[0.190s] Level 1:colcon.colcon_core.package_identification:_identify(rrbot_simulation_files/rrbot_description) by extensions ['ignore', 'ignore_ament_install']
[0.190s] Level 1:colcon.colcon_core.package_identification:_identify(rrbot_simulation_files/rrbot_description) by extension 'ignore'
[0.190s] Level 1:colcon.colcon_core.package_identification:_identify(rrbot_simulation_files/rrbot_description) by extension 'ignore_ament_install'
[0.190s] Level 1:colcon.colcon_core.package_identification:_identify(rrbot_simulation_files/rrbot_description) by extensions ['colcon_pkg']
[0.190s] Level 1:colcon.colcon_core.package_identification:_identify(rrbot_simulation_files/rrbot_description) by extension 'colcon_pkg'
[0.191s] Level 1:colcon.colcon_core.package_identification:_identify(rrbot_simulation_files/rrbot_description) by extensions ['colcon_meta']
[0.191s] Level 1:colcon.colcon_core.package_identification:_identify(rrbot_simulation_files/rrbot_description) by extension 'colcon_meta'
[0.191s] Level 1:colcon.colcon_core.package_identification:_identify(rrbot_simulation_files/rrbot_description) by extensions ['ros']
[0.191s] Level 1:colcon.colcon_core.package_identification:_identify(rrbot_simulation_files/rrbot_description) by extension 'ros'
[0.191s] DEBUG:colcon.colcon_core.package_identification:Package 'rrbot_simulation_files/rrbot_description' with type 'ros.ament_cmake' and name 'rrbot_description'
[0.191s] Level 1:colcon.colcon_core.package_identification:_identify(rrbot_simulation_files/rrbot_gazebo) by extensions ['ignore', 'ignore_ament_install']
[0.191s] Level 1:colcon.colcon_core.package_identification:_identify(rrbot_simulation_files/rrbot_gazebo) by extension 'ignore'
[0.191s] Level 1:colcon.colcon_core.package_identification:_identify(rrbot_simulation_files/rrbot_gazebo) by extension 'ignore_ament_install'
[0.191s] Level 1:colcon.colcon_core.package_identification:_identify(rrbot_simulation_files/rrbot_gazebo) by extensions ['colcon_pkg']
[0.191s] Level 1:colcon.colcon_core.package_identification:_identify(rrbot_simulation_files/rrbot_gazebo) by extension 'colcon_pkg'
[0.191s] Level 1:colcon.colcon_core.package_identification:_identify(rrbot_simulation_files/rrbot_gazebo) by extensions ['colcon_meta']
[0.191s] Level 1:colcon.colcon_core.package_identification:_identify(rrbot_simulation_files/rrbot_gazebo) by extension 'colcon_meta'
[0.191s] Level 1:colcon.colcon_core.package_identification:_identify(rrbot_simulation_files/rrbot_gazebo) by extensions ['ros']
[0.191s] Level 1:colcon.colcon_core.package_identification:_identify(rrbot_simulation_files/rrbot_gazebo) by extension 'ros'
[0.192s] DEBUG:colcon.colcon_core.package_identification:Package 'rrbot_simulation_files/rrbot_gazebo' with type 'ros.ament_cmake' and name 'rrbot_gazebo'
[0.192s] Level 1:colcon.colcon_core.package_discovery:discover_packages(recursive) using defaults
[0.192s] Level 1:colcon.colcon_core.package_discovery:discover_packages(ignore) discover
[0.192s] Level 1:colcon.colcon_core.package_discovery:discover_packages(ignore) using defaults
[0.192s] Level 1:colcon.colcon_core.package_discovery:discover_packages(path) discover
[0.192s] Level 1:colcon.colcon_core.package_discovery:discover_packages(path) using defaults
[0.212s] Level 1:colcon.colcon_core.package_discovery:discover_packages(prefix_path) check parameters
[0.212s] Level 1:colcon.colcon_core.package_discovery:discover_packages(prefix_path) discover
[0.214s] DEBUG:colcon.colcon_installed_package_information.package_discovery:Found 3 installed packages in /home/maryammahmood/PID_own_urdf/src/install
[0.215s] DEBUG:colcon.colcon_installed_package_information.package_discovery:Found 55 installed packages in /home/maryammahmood/ws_moveit2/install
[0.216s] DEBUG:colcon.colcon_installed_package_information.package_discovery:Found 419 installed packages in /opt/ros/humble
[0.218s] Level 1:colcon.colcon_core.package_discovery:discover_packages(prefix_path) using defaults
[0.249s] Level 5:colcon.colcon_core.verb:set package 'custom_interfaces' build argument 'cmake_args' from command line to 'None'
[0.249s] Level 5:colcon.colcon_core.verb:set package 'custom_interfaces' build argument 'cmake_target' from command line to 'None'
[0.249s] Level 5:colcon.colcon_core.verb:set package 'custom_interfaces' build argument 'cmake_target_skip_unavailable' from command line to 'False'
[0.249s] Level 5:colcon.colcon_core.verb:set package 'custom_interfaces' build argument 'cmake_clean_cache' from command line to 'False'
[0.249s] Level 5:colcon.colcon_core.verb:set package 'custom_interfaces' build argument 'cmake_clean_first' from command line to 'False'
[0.249s] Level 5:colcon.colcon_core.verb:set package 'custom_interfaces' build argument 'cmake_force_configure' from command line to 'False'
[0.249s] Level 5:colcon.colcon_core.verb:set package 'custom_interfaces' build argument 'ament_cmake_args' from command line to 'None'
[0.249s] Level 5:colcon.colcon_core.verb:set package 'custom_interfaces' build argument 'catkin_cmake_args' from command line to 'None'
[0.249s] Level 5:colcon.colcon_core.verb:set package 'custom_interfaces' build argument 'catkin_skip_building_tests' from command line to 'False'
[0.249s] DEBUG:colcon.colcon_core.verb:Building package 'custom_interfaces' with the following arguments: {'ament_cmake_args': None, 'build_base': '/home/maryammahmood/PID_own_urdf/src/build/custom_interfaces', 'catkin_cmake_args': None, 'catkin_skip_building_tests': False, 'cmake_args': None, 'cmake_clean_cache': False, 'cmake_clean_first': False, 'cmake_force_configure': False, 'cmake_target': None, 'cmake_target_skip_unavailable': False, 'install_base': '/home/maryammahmood/PID_own_urdf/src/install/custom_interfaces', 'merge_install': False, 'path': '/home/maryammahmood/PID_own_urdf/src/custom_interfaces', 'symlink_install': True, 'test_result_base': None}
[0.249s] Level 5:colcon.colcon_core.verb:set package 'our_URDF_desc' build argument 'cmake_args' from command line to 'None'
[0.249s] Level 5:colcon.colcon_core.verb:set package 'our_URDF_desc' build argument 'cmake_target' from command line to 'None'
[0.250s] Level 5:colcon.colcon_core.verb:set package 'our_URDF_desc' build argument 'cmake_target_skip_unavailable' from command line to 'False'
[0.250s] Level 5:colcon.colcon_core.verb:set package 'our_URDF_desc' build argument 'cmake_clean_cache' from command line to 'False'
[0.250s] Level 5:colcon.colcon_core.verb:set package 'our_URDF_desc' build argument 'cmake_clean_first' from command line to 'False'
[0.250s] Level 5:colcon.colcon_core.verb:set package 'our_URDF_desc' build argument 'cmake_force_configure' from command line to 'False'
[0.250s] Level 5:colcon.colcon_core.verb:set package 'our_URDF_desc' build argument 'ament_cmake_args' from command line to 'None'
[0.250s] Level 5:colcon.colcon_core.verb:set package 'our_URDF_desc' build argument 'catkin_cmake_args' from command line to 'None'
[0.250s] Level 5:colcon.colcon_core.verb:set package 'our_URDF_desc' build argument 'catkin_skip_building_tests' from command line to 'False'
[0.250s] DEBUG:colcon.colcon_core.verb:Building package 'our_URDF_desc' with the following arguments: {'ament_cmake_args': None, 'build_base': '/home/maryammahmood/PID_own_urdf/src/build/our_URDF_desc', 'catkin_cmake_args': None, 'catkin_skip_building_tests': False, 'cmake_args': None, 'cmake_clean_cache': False, 'cmake_clean_first': False, 'cmake_force_configure': False, 'cmake_target': None, 'cmake_target_skip_unavailable': False, 'install_base': '/home/maryammahmood/PID_own_urdf/src/install/our_URDF_desc', 'merge_install': False, 'path': '/home/maryammahmood/PID_own_urdf/src/rrbot_simulation_files/our_URDF_desc', 'symlink_install': True, 'test_result_base': None}
[0.250s] Level 5:colcon.colcon_core.verb:set package 'rrbot_description' build argument 'cmake_args' from command line to 'None'
[0.250s] Level 5:colcon.colcon_core.verb:set package 'rrbot_description' build argument 'cmake_target' from command line to 'None'
[0.250s] Level 5:colcon.colcon_core.verb:set package 'rrbot_description' build argument 'cmake_target_skip_unavailable' from command line to 'False'
[0.250s] Level 5:colcon.colcon_core.verb:set package 'rrbot_description' build argument 'cmake_clean_cache' from command line to 'False'
[0.250s] Level 5:colcon.colcon_core.verb:set package 'rrbot_description' build argument 'cmake_clean_first' from command line to 'False'
[0.250s] Level 5:colcon.colcon_core.verb:set package 'rrbot_description' build argument 'cmake_force_configure' from command line to 'False'
[0.250s] Level 5:colcon.colcon_core.verb:set package 'rrbot_description' build argument 'ament_cmake_args' from command line to 'None'
[0.250s] Level 5:colcon.colcon_core.verb:set package 'rrbot_description' build argument 'catkin_cmake_args' from command line to 'None'
[0.250s] Level 5:colcon.colcon_core.verb:set package 'rrbot_description' build argument 'catkin_skip_building_tests' from command line to 'False'
[0.250s] DEBUG:colcon.colcon_core.verb:Building package 'rrbot_description' with the following arguments: {'ament_cmake_args': None, 'build_base': '/home/maryammahmood/PID_own_urdf/src/build/rrbot_description', 'catkin_cmake_args': None, 'catkin_skip_building_tests': False, 'cmake_args': None, 'cmake_clean_cache': False, 'cmake_clean_first': False, 'cmake_force_configure': False, 'cmake_target': None, 'cmake_target_skip_unavailable': False, 'install_base': '/home/maryammahmood/PID_own_urdf/src/install/rrbot_description', 'merge_install': False, 'path': '/home/maryammahmood/PID_own_urdf/src/rrbot_simulation_files/rrbot_description', 'symlink_install': True, 'test_result_base': None}
[0.250s] Level 5:colcon.colcon_core.verb:set package 'own_bot_gazebo' build argument 'cmake_args' from command line to 'None'
[0.250s] Level 5:colcon.colcon_core.verb:set package 'own_bot_gazebo' build argument 'cmake_target' from command line to 'None'
[0.250s] Level 5:colcon.colcon_core.verb:set package 'own_bot_gazebo' build argument 'cmake_target_skip_unavailable' from command line to 'False'
[0.250s] Level 5:colcon.colcon_core.verb:set package 'own_bot_gazebo' build argument 'cmake_clean_cache' from command line to 'False'
[0.250s] Level 5:colcon.colcon_core.verb:set package 'own_bot_gazebo' build argument 'cmake_clean_first' from command line to 'False'
[0.250s] Level 5:colcon.colcon_core.verb:set package 'own_bot_gazebo' build argument 'cmake_force_configure' from command line to 'False'
[0.250s] Level 5:colcon.colcon_core.verb:set package 'own_bot_gazebo' build argument 'ament_cmake_args' from command line to 'None'
[0.250s] Level 5:colcon.colcon_core.verb:set package 'own_bot_gazebo' build argument 'catkin_cmake_args' from command line to 'None'
[0.250s] Level 5:colcon.colcon_core.verb:set package 'own_bot_gazebo' build argument 'catkin_skip_building_tests' from command line to 'False'
[0.250s] DEBUG:colcon.colcon_core.verb:Building package 'own_bot_gazebo' with the following arguments: {'ament_cmake_args': None, 'build_base': '/home/maryammahmood/PID_own_urdf/src/build/own_bot_gazebo', 'catkin_cmake_args': None, 'catkin_skip_building_tests': False, 'cmake_args': None, 'cmake_clean_cache': False, 'cmake_clean_first': False, 'cmake_force_configure': False, 'cmake_target': None, 'cmake_target_skip_unavailable': False, 'install_base': '/home/maryammahmood/PID_own_urdf/src/install/own_bot_gazebo', 'merge_install': False, 'path': '/home/maryammahmood/PID_own_urdf/src/rrbot_simulation_files/own_bot_gazebo', 'symlink_install': True, 'test_result_base': None}
[0.250s] Level 5:colcon.colcon_core.verb:set package 'rrbot_gazebo' build argument 'cmake_args' from command line to 'None'
[0.250s] Level 5:colcon.colcon_core.verb:set package 'rrbot_gazebo' build argument 'cmake_target' from command line to 'None'
[0.250s] Level 5:colcon.colcon_core.verb:set package 'rrbot_gazebo' build argument 'cmake_target_skip_unavailable' from command line to 'False'
[0.250s] Level 5:colcon.colcon_core.verb:set package 'rrbot_gazebo' build argument 'cmake_clean_cache' from command line to 'False'
[0.250s] Level 5:colcon.colcon_core.verb:set package 'rrbot_gazebo' build argument 'cmake_clean_first' from command line to 'False'
[0.250s] Level 5:colcon.colcon_core.verb:set package 'rrbot_gazebo' build argument 'cmake_force_configure' from command line to 'False'
[0.250s] Level 5:colcon.colcon_core.verb:set package 'rrbot_gazebo' build argument 'ament_cmake_args' from command line to 'None'
[0.250s] Level 5:colcon.colcon_core.verb:set package 'rrbot_gazebo' build argument 'catkin_cmake_args' from command line to 'None'
[0.250s] Level 5:colcon.colcon_core.verb:set package 'rrbot_gazebo' build argument 'catkin_skip_building_tests' from command line to 'False'
[0.251s] DEBUG:colcon.colcon_core.verb:Building package 'rrbot_gazebo' with the following arguments: {'ament_cmake_args': None, 'build_base': '/home/maryammahmood/PID_own_urdf/src/build/rrbot_gazebo', 'catkin_cmake_args': None, 'catkin_skip_building_tests': False, 'cmake_args': None, 'cmake_clean_cache': False, 'cmake_clean_first': False, 'cmake_force_configure': False, 'cmake_target': None, 'cmake_target_skip_unavailable': False, 'install_base': '/home/maryammahmood/PID_own_urdf/src/install/rrbot_gazebo', 'merge_install': False, 'path': '/home/maryammahmood/PID_own_urdf/src/rrbot_simulation_files/rrbot_gazebo', 'symlink_install': True, 'test_result_base': None}
[0.251s] INFO:colcon.colcon_core.executor:Executing jobs using 'parallel' executor
[0.251s] DEBUG:colcon.colcon_parallel_executor.executor.parallel:run_until_complete
[0.252s] INFO:colcon.colcon_ros.task.ament_cmake.build:Building ROS package in '/home/maryammahmood/PID_own_urdf/src/custom_interfaces' with build type 'ament_cmake'
[0.252s] INFO:colcon.colcon_cmake.task.cmake.build:Building CMake package in '/home/maryammahmood/PID_own_urdf/src/custom_interfaces'
[0.253s] INFO:colcon.colcon_core.plugin_system:Skipping extension 'colcon_core.shell.bat': Not used on non-Windows systems
[0.253s] INFO:colcon.colcon_core.shell:Skip shell extension 'powershell' for command environment: Not usable outside of PowerShell
[0.253s] DEBUG:colcon.colcon_core.shell:Skip shell extension 'dsv' for command environment
[0.258s] INFO:colcon.colcon_ros.task.ament_cmake.build:Building ROS package in '/home/maryammahmood/PID_own_urdf/src/rrbot_simulation_files/rrbot_description' with build type 'ament_cmake'
[0.258s] INFO:colcon.colcon_cmake.task.cmake.build:Building CMake package in '/home/maryammahmood/PID_own_urdf/src/rrbot_simulation_files/rrbot_description'
[0.258s] INFO:colcon.colcon_core.shell:Skip shell extension 'powershell' for command environment: Not usable outside of PowerShell
[0.258s] DEBUG:colcon.colcon_core.shell:Skip shell extension 'dsv' for command environment
[0.262s] INFO:colcon.colcon_ros.task.ament_cmake.build:Building ROS package in '/home/maryammahmood/PID_own_urdf/src/rrbot_simulation_files/our_URDF_desc' with build type 'ament_cmake'
[0.262s] INFO:colcon.colcon_cmake.task.cmake.build:Building CMake package in '/home/maryammahmood/PID_own_urdf/src/rrbot_simulation_files/our_URDF_desc'
[0.262s] INFO:colcon.colcon_core.shell:Skip shell extension 'powershell' for command environment: Not usable outside of PowerShell
[0.262s] DEBUG:colcon.colcon_core.shell:Skip shell extension 'dsv' for command environment
[0.270s] DEBUG:colcon.colcon_core.event_handler.log_command:Invoking command in '/home/maryammahmood/PID_own_urdf/src/build/custom_interfaces': CMAKE_PREFIX_PATH=${CMAKE_PREFIX_PATH}:/home/maryammahmood/ws_moveit2/install/moveit_configs_utils:/home/maryammahmood/ws_moveit2/install/launch_param_builder:/opt/ros/humble /usr/bin/cmake --build /home/maryammahmood/PID_own_urdf/src/build/custom_interfaces -- -j24 -l24
[0.273s] DEBUG:colcon.colcon_core.event_handler.log_command:Invoking command in '/home/maryammahmood/PID_own_urdf/src/build/rrbot_description': CMAKE_PREFIX_PATH=${CMAKE_PREFIX_PATH}:/home/maryammahmood/ws_moveit2/install/moveit_configs_utils:/home/maryammahmood/ws_moveit2/install/launch_param_builder:/opt/ros/humble /usr/bin/cmake --build /home/maryammahmood/PID_own_urdf/src/build/rrbot_description -- -j24 -l24
[0.275s] DEBUG:colcon.colcon_core.event_handler.log_command:Invoking command in '/home/maryammahmood/PID_own_urdf/src/build/our_URDF_desc': CMAKE_PREFIX_PATH=${CMAKE_PREFIX_PATH}:/home/maryammahmood/ws_moveit2/install/moveit_configs_utils:/home/maryammahmood/ws_moveit2/install/launch_param_builder:/opt/ros/humble /usr/bin/cmake /home/maryammahmood/PID_own_urdf/src/rrbot_simulation_files/our_URDF_desc -DAMENT_CMAKE_SYMLINK_INSTALL=1 -DCMAKE_INSTALL_PREFIX=/home/maryammahmood/PID_own_urdf/src/install/our_URDF_desc
[0.320s] DEBUG:colcon.colcon_core.event_handler.log_command:Invoked command in '/home/maryammahmood/PID_own_urdf/src/build/rrbot_description' returned '0': CMAKE_PREFIX_PATH=${CMAKE_PREFIX_PATH}:/home/maryammahmood/ws_moveit2/install/moveit_configs_utils:/home/maryammahmood/ws_moveit2/install/launch_param_builder:/opt/ros/humble /usr/bin/cmake --build /home/maryammahmood/PID_own_urdf/src/build/rrbot_description -- -j24 -l24
[0.367s] DEBUG:colcon.colcon_core.event_handler.log_command:Invoking command in '/home/maryammahmood/PID_own_urdf/src/build/rrbot_description': CMAKE_PREFIX_PATH=${CMAKE_PREFIX_PATH}:/home/maryammahmood/ws_moveit2/install/moveit_configs_utils:/home/maryammahmood/ws_moveit2/install/launch_param_builder:/opt/ros/humble /usr/bin/cmake --install /home/maryammahmood/PID_own_urdf/src/build/rrbot_description
[0.386s] Level 1:colcon.colcon_core.environment:create_environment_scripts_only(rrbot_description)
[0.386s] DEBUG:colcon.colcon_core.event_handler.log_command:Invoked command in '/home/maryammahmood/PID_own_urdf/src/build/rrbot_description' returned '0': CMAKE_PREFIX_PATH=${CMAKE_PREFIX_PATH}:/home/maryammahmood/ws_moveit2/install/moveit_configs_utils:/home/maryammahmood/ws_moveit2/install/launch_param_builder:/opt/ros/humble /usr/bin/cmake --install /home/maryammahmood/PID_own_urdf/src/build/rrbot_description
[0.388s] Level 1:colcon.colcon_core.environment:checking '/home/maryammahmood/PID_own_urdf/src/install/rrbot_description' for CMake module files
[0.388s] Level 1:colcon.colcon_core.environment:checking '/home/maryammahmood/PID_own_urdf/src/install/rrbot_description' for CMake config files
[0.389s] Level 1:colcon.colcon_core.shell:create_environment_hook('rrbot_description', 'cmake_prefix_path')
[0.389s] INFO:colcon.colcon_core.shell:Creating environment hook '/home/maryammahmood/PID_own_urdf/src/install/rrbot_description/share/rrbot_description/hook/cmake_prefix_path.ps1'
[0.389s] INFO:colcon.colcon_core.shell:Creating environment descriptor '/home/maryammahmood/PID_own_urdf/src/install/rrbot_description/share/rrbot_description/hook/cmake_prefix_path.dsv'
[0.389s] INFO:colcon.colcon_core.shell:Creating environment hook '/home/maryammahmood/PID_own_urdf/src/install/rrbot_description/share/rrbot_description/hook/cmake_prefix_path.sh'
[0.390s] Level 1:colcon.colcon_core.environment:checking '/home/maryammahmood/PID_own_urdf/src/install/rrbot_description/bin'
[0.390s] Level 1:colcon.colcon_core.environment:checking '/home/maryammahmood/PID_own_urdf/src/install/rrbot_description/lib/pkgconfig/rrbot_description.pc'
[0.390s] Level 1:colcon.colcon_core.environment:checking '/home/maryammahmood/PID_own_urdf/src/install/rrbot_description/lib/python3.10/site-packages'
[0.390s] Level 1:colcon.colcon_core.environment:checking '/home/maryammahmood/PID_own_urdf/src/install/rrbot_description/bin'
[0.390s] INFO:colcon.colcon_core.shell:Creating package script '/home/maryammahmood/PID_own_urdf/src/install/rrbot_description/share/rrbot_description/package.ps1'
[0.391s] INFO:colcon.colcon_core.shell:Creating package descriptor '/home/maryammahmood/PID_own_urdf/src/install/rrbot_description/share/rrbot_description/package.dsv'
[0.391s] INFO:colcon.colcon_core.shell:Creating package script '/home/maryammahmood/PID_own_urdf/src/install/rrbot_description/share/rrbot_description/package.sh'
[0.392s] INFO:colcon.colcon_core.shell:Creating package script '/home/maryammahmood/PID_own_urdf/src/install/rrbot_description/share/rrbot_description/package.bash'
[0.392s] INFO:colcon.colcon_core.shell:Creating package script '/home/maryammahmood/PID_own_urdf/src/install/rrbot_description/share/rrbot_description/package.zsh'
[0.392s] Level 1:colcon.colcon_core.environment:create_file_with_runtime_dependencies(/home/maryammahmood/PID_own_urdf/src/install/rrbot_description/share/colcon-core/packages/rrbot_description)
[0.424s] Level 1:colcon.colcon_core.environment:create_environment_scripts_only(rrbot_description)
[0.424s] Level 1:colcon.colcon_core.environment:checking '/home/maryammahmood/PID_own_urdf/src/install/rrbot_description' for CMake module files
[0.425s] Level 1:colcon.colcon_core.environment:checking '/home/maryammahmood/PID_own_urdf/src/install/rrbot_description' for CMake config files
[0.425s] Level 1:colcon.colcon_core.shell:create_environment_hook('rrbot_description', 'cmake_prefix_path')
[0.425s] INFO:colcon.colcon_core.shell:Creating environment hook '/home/maryammahmood/PID_own_urdf/src/install/rrbot_description/share/rrbot_description/hook/cmake_prefix_path.ps1'
[0.425s] INFO:colcon.colcon_core.shell:Creating environment descriptor '/home/maryammahmood/PID_own_urdf/src/install/rrbot_description/share/rrbot_description/hook/cmake_prefix_path.dsv'
[0.426s] INFO:colcon.colcon_core.shell:Creating environment hook '/home/maryammahmood/PID_own_urdf/src/install/rrbot_description/share/rrbot_description/hook/cmake_prefix_path.sh'
[0.426s] Level 1:colcon.colcon_core.environment:checking '/home/maryammahmood/PID_own_urdf/src/install/rrbot_description/bin'
[0.426s] Level 1:colcon.colcon_core.environment:checking '/home/maryammahmood/PID_own_urdf/src/install/rrbot_description/lib/pkgconfig/rrbot_description.pc'
[0.426s] Level 1:colcon.colcon_core.environment:checking '/home/maryammahmood/PID_own_urdf/src/install/rrbot_description/lib/python3.10/site-packages'
[0.426s] Level 1:colcon.colcon_core.environment:checking '/home/maryammahmood/PID_own_urdf/src/install/rrbot_description/bin'
[0.426s] INFO:colcon.colcon_core.shell:Creating package script '/home/maryammahmood/PID_own_urdf/src/install/rrbot_description/share/rrbot_description/package.ps1'
[0.427s] INFO:colcon.colcon_core.shell:Creating package descriptor '/home/maryammahmood/PID_own_urdf/src/install/rrbot_description/share/rrbot_description/package.dsv'
[0.427s] INFO:colcon.colcon_core.shell:Creating package script '/home/maryammahmood/PID_own_urdf/src/install/rrbot_description/share/rrbot_description/package.sh'
[0.427s] INFO:colcon.colcon_core.shell:Creating package script '/home/maryammahmood/PID_own_urdf/src/install/rrbot_description/share/rrbot_description/package.bash'
[0.428s] INFO:colcon.colcon_core.shell:Creating package script '/home/maryammahmood/PID_own_urdf/src/install/rrbot_description/share/rrbot_description/package.zsh'
[0.428s] Level 1:colcon.colcon_core.environment:create_file_with_runtime_dependencies(/home/maryammahmood/PID_own_urdf/src/install/rrbot_description/share/colcon-core/packages/rrbot_description)
[0.553s] DEBUG:colcon.colcon_core.event_handler.log_command:Invoked command in '/home/maryammahmood/PID_own_urdf/src/build/custom_interfaces' returned '0': CMAKE_PREFIX_PATH=${CMAKE_PREFIX_PATH}:/home/maryammahmood/ws_moveit2/install/moveit_configs_utils:/home/maryammahmood/ws_moveit2/install/launch_param_builder:/opt/ros/humble /usr/bin/cmake --build /home/maryammahmood/PID_own_urdf/src/build/custom_interfaces -- -j24 -l24
[0.761s] DEBUG:colcon.colcon_core.event_handler.log_command:Invoking command in '/home/maryammahmood/PID_own_urdf/src/build/custom_interfaces': CMAKE_PREFIX_PATH=${CMAKE_PREFIX_PATH}:/home/maryammahmood/ws_moveit2/install/moveit_configs_utils:/home/maryammahmood/ws_moveit2/install/launch_param_builder:/opt/ros/humble /usr/bin/cmake --install /home/maryammahmood/PID_own_urdf/src/build/custom_interfaces
[0.814s] Level 1:colcon.colcon_core.environment:create_environment_scripts_only(custom_interfaces)
[0.815s] Level 1:colcon.colcon_core.environment:checking '/home/maryammahmood/PID_own_urdf/src/install/custom_interfaces' for CMake module files
[0.815s] DEBUG:colcon.colcon_core.event_handler.log_command:Invoked command in '/home/maryammahmood/PID_own_urdf/src/build/custom_interfaces' returned '0': CMAKE_PREFIX_PATH=${CMAKE_PREFIX_PATH}:/home/maryammahmood/ws_moveit2/install/moveit_configs_utils:/home/maryammahmood/ws_moveit2/install/launch_param_builder:/opt/ros/humble /usr/bin/cmake --install /home/maryammahmood/PID_own_urdf/src/build/custom_interfaces
[0.815s] Level 1:colcon.colcon_core.environment:checking '/home/maryammahmood/PID_own_urdf/src/install/custom_interfaces' for CMake config files
[0.816s] Level 1:colcon.colcon_core.shell:create_environment_hook('custom_interfaces', 'cmake_prefix_path')
[0.816s] INFO:colcon.colcon_core.shell:Creating environment hook '/home/maryammahmood/PID_own_urdf/src/install/custom_interfaces/share/custom_interfaces/hook/cmake_prefix_path.ps1'
[0.816s] INFO:colcon.colcon_core.shell:Creating environment descriptor '/home/maryammahmood/PID_own_urdf/src/install/custom_interfaces/share/custom_interfaces/hook/cmake_prefix_path.dsv'
[0.816s] INFO:colcon.colcon_core.shell:Creating environment hook '/home/maryammahmood/PID_own_urdf/src/install/custom_interfaces/share/custom_interfaces/hook/cmake_prefix_path.sh'
[0.817s] Level 1:colcon.colcon_core.environment:checking '/home/maryammahmood/PID_own_urdf/src/install/custom_interfaces/lib'
[0.817s] Level 1:colcon.colcon_core.shell:create_environment_hook('custom_interfaces', 'ld_library_path_lib')
[0.817s] INFO:colcon.colcon_core.shell:Creating environment hook '/home/maryammahmood/PID_own_urdf/src/install/custom_interfaces/share/custom_interfaces/hook/ld_library_path_lib.ps1'
[0.817s] INFO:colcon.colcon_core.shell:Creating environment descriptor '/home/maryammahmood/PID_own_urdf/src/install/custom_interfaces/share/custom_interfaces/hook/ld_library_path_lib.dsv'
[0.817s] INFO:colcon.colcon_core.shell:Creating environment hook '/home/maryammahmood/PID_own_urdf/src/install/custom_interfaces/share/custom_interfaces/hook/ld_library_path_lib.sh'
[0.818s] Level 1:colcon.colcon_core.environment:checking '/home/maryammahmood/PID_own_urdf/src/install/custom_interfaces/bin'
[0.818s] Level 1:colcon.colcon_core.environment:checking '/home/maryammahmood/PID_own_urdf/src/install/custom_interfaces/lib/pkgconfig/custom_interfaces.pc'
[0.818s] Level 1:colcon.colcon_core.environment:checking '/home/maryammahmood/PID_own_urdf/src/install/custom_interfaces/lib/python3.10/site-packages'
[0.818s] Level 1:colcon.colcon_core.environment:checking '/home/maryammahmood/PID_own_urdf/src/install/custom_interfaces/bin'
[0.818s] INFO:colcon.colcon_core.shell:Creating package script '/home/maryammahmood/PID_own_urdf/src/install/custom_interfaces/share/custom_interfaces/package.ps1'
[0.818s] INFO:colcon.colcon_core.shell:Creating package descriptor '/home/maryammahmood/PID_own_urdf/src/install/custom_interfaces/share/custom_interfaces/package.dsv'
[0.819s] INFO:colcon.colcon_core.shell:Creating package script '/home/maryammahmood/PID_own_urdf/src/install/custom_interfaces/share/custom_interfaces/package.sh'
[0.819s] INFO:colcon.colcon_core.shell:Creating package script '/home/maryammahmood/PID_own_urdf/src/install/custom_interfaces/share/custom_interfaces/package.bash'
[0.819s] INFO:colcon.colcon_core.shell:Creating package script '/home/maryammahmood/PID_own_urdf/src/install/custom_interfaces/share/custom_interfaces/package.zsh'
[0.819s] Level 1:colcon.colcon_core.environment:create_file_with_runtime_dependencies(/home/maryammahmood/PID_own_urdf/src/install/custom_interfaces/share/colcon-core/packages/custom_interfaces)
[0.859s] DEBUG:colcon.colcon_core.event_handler.log_command:Invoked command in '/home/maryammahmood/PID_own_urdf/src/build/our_URDF_desc' returned '1': CMAKE_PREFIX_PATH=${CMAKE_PREFIX_PATH}:/home/maryammahmood/ws_moveit2/install/moveit_configs_utils:/home/maryammahmood/ws_moveit2/install/launch_param_builder:/opt/ros/humble /usr/bin/cmake /home/maryammahmood/PID_own_urdf/src/rrbot_simulation_files/our_URDF_desc -DAMENT_CMAKE_SYMLINK_INSTALL=1 -DCMAKE_INSTALL_PREFIX=/home/maryammahmood/PID_own_urdf/src/install/our_URDF_desc
[0.870s] Level 1:colcon.colcon_core.environment:create_environment_scripts_only(our_URDF_desc)
[0.871s] Level 1:colcon.colcon_core.environment:checking '/home/maryammahmood/PID_own_urdf/src/install/our_URDF_desc' for CMake module files
[0.871s] Level 1:colcon.colcon_core.environment:checking '/home/maryammahmood/PID_own_urdf/src/install/our_URDF_desc' for CMake config files
[0.871s] Level 1:colcon.colcon_core.environment:checking '/home/maryammahmood/PID_own_urdf/src/install/our_URDF_desc/bin'
[0.871s] Level 1:colcon.colcon_core.environment:checking '/home/maryammahmood/PID_own_urdf/src/install/our_URDF_desc/lib/pkgconfig/our_URDF_desc.pc'
[0.871s] Level 1:colcon.colcon_core.environment:checking '/home/maryammahmood/PID_own_urdf/src/install/our_URDF_desc/lib/python3.10/site-packages'
[0.872s] Level 1:colcon.colcon_core.environment:checking '/home/maryammahmood/PID_own_urdf/src/install/our_URDF_desc/bin'
[0.872s] INFO:colcon.colcon_core.shell:Creating package script '/home/maryammahmood/PID_own_urdf/src/install/our_URDF_desc/share/our_URDF_desc/package.ps1'
[0.872s] INFO:colcon.colcon_core.shell:Creating package descriptor '/home/maryammahmood/PID_own_urdf/src/install/our_URDF_desc/share/our_URDF_desc/package.dsv'
[0.873s] INFO:colcon.colcon_core.shell:Creating package script '/home/maryammahmood/PID_own_urdf/src/install/our_URDF_desc/share/our_URDF_desc/package.sh'
[0.873s] INFO:colcon.colcon_core.shell:Creating package script '/home/maryammahmood/PID_own_urdf/src/install/our_URDF_desc/share/our_URDF_desc/package.bash'
[0.873s] INFO:colcon.colcon_core.shell:Creating package script '/home/maryammahmood/PID_own_urdf/src/install/our_URDF_desc/share/our_URDF_desc/package.zsh'
[0.873s] Level 1:colcon.colcon_core.environment:create_file_with_runtime_dependencies(/home/maryammahmood/PID_own_urdf/src/install/our_URDF_desc/share/colcon-core/packages/our_URDF_desc)
[1.002s] DEBUG:colcon.colcon_parallel_executor.executor.parallel:closing loop
[1.003s] DEBUG:colcon.colcon_parallel_executor.executor.parallel:loop closed
[1.003s] DEBUG:colcon.colcon_parallel_executor.executor.parallel:run_until_complete finished with '1'
[1.003s] DEBUG:colcon.colcon_core.event_reactor:joining thread
[1.006s] INFO:colcon.colcon_core.plugin_system:Skipping extension 'colcon_notification.desktop_notification.terminal_notifier': Not used on non-Darwin systems
[1.007s] INFO:colcon.colcon_core.plugin_system:Skipping extension 'colcon_notification.desktop_notification.win32': Not used on non-Windows systems
[1.007s] INFO:colcon.colcon_notification.desktop_notification:Sending desktop notification using 'notify2'
[1.016s] DEBUG:colcon.colcon_core.event_reactor:joined thread
[1.017s] INFO:colcon.colcon_core.shell:Creating prefix script '/home/maryammahmood/PID_own_urdf/src/install/local_setup.ps1'
[1.018s] INFO:colcon.colcon_core.shell:Creating prefix util module '/home/maryammahmood/PID_own_urdf/src/install/_local_setup_util_ps1.py'
[1.019s] INFO:colcon.colcon_core.shell:Creating prefix chain script '/home/maryammahmood/PID_own_urdf/src/install/setup.ps1'
[1.022s] INFO:colcon.colcon_core.shell:Creating prefix script '/home/maryammahmood/PID_own_urdf/src/install/local_setup.sh'
[1.022s] INFO:colcon.colcon_core.shell:Creating prefix util module '/home/maryammahmood/PID_own_urdf/src/install/_local_setup_util_sh.py'
[1.022s] INFO:colcon.colcon_core.shell:Creating prefix chain script '/home/maryammahmood/PID_own_urdf/src/install/setup.sh'
[1.024s] INFO:colcon.colcon_core.shell:Creating prefix script '/home/maryammahmood/PID_own_urdf/src/install/local_setup.bash'
[1.024s] INFO:colcon.colcon_core.shell:Creating prefix chain script '/home/maryammahmood/PID_own_urdf/src/install/setup.bash'
[1.026s] INFO:colcon.colcon_core.shell:Creating prefix script '/home/maryammahmood/PID_own_urdf/src/install/local_setup.zsh'
[1.026s] INFO:colcon.colcon_core.shell:Creating prefix chain script '/home/maryammahmood/PID_own_urdf/src/install/setup.zsh'
