[0.012s] Invoking command in '/home/maryammahmood/PID_own_urdf/src/build/urdf_desc': CMAKE_PREFIX_PATH=${CMAKE_PREFIX_PATH}:/home/maryammahmood/ws_moveit2/install/moveit_configs_utils:/home/maryammahmood/ws_moveit2/install/launch_param_builder:/opt/ros/humble /usr/bin/cmake /home/maryammahmood/PID_own_urdf/src/rrbot_simulation_files/urdf_desc -DCMAKE_INSTALL_PREFIX=/home/maryammahmood/PID_own_urdf/src/install/urdf_desc
[0.021s] -- Found ament_cmake: 1.3.10 (/opt/ros/humble/share/ament_cmake/cmake)
[0.136s] -- Override CMake install command with custom implementation using symlinks instead of copying resources
[0.194s] -- Configuring done
[0.196s] -- Generating done
[0.197s] -- Build files have been written to: /home/maryammahmood/PID_own_urdf/src/build/urdf_desc
[0.200s] Invoked command in '/home/maryammahmood/PID_own_urdf/src/build/urdf_desc' returned '0': CMAKE_PREFIX_PATH=${CMAKE_PREFIX_PATH}:/home/maryammahmood/ws_moveit2/install/moveit_configs_utils:/home/maryammahmood/ws_moveit2/install/launch_param_builder:/opt/ros/humble /usr/bin/cmake /home/maryammahmood/PID_own_urdf/src/rrbot_simulation_files/urdf_desc -DCMAKE_INSTALL_PREFIX=/home/maryammahmood/PID_own_urdf/src/install/urdf_desc
[0.200s] Invoking command in '/home/maryammahmood/PID_own_urdf/src/build/urdf_desc': CMAKE_PREFIX_PATH=${CMAKE_PREFIX_PATH}:/home/maryammahmood/ws_moveit2/install/moveit_configs_utils:/home/maryammahmood/ws_moveit2/install/launch_param_builder:/opt/ros/humble /usr/bin/cmake --build /home/maryammahmood/PID_own_urdf/src/build/urdf_desc -- -j24 -l24
[0.244s] Invoked command in '/home/maryammahmood/PID_own_urdf/src/build/urdf_desc' returned '0': CMAKE_PREFIX_PATH=${CMAKE_PREFIX_PATH}:/home/maryammahmood/ws_moveit2/install/moveit_configs_utils:/home/maryammahmood/ws_moveit2/install/launch_param_builder:/opt/ros/humble /usr/bin/cmake --build /home/maryammahmood/PID_own_urdf/src/build/urdf_desc -- -j24 -l24
[0.279s] Invoking command in '/home/maryammahmood/PID_own_urdf/src/build/urdf_desc': CMAKE_PREFIX_PATH=${CMAKE_PREFIX_PATH}:/home/maryammahmood/ws_moveit2/install/moveit_configs_utils:/home/maryammahmood/ws_moveit2/install/launch_param_builder:/opt/ros/humble /usr/bin/cmake --install /home/maryammahmood/PID_own_urdf/src/build/urdf_desc
[0.287s] -- Install configuration: ""
[0.287s] -- Execute custom install script
[0.287s] -- Symlinking: /home/maryammahmood/PID_own_urdf/src/install/urdf_desc/share/urdf_desc/config/rrbot.rviz
[0.294s] -- Symlinking: /home/maryammahmood/PID_own_urdf/src/install/urdf_desc/share/urdf_desc/meshes/Link_1.STL
[0.301s] -- Symlinking: /home/maryammahmood/PID_own_urdf/src/install/urdf_desc/share/urdf_desc/meshes/Link_2.STL
[0.310s] -- Symlinking: /home/maryammahmood/PID_own_urdf/src/install/urdf_desc/share/urdf_desc/meshes/Link_3.STL
[0.319s] -- Symlinking: /home/maryammahmood/PID_own_urdf/src/install/urdf_desc/share/urdf_desc/meshes/Link_4.STL
[0.327s] -- Symlinking: /home/maryammahmood/PID_own_urdf/src/install/urdf_desc/share/urdf_desc/meshes/Link_5.STL
[0.334s] -- Symlinking: /home/maryammahmood/PID_own_urdf/src/install/urdf_desc/share/urdf_desc/meshes/Link_7.STL
[0.343s] -- Symlinking: /home/maryammahmood/PID_own_urdf/src/install/urdf_desc/share/urdf_desc/meshes/base_claw_link1.STL
[0.351s] -- Symlinking: /home/maryammahmood/PID_own_urdf/src/install/urdf_desc/share/urdf_desc/meshes/base_claw_link2.STL
[0.360s] -- Symlinking: /home/maryammahmood/PID_own_urdf/src/install/urdf_desc/share/urdf_desc/meshes/base_link.STL
[0.369s] -- Symlinking: /home/maryammahmood/PID_own_urdf/src/install/urdf_desc/share/urdf_desc/meshes/endeffector.STL
[0.377s] -- Symlinking: /home/maryammahmood/PID_own_urdf/src/install/urdf_desc/share/urdf_desc/meshes/gear1.STL
[0.385s] -- Symlinking: /home/maryammahmood/PID_own_urdf/src/install/urdf_desc/share/urdf_desc/meshes/gear1_claw.STL
[0.392s] -- Symlinking: /home/maryammahmood/PID_own_urdf/src/install/urdf_desc/share/urdf_desc/meshes/gear2_claw.STL
[0.402s] -- Symlinking: /home/maryammahmood/PID_own_urdf/src/install/urdf_desc/share/urdf_desc/meshes/gear2_link.STL
[0.410s] -- Symlinking: /home/maryammahmood/PID_own_urdf/src/install/urdf_desc/share/urdf_desc/meshes/link_6.STL
[0.419s] -- Symlinking: /home/maryammahmood/PID_own_urdf/src/install/urdf_desc/share/urdf_desc/launch/view_robot.launch.py
[0.429s] -- Symlinking: /home/maryammahmood/PID_own_urdf/src/install/urdf_desc/share/urdf_desc/urdf/four_dof.urdf.xacro
[0.438s] -- Symlinking: /home/maryammahmood/PID_own_urdf/src/install/urdf_desc/share/urdf_desc/urdf/rrbot.urdf.xacro
[0.445s] -- Symlinking: /home/maryammahmood/PID_own_urdf/src/install/urdf_desc/share/urdf_desc/environment/urdf_desc.dsv
[0.456s] -- Symlinking: /home/maryammahmood/PID_own_urdf/src/install/urdf_desc/share/ament_index/resource_index/package_run_dependencies/urdf_desc
[0.466s] -- Symlinking: /home/maryammahmood/PID_own_urdf/src/install/urdf_desc/share/ament_index/resource_index/parent_prefix_path/urdf_desc
[0.475s] -- Symlinking: /home/maryammahmood/PID_own_urdf/src/install/urdf_desc/share/urdf_desc/environment/ament_prefix_path.sh
[0.482s] -- Symlinking: /home/maryammahmood/PID_own_urdf/src/install/urdf_desc/share/urdf_desc/environment/ament_prefix_path.dsv
[0.489s] -- Symlinking: /home/maryammahmood/PID_own_urdf/src/install/urdf_desc/share/urdf_desc/environment/path.sh
[0.496s] -- Symlinking: /home/maryammahmood/PID_own_urdf/src/install/urdf_desc/share/urdf_desc/environment/path.dsv
[0.503s] -- Symlinking: /home/maryammahmood/PID_own_urdf/src/install/urdf_desc/share/urdf_desc/local_setup.bash
[0.512s] -- Symlinking: /home/maryammahmood/PID_own_urdf/src/install/urdf_desc/share/urdf_desc/local_setup.sh
[0.520s] -- Symlinking: /home/maryammahmood/PID_own_urdf/src/install/urdf_desc/share/urdf_desc/local_setup.zsh
[0.530s] -- Symlinking: /home/maryammahmood/PID_own_urdf/src/install/urdf_desc/share/urdf_desc/local_setup.dsv
[0.540s] -- Symlinking: /home/maryammahmood/PID_own_urdf/src/install/urdf_desc/share/urdf_desc/package.dsv
[0.548s] -- Symlinking: /home/maryammahmood/PID_own_urdf/src/install/urdf_desc/share/ament_index/resource_index/packages/urdf_desc
[0.558s] -- Symlinking: /home/maryammahmood/PID_own_urdf/src/install/urdf_desc/share/urdf_desc/cmake/urdf_descConfig.cmake
[0.567s] -- Symlinking: /home/maryammahmood/PID_own_urdf/src/install/urdf_desc/share/urdf_desc/cmake/urdf_descConfig-version.cmake
[0.575s] -- Symlinking: /home/maryammahmood/PID_own_urdf/src/install/urdf_desc/share/urdf_desc/package.xml
[0.586s] Invoked command in '/home/maryammahmood/PID_own_urdf/src/build/urdf_desc' returned '0': CMAKE_PREFIX_PATH=${CMAKE_PREFIX_PATH}:/home/maryammahmood/ws_moveit2/install/moveit_configs_utils:/home/maryammahmood/ws_moveit2/install/launch_param_builder:/opt/ros/humble /usr/bin/cmake --install /home/maryammahmood/PID_own_urdf/src/build/urdf_desc
