[0.037s] Invoking command in '/home/maryammahmood/PID_own_urdf/src/build/custom_interfaces': CMAKE_PREFIX_PATH=${CMAKE_PREFIX_PATH}:/home/maryammahmood/ws_moveit2/install/moveit_configs_utils:/home/maryammahmood/ws_moveit2/install/launch_param_builder:/opt/ros/humble /usr/bin/cmake --build /home/maryammahmood/PID_own_urdf/src/build/custom_interfaces -- -j24 -l24
[0.141s] [ 10%] Built target custom_interfaces__rosidl_generator_c
[0.142s] [ 12%] Built target custom_interfaces__cpp
[0.155s] [ 12%] Built target ament_cmake_python_symlink_custom_interfaces
[0.188s] [ 23%] Built target custom_interfaces__rosidl_typesupport_introspection_c
[0.190s] [ 43%] Built target custom_interfaces__rosidl_typesupport_fastrtps_c
[0.190s] [ 45%] Built target custom_interfaces__rosidl_typesupport_c
[0.204s] [ 56%] Built target custom_interfaces__rosidl_typesupport_cpp
[0.206s] [ 67%] Built target custom_interfaces__rosidl_typesupport_introspection_cpp
[0.207s] [ 78%] Built target custom_interfaces__rosidl_typesupport_fastrtps_cpp
[0.248s] [ 78%] Built target custom_interfaces
[0.287s] [ 80%] Built target custom_interfaces__py
[0.329s] [ 89%] Built target custom_interfaces__rosidl_generator_py
[0.371s] [ 92%] Built target custom_interfaces__rosidl_typesupport_fastrtps_c__pyext
[0.372s] [ 96%] Built target custom_interfaces__rosidl_typesupport_introspection_c__pyext
[0.373s] [100%] Built target custom_interfaces__rosidl_typesupport_c__pyext
[0.484s] running egg_info
[0.485s] writing custom_interfaces.egg-info/PKG-INFO
[0.485s] writing dependency_links to custom_interfaces.egg-info/dependency_links.txt
[0.485s] writing top-level names to custom_interfaces.egg-info/top_level.txt
[0.487s] reading manifest file 'custom_interfaces.egg-info/SOURCES.txt'
[0.488s] writing manifest file 'custom_interfaces.egg-info/SOURCES.txt'
[0.519s] [100%] Built target ament_cmake_python_build_custom_interfaces_egg
[0.540s] Invoked command in '/home/maryammahmood/PID_own_urdf/src/build/custom_interfaces' returned '0': CMAKE_PREFIX_PATH=${CMAKE_PREFIX_PATH}:/home/maryammahmood/ws_moveit2/install/moveit_configs_utils:/home/maryammahmood/ws_moveit2/install/launch_param_builder:/opt/ros/humble /usr/bin/cmake --build /home/maryammahmood/PID_own_urdf/src/build/custom_interfaces -- -j24 -l24
[0.543s] Invoking command in '/home/maryammahmood/PID_own_urdf/src/build/custom_interfaces': CMAKE_PREFIX_PATH=${CMAKE_PREFIX_PATH}:/home/maryammahmood/ws_moveit2/install/moveit_configs_utils:/home/maryammahmood/ws_moveit2/install/launch_param_builder:/opt/ros/humble /usr/bin/cmake --install /home/maryammahmood/PID_own_urdf/src/build/custom_interfaces
[0.557s] -- Install configuration: ""
[0.558s] -- Execute custom install script
[0.559s] -- Up-to-date symlink: /home/maryammahmood/PID_own_urdf/src/install/custom_interfaces/share/ament_index/resource_index/rosidl_interfaces/custom_interfaces
[0.559s] -- Up-to-date symlink: /home/maryammahmood/PID_own_urdf/src/install/custom_interfaces/include/custom_interfaces/custom_interfaces/msg/rosidl_generator_c__visibility_control.h
[0.559s] -- Up-to-date symlink: /home/maryammahmood/PID_own_urdf/src/install/custom_interfaces/include/custom_interfaces/custom_interfaces/srv/detail/find_joint_states__functions.h
[0.559s] -- Up-to-date symlink: /home/maryammahmood/PID_own_urdf/src/install/custom_interfaces/include/custom_interfaces/custom_interfaces/srv/detail/find_joint_states__struct.h
[0.559s] -- Up-to-date symlink: /home/maryammahmood/PID_own_urdf/src/install/custom_interfaces/include/custom_interfaces/custom_interfaces/srv/detail/find_joint_states__type_support.h
[0.559s] -- Up-to-date symlink: /home/maryammahmood/PID_own_urdf/src/install/custom_interfaces/include/custom_interfaces/custom_interfaces/srv/detail/set_end_effector_velocity__functions.h
[0.559s] -- Up-to-date symlink: /home/maryammahmood/PID_own_urdf/src/install/custom_interfaces/include/custom_interfaces/custom_interfaces/srv/detail/set_end_effector_velocity__struct.h
[0.560s] -- Up-to-date symlink: /home/maryammahmood/PID_own_urdf/src/install/custom_interfaces/include/custom_interfaces/custom_interfaces/srv/detail/set_end_effector_velocity__type_support.h
[0.560s] -- Up-to-date symlink: /home/maryammahmood/PID_own_urdf/src/install/custom_interfaces/include/custom_interfaces/custom_interfaces/srv/detail/set_joint_states__functions.h
[0.560s] -- Up-to-date symlink: /home/maryammahmood/PID_own_urdf/src/install/custom_interfaces/include/custom_interfaces/custom_interfaces/srv/detail/set_joint_states__struct.h
[0.560s] -- Up-to-date symlink: /home/maryammahmood/PID_own_urdf/src/install/custom_interfaces/include/custom_interfaces/custom_interfaces/srv/detail/set_joint_states__type_support.h
[0.560s] -- Up-to-date symlink: /home/maryammahmood/PID_own_urdf/src/install/custom_interfaces/include/custom_interfaces/custom_interfaces/srv/detail/set_joint_velocity__functions.h
[0.560s] -- Up-to-date symlink: /home/maryammahmood/PID_own_urdf/src/install/custom_interfaces/include/custom_interfaces/custom_interfaces/srv/detail/set_joint_velocity__struct.h
[0.560s] -- Up-to-date symlink: /home/maryammahmood/PID_own_urdf/src/install/custom_interfaces/include/custom_interfaces/custom_interfaces/srv/detail/set_joint_velocity__type_support.h
[0.561s] -- Up-to-date symlink: /home/maryammahmood/PID_own_urdf/src/install/custom_interfaces/include/custom_interfaces/custom_interfaces/srv/find_joint_states.h
[0.561s] -- Up-to-date symlink: /home/maryammahmood/PID_own_urdf/src/install/custom_interfaces/include/custom_interfaces/custom_interfaces/srv/set_end_effector_velocity.h
[0.561s] -- Up-to-date symlink: /home/maryammahmood/PID_own_urdf/src/install/custom_interfaces/include/custom_interfaces/custom_interfaces/srv/set_joint_states.h
[0.561s] -- Up-to-date symlink: /home/maryammahmood/PID_own_urdf/src/install/custom_interfaces/include/custom_interfaces/custom_interfaces/srv/set_joint_velocity.h
[0.561s] -- Up-to-date symlink: /home/maryammahmood/PID_own_urdf/src/install/custom_interfaces/share/custom_interfaces/environment/library_path.sh
[0.561s] -- Up-to-date symlink: /home/maryammahmood/PID_own_urdf/src/install/custom_interfaces/share/custom_interfaces/environment/library_path.dsv
[0.561s] -- Up-to-date symlink: /home/maryammahmood/PID_own_urdf/src/install/custom_interfaces/include/custom_interfaces/custom_interfaces/msg/rosidl_typesupport_fastrtps_c__visibility_control.h
[0.561s] -- Up-to-date symlink: /home/maryammahmood/PID_own_urdf/src/install/custom_interfaces/include/custom_interfaces/custom_interfaces/srv/detail/find_joint_states__rosidl_typesupport_fastrtps_c.h
[0.561s] -- Up-to-date symlink: /home/maryammahmood/PID_own_urdf/src/install/custom_interfaces/include/custom_interfaces/custom_interfaces/srv/detail/set_end_effector_velocity__rosidl_typesupport_fastrtps_c.h
[0.561s] -- Up-to-date symlink: /home/maryammahmood/PID_own_urdf/src/install/custom_interfaces/include/custom_interfaces/custom_interfaces/srv/detail/set_joint_states__rosidl_typesupport_fastrtps_c.h
[0.562s] -- Up-to-date symlink: /home/maryammahmood/PID_own_urdf/src/install/custom_interfaces/include/custom_interfaces/custom_interfaces/srv/detail/set_joint_velocity__rosidl_typesupport_fastrtps_c.h
[0.562s] -- Up-to-date symlink: /home/maryammahmood/PID_own_urdf/src/install/custom_interfaces/include/custom_interfaces/custom_interfaces/msg/rosidl_typesupport_introspection_c__visibility_control.h
[0.562s] -- Up-to-date symlink: /home/maryammahmood/PID_own_urdf/src/install/custom_interfaces/include/custom_interfaces/custom_interfaces/srv/detail/find_joint_states__rosidl_typesupport_introspection_c.h
[0.562s] -- Up-to-date symlink: /home/maryammahmood/PID_own_urdf/src/install/custom_interfaces/include/custom_interfaces/custom_interfaces/srv/detail/set_end_effector_velocity__rosidl_typesupport_introspection_c.h
[0.562s] -- Up-to-date symlink: /home/maryammahmood/PID_own_urdf/src/install/custom_interfaces/include/custom_interfaces/custom_interfaces/srv/detail/set_joint_states__rosidl_typesupport_introspection_c.h
[0.562s] -- Up-to-date symlink: /home/maryammahmood/PID_own_urdf/src/install/custom_interfaces/include/custom_interfaces/custom_interfaces/srv/detail/set_joint_velocity__rosidl_typesupport_introspection_c.h
[0.563s] -- Up-to-date symlink: /home/maryammahmood/PID_own_urdf/src/install/custom_interfaces/include/custom_interfaces/custom_interfaces/msg/rosidl_generator_cpp__visibility_control.hpp
[0.563s] -- Up-to-date symlink: /home/maryammahmood/PID_own_urdf/src/install/custom_interfaces/include/custom_interfaces/custom_interfaces/srv/detail/find_joint_states__builder.hpp
[0.563s] -- Up-to-date symlink: /home/maryammahmood/PID_own_urdf/src/install/custom_interfaces/include/custom_interfaces/custom_interfaces/srv/detail/find_joint_states__struct.hpp
[0.563s] -- Up-to-date symlink: /home/maryammahmood/PID_own_urdf/src/install/custom_interfaces/include/custom_interfaces/custom_interfaces/srv/detail/find_joint_states__traits.hpp
[0.563s] -- Up-to-date symlink: /home/maryammahmood/PID_own_urdf/src/install/custom_interfaces/include/custom_interfaces/custom_interfaces/srv/detail/find_joint_states__type_support.hpp
[0.563s] -- Up-to-date symlink: /home/maryammahmood/PID_own_urdf/src/install/custom_interfaces/include/custom_interfaces/custom_interfaces/srv/detail/set_end_effector_velocity__builder.hpp
[0.564s] -- Up-to-date symlink: /home/maryammahmood/PID_own_urdf/src/install/custom_interfaces/include/custom_interfaces/custom_interfaces/srv/detail/set_end_effector_velocity__struct.hpp
[0.564s] -- Up-to-date symlink: /home/maryammahmood/PID_own_urdf/src/install/custom_interfaces/include/custom_interfaces/custom_interfaces/srv/detail/set_end_effector_velocity__traits.hpp
[0.564s] -- Up-to-date symlink: /home/maryammahmood/PID_own_urdf/src/install/custom_interfaces/include/custom_interfaces/custom_interfaces/srv/detail/set_end_effector_velocity__type_support.hpp
[0.564s] -- Up-to-date symlink: /home/maryammahmood/PID_own_urdf/src/install/custom_interfaces/include/custom_interfaces/custom_interfaces/srv/detail/set_joint_states__builder.hpp
[0.564s] -- Up-to-date symlink: /home/maryammahmood/PID_own_urdf/src/install/custom_interfaces/include/custom_interfaces/custom_interfaces/srv/detail/set_joint_states__struct.hpp
[0.564s] -- Up-to-date symlink: /home/maryammahmood/PID_own_urdf/src/install/custom_interfaces/include/custom_interfaces/custom_interfaces/srv/detail/set_joint_states__traits.hpp
[0.564s] -- Up-to-date symlink: /home/maryammahmood/PID_own_urdf/src/install/custom_interfaces/include/custom_interfaces/custom_interfaces/srv/detail/set_joint_states__type_support.hpp
[0.564s] -- Up-to-date symlink: /home/maryammahmood/PID_own_urdf/src/install/custom_interfaces/include/custom_interfaces/custom_interfaces/srv/detail/set_joint_velocity__builder.hpp
[0.565s] -- Up-to-date symlink: /home/maryammahmood/PID_own_urdf/src/install/custom_interfaces/include/custom_interfaces/custom_interfaces/srv/detail/set_joint_velocity__struct.hpp
[0.565s] -- Up-to-date symlink: /home/maryammahmood/PID_own_urdf/src/install/custom_interfaces/include/custom_interfaces/custom_interfaces/srv/detail/set_joint_velocity__traits.hpp
[0.565s] -- Up-to-date symlink: /home/maryammahmood/PID_own_urdf/src/install/custom_interfaces/include/custom_interfaces/custom_interfaces/srv/detail/set_joint_velocity__type_support.hpp
[0.565s] -- Up-to-date symlink: /home/maryammahmood/PID_own_urdf/src/install/custom_interfaces/include/custom_interfaces/custom_interfaces/srv/find_joint_states.hpp
[0.565s] -- Up-to-date symlink: /home/maryammahmood/PID_own_urdf/src/install/custom_interfaces/include/custom_interfaces/custom_interfaces/srv/set_end_effector_velocity.hpp
[0.565s] -- Up-to-date symlink: /home/maryammahmood/PID_own_urdf/src/install/custom_interfaces/include/custom_interfaces/custom_interfaces/srv/set_joint_states.hpp
[0.565s] -- Up-to-date symlink: /home/maryammahmood/PID_own_urdf/src/install/custom_interfaces/include/custom_interfaces/custom_interfaces/srv/set_joint_velocity.hpp
[0.566s] -- Up-to-date symlink: /home/maryammahmood/PID_own_urdf/src/install/custom_interfaces/include/custom_interfaces/custom_interfaces/msg/rosidl_typesupport_fastrtps_cpp__visibility_control.h
[0.566s] -- Up-to-date symlink: /home/maryammahmood/PID_own_urdf/src/install/custom_interfaces/include/custom_interfaces/custom_interfaces/srv/detail/find_joint_states__rosidl_typesupport_fastrtps_cpp.hpp
[0.566s] -- Up-to-date symlink: /home/maryammahmood/PID_own_urdf/src/install/custom_interfaces/include/custom_interfaces/custom_interfaces/srv/detail/set_end_effector_velocity__rosidl_typesupport_fastrtps_cpp.hpp
[0.566s] -- Up-to-date symlink: /home/maryammahmood/PID_own_urdf/src/install/custom_interfaces/include/custom_interfaces/custom_interfaces/srv/detail/set_joint_states__rosidl_typesupport_fastrtps_cpp.hpp
[0.566s] -- Up-to-date symlink: /home/maryammahmood/PID_own_urdf/src/install/custom_interfaces/include/custom_interfaces/custom_interfaces/srv/detail/set_joint_velocity__rosidl_typesupport_fastrtps_cpp.hpp
[0.567s] -- Up-to-date symlink: /home/maryammahmood/PID_own_urdf/src/install/custom_interfaces/include/custom_interfaces/custom_interfaces/srv/detail/find_joint_states__rosidl_typesupport_introspection_cpp.hpp
[0.567s] -- Up-to-date symlink: /home/maryammahmood/PID_own_urdf/src/install/custom_interfaces/include/custom_interfaces/custom_interfaces/srv/detail/set_end_effector_velocity__rosidl_typesupport_introspection_cpp.hpp
[0.567s] -- Up-to-date symlink: /home/maryammahmood/PID_own_urdf/src/install/custom_interfaces/include/custom_interfaces/custom_interfaces/srv/detail/set_joint_states__rosidl_typesupport_introspection_cpp.hpp
[0.567s] -- Up-to-date symlink: /home/maryammahmood/PID_own_urdf/src/install/custom_interfaces/include/custom_interfaces/custom_interfaces/srv/detail/set_joint_velocity__rosidl_typesupport_introspection_cpp.hpp
[0.567s] -- Up-to-date symlink: /home/maryammahmood/PID_own_urdf/src/install/custom_interfaces/share/custom_interfaces/environment/pythonpath.sh
[0.567s] -- Up-to-date symlink: /home/maryammahmood/PID_own_urdf/src/install/custom_interfaces/share/custom_interfaces/environment/pythonpath.dsv
[0.568s] -- Up-to-date symlink: /home/maryammahmood/PID_own_urdf/src/install/custom_interfaces/local/lib/python3.10/dist-packages/custom_interfaces-0.0.0-py3.10.egg-info/PKG-INFO
[0.568s] -- Up-to-date symlink: /home/maryammahmood/PID_own_urdf/src/install/custom_interfaces/local/lib/python3.10/dist-packages/custom_interfaces-0.0.0-py3.10.egg-info/SOURCES.txt
[0.568s] -- Up-to-date symlink: /home/maryammahmood/PID_own_urdf/src/install/custom_interfaces/local/lib/python3.10/dist-packages/custom_interfaces-0.0.0-py3.10.egg-info/dependency_links.txt
[0.568s] -- Up-to-date symlink: /home/maryammahmood/PID_own_urdf/src/install/custom_interfaces/local/lib/python3.10/dist-packages/custom_interfaces-0.0.0-py3.10.egg-info/top_level.txt
[0.569s] -- Up-to-date symlink: /home/maryammahmood/PID_own_urdf/src/install/custom_interfaces/local/lib/python3.10/dist-packages/custom_interfaces/__init__.py
[0.569s] -- Up-to-date symlink: /home/maryammahmood/PID_own_urdf/src/install/custom_interfaces/local/lib/python3.10/dist-packages/custom_interfaces/_custom_interfaces_s.ep.rosidl_typesupport_c.c
[0.569s] -- Up-to-date symlink: /home/maryammahmood/PID_own_urdf/src/install/custom_interfaces/local/lib/python3.10/dist-packages/custom_interfaces/_custom_interfaces_s.ep.rosidl_typesupport_fastrtps_c.c
[0.569s] -- Up-to-date symlink: /home/maryammahmood/PID_own_urdf/src/install/custom_interfaces/local/lib/python3.10/dist-packages/custom_interfaces/_custom_interfaces_s.ep.rosidl_typesupport_introspection_c.c
[0.569s] -- Up-to-date symlink: /home/maryammahmood/PID_own_urdf/src/install/custom_interfaces/local/lib/python3.10/dist-packages/custom_interfaces/custom_interfaces_s__rosidl_typesupport_c.cpython-310-x86_64-linux-gnu.so
[0.569s] -- Up-to-date symlink: /home/maryammahmood/PID_own_urdf/src/install/custom_interfaces/local/lib/python3.10/dist-packages/custom_interfaces/custom_interfaces_s__rosidl_typesupport_fastrtps_c.cpython-310-x86_64-linux-gnu.so
[0.569s] -- Up-to-date symlink: /home/maryammahmood/PID_own_urdf/src/install/custom_interfaces/local/lib/python3.10/dist-packages/custom_interfaces/custom_interfaces_s__rosidl_typesupport_introspection_c.cpython-310-x86_64-linux-gnu.so
[0.569s] -- Up-to-date symlink: /home/maryammahmood/PID_own_urdf/src/install/custom_interfaces/local/lib/python3.10/dist-packages/custom_interfaces/libcustom_interfaces__rosidl_generator_py.so
[0.569s] -- Up-to-date symlink: /home/maryammahmood/PID_own_urdf/src/install/custom_interfaces/local/lib/python3.10/dist-packages/custom_interfaces/srv/__init__.py
[0.570s] -- Up-to-date symlink: /home/maryammahmood/PID_own_urdf/src/install/custom_interfaces/local/lib/python3.10/dist-packages/custom_interfaces/srv/_find_joint_states.py
[0.570s] -- Up-to-date symlink: /home/maryammahmood/PID_own_urdf/src/install/custom_interfaces/local/lib/python3.10/dist-packages/custom_interfaces/srv/_find_joint_states_s.c
[0.570s] -- Up-to-date symlink: /home/maryammahmood/PID_own_urdf/src/install/custom_interfaces/local/lib/python3.10/dist-packages/custom_interfaces/srv/_set_end_effector_velocity.py
[0.570s] -- Up-to-date symlink: /home/maryammahmood/PID_own_urdf/src/install/custom_interfaces/local/lib/python3.10/dist-packages/custom_interfaces/srv/_set_end_effector_velocity_s.c
[0.570s] -- Up-to-date symlink: /home/maryammahmood/PID_own_urdf/src/install/custom_interfaces/local/lib/python3.10/dist-packages/custom_interfaces/srv/_set_joint_states.py
[0.570s] -- Up-to-date symlink: /home/maryammahmood/PID_own_urdf/src/install/custom_interfaces/local/lib/python3.10/dist-packages/custom_interfaces/srv/_set_joint_states_s.c
[0.570s] -- Up-to-date symlink: /home/maryammahmood/PID_own_urdf/src/install/custom_interfaces/local/lib/python3.10/dist-packages/custom_interfaces/srv/_set_joint_velocity.py
[0.570s] -- Up-to-date symlink: /home/maryammahmood/PID_own_urdf/src/install/custom_interfaces/local/lib/python3.10/dist-packages/custom_interfaces/srv/_set_joint_velocity_s.c
[0.571s] -- Up-to-date symlink: /home/maryammahmood/PID_own_urdf/src/install/custom_interfaces/local/lib/python3.10/dist-packages/custom_interfaces/custom_interfaces_s__rosidl_typesupport_fastrtps_c.cpython-310-x86_64-linux-gnu.so
[0.571s] -- Up-to-date symlink: /home/maryammahmood/PID_own_urdf/src/install/custom_interfaces/local/lib/python3.10/dist-packages/custom_interfaces/custom_interfaces_s__rosidl_typesupport_introspection_c.cpython-310-x86_64-linux-gnu.so
[0.571s] -- Up-to-date symlink: /home/maryammahmood/PID_own_urdf/src/install/custom_interfaces/local/lib/python3.10/dist-packages/custom_interfaces/custom_interfaces_s__rosidl_typesupport_c.cpython-310-x86_64-linux-gnu.so
[0.571s] -- Up-to-date symlink: /home/maryammahmood/PID_own_urdf/src/install/custom_interfaces/share/custom_interfaces/srv/FindJointStates.idl
[0.572s] -- Up-to-date symlink: /home/maryammahmood/PID_own_urdf/src/install/custom_interfaces/share/custom_interfaces/srv/SetJointStates.idl
[0.572s] -- Up-to-date symlink: /home/maryammahmood/PID_own_urdf/src/install/custom_interfaces/share/custom_interfaces/srv/SetEndEffectorVelocity.idl
[0.572s] -- Up-to-date symlink: /home/maryammahmood/PID_own_urdf/src/install/custom_interfaces/share/custom_interfaces/srv/SetJointVelocity.idl
[0.572s] -- Up-to-date symlink: /home/maryammahmood/PID_own_urdf/src/install/custom_interfaces/share/custom_interfaces/srv/FindJointStates.srv
[0.572s] -- Up-to-date symlink: /home/maryammahmood/PID_own_urdf/src/install/custom_interfaces/share/custom_interfaces/srv/FindJointStates_Request.msg
[0.572s] -- Up-to-date symlink: /home/maryammahmood/PID_own_urdf/src/install/custom_interfaces/share/custom_interfaces/srv/FindJointStates_Response.msg
[0.572s] -- Up-to-date symlink: /home/maryammahmood/PID_own_urdf/src/install/custom_interfaces/share/custom_interfaces/srv/SetJointStates.srv
[0.573s] -- Up-to-date symlink: /home/maryammahmood/PID_own_urdf/src/install/custom_interfaces/share/custom_interfaces/srv/SetJointStates_Request.msg
[0.573s] -- Up-to-date symlink: /home/maryammahmood/PID_own_urdf/src/install/custom_interfaces/share/custom_interfaces/srv/SetJointStates_Response.msg
[0.573s] -- Up-to-date symlink: /home/maryammahmood/PID_own_urdf/src/install/custom_interfaces/share/custom_interfaces/srv/SetEndEffectorVelocity.srv
[0.573s] -- Up-to-date symlink: /home/maryammahmood/PID_own_urdf/src/install/custom_interfaces/share/custom_interfaces/srv/SetEndEffectorVelocity_Request.msg
[0.573s] -- Up-to-date symlink: /home/maryammahmood/PID_own_urdf/src/install/custom_interfaces/share/custom_interfaces/srv/SetEndEffectorVelocity_Response.msg
[0.573s] -- Up-to-date symlink: /home/maryammahmood/PID_own_urdf/src/install/custom_interfaces/share/custom_interfaces/srv/SetJointVelocity.srv
[0.573s] -- Up-to-date symlink: /home/maryammahmood/PID_own_urdf/src/install/custom_interfaces/share/custom_interfaces/srv/SetJointVelocity_Request.msg
[0.573s] -- Up-to-date symlink: /home/maryammahmood/PID_own_urdf/src/install/custom_interfaces/share/custom_interfaces/srv/SetJointVelocity_Response.msg
[0.574s] -- Up-to-date symlink: /home/maryammahmood/PID_own_urdf/src/install/custom_interfaces/share/ament_index/resource_index/package_run_dependencies/custom_interfaces
[0.574s] -- Up-to-date symlink: /home/maryammahmood/PID_own_urdf/src/install/custom_interfaces/share/ament_index/resource_index/parent_prefix_path/custom_interfaces
[0.574s] -- Up-to-date symlink: /home/maryammahmood/PID_own_urdf/src/install/custom_interfaces/share/custom_interfaces/environment/ament_prefix_path.sh
[0.574s] -- Up-to-date symlink: /home/maryammahmood/PID_own_urdf/src/install/custom_interfaces/share/custom_interfaces/environment/ament_prefix_path.dsv
[0.574s] -- Up-to-date symlink: /home/maryammahmood/PID_own_urdf/src/install/custom_interfaces/share/custom_interfaces/environment/path.sh
[0.574s] -- Up-to-date symlink: /home/maryammahmood/PID_own_urdf/src/install/custom_interfaces/share/custom_interfaces/environment/path.dsv
[0.574s] -- Up-to-date symlink: /home/maryammahmood/PID_own_urdf/src/install/custom_interfaces/share/custom_interfaces/local_setup.bash
[0.575s] -- Up-to-date symlink: /home/maryammahmood/PID_own_urdf/src/install/custom_interfaces/share/custom_interfaces/local_setup.sh
[0.575s] -- Up-to-date symlink: /home/maryammahmood/PID_own_urdf/src/install/custom_interfaces/share/custom_interfaces/local_setup.zsh
[0.575s] -- Up-to-date symlink: /home/maryammahmood/PID_own_urdf/src/install/custom_interfaces/share/custom_interfaces/local_setup.dsv
[0.575s] -- Symlinking: /home/maryammahmood/PID_own_urdf/src/install/custom_interfaces/share/custom_interfaces/package.dsv
[0.587s] -- Up-to-date symlink: /home/maryammahmood/PID_own_urdf/src/install/custom_interfaces/share/ament_index/resource_index/packages/custom_interfaces
[0.587s] -- Up-to-date symlink: /home/maryammahmood/PID_own_urdf/src/install/custom_interfaces/share/custom_interfaces/cmake/rosidl_cmake-extras.cmake
[0.587s] -- Up-to-date symlink: /home/maryammahmood/PID_own_urdf/src/install/custom_interfaces/share/custom_interfaces/cmake/ament_cmake_export_include_directories-extras.cmake
[0.588s] -- Up-to-date symlink: /home/maryammahmood/PID_own_urdf/src/install/custom_interfaces/share/custom_interfaces/cmake/ament_cmake_export_libraries-extras.cmake
[0.588s] -- Up-to-date symlink: /home/maryammahmood/PID_own_urdf/src/install/custom_interfaces/share/custom_interfaces/cmake/ament_cmake_export_targets-extras.cmake
[0.588s] -- Up-to-date symlink: /home/maryammahmood/PID_own_urdf/src/install/custom_interfaces/share/custom_interfaces/cmake/rosidl_cmake_export_typesupport_targets-extras.cmake
[0.588s] -- Up-to-date symlink: /home/maryammahmood/PID_own_urdf/src/install/custom_interfaces/share/custom_interfaces/cmake/ament_cmake_export_dependencies-extras.cmake
[0.588s] -- Up-to-date symlink: /home/maryammahmood/PID_own_urdf/src/install/custom_interfaces/share/custom_interfaces/cmake/rosidl_cmake_export_typesupport_libraries-extras.cmake
[0.588s] -- Up-to-date symlink: /home/maryammahmood/PID_own_urdf/src/install/custom_interfaces/share/custom_interfaces/cmake/custom_interfacesConfig.cmake
[0.588s] -- Up-to-date symlink: /home/maryammahmood/PID_own_urdf/src/install/custom_interfaces/share/custom_interfaces/cmake/custom_interfacesConfig-version.cmake
[0.589s] -- Up-to-date symlink: /home/maryammahmood/PID_own_urdf/src/install/custom_interfaces/share/custom_interfaces/package.xml
[0.589s] -- Up-to-date: /home/maryammahmood/PID_own_urdf/src/install/custom_interfaces/lib/libcustom_interfaces__rosidl_generator_c.so
[0.589s] -- Up-to-date: /home/maryammahmood/PID_own_urdf/src/install/custom_interfaces/lib/libcustom_interfaces__rosidl_typesupport_fastrtps_c.so
[0.589s] -- Up-to-date: /home/maryammahmood/PID_own_urdf/src/install/custom_interfaces/lib/libcustom_interfaces__rosidl_typesupport_introspection_c.so
[0.589s] -- Up-to-date: /home/maryammahmood/PID_own_urdf/src/install/custom_interfaces/lib/libcustom_interfaces__rosidl_typesupport_c.so
[0.589s] -- Up-to-date: /home/maryammahmood/PID_own_urdf/src/install/custom_interfaces/lib/libcustom_interfaces__rosidl_typesupport_fastrtps_cpp.so
[0.590s] -- Up-to-date: /home/maryammahmood/PID_own_urdf/src/install/custom_interfaces/lib/libcustom_interfaces__rosidl_typesupport_introspection_cpp.so
[0.590s] -- Up-to-date: /home/maryammahmood/PID_own_urdf/src/install/custom_interfaces/lib/libcustom_interfaces__rosidl_typesupport_cpp.so
[0.635s] Listing '/home/maryammahmood/PID_own_urdf/src/install/custom_interfaces/local/lib/python3.10/dist-packages/custom_interfaces'...
[0.635s] Listing '/home/maryammahmood/PID_own_urdf/src/install/custom_interfaces/local/lib/python3.10/dist-packages/custom_interfaces/srv'...
[0.640s] -- Up-to-date: /home/maryammahmood/PID_own_urdf/src/install/custom_interfaces/lib/libcustom_interfaces__rosidl_generator_py.so
[0.641s] -- Up-to-date: /home/maryammahmood/PID_own_urdf/src/install/custom_interfaces/share/custom_interfaces/cmake/export_custom_interfaces__rosidl_generator_cExport.cmake
[0.641s] -- Up-to-date: /home/maryammahmood/PID_own_urdf/src/install/custom_interfaces/share/custom_interfaces/cmake/export_custom_interfaces__rosidl_generator_cExport-noconfig.cmake
[0.641s] -- Up-to-date: /home/maryammahmood/PID_own_urdf/src/install/custom_interfaces/share/custom_interfaces/cmake/export_custom_interfaces__rosidl_typesupport_fastrtps_cExport.cmake
[0.641s] -- Up-to-date: /home/maryammahmood/PID_own_urdf/src/install/custom_interfaces/share/custom_interfaces/cmake/export_custom_interfaces__rosidl_typesupport_fastrtps_cExport-noconfig.cmake
[0.641s] -- Up-to-date: /home/maryammahmood/PID_own_urdf/src/install/custom_interfaces/share/custom_interfaces/cmake/custom_interfaces__rosidl_typesupport_introspection_cExport.cmake
[0.641s] -- Up-to-date: /home/maryammahmood/PID_own_urdf/src/install/custom_interfaces/share/custom_interfaces/cmake/custom_interfaces__rosidl_typesupport_introspection_cExport-noconfig.cmake
[0.641s] -- Up-to-date: /home/maryammahmood/PID_own_urdf/src/install/custom_interfaces/share/custom_interfaces/cmake/custom_interfaces__rosidl_typesupport_cExport.cmake
[0.641s] -- Up-to-date: /home/maryammahmood/PID_own_urdf/src/install/custom_interfaces/share/custom_interfaces/cmake/custom_interfaces__rosidl_typesupport_cExport-noconfig.cmake
[0.641s] -- Up-to-date: /home/maryammahmood/PID_own_urdf/src/install/custom_interfaces/share/custom_interfaces/cmake/export_custom_interfaces__rosidl_generator_cppExport.cmake
[0.641s] -- Up-to-date: /home/maryammahmood/PID_own_urdf/src/install/custom_interfaces/share/custom_interfaces/cmake/export_custom_interfaces__rosidl_typesupport_fastrtps_cppExport.cmake
[0.641s] -- Up-to-date: /home/maryammahmood/PID_own_urdf/src/install/custom_interfaces/share/custom_interfaces/cmake/export_custom_interfaces__rosidl_typesupport_fastrtps_cppExport-noconfig.cmake
[0.641s] -- Up-to-date: /home/maryammahmood/PID_own_urdf/src/install/custom_interfaces/share/custom_interfaces/cmake/custom_interfaces__rosidl_typesupport_introspection_cppExport.cmake
[0.641s] -- Up-to-date: /home/maryammahmood/PID_own_urdf/src/install/custom_interfaces/share/custom_interfaces/cmake/custom_interfaces__rosidl_typesupport_introspection_cppExport-noconfig.cmake
[0.642s] -- Up-to-date: /home/maryammahmood/PID_own_urdf/src/install/custom_interfaces/share/custom_interfaces/cmake/custom_interfaces__rosidl_typesupport_cppExport.cmake
[0.642s] -- Up-to-date: /home/maryammahmood/PID_own_urdf/src/install/custom_interfaces/share/custom_interfaces/cmake/custom_interfaces__rosidl_typesupport_cppExport-noconfig.cmake
[0.642s] -- Up-to-date: /home/maryammahmood/PID_own_urdf/src/install/custom_interfaces/share/custom_interfaces/cmake/export_custom_interfaces__rosidl_generator_pyExport.cmake
[0.642s] -- Up-to-date: /home/maryammahmood/PID_own_urdf/src/install/custom_interfaces/share/custom_interfaces/cmake/export_custom_interfaces__rosidl_generator_pyExport-noconfig.cmake
[0.644s] Invoked command in '/home/maryammahmood/PID_own_urdf/src/build/custom_interfaces' returned '0': CMAKE_PREFIX_PATH=${CMAKE_PREFIX_PATH}:/home/maryammahmood/ws_moveit2/install/moveit_configs_utils:/home/maryammahmood/ws_moveit2/install/launch_param_builder:/opt/ros/humble /usr/bin/cmake --install /home/maryammahmood/PID_own_urdf/src/build/custom_interfaces
