[0.160s] DEBUG:colcon:Command line arguments: ['/usr/bin/colcon', 'build', '--symlink-install']
[0.160s] DEBUG:colcon:Parsed command line arguments: Namespace(log_base=None, log_level=None, verb_name='build', build_base='build', install_base='install', merge_install=False, symlink_install=True, test_result_base=None, continue_on_error=False, executor='parallel', parallel_workers=24, event_handlers=None, ignore_user_meta=False, metas=['./colcon.meta'], base_paths=['.'], packages_ignore=None, packages_ignore_regex=None, paths=None, packages_up_to=None, packages_up_to_regex=None, packages_above=None, packages_above_and_dependencies=None, packages_above_depth=None, packages_select_by_dep=None, packages_skip_by_dep=None, packages_skip_up_to=None, packages_select_build_failed=False, packages_skip_build_finished=False, packages_select_test_failures=False, packages_skip_test_passed=False, packages_select=None, packages_skip=None, packages_select_regex=None, packages_skip_regex=None, packages_start=None, packages_end=None, allow_overriding=[], cmake_args=None, cmake_target=None, cmake_target_skip_unavailable=False, cmake_clean_cache=False, cmake_clean_first=False, cmake_force_configure=False, ament_cmake_args=None, catkin_cmake_args=None, catkin_skip_building_tests=False, mixin_files=None, mixin=None, verb_parser=<colcon_mixin.mixin.mixin_argument.MixinArgumentDecorator object at 0x7c94ab233760>, verb_extension=<colcon_core.verb.build.BuildVerb object at 0x7c94ab3e4610>, main=<bound method BuildVerb.main of <colcon_core.verb.build.BuildVerb object at 0x7c94ab3e4610>>, mixin_verb=('build',))
[0.401s] Level 1:colcon.colcon_core.package_discovery:discover_packages(colcon_meta) check parameters
[0.401s] Level 1:colcon.colcon_core.package_discovery:discover_packages(recursive) check parameters
[0.402s] Level 1:colcon.colcon_core.package_discovery:discover_packages(ignore) check parameters
[0.402s] Level 1:colcon.colcon_core.package_discovery:discover_packages(path) check parameters
[0.402s] Level 1:colcon.colcon_core.package_discovery:discover_packages(colcon_meta) discover
[0.402s] Level 1:colcon.colcon_core.package_discovery:discover_packages(recursive) discover
[0.402s] INFO:colcon.colcon_core.package_discovery:Crawling recursively for packages in '/home/maryammahmood/PID_own_urdf/src'
[0.402s] Level 1:colcon.colcon_core.package_identification:_identify(.) by extensions ['ignore', 'ignore_ament_install']
[0.402s] Level 1:colcon.colcon_core.package_identification:_identify(.) by extension 'ignore'
[0.402s] Level 1:colcon.colcon_core.package_identification:_identify(.) by extension 'ignore_ament_install'
[0.402s] Level 1:colcon.colcon_core.package_identification:_identify(.) by extensions ['colcon_pkg']
[0.402s] Level 1:colcon.colcon_core.package_identification:_identify(.) by extension 'colcon_pkg'
[0.402s] Level 1:colcon.colcon_core.package_identification:_identify(.) by extensions ['colcon_meta']
[0.402s] Level 1:colcon.colcon_core.package_identification:_identify(.) by extension 'colcon_meta'
[0.402s] Level 1:colcon.colcon_core.package_identification:_identify(.) by extensions ['ros']
[0.402s] Level 1:colcon.colcon_core.package_identification:_identify(.) by extension 'ros'
[0.416s] Level 1:colcon.colcon_core.package_identification:_identify(.) by extensions ['cmake', 'python']
[0.416s] Level 1:colcon.colcon_core.package_identification:_identify(.) by extension 'cmake'
[0.416s] Level 1:colcon.colcon_core.package_identification:_identify(.) by extension 'python'
[0.416s] Level 1:colcon.colcon_core.package_identification:_identify(.) by extensions ['python_setup_py']
[0.416s] Level 1:colcon.colcon_core.package_identification:_identify(.) by extension 'python_setup_py'
[0.417s] Level 1:colcon.colcon_core.package_identification:_identify(build) by extensions ['ignore', 'ignore_ament_install']
[0.418s] Level 1:colcon.colcon_core.package_identification:_identify(build) by extension 'ignore'
[0.418s] Level 1:colcon.colcon_core.package_identification:_identify(build) ignored
[0.418s] Level 1:colcon.colcon_core.package_identification:_identify(custom_interfaces) by extensions ['ignore', 'ignore_ament_install']
[0.418s] Level 1:colcon.colcon_core.package_identification:_identify(custom_interfaces) by extension 'ignore'
[0.418s] Level 1:colcon.colcon_core.package_identification:_identify(custom_interfaces) by extension 'ignore_ament_install'
[0.418s] Level 1:colcon.colcon_core.package_identification:_identify(custom_interfaces) by extensions ['colcon_pkg']
[0.418s] Level 1:colcon.colcon_core.package_identification:_identify(custom_interfaces) by extension 'colcon_pkg'
[0.419s] Level 1:colcon.colcon_core.package_identification:_identify(custom_interfaces) by extensions ['colcon_meta']
[0.419s] Level 1:colcon.colcon_core.package_identification:_identify(custom_interfaces) by extension 'colcon_meta'
[0.419s] Level 1:colcon.colcon_core.package_identification:_identify(custom_interfaces) by extensions ['ros']
[0.419s] Level 1:colcon.colcon_core.package_identification:_identify(custom_interfaces) by extension 'ros'
[0.424s] DEBUG:colcon.colcon_core.package_identification:Package 'custom_interfaces' with type 'ros.ament_cmake' and name 'custom_interfaces'
[0.424s] Level 1:colcon.colcon_core.package_identification:_identify(install) by extensions ['ignore', 'ignore_ament_install']
[0.424s] Level 1:colcon.colcon_core.package_identification:_identify(install) by extension 'ignore'
[0.424s] Level 1:colcon.colcon_core.package_identification:_identify(install) ignored
[0.424s] Level 1:colcon.colcon_core.package_identification:_identify(log) by extensions ['ignore', 'ignore_ament_install']
[0.424s] Level 1:colcon.colcon_core.package_identification:_identify(log) by extension 'ignore'
[0.424s] Level 1:colcon.colcon_core.package_identification:_identify(log) ignored
[0.424s] Level 1:colcon.colcon_core.package_identification:_identify(rrbot_simulation_files) by extensions ['ignore', 'ignore_ament_install']
[0.425s] Level 1:colcon.colcon_core.package_identification:_identify(rrbot_simulation_files) by extension 'ignore'
[0.425s] Level 1:colcon.colcon_core.package_identification:_identify(rrbot_simulation_files) by extension 'ignore_ament_install'
[0.425s] Level 1:colcon.colcon_core.package_identification:_identify(rrbot_simulation_files) by extensions ['colcon_pkg']
[0.425s] Level 1:colcon.colcon_core.package_identification:_identify(rrbot_simulation_files) by extension 'colcon_pkg'
[0.425s] Level 1:colcon.colcon_core.package_identification:_identify(rrbot_simulation_files) by extensions ['colcon_meta']
[0.425s] Level 1:colcon.colcon_core.package_identification:_identify(rrbot_simulation_files) by extension 'colcon_meta'
[0.425s] Level 1:colcon.colcon_core.package_identification:_identify(rrbot_simulation_files) by extensions ['ros']
[0.425s] Level 1:colcon.colcon_core.package_identification:_identify(rrbot_simulation_files) by extension 'ros'
[0.425s] Level 1:colcon.colcon_core.package_identification:_identify(rrbot_simulation_files) by extensions ['cmake', 'python']
[0.425s] Level 1:colcon.colcon_core.package_identification:_identify(rrbot_simulation_files) by extension 'cmake'
[0.425s] Level 1:colcon.colcon_core.package_identification:_identify(rrbot_simulation_files) by extension 'python'
[0.425s] Level 1:colcon.colcon_core.package_identification:_identify(rrbot_simulation_files) by extensions ['python_setup_py']
[0.425s] Level 1:colcon.colcon_core.package_identification:_identify(rrbot_simulation_files) by extension 'python_setup_py'
[0.425s] Level 1:colcon.colcon_core.package_identification:_identify(rrbot_simulation_files/rrbot_description) by extensions ['ignore', 'ignore_ament_install']
[0.425s] Level 1:colcon.colcon_core.package_identification:_identify(rrbot_simulation_files/rrbot_description) by extension 'ignore'
[0.425s] Level 1:colcon.colcon_core.package_identification:_identify(rrbot_simulation_files/rrbot_description) by extension 'ignore_ament_install'
[0.425s] Level 1:colcon.colcon_core.package_identification:_identify(rrbot_simulation_files/rrbot_description) by extensions ['colcon_pkg']
[0.425s] Level 1:colcon.colcon_core.package_identification:_identify(rrbot_simulation_files/rrbot_description) by extension 'colcon_pkg'
[0.425s] Level 1:colcon.colcon_core.package_identification:_identify(rrbot_simulation_files/rrbot_description) by extensions ['colcon_meta']
[0.425s] Level 1:colcon.colcon_core.package_identification:_identify(rrbot_simulation_files/rrbot_description) by extension 'colcon_meta'
[0.425s] Level 1:colcon.colcon_core.package_identification:_identify(rrbot_simulation_files/rrbot_description) by extensions ['ros']
[0.425s] Level 1:colcon.colcon_core.package_identification:_identify(rrbot_simulation_files/rrbot_description) by extension 'ros'
[0.426s] DEBUG:colcon.colcon_core.package_identification:Package 'rrbot_simulation_files/rrbot_description' with type 'ros.ament_cmake' and name 'rrbot_description'
[0.426s] Level 1:colcon.colcon_core.package_identification:_identify(rrbot_simulation_files/rrbot_gazebo) by extensions ['ignore', 'ignore_ament_install']
[0.426s] Level 1:colcon.colcon_core.package_identification:_identify(rrbot_simulation_files/rrbot_gazebo) by extension 'ignore'
[0.426s] Level 1:colcon.colcon_core.package_identification:_identify(rrbot_simulation_files/rrbot_gazebo) by extension 'ignore_ament_install'
[0.426s] Level 1:colcon.colcon_core.package_identification:_identify(rrbot_simulation_files/rrbot_gazebo) by extensions ['colcon_pkg']
[0.426s] Level 1:colcon.colcon_core.package_identification:_identify(rrbot_simulation_files/rrbot_gazebo) by extension 'colcon_pkg'
[0.426s] Level 1:colcon.colcon_core.package_identification:_identify(rrbot_simulation_files/rrbot_gazebo) by extensions ['colcon_meta']
[0.426s] Level 1:colcon.colcon_core.package_identification:_identify(rrbot_simulation_files/rrbot_gazebo) by extension 'colcon_meta'
[0.427s] Level 1:colcon.colcon_core.package_identification:_identify(rrbot_simulation_files/rrbot_gazebo) by extensions ['ros']
[0.427s] Level 1:colcon.colcon_core.package_identification:_identify(rrbot_simulation_files/rrbot_gazebo) by extension 'ros'
[0.428s] DEBUG:colcon.colcon_core.package_identification:Package 'rrbot_simulation_files/rrbot_gazebo' with type 'ros.ament_cmake' and name 'rrbot_gazebo'
[0.428s] Level 1:colcon.colcon_core.package_discovery:discover_packages(recursive) using defaults
[0.428s] Level 1:colcon.colcon_core.package_discovery:discover_packages(ignore) discover
[0.428s] Level 1:colcon.colcon_core.package_discovery:discover_packages(ignore) using defaults
[0.428s] Level 1:colcon.colcon_core.package_discovery:discover_packages(path) discover
[0.428s] Level 1:colcon.colcon_core.package_discovery:discover_packages(path) using defaults
[0.473s] Level 1:colcon.colcon_core.package_discovery:discover_packages(prefix_path) check parameters
[0.473s] Level 1:colcon.colcon_core.package_discovery:discover_packages(prefix_path) discover
[0.477s] DEBUG:colcon.colcon_installed_package_information.package_discovery:Found 3 installed packages in /home/maryammahmood/PID_own_urdf/src/install
[0.479s] DEBUG:colcon.colcon_installed_package_information.package_discovery:Found 55 installed packages in /home/maryammahmood/ws_moveit2/install
[0.482s] DEBUG:colcon.colcon_installed_package_information.package_discovery:Found 419 installed packages in /opt/ros/humble
[0.486s] Level 1:colcon.colcon_core.package_discovery:discover_packages(prefix_path) using defaults
[0.563s] Level 5:colcon.colcon_core.verb:set package 'custom_interfaces' build argument 'cmake_args' from command line to 'None'
[0.563s] Level 5:colcon.colcon_core.verb:set package 'custom_interfaces' build argument 'cmake_target' from command line to 'None'
[0.563s] Level 5:colcon.colcon_core.verb:set package 'custom_interfaces' build argument 'cmake_target_skip_unavailable' from command line to 'False'
[0.563s] Level 5:colcon.colcon_core.verb:set package 'custom_interfaces' build argument 'cmake_clean_cache' from command line to 'False'
[0.563s] Level 5:colcon.colcon_core.verb:set package 'custom_interfaces' build argument 'cmake_clean_first' from command line to 'False'
[0.563s] Level 5:colcon.colcon_core.verb:set package 'custom_interfaces' build argument 'cmake_force_configure' from command line to 'False'
[0.563s] Level 5:colcon.colcon_core.verb:set package 'custom_interfaces' build argument 'ament_cmake_args' from command line to 'None'
[0.563s] Level 5:colcon.colcon_core.verb:set package 'custom_interfaces' build argument 'catkin_cmake_args' from command line to 'None'
[0.563s] Level 5:colcon.colcon_core.verb:set package 'custom_interfaces' build argument 'catkin_skip_building_tests' from command line to 'False'
[0.563s] DEBUG:colcon.colcon_core.verb:Building package 'custom_interfaces' with the following arguments: {'ament_cmake_args': None, 'build_base': '/home/maryammahmood/PID_own_urdf/src/build/custom_interfaces', 'catkin_cmake_args': None, 'catkin_skip_building_tests': False, 'cmake_args': None, 'cmake_clean_cache': False, 'cmake_clean_first': False, 'cmake_force_configure': False, 'cmake_target': None, 'cmake_target_skip_unavailable': False, 'install_base': '/home/maryammahmood/PID_own_urdf/src/install/custom_interfaces', 'merge_install': False, 'path': '/home/maryammahmood/PID_own_urdf/src/custom_interfaces', 'symlink_install': True, 'test_result_base': None}
[0.564s] Level 5:colcon.colcon_core.verb:set package 'rrbot_description' build argument 'cmake_args' from command line to 'None'
[0.564s] Level 5:colcon.colcon_core.verb:set package 'rrbot_description' build argument 'cmake_target' from command line to 'None'
[0.564s] Level 5:colcon.colcon_core.verb:set package 'rrbot_description' build argument 'cmake_target_skip_unavailable' from command line to 'False'
[0.564s] Level 5:colcon.colcon_core.verb:set package 'rrbot_description' build argument 'cmake_clean_cache' from command line to 'False'
[0.564s] Level 5:colcon.colcon_core.verb:set package 'rrbot_description' build argument 'cmake_clean_first' from command line to 'False'
[0.564s] Level 5:colcon.colcon_core.verb:set package 'rrbot_description' build argument 'cmake_force_configure' from command line to 'False'
[0.564s] Level 5:colcon.colcon_core.verb:set package 'rrbot_description' build argument 'ament_cmake_args' from command line to 'None'
[0.564s] Level 5:colcon.colcon_core.verb:set package 'rrbot_description' build argument 'catkin_cmake_args' from command line to 'None'
[0.564s] Level 5:colcon.colcon_core.verb:set package 'rrbot_description' build argument 'catkin_skip_building_tests' from command line to 'False'
[0.564s] DEBUG:colcon.colcon_core.verb:Building package 'rrbot_description' with the following arguments: {'ament_cmake_args': None, 'build_base': '/home/maryammahmood/PID_own_urdf/src/build/rrbot_description', 'catkin_cmake_args': None, 'catkin_skip_building_tests': False, 'cmake_args': None, 'cmake_clean_cache': False, 'cmake_clean_first': False, 'cmake_force_configure': False, 'cmake_target': None, 'cmake_target_skip_unavailable': False, 'install_base': '/home/maryammahmood/PID_own_urdf/src/install/rrbot_description', 'merge_install': False, 'path': '/home/maryammahmood/PID_own_urdf/src/rrbot_simulation_files/rrbot_description', 'symlink_install': True, 'test_result_base': None}
[0.565s] Level 5:colcon.colcon_core.verb:set package 'rrbot_gazebo' build argument 'cmake_args' from command line to 'None'
[0.565s] Level 5:colcon.colcon_core.verb:set package 'rrbot_gazebo' build argument 'cmake_target' from command line to 'None'
[0.565s] Level 5:colcon.colcon_core.verb:set package 'rrbot_gazebo' build argument 'cmake_target_skip_unavailable' from command line to 'False'
[0.565s] Level 5:colcon.colcon_core.verb:set package 'rrbot_gazebo' build argument 'cmake_clean_cache' from command line to 'False'
[0.565s] Level 5:colcon.colcon_core.verb:set package 'rrbot_gazebo' build argument 'cmake_clean_first' from command line to 'False'
[0.565s] Level 5:colcon.colcon_core.verb:set package 'rrbot_gazebo' build argument 'cmake_force_configure' from command line to 'False'
[0.565s] Level 5:colcon.colcon_core.verb:set package 'rrbot_gazebo' build argument 'ament_cmake_args' from command line to 'None'
[0.565s] Level 5:colcon.colcon_core.verb:set package 'rrbot_gazebo' build argument 'catkin_cmake_args' from command line to 'None'
[0.565s] Level 5:colcon.colcon_core.verb:set package 'rrbot_gazebo' build argument 'catkin_skip_building_tests' from command line to 'False'
[0.565s] DEBUG:colcon.colcon_core.verb:Building package 'rrbot_gazebo' with the following arguments: {'ament_cmake_args': None, 'build_base': '/home/maryammahmood/PID_own_urdf/src/build/rrbot_gazebo', 'catkin_cmake_args': None, 'catkin_skip_building_tests': False, 'cmake_args': None, 'cmake_clean_cache': False, 'cmake_clean_first': False, 'cmake_force_configure': False, 'cmake_target': None, 'cmake_target_skip_unavailable': False, 'install_base': '/home/maryammahmood/PID_own_urdf/src/install/rrbot_gazebo', 'merge_install': False, 'path': '/home/maryammahmood/PID_own_urdf/src/rrbot_simulation_files/rrbot_gazebo', 'symlink_install': True, 'test_result_base': None}
[0.565s] INFO:colcon.colcon_core.executor:Executing jobs using 'parallel' executor
[0.567s] DEBUG:colcon.colcon_parallel_executor.executor.parallel:run_until_complete
[0.567s] INFO:colcon.colcon_ros.task.ament_cmake.build:Building ROS package in '/home/maryammahmood/PID_own_urdf/src/custom_interfaces' with build type 'ament_cmake'
[0.567s] INFO:colcon.colcon_cmake.task.cmake.build:Building CMake package in '/home/maryammahmood/PID_own_urdf/src/custom_interfaces'
[0.571s] INFO:colcon.colcon_core.plugin_system:Skipping extension 'colcon_core.shell.bat': Not used on non-Windows systems
[0.571s] INFO:colcon.colcon_core.shell:Skip shell extension 'powershell' for command environment: Not usable outside of PowerShell
[0.571s] DEBUG:colcon.colcon_core.shell:Skip shell extension 'dsv' for command environment
[0.587s] INFO:colcon.colcon_ros.task.ament_cmake.build:Building ROS package in '/home/maryammahmood/PID_own_urdf/src/rrbot_simulation_files/rrbot_description' with build type 'ament_cmake'
[0.587s] INFO:colcon.colcon_cmake.task.cmake.build:Building CMake package in '/home/maryammahmood/PID_own_urdf/src/rrbot_simulation_files/rrbot_description'
[0.588s] INFO:colcon.colcon_core.shell:Skip shell extension 'powershell' for command environment: Not usable outside of PowerShell
[0.588s] DEBUG:colcon.colcon_core.shell:Skip shell extension 'dsv' for command environment
[0.613s] DEBUG:colcon.colcon_core.event_handler.log_command:Invoking command in '/home/maryammahmood/PID_own_urdf/src/build/custom_interfaces': CMAKE_PREFIX_PATH=${CMAKE_PREFIX_PATH}:/home/maryammahmood/ws_moveit2/install/moveit_configs_utils:/home/maryammahmood/ws_moveit2/install/launch_param_builder:/opt/ros/humble /usr/bin/cmake --build /home/maryammahmood/PID_own_urdf/src/build/custom_interfaces -- -j24 -l24
[0.621s] DEBUG:colcon.colcon_core.event_handler.log_command:Invoking command in '/home/maryammahmood/PID_own_urdf/src/build/rrbot_description': CMAKE_PREFIX_PATH=${CMAKE_PREFIX_PATH}:/home/maryammahmood/ws_moveit2/install/moveit_configs_utils:/home/maryammahmood/ws_moveit2/install/launch_param_builder:/opt/ros/humble /usr/bin/cmake --build /home/maryammahmood/PID_own_urdf/src/build/rrbot_description -- -j24 -l24
[0.727s] DEBUG:colcon.colcon_core.event_handler.log_command:Invoked command in '/home/maryammahmood/PID_own_urdf/src/build/rrbot_description' returned '0': CMAKE_PREFIX_PATH=${CMAKE_PREFIX_PATH}:/home/maryammahmood/ws_moveit2/install/moveit_configs_utils:/home/maryammahmood/ws_moveit2/install/launch_param_builder:/opt/ros/humble /usr/bin/cmake --build /home/maryammahmood/PID_own_urdf/src/build/rrbot_description -- -j24 -l24
[0.851s] DEBUG:colcon.colcon_core.event_handler.log_command:Invoking command in '/home/maryammahmood/PID_own_urdf/src/build/rrbot_description': CMAKE_PREFIX_PATH=${CMAKE_PREFIX_PATH}:/home/maryammahmood/ws_moveit2/install/moveit_configs_utils:/home/maryammahmood/ws_moveit2/install/launch_param_builder:/opt/ros/humble /usr/bin/cmake --install /home/maryammahmood/PID_own_urdf/src/build/rrbot_description
[0.893s] Level 1:colcon.colcon_core.environment:create_environment_scripts_only(rrbot_description)
[0.894s] DEBUG:colcon.colcon_core.event_handler.log_command:Invoked command in '/home/maryammahmood/PID_own_urdf/src/build/rrbot_description' returned '0': CMAKE_PREFIX_PATH=${CMAKE_PREFIX_PATH}:/home/maryammahmood/ws_moveit2/install/moveit_configs_utils:/home/maryammahmood/ws_moveit2/install/launch_param_builder:/opt/ros/humble /usr/bin/cmake --install /home/maryammahmood/PID_own_urdf/src/build/rrbot_description
[0.898s] Level 1:colcon.colcon_core.environment:checking '/home/maryammahmood/PID_own_urdf/src/install/rrbot_description' for CMake module files
[0.898s] Level 1:colcon.colcon_core.environment:checking '/home/maryammahmood/PID_own_urdf/src/install/rrbot_description' for CMake config files
[0.899s] Level 1:colcon.colcon_core.shell:create_environment_hook('rrbot_description', 'cmake_prefix_path')
[0.899s] INFO:colcon.colcon_core.shell:Creating environment hook '/home/maryammahmood/PID_own_urdf/src/install/rrbot_description/share/rrbot_description/hook/cmake_prefix_path.ps1'
[0.900s] INFO:colcon.colcon_core.shell:Creating environment descriptor '/home/maryammahmood/PID_own_urdf/src/install/rrbot_description/share/rrbot_description/hook/cmake_prefix_path.dsv'
[0.900s] INFO:colcon.colcon_core.shell:Creating environment hook '/home/maryammahmood/PID_own_urdf/src/install/rrbot_description/share/rrbot_description/hook/cmake_prefix_path.sh'
[0.901s] Level 1:colcon.colcon_core.environment:checking '/home/maryammahmood/PID_own_urdf/src/install/rrbot_description/bin'
[0.901s] Level 1:colcon.colcon_core.environment:checking '/home/maryammahmood/PID_own_urdf/src/install/rrbot_description/lib/pkgconfig/rrbot_description.pc'
[0.901s] Level 1:colcon.colcon_core.environment:checking '/home/maryammahmood/PID_own_urdf/src/install/rrbot_description/lib/python3.10/site-packages'
[0.902s] Level 1:colcon.colcon_core.environment:checking '/home/maryammahmood/PID_own_urdf/src/install/rrbot_description/bin'
[0.902s] INFO:colcon.colcon_core.shell:Creating package script '/home/maryammahmood/PID_own_urdf/src/install/rrbot_description/share/rrbot_description/package.ps1'
[0.903s] INFO:colcon.colcon_core.shell:Creating package descriptor '/home/maryammahmood/PID_own_urdf/src/install/rrbot_description/share/rrbot_description/package.dsv'
[0.904s] INFO:colcon.colcon_core.shell:Creating package script '/home/maryammahmood/PID_own_urdf/src/install/rrbot_description/share/rrbot_description/package.sh'
[0.904s] INFO:colcon.colcon_core.shell:Creating package script '/home/maryammahmood/PID_own_urdf/src/install/rrbot_description/share/rrbot_description/package.bash'
[0.905s] INFO:colcon.colcon_core.shell:Creating package script '/home/maryammahmood/PID_own_urdf/src/install/rrbot_description/share/rrbot_description/package.zsh'
[0.906s] Level 1:colcon.colcon_core.environment:create_file_with_runtime_dependencies(/home/maryammahmood/PID_own_urdf/src/install/rrbot_description/share/colcon-core/packages/rrbot_description)
[0.964s] Level 1:colcon.colcon_core.environment:create_environment_scripts_only(rrbot_description)
[0.965s] Level 1:colcon.colcon_core.environment:checking '/home/maryammahmood/PID_own_urdf/src/install/rrbot_description' for CMake module files
[0.965s] Level 1:colcon.colcon_core.environment:checking '/home/maryammahmood/PID_own_urdf/src/install/rrbot_description' for CMake config files
[0.966s] Level 1:colcon.colcon_core.shell:create_environment_hook('rrbot_description', 'cmake_prefix_path')
[0.966s] INFO:colcon.colcon_core.shell:Creating environment hook '/home/maryammahmood/PID_own_urdf/src/install/rrbot_description/share/rrbot_description/hook/cmake_prefix_path.ps1'
[0.966s] INFO:colcon.colcon_core.shell:Creating environment descriptor '/home/maryammahmood/PID_own_urdf/src/install/rrbot_description/share/rrbot_description/hook/cmake_prefix_path.dsv'
[0.967s] INFO:colcon.colcon_core.shell:Creating environment hook '/home/maryammahmood/PID_own_urdf/src/install/rrbot_description/share/rrbot_description/hook/cmake_prefix_path.sh'
[0.968s] Level 1:colcon.colcon_core.environment:checking '/home/maryammahmood/PID_own_urdf/src/install/rrbot_description/bin'
[0.968s] Level 1:colcon.colcon_core.environment:checking '/home/maryammahmood/PID_own_urdf/src/install/rrbot_description/lib/pkgconfig/rrbot_description.pc'
[0.968s] Level 1:colcon.colcon_core.environment:checking '/home/maryammahmood/PID_own_urdf/src/install/rrbot_description/lib/python3.10/site-packages'
[0.968s] Level 1:colcon.colcon_core.environment:checking '/home/maryammahmood/PID_own_urdf/src/install/rrbot_description/bin'
[0.968s] INFO:colcon.colcon_core.shell:Creating package script '/home/maryammahmood/PID_own_urdf/src/install/rrbot_description/share/rrbot_description/package.ps1'
[0.969s] INFO:colcon.colcon_core.shell:Creating package descriptor '/home/maryammahmood/PID_own_urdf/src/install/rrbot_description/share/rrbot_description/package.dsv'
[0.969s] INFO:colcon.colcon_core.shell:Creating package script '/home/maryammahmood/PID_own_urdf/src/install/rrbot_description/share/rrbot_description/package.sh'
[0.970s] INFO:colcon.colcon_core.shell:Creating package script '/home/maryammahmood/PID_own_urdf/src/install/rrbot_description/share/rrbot_description/package.bash'
[0.970s] INFO:colcon.colcon_core.shell:Creating package script '/home/maryammahmood/PID_own_urdf/src/install/rrbot_description/share/rrbot_description/package.zsh'
[0.971s] Level 1:colcon.colcon_core.environment:create_file_with_runtime_dependencies(/home/maryammahmood/PID_own_urdf/src/install/rrbot_description/share/colcon-core/packages/rrbot_description)
[1.218s] DEBUG:colcon.colcon_core.event_handler.log_command:Invoked command in '/home/maryammahmood/PID_own_urdf/src/build/custom_interfaces' returned '0': CMAKE_PREFIX_PATH=${CMAKE_PREFIX_PATH}:/home/maryammahmood/ws_moveit2/install/moveit_configs_utils:/home/maryammahmood/ws_moveit2/install/launch_param_builder:/opt/ros/humble /usr/bin/cmake --build /home/maryammahmood/PID_own_urdf/src/build/custom_interfaces -- -j24 -l24
[1.679s] DEBUG:colcon.colcon_core.event_handler.log_command:Invoking command in '/home/maryammahmood/PID_own_urdf/src/build/custom_interfaces': CMAKE_PREFIX_PATH=${CMAKE_PREFIX_PATH}:/home/maryammahmood/ws_moveit2/install/moveit_configs_utils:/home/maryammahmood/ws_moveit2/install/launch_param_builder:/opt/ros/humble /usr/bin/cmake --install /home/maryammahmood/PID_own_urdf/src/build/custom_interfaces
[1.790s] Level 1:colcon.colcon_core.environment:create_environment_scripts_only(custom_interfaces)
[1.790s] DEBUG:colcon.colcon_core.event_handler.log_command:Invoked command in '/home/maryammahmood/PID_own_urdf/src/build/custom_interfaces' returned '0': CMAKE_PREFIX_PATH=${CMAKE_PREFIX_PATH}:/home/maryammahmood/ws_moveit2/install/moveit_configs_utils:/home/maryammahmood/ws_moveit2/install/launch_param_builder:/opt/ros/humble /usr/bin/cmake --install /home/maryammahmood/PID_own_urdf/src/build/custom_interfaces
[1.791s] Level 1:colcon.colcon_core.environment:checking '/home/maryammahmood/PID_own_urdf/src/install/custom_interfaces' for CMake module files
[1.791s] Level 1:colcon.colcon_core.environment:checking '/home/maryammahmood/PID_own_urdf/src/install/custom_interfaces' for CMake config files
[1.792s] Level 1:colcon.colcon_core.shell:create_environment_hook('custom_interfaces', 'cmake_prefix_path')
[1.793s] INFO:colcon.colcon_core.shell:Creating environment hook '/home/maryammahmood/PID_own_urdf/src/install/custom_interfaces/share/custom_interfaces/hook/cmake_prefix_path.ps1'
[1.793s] INFO:colcon.colcon_core.shell:Creating environment descriptor '/home/maryammahmood/PID_own_urdf/src/install/custom_interfaces/share/custom_interfaces/hook/cmake_prefix_path.dsv'
[1.794s] INFO:colcon.colcon_core.shell:Creating environment hook '/home/maryammahmood/PID_own_urdf/src/install/custom_interfaces/share/custom_interfaces/hook/cmake_prefix_path.sh'
[1.794s] Level 1:colcon.colcon_core.environment:checking '/home/maryammahmood/PID_own_urdf/src/install/custom_interfaces/lib'
[1.795s] Level 1:colcon.colcon_core.shell:create_environment_hook('custom_interfaces', 'ld_library_path_lib')
[1.795s] INFO:colcon.colcon_core.shell:Creating environment hook '/home/maryammahmood/PID_own_urdf/src/install/custom_interfaces/share/custom_interfaces/hook/ld_library_path_lib.ps1'
[1.795s] INFO:colcon.colcon_core.shell:Creating environment descriptor '/home/maryammahmood/PID_own_urdf/src/install/custom_interfaces/share/custom_interfaces/hook/ld_library_path_lib.dsv'
[1.796s] INFO:colcon.colcon_core.shell:Creating environment hook '/home/maryammahmood/PID_own_urdf/src/install/custom_interfaces/share/custom_interfaces/hook/ld_library_path_lib.sh'
[1.797s] Level 1:colcon.colcon_core.environment:checking '/home/maryammahmood/PID_own_urdf/src/install/custom_interfaces/bin'
[1.797s] Level 1:colcon.colcon_core.environment:checking '/home/maryammahmood/PID_own_urdf/src/install/custom_interfaces/lib/pkgconfig/custom_interfaces.pc'
[1.797s] Level 1:colcon.colcon_core.environment:checking '/home/maryammahmood/PID_own_urdf/src/install/custom_interfaces/lib/python3.10/site-packages'
[1.798s] Level 1:colcon.colcon_core.environment:checking '/home/maryammahmood/PID_own_urdf/src/install/custom_interfaces/bin'
[1.798s] INFO:colcon.colcon_core.shell:Creating package script '/home/maryammahmood/PID_own_urdf/src/install/custom_interfaces/share/custom_interfaces/package.ps1'
[1.800s] INFO:colcon.colcon_core.shell:Creating package descriptor '/home/maryammahmood/PID_own_urdf/src/install/custom_interfaces/share/custom_interfaces/package.dsv'
[1.801s] INFO:colcon.colcon_core.shell:Creating package script '/home/maryammahmood/PID_own_urdf/src/install/custom_interfaces/share/custom_interfaces/package.sh'
[1.802s] INFO:colcon.colcon_core.shell:Creating package script '/home/maryammahmood/PID_own_urdf/src/install/custom_interfaces/share/custom_interfaces/package.bash'
[1.802s] INFO:colcon.colcon_core.shell:Creating package script '/home/maryammahmood/PID_own_urdf/src/install/custom_interfaces/share/custom_interfaces/package.zsh'
[1.804s] Level 1:colcon.colcon_core.environment:create_file_with_runtime_dependencies(/home/maryammahmood/PID_own_urdf/src/install/custom_interfaces/share/colcon-core/packages/custom_interfaces)
[2.163s] Level 1:colcon.colcon_core.environment:create_environment_scripts_only(custom_interfaces)
[2.163s] Level 1:colcon.colcon_core.environment:checking '/home/maryammahmood/PID_own_urdf/src/install/custom_interfaces' for CMake module files
[2.164s] Level 1:colcon.colcon_core.environment:checking '/home/maryammahmood/PID_own_urdf/src/install/custom_interfaces' for CMake config files
[2.165s] Level 1:colcon.colcon_core.shell:create_environment_hook('custom_interfaces', 'cmake_prefix_path')
[2.165s] INFO:colcon.colcon_core.shell:Creating environment hook '/home/maryammahmood/PID_own_urdf/src/install/custom_interfaces/share/custom_interfaces/hook/cmake_prefix_path.ps1'
[2.166s] INFO:colcon.colcon_core.shell:Creating environment descriptor '/home/maryammahmood/PID_own_urdf/src/install/custom_interfaces/share/custom_interfaces/hook/cmake_prefix_path.dsv'
[2.167s] INFO:colcon.colcon_core.shell:Creating environment hook '/home/maryammahmood/PID_own_urdf/src/install/custom_interfaces/share/custom_interfaces/hook/cmake_prefix_path.sh'
[2.167s] Level 1:colcon.colcon_core.environment:checking '/home/maryammahmood/PID_own_urdf/src/install/custom_interfaces/lib'
[2.168s] Level 1:colcon.colcon_core.shell:create_environment_hook('custom_interfaces', 'ld_library_path_lib')
[2.168s] INFO:colcon.colcon_core.shell:Creating environment hook '/home/maryammahmood/PID_own_urdf/src/install/custom_interfaces/share/custom_interfaces/hook/ld_library_path_lib.ps1'
[2.168s] INFO:colcon.colcon_core.shell:Creating environment descriptor '/home/maryammahmood/PID_own_urdf/src/install/custom_interfaces/share/custom_interfaces/hook/ld_library_path_lib.dsv'
[2.169s] INFO:colcon.colcon_core.shell:Creating environment hook '/home/maryammahmood/PID_own_urdf/src/install/custom_interfaces/share/custom_interfaces/hook/ld_library_path_lib.sh'
[2.169s] Level 1:colcon.colcon_core.environment:checking '/home/maryammahmood/PID_own_urdf/src/install/custom_interfaces/bin'
[2.169s] Level 1:colcon.colcon_core.environment:checking '/home/maryammahmood/PID_own_urdf/src/install/custom_interfaces/lib/pkgconfig/custom_interfaces.pc'
[2.170s] Level 1:colcon.colcon_core.environment:checking '/home/maryammahmood/PID_own_urdf/src/install/custom_interfaces/lib/python3.10/site-packages'
[2.170s] Level 1:colcon.colcon_core.environment:checking '/home/maryammahmood/PID_own_urdf/src/install/custom_interfaces/bin'
[2.170s] INFO:colcon.colcon_core.shell:Creating package script '/home/maryammahmood/PID_own_urdf/src/install/custom_interfaces/share/custom_interfaces/package.ps1'
[2.171s] INFO:colcon.colcon_core.shell:Creating package descriptor '/home/maryammahmood/PID_own_urdf/src/install/custom_interfaces/share/custom_interfaces/package.dsv'
[2.172s] INFO:colcon.colcon_core.shell:Creating package script '/home/maryammahmood/PID_own_urdf/src/install/custom_interfaces/share/custom_interfaces/package.sh'
[2.172s] INFO:colcon.colcon_core.shell:Creating package script '/home/maryammahmood/PID_own_urdf/src/install/custom_interfaces/share/custom_interfaces/package.bash'
[2.174s] INFO:colcon.colcon_core.shell:Creating package script '/home/maryammahmood/PID_own_urdf/src/install/custom_interfaces/share/custom_interfaces/package.zsh'
[2.174s] Level 1:colcon.colcon_core.environment:create_file_with_runtime_dependencies(/home/maryammahmood/PID_own_urdf/src/install/custom_interfaces/share/colcon-core/packages/custom_interfaces)
[2.175s] INFO:colcon.colcon_ros.task.ament_cmake.build:Building ROS package in '/home/maryammahmood/PID_own_urdf/src/rrbot_simulation_files/rrbot_gazebo' with build type 'ament_cmake'
[2.175s] INFO:colcon.colcon_cmake.task.cmake.build:Building CMake package in '/home/maryammahmood/PID_own_urdf/src/rrbot_simulation_files/rrbot_gazebo'
[2.176s] INFO:colcon.colcon_core.shell:Skip shell extension 'powershell' for command environment: Not usable outside of PowerShell
[2.176s] DEBUG:colcon.colcon_core.shell:Skip shell extension 'dsv' for command environment
[2.203s] DEBUG:colcon.colcon_core.event_handler.log_command:Invoking command in '/home/maryammahmood/PID_own_urdf/src/build/rrbot_gazebo': CMAKE_PREFIX_PATH=/home/maryammahmood/PID_own_urdf/src/install/rrbot_description:/home/maryammahmood/PID_own_urdf/src/install/custom_interfaces:/home/maryammahmood/PID_own_urdf/src/install/rrbot_gazebo:/home/maryammahmood/ws_moveit2/install/pilz_industrial_motion_planner_testutils:/home/maryammahmood/ws_moveit2/install/moveit_runtime:/home/maryammahmood/ws_moveit2/install/moveit2_tutorials:/home/maryammahmood/ws_moveit2/install/moveit:/home/maryammahmood/ws_moveit2/install/moveit_planners:/home/maryammahmood/ws_moveit2/install/pilz_industrial_motion_planner:/home/maryammahmood/ws_moveit2/install/moveit_visual_tools:/home/maryammahmood/ws_moveit2/install/moveit_task_constructor_visualization:/home/maryammahmood/ws_moveit2/install/moveit_task_constructor_demo:/home/maryammahmood/ws_moveit2/install/moveit_task_constructor_capabilities:/home/maryammahmood/ws_moveit2/install/moveit_task_constructor_core:/home/maryammahmood/ws_moveit2/install/moveit_ros_control_interface:/home/maryammahmood/ws_moveit2/install/moveit_plugins:/home/maryammahmood/ws_moveit2/install/moveit_simple_controller_manager:/home/maryammahmood/ws_moveit2/install/moveit_setup_assistant:/home/maryammahmood/ws_moveit2/install/moveit_setup_srdf_plugins:/home/maryammahmood/ws_moveit2/install/moveit_setup_core_plugins:/home/maryammahmood/ws_moveit2/install/moveit_setup_controllers:/home/maryammahmood/ws_moveit2/install/moveit_setup_app_plugins:/home/maryammahmood/ws_moveit2/install/moveit_setup_framework:/home/maryammahmood/ws_moveit2/install/moveit_servo:/home/maryammahmood/ws_moveit2/install/moveit_ros:/home/maryammahmood/ws_moveit2/install/moveit_ros_visualization:/home/maryammahmood/ws_moveit2/install/moveit_hybrid_planning:/home/maryammahmood/ws_moveit2/install/moveit_ros_planning_interface:/home/maryammahmood/ws_moveit2/install/moveit_ros_benchmarks:/home/maryammahmood/ws_moveit2/install/moveit_ros_warehouse:/home/maryammahmood/ws_moveit2/install/moveit_ros_robot_interaction:/home/maryammahmood/ws_moveit2/install/moveit_ros_perception:/home/maryammahmood/ws_moveit2/install/moveit_resources_prbt_pg70_support:/home/maryammahmood/ws_moveit2/install/moveit_resources_prbt_moveit_config:/home/maryammahmood/ws_moveit2/install/moveit_ros_move_group:/home/maryammahmood/ws_moveit2/install/moveit_planners_ompl:/home/maryammahmood/ws_moveit2/install/moveit_ros_planning:/home/maryammahmood/ws_moveit2/install/moveit_ros_occupancy_map_monitor:/home/maryammahmood/ws_moveit2/install/moveit_resources_prbt_ikfast_manipulator_plugin:/home/maryammahmood/ws_moveit2/install/moveit_planners_chomp:/home/maryammahmood/ws_moveit2/install/moveit_kinematics:/home/maryammahmood/ws_moveit2/install/moveit_chomp_optimizer_adapter:/home/maryammahmood/ws_moveit2/install/chomp_motion_planner:/home/maryammahmood/ws_moveit2/install/moveit_core:/home/maryammahmood/ws_moveit2/install/srdfdom:/home/maryammahmood/ws_moveit2/install/rviz_marker_tools:/home/maryammahmood/ws_moveit2/install/rosparam_shortcuts:/home/maryammahmood/ws_moveit2/install/moveit_task_constructor_msgs:/home/maryammahmood/ws_moveit2/install/moveit_resources_prbt_support:/home/maryammahmood/ws_moveit2/install/moveit_resources:/home/maryammahmood/ws_moveit2/install/moveit_resources_pr2_description:/home/maryammahmood/ws_moveit2/install/moveit_resources_panda_moveit_config:/home/maryammahmood/ws_moveit2/install/moveit_resources_panda_description:/home/maryammahmood/ws_moveit2/install/moveit_resources_fanuc_moveit_config:/home/maryammahmood/ws_moveit2/install/moveit_resources_fanuc_description:/home/maryammahmood/ws_moveit2/install/moveit_common:/opt/openrobots:/home/maryammahmood/ws_moveit2/install/moveit_configs_utils:/home/maryammahmood/ws_moveit2/install/launch_param_builder:/opt/ros/humble LD_LIBRARY_PATH=/home/maryammahmood/PID_own_urdf/src/install/custom_interfaces/lib:/home/maryammahmood/ws_moveit2/install/pilz_industrial_motion_planner_testutils/lib:/home/maryammahmood/ws_moveit2/install/pilz_industrial_motion_planner/lib:/home/maryammahmood/ws_moveit2/install/moveit_visual_tools/lib:/home/maryammahmood/ws_moveit2/install/moveit_task_constructor_visualization/lib:/home/maryammahmood/ws_moveit2/install/moveit_task_constructor_demo/lib:/home/maryammahmood/ws_moveit2/install/moveit_task_constructor_capabilities/lib:/home/maryammahmood/ws_moveit2/install/moveit_task_constructor_core/lib:/home/maryammahmood/ws_moveit2/install/moveit_ros_control_interface/lib:/home/maryammahmood/ws_moveit2/install/moveit_simple_controller_manager/lib:/home/maryammahmood/ws_moveit2/install/moveit_setup_assistant/lib:/home/maryammahmood/ws_moveit2/install/moveit_setup_srdf_plugins/lib:/home/maryammahmood/ws_moveit2/install/moveit_setup_core_plugins/lib:/home/maryammahmood/ws_moveit2/install/moveit_setup_controllers/lib:/home/maryammahmood/ws_moveit2/install/moveit_setup_app_plugins/lib:/home/maryammahmood/ws_moveit2/install/moveit_setup_framework/lib:/home/maryammahmood/ws_moveit2/install/moveit_servo/lib:/home/maryammahmood/ws_moveit2/install/moveit_ros_visualization/lib:/home/maryammahmood/ws_moveit2/install/moveit_hybrid_planning/lib:/home/maryammahmood/ws_moveit2/install/moveit_ros_planning_interface/lib:/home/maryammahmood/ws_moveit2/install/moveit_ros_benchmarks/lib:/home/maryammahmood/ws_moveit2/install/moveit_ros_warehouse/lib:/home/maryammahmood/ws_moveit2/install/moveit_ros_robot_interaction/lib:/home/maryammahmood/ws_moveit2/install/moveit_ros_perception/lib:/home/maryammahmood/ws_moveit2/install/moveit_ros_move_group/lib:/home/maryammahmood/ws_moveit2/install/moveit_planners_ompl/lib:/home/maryammahmood/ws_moveit2/install/moveit_ros_planning/lib:/home/maryammahmood/ws_moveit2/install/moveit_ros_occupancy_map_monitor/lib:/home/maryammahmood/ws_moveit2/install/moveit_resources_prbt_ikfast_manipulator_plugin/lib:/home/maryammahmood/ws_moveit2/install/moveit_planners_chomp/lib:/home/maryammahmood/ws_moveit2/install/moveit_kinematics/lib:/home/maryammahmood/ws_moveit2/install/moveit_chomp_optimizer_adapter/lib:/home/maryammahmood/ws_moveit2/install/chomp_motion_planner/lib:/home/maryammahmood/ws_moveit2/install/moveit_core/lib:/home/maryammahmood/ws_moveit2/install/srdfdom/lib:/home/maryammahmood/ws_moveit2/install/rviz_marker_tools/lib:/home/maryammahmood/ws_moveit2/install/rosparam_shortcuts/lib:/home/maryammahmood/ws_moveit2/install/moveit_task_constructor_msgs/lib:/opt/openrobots/lib:/usr/lib/x86_64-linux-gnu/gazebo-11/plugins:/opt/ros/humble/opt/rviz_ogre_vendor/lib:/opt/ros/humble/lib/x86_64-linux-gnu:/opt/ros/humble/lib:/usr/share/gazebo/../../lib/x86_64-linux-gnu/gazebo-11/plugins /usr/bin/cmake --build /home/maryammahmood/PID_own_urdf/src/build/rrbot_gazebo -- -j24 -l24
[2.338s] DEBUG:colcon.colcon_core.event_handler.log_command:Invoked command in '/home/maryammahmood/PID_own_urdf/src/build/rrbot_gazebo' returned '0': CMAKE_PREFIX_PATH=/home/maryammahmood/PID_own_urdf/src/install/rrbot_description:/home/maryammahmood/PID_own_urdf/src/install/custom_interfaces:/home/maryammahmood/PID_own_urdf/src/install/rrbot_gazebo:/home/maryammahmood/ws_moveit2/install/pilz_industrial_motion_planner_testutils:/home/maryammahmood/ws_moveit2/install/moveit_runtime:/home/maryammahmood/ws_moveit2/install/moveit2_tutorials:/home/maryammahmood/ws_moveit2/install/moveit:/home/maryammahmood/ws_moveit2/install/moveit_planners:/home/maryammahmood/ws_moveit2/install/pilz_industrial_motion_planner:/home/maryammahmood/ws_moveit2/install/moveit_visual_tools:/home/maryammahmood/ws_moveit2/install/moveit_task_constructor_visualization:/home/maryammahmood/ws_moveit2/install/moveit_task_constructor_demo:/home/maryammahmood/ws_moveit2/install/moveit_task_constructor_capabilities:/home/maryammahmood/ws_moveit2/install/moveit_task_constructor_core:/home/maryammahmood/ws_moveit2/install/moveit_ros_control_interface:/home/maryammahmood/ws_moveit2/install/moveit_plugins:/home/maryammahmood/ws_moveit2/install/moveit_simple_controller_manager:/home/maryammahmood/ws_moveit2/install/moveit_setup_assistant:/home/maryammahmood/ws_moveit2/install/moveit_setup_srdf_plugins:/home/maryammahmood/ws_moveit2/install/moveit_setup_core_plugins:/home/maryammahmood/ws_moveit2/install/moveit_setup_controllers:/home/maryammahmood/ws_moveit2/install/moveit_setup_app_plugins:/home/maryammahmood/ws_moveit2/install/moveit_setup_framework:/home/maryammahmood/ws_moveit2/install/moveit_servo:/home/maryammahmood/ws_moveit2/install/moveit_ros:/home/maryammahmood/ws_moveit2/install/moveit_ros_visualization:/home/maryammahmood/ws_moveit2/install/moveit_hybrid_planning:/home/maryammahmood/ws_moveit2/install/moveit_ros_planning_interface:/home/maryammahmood/ws_moveit2/install/moveit_ros_benchmarks:/home/maryammahmood/ws_moveit2/install/moveit_ros_warehouse:/home/maryammahmood/ws_moveit2/install/moveit_ros_robot_interaction:/home/maryammahmood/ws_moveit2/install/moveit_ros_perception:/home/maryammahmood/ws_moveit2/install/moveit_resources_prbt_pg70_support:/home/maryammahmood/ws_moveit2/install/moveit_resources_prbt_moveit_config:/home/maryammahmood/ws_moveit2/install/moveit_ros_move_group:/home/maryammahmood/ws_moveit2/install/moveit_planners_ompl:/home/maryammahmood/ws_moveit2/install/moveit_ros_planning:/home/maryammahmood/ws_moveit2/install/moveit_ros_occupancy_map_monitor:/home/maryammahmood/ws_moveit2/install/moveit_resources_prbt_ikfast_manipulator_plugin:/home/maryammahmood/ws_moveit2/install/moveit_planners_chomp:/home/maryammahmood/ws_moveit2/install/moveit_kinematics:/home/maryammahmood/ws_moveit2/install/moveit_chomp_optimizer_adapter:/home/maryammahmood/ws_moveit2/install/chomp_motion_planner:/home/maryammahmood/ws_moveit2/install/moveit_core:/home/maryammahmood/ws_moveit2/install/srdfdom:/home/maryammahmood/ws_moveit2/install/rviz_marker_tools:/home/maryammahmood/ws_moveit2/install/rosparam_shortcuts:/home/maryammahmood/ws_moveit2/install/moveit_task_constructor_msgs:/home/maryammahmood/ws_moveit2/install/moveit_resources_prbt_support:/home/maryammahmood/ws_moveit2/install/moveit_resources:/home/maryammahmood/ws_moveit2/install/moveit_resources_pr2_description:/home/maryammahmood/ws_moveit2/install/moveit_resources_panda_moveit_config:/home/maryammahmood/ws_moveit2/install/moveit_resources_panda_description:/home/maryammahmood/ws_moveit2/install/moveit_resources_fanuc_moveit_config:/home/maryammahmood/ws_moveit2/install/moveit_resources_fanuc_description:/home/maryammahmood/ws_moveit2/install/moveit_common:/opt/openrobots:/home/maryammahmood/ws_moveit2/install/moveit_configs_utils:/home/maryammahmood/ws_moveit2/install/launch_param_builder:/opt/ros/humble LD_LIBRARY_PATH=/home/maryammahmood/PID_own_urdf/src/install/custom_interfaces/lib:/home/maryammahmood/ws_moveit2/install/pilz_industrial_motion_planner_testutils/lib:/home/maryammahmood/ws_moveit2/install/pilz_industrial_motion_planner/lib:/home/maryammahmood/ws_moveit2/install/moveit_visual_tools/lib:/home/maryammahmood/ws_moveit2/install/moveit_task_constructor_visualization/lib:/home/maryammahmood/ws_moveit2/install/moveit_task_constructor_demo/lib:/home/maryammahmood/ws_moveit2/install/moveit_task_constructor_capabilities/lib:/home/maryammahmood/ws_moveit2/install/moveit_task_constructor_core/lib:/home/maryammahmood/ws_moveit2/install/moveit_ros_control_interface/lib:/home/maryammahmood/ws_moveit2/install/moveit_simple_controller_manager/lib:/home/maryammahmood/ws_moveit2/install/moveit_setup_assistant/lib:/home/maryammahmood/ws_moveit2/install/moveit_setup_srdf_plugins/lib:/home/maryammahmood/ws_moveit2/install/moveit_setup_core_plugins/lib:/home/maryammahmood/ws_moveit2/install/moveit_setup_controllers/lib:/home/maryammahmood/ws_moveit2/install/moveit_setup_app_plugins/lib:/home/maryammahmood/ws_moveit2/install/moveit_setup_framework/lib:/home/maryammahmood/ws_moveit2/install/moveit_servo/lib:/home/maryammahmood/ws_moveit2/install/moveit_ros_visualization/lib:/home/maryammahmood/ws_moveit2/install/moveit_hybrid_planning/lib:/home/maryammahmood/ws_moveit2/install/moveit_ros_planning_interface/lib:/home/maryammahmood/ws_moveit2/install/moveit_ros_benchmarks/lib:/home/maryammahmood/ws_moveit2/install/moveit_ros_warehouse/lib:/home/maryammahmood/ws_moveit2/install/moveit_ros_robot_interaction/lib:/home/maryammahmood/ws_moveit2/install/moveit_ros_perception/lib:/home/maryammahmood/ws_moveit2/install/moveit_ros_move_group/lib:/home/maryammahmood/ws_moveit2/install/moveit_planners_ompl/lib:/home/maryammahmood/ws_moveit2/install/moveit_ros_planning/lib:/home/maryammahmood/ws_moveit2/install/moveit_ros_occupancy_map_monitor/lib:/home/maryammahmood/ws_moveit2/install/moveit_resources_prbt_ikfast_manipulator_plugin/lib:/home/maryammahmood/ws_moveit2/install/moveit_planners_chomp/lib:/home/maryammahmood/ws_moveit2/install/moveit_kinematics/lib:/home/maryammahmood/ws_moveit2/install/moveit_chomp_optimizer_adapter/lib:/home/maryammahmood/ws_moveit2/install/chomp_motion_planner/lib:/home/maryammahmood/ws_moveit2/install/moveit_core/lib:/home/maryammahmood/ws_moveit2/install/srdfdom/lib:/home/maryammahmood/ws_moveit2/install/rviz_marker_tools/lib:/home/maryammahmood/ws_moveit2/install/rosparam_shortcuts/lib:/home/maryammahmood/ws_moveit2/install/moveit_task_constructor_msgs/lib:/opt/openrobots/lib:/usr/lib/x86_64-linux-gnu/gazebo-11/plugins:/opt/ros/humble/opt/rviz_ogre_vendor/lib:/opt/ros/humble/lib/x86_64-linux-gnu:/opt/ros/humble/lib:/usr/share/gazebo/../../lib/x86_64-linux-gnu/gazebo-11/plugins /usr/bin/cmake --build /home/maryammahmood/PID_own_urdf/src/build/rrbot_gazebo -- -j24 -l24
[2.465s] DEBUG:colcon.colcon_core.event_handler.log_command:Invoking command in '/home/maryammahmood/PID_own_urdf/src/build/rrbot_gazebo': CMAKE_PREFIX_PATH=/home/maryammahmood/PID_own_urdf/src/install/rrbot_description:/home/maryammahmood/PID_own_urdf/src/install/custom_interfaces:/home/maryammahmood/PID_own_urdf/src/install/rrbot_gazebo:/home/maryammahmood/ws_moveit2/install/pilz_industrial_motion_planner_testutils:/home/maryammahmood/ws_moveit2/install/moveit_runtime:/home/maryammahmood/ws_moveit2/install/moveit2_tutorials:/home/maryammahmood/ws_moveit2/install/moveit:/home/maryammahmood/ws_moveit2/install/moveit_planners:/home/maryammahmood/ws_moveit2/install/pilz_industrial_motion_planner:/home/maryammahmood/ws_moveit2/install/moveit_visual_tools:/home/maryammahmood/ws_moveit2/install/moveit_task_constructor_visualization:/home/maryammahmood/ws_moveit2/install/moveit_task_constructor_demo:/home/maryammahmood/ws_moveit2/install/moveit_task_constructor_capabilities:/home/maryammahmood/ws_moveit2/install/moveit_task_constructor_core:/home/maryammahmood/ws_moveit2/install/moveit_ros_control_interface:/home/maryammahmood/ws_moveit2/install/moveit_plugins:/home/maryammahmood/ws_moveit2/install/moveit_simple_controller_manager:/home/maryammahmood/ws_moveit2/install/moveit_setup_assistant:/home/maryammahmood/ws_moveit2/install/moveit_setup_srdf_plugins:/home/maryammahmood/ws_moveit2/install/moveit_setup_core_plugins:/home/maryammahmood/ws_moveit2/install/moveit_setup_controllers:/home/maryammahmood/ws_moveit2/install/moveit_setup_app_plugins:/home/maryammahmood/ws_moveit2/install/moveit_setup_framework:/home/maryammahmood/ws_moveit2/install/moveit_servo:/home/maryammahmood/ws_moveit2/install/moveit_ros:/home/maryammahmood/ws_moveit2/install/moveit_ros_visualization:/home/maryammahmood/ws_moveit2/install/moveit_hybrid_planning:/home/maryammahmood/ws_moveit2/install/moveit_ros_planning_interface:/home/maryammahmood/ws_moveit2/install/moveit_ros_benchmarks:/home/maryammahmood/ws_moveit2/install/moveit_ros_warehouse:/home/maryammahmood/ws_moveit2/install/moveit_ros_robot_interaction:/home/maryammahmood/ws_moveit2/install/moveit_ros_perception:/home/maryammahmood/ws_moveit2/install/moveit_resources_prbt_pg70_support:/home/maryammahmood/ws_moveit2/install/moveit_resources_prbt_moveit_config:/home/maryammahmood/ws_moveit2/install/moveit_ros_move_group:/home/maryammahmood/ws_moveit2/install/moveit_planners_ompl:/home/maryammahmood/ws_moveit2/install/moveit_ros_planning:/home/maryammahmood/ws_moveit2/install/moveit_ros_occupancy_map_monitor:/home/maryammahmood/ws_moveit2/install/moveit_resources_prbt_ikfast_manipulator_plugin:/home/maryammahmood/ws_moveit2/install/moveit_planners_chomp:/home/maryammahmood/ws_moveit2/install/moveit_kinematics:/home/maryammahmood/ws_moveit2/install/moveit_chomp_optimizer_adapter:/home/maryammahmood/ws_moveit2/install/chomp_motion_planner:/home/maryammahmood/ws_moveit2/install/moveit_core:/home/maryammahmood/ws_moveit2/install/srdfdom:/home/maryammahmood/ws_moveit2/install/rviz_marker_tools:/home/maryammahmood/ws_moveit2/install/rosparam_shortcuts:/home/maryammahmood/ws_moveit2/install/moveit_task_constructor_msgs:/home/maryammahmood/ws_moveit2/install/moveit_resources_prbt_support:/home/maryammahmood/ws_moveit2/install/moveit_resources:/home/maryammahmood/ws_moveit2/install/moveit_resources_pr2_description:/home/maryammahmood/ws_moveit2/install/moveit_resources_panda_moveit_config:/home/maryammahmood/ws_moveit2/install/moveit_resources_panda_description:/home/maryammahmood/ws_moveit2/install/moveit_resources_fanuc_moveit_config:/home/maryammahmood/ws_moveit2/install/moveit_resources_fanuc_description:/home/maryammahmood/ws_moveit2/install/moveit_common:/opt/openrobots:/home/maryammahmood/ws_moveit2/install/moveit_configs_utils:/home/maryammahmood/ws_moveit2/install/launch_param_builder:/opt/ros/humble LD_LIBRARY_PATH=/home/maryammahmood/PID_own_urdf/src/install/custom_interfaces/lib:/home/maryammahmood/ws_moveit2/install/pilz_industrial_motion_planner_testutils/lib:/home/maryammahmood/ws_moveit2/install/pilz_industrial_motion_planner/lib:/home/maryammahmood/ws_moveit2/install/moveit_visual_tools/lib:/home/maryammahmood/ws_moveit2/install/moveit_task_constructor_visualization/lib:/home/maryammahmood/ws_moveit2/install/moveit_task_constructor_demo/lib:/home/maryammahmood/ws_moveit2/install/moveit_task_constructor_capabilities/lib:/home/maryammahmood/ws_moveit2/install/moveit_task_constructor_core/lib:/home/maryammahmood/ws_moveit2/install/moveit_ros_control_interface/lib:/home/maryammahmood/ws_moveit2/install/moveit_simple_controller_manager/lib:/home/maryammahmood/ws_moveit2/install/moveit_setup_assistant/lib:/home/maryammahmood/ws_moveit2/install/moveit_setup_srdf_plugins/lib:/home/maryammahmood/ws_moveit2/install/moveit_setup_core_plugins/lib:/home/maryammahmood/ws_moveit2/install/moveit_setup_controllers/lib:/home/maryammahmood/ws_moveit2/install/moveit_setup_app_plugins/lib:/home/maryammahmood/ws_moveit2/install/moveit_setup_framework/lib:/home/maryammahmood/ws_moveit2/install/moveit_servo/lib:/home/maryammahmood/ws_moveit2/install/moveit_ros_visualization/lib:/home/maryammahmood/ws_moveit2/install/moveit_hybrid_planning/lib:/home/maryammahmood/ws_moveit2/install/moveit_ros_planning_interface/lib:/home/maryammahmood/ws_moveit2/install/moveit_ros_benchmarks/lib:/home/maryammahmood/ws_moveit2/install/moveit_ros_warehouse/lib:/home/maryammahmood/ws_moveit2/install/moveit_ros_robot_interaction/lib:/home/maryammahmood/ws_moveit2/install/moveit_ros_perception/lib:/home/maryammahmood/ws_moveit2/install/moveit_ros_move_group/lib:/home/maryammahmood/ws_moveit2/install/moveit_planners_ompl/lib:/home/maryammahmood/ws_moveit2/install/moveit_ros_planning/lib:/home/maryammahmood/ws_moveit2/install/moveit_ros_occupancy_map_monitor/lib:/home/maryammahmood/ws_moveit2/install/moveit_resources_prbt_ikfast_manipulator_plugin/lib:/home/maryammahmood/ws_moveit2/install/moveit_planners_chomp/lib:/home/maryammahmood/ws_moveit2/install/moveit_kinematics/lib:/home/maryammahmood/ws_moveit2/install/moveit_chomp_optimizer_adapter/lib:/home/maryammahmood/ws_moveit2/install/chomp_motion_planner/lib:/home/maryammahmood/ws_moveit2/install/moveit_core/lib:/home/maryammahmood/ws_moveit2/install/srdfdom/lib:/home/maryammahmood/ws_moveit2/install/rviz_marker_tools/lib:/home/maryammahmood/ws_moveit2/install/rosparam_shortcuts/lib:/home/maryammahmood/ws_moveit2/install/moveit_task_constructor_msgs/lib:/opt/openrobots/lib:/usr/lib/x86_64-linux-gnu/gazebo-11/plugins:/opt/ros/humble/opt/rviz_ogre_vendor/lib:/opt/ros/humble/lib/x86_64-linux-gnu:/opt/ros/humble/lib:/usr/share/gazebo/../../lib/x86_64-linux-gnu/gazebo-11/plugins /usr/bin/cmake --install /home/maryammahmood/PID_own_urdf/src/build/rrbot_gazebo
[2.529s] Level 1:colcon.colcon_core.environment:create_environment_scripts_only(rrbot_gazebo)
[2.531s] Level 1:colcon.colcon_core.environment:checking '/home/maryammahmood/PID_own_urdf/src/install/rrbot_gazebo' for CMake module files
[2.532s] DEBUG:colcon.colcon_core.event_handler.log_command:Invoked command in '/home/maryammahmood/PID_own_urdf/src/build/rrbot_gazebo' returned '0': CMAKE_PREFIX_PATH=/home/maryammahmood/PID_own_urdf/src/install/rrbot_description:/home/maryammahmood/PID_own_urdf/src/install/custom_interfaces:/home/maryammahmood/PID_own_urdf/src/install/rrbot_gazebo:/home/maryammahmood/ws_moveit2/install/pilz_industrial_motion_planner_testutils:/home/maryammahmood/ws_moveit2/install/moveit_runtime:/home/maryammahmood/ws_moveit2/install/moveit2_tutorials:/home/maryammahmood/ws_moveit2/install/moveit:/home/maryammahmood/ws_moveit2/install/moveit_planners:/home/maryammahmood/ws_moveit2/install/pilz_industrial_motion_planner:/home/maryammahmood/ws_moveit2/install/moveit_visual_tools:/home/maryammahmood/ws_moveit2/install/moveit_task_constructor_visualization:/home/maryammahmood/ws_moveit2/install/moveit_task_constructor_demo:/home/maryammahmood/ws_moveit2/install/moveit_task_constructor_capabilities:/home/maryammahmood/ws_moveit2/install/moveit_task_constructor_core:/home/maryammahmood/ws_moveit2/install/moveit_ros_control_interface:/home/maryammahmood/ws_moveit2/install/moveit_plugins:/home/maryammahmood/ws_moveit2/install/moveit_simple_controller_manager:/home/maryammahmood/ws_moveit2/install/moveit_setup_assistant:/home/maryammahmood/ws_moveit2/install/moveit_setup_srdf_plugins:/home/maryammahmood/ws_moveit2/install/moveit_setup_core_plugins:/home/maryammahmood/ws_moveit2/install/moveit_setup_controllers:/home/maryammahmood/ws_moveit2/install/moveit_setup_app_plugins:/home/maryammahmood/ws_moveit2/install/moveit_setup_framework:/home/maryammahmood/ws_moveit2/install/moveit_servo:/home/maryammahmood/ws_moveit2/install/moveit_ros:/home/maryammahmood/ws_moveit2/install/moveit_ros_visualization:/home/maryammahmood/ws_moveit2/install/moveit_hybrid_planning:/home/maryammahmood/ws_moveit2/install/moveit_ros_planning_interface:/home/maryammahmood/ws_moveit2/install/moveit_ros_benchmarks:/home/maryammahmood/ws_moveit2/install/moveit_ros_warehouse:/home/maryammahmood/ws_moveit2/install/moveit_ros_robot_interaction:/home/maryammahmood/ws_moveit2/install/moveit_ros_perception:/home/maryammahmood/ws_moveit2/install/moveit_resources_prbt_pg70_support:/home/maryammahmood/ws_moveit2/install/moveit_resources_prbt_moveit_config:/home/maryammahmood/ws_moveit2/install/moveit_ros_move_group:/home/maryammahmood/ws_moveit2/install/moveit_planners_ompl:/home/maryammahmood/ws_moveit2/install/moveit_ros_planning:/home/maryammahmood/ws_moveit2/install/moveit_ros_occupancy_map_monitor:/home/maryammahmood/ws_moveit2/install/moveit_resources_prbt_ikfast_manipulator_plugin:/home/maryammahmood/ws_moveit2/install/moveit_planners_chomp:/home/maryammahmood/ws_moveit2/install/moveit_kinematics:/home/maryammahmood/ws_moveit2/install/moveit_chomp_optimizer_adapter:/home/maryammahmood/ws_moveit2/install/chomp_motion_planner:/home/maryammahmood/ws_moveit2/install/moveit_core:/home/maryammahmood/ws_moveit2/install/srdfdom:/home/maryammahmood/ws_moveit2/install/rviz_marker_tools:/home/maryammahmood/ws_moveit2/install/rosparam_shortcuts:/home/maryammahmood/ws_moveit2/install/moveit_task_constructor_msgs:/home/maryammahmood/ws_moveit2/install/moveit_resources_prbt_support:/home/maryammahmood/ws_moveit2/install/moveit_resources:/home/maryammahmood/ws_moveit2/install/moveit_resources_pr2_description:/home/maryammahmood/ws_moveit2/install/moveit_resources_panda_moveit_config:/home/maryammahmood/ws_moveit2/install/moveit_resources_panda_description:/home/maryammahmood/ws_moveit2/install/moveit_resources_fanuc_moveit_config:/home/maryammahmood/ws_moveit2/install/moveit_resources_fanuc_description:/home/maryammahmood/ws_moveit2/install/moveit_common:/opt/openrobots:/home/maryammahmood/ws_moveit2/install/moveit_configs_utils:/home/maryammahmood/ws_moveit2/install/launch_param_builder:/opt/ros/humble LD_LIBRARY_PATH=/home/maryammahmood/PID_own_urdf/src/install/custom_interfaces/lib:/home/maryammahmood/ws_moveit2/install/pilz_industrial_motion_planner_testutils/lib:/home/maryammahmood/ws_moveit2/install/pilz_industrial_motion_planner/lib:/home/maryammahmood/ws_moveit2/install/moveit_visual_tools/lib:/home/maryammahmood/ws_moveit2/install/moveit_task_constructor_visualization/lib:/home/maryammahmood/ws_moveit2/install/moveit_task_constructor_demo/lib:/home/maryammahmood/ws_moveit2/install/moveit_task_constructor_capabilities/lib:/home/maryammahmood/ws_moveit2/install/moveit_task_constructor_core/lib:/home/maryammahmood/ws_moveit2/install/moveit_ros_control_interface/lib:/home/maryammahmood/ws_moveit2/install/moveit_simple_controller_manager/lib:/home/maryammahmood/ws_moveit2/install/moveit_setup_assistant/lib:/home/maryammahmood/ws_moveit2/install/moveit_setup_srdf_plugins/lib:/home/maryammahmood/ws_moveit2/install/moveit_setup_core_plugins/lib:/home/maryammahmood/ws_moveit2/install/moveit_setup_controllers/lib:/home/maryammahmood/ws_moveit2/install/moveit_setup_app_plugins/lib:/home/maryammahmood/ws_moveit2/install/moveit_setup_framework/lib:/home/maryammahmood/ws_moveit2/install/moveit_servo/lib:/home/maryammahmood/ws_moveit2/install/moveit_ros_visualization/lib:/home/maryammahmood/ws_moveit2/install/moveit_hybrid_planning/lib:/home/maryammahmood/ws_moveit2/install/moveit_ros_planning_interface/lib:/home/maryammahmood/ws_moveit2/install/moveit_ros_benchmarks/lib:/home/maryammahmood/ws_moveit2/install/moveit_ros_warehouse/lib:/home/maryammahmood/ws_moveit2/install/moveit_ros_robot_interaction/lib:/home/maryammahmood/ws_moveit2/install/moveit_ros_perception/lib:/home/maryammahmood/ws_moveit2/install/moveit_ros_move_group/lib:/home/maryammahmood/ws_moveit2/install/moveit_planners_ompl/lib:/home/maryammahmood/ws_moveit2/install/moveit_ros_planning/lib:/home/maryammahmood/ws_moveit2/install/moveit_ros_occupancy_map_monitor/lib:/home/maryammahmood/ws_moveit2/install/moveit_resources_prbt_ikfast_manipulator_plugin/lib:/home/maryammahmood/ws_moveit2/install/moveit_planners_chomp/lib:/home/maryammahmood/ws_moveit2/install/moveit_kinematics/lib:/home/maryammahmood/ws_moveit2/install/moveit_chomp_optimizer_adapter/lib:/home/maryammahmood/ws_moveit2/install/chomp_motion_planner/lib:/home/maryammahmood/ws_moveit2/install/moveit_core/lib:/home/maryammahmood/ws_moveit2/install/srdfdom/lib:/home/maryammahmood/ws_moveit2/install/rviz_marker_tools/lib:/home/maryammahmood/ws_moveit2/install/rosparam_shortcuts/lib:/home/maryammahmood/ws_moveit2/install/moveit_task_constructor_msgs/lib:/opt/openrobots/lib:/usr/lib/x86_64-linux-gnu/gazebo-11/plugins:/opt/ros/humble/opt/rviz_ogre_vendor/lib:/opt/ros/humble/lib/x86_64-linux-gnu:/opt/ros/humble/lib:/usr/share/gazebo/../../lib/x86_64-linux-gnu/gazebo-11/plugins /usr/bin/cmake --install /home/maryammahmood/PID_own_urdf/src/build/rrbot_gazebo
[2.535s] Level 1:colcon.colcon_core.environment:checking '/home/maryammahmood/PID_own_urdf/src/install/rrbot_gazebo' for CMake config files
[2.536s] Level 1:colcon.colcon_core.shell:create_environment_hook('rrbot_gazebo', 'cmake_prefix_path')
[2.537s] INFO:colcon.colcon_core.shell:Creating environment hook '/home/maryammahmood/PID_own_urdf/src/install/rrbot_gazebo/share/rrbot_gazebo/hook/cmake_prefix_path.ps1'
[2.539s] INFO:colcon.colcon_core.shell:Creating environment descriptor '/home/maryammahmood/PID_own_urdf/src/install/rrbot_gazebo/share/rrbot_gazebo/hook/cmake_prefix_path.dsv'
[2.541s] INFO:colcon.colcon_core.shell:Creating environment hook '/home/maryammahmood/PID_own_urdf/src/install/rrbot_gazebo/share/rrbot_gazebo/hook/cmake_prefix_path.sh'
[2.542s] Level 1:colcon.colcon_core.environment:checking '/home/maryammahmood/PID_own_urdf/src/install/rrbot_gazebo/lib'
[2.543s] Level 1:colcon.colcon_core.environment:checking '/home/maryammahmood/PID_own_urdf/src/install/rrbot_gazebo/bin'
[2.543s] Level 1:colcon.colcon_core.environment:checking '/home/maryammahmood/PID_own_urdf/src/install/rrbot_gazebo/lib/pkgconfig/rrbot_gazebo.pc'
[2.544s] Level 1:colcon.colcon_core.environment:checking '/home/maryammahmood/PID_own_urdf/src/install/rrbot_gazebo/lib/python3.10/site-packages'
[2.544s] Level 1:colcon.colcon_core.environment:checking '/home/maryammahmood/PID_own_urdf/src/install/rrbot_gazebo/bin'
[2.545s] INFO:colcon.colcon_core.shell:Creating package script '/home/maryammahmood/PID_own_urdf/src/install/rrbot_gazebo/share/rrbot_gazebo/package.ps1'
[2.546s] INFO:colcon.colcon_core.shell:Creating package descriptor '/home/maryammahmood/PID_own_urdf/src/install/rrbot_gazebo/share/rrbot_gazebo/package.dsv'
[2.547s] INFO:colcon.colcon_core.shell:Creating package script '/home/maryammahmood/PID_own_urdf/src/install/rrbot_gazebo/share/rrbot_gazebo/package.sh'
[2.548s] INFO:colcon.colcon_core.shell:Creating package script '/home/maryammahmood/PID_own_urdf/src/install/rrbot_gazebo/share/rrbot_gazebo/package.bash'
[2.548s] INFO:colcon.colcon_core.shell:Creating package script '/home/maryammahmood/PID_own_urdf/src/install/rrbot_gazebo/share/rrbot_gazebo/package.zsh'
[2.549s] Level 1:colcon.colcon_core.environment:create_file_with_runtime_dependencies(/home/maryammahmood/PID_own_urdf/src/install/rrbot_gazebo/share/colcon-core/packages/rrbot_gazebo)
[2.744s] Level 1:colcon.colcon_core.environment:create_environment_scripts_only(rrbot_gazebo)
[2.745s] Level 1:colcon.colcon_core.environment:checking '/home/maryammahmood/PID_own_urdf/src/install/rrbot_gazebo' for CMake module files
[2.746s] Level 1:colcon.colcon_core.environment:checking '/home/maryammahmood/PID_own_urdf/src/install/rrbot_gazebo' for CMake config files
[2.746s] Level 1:colcon.colcon_core.shell:create_environment_hook('rrbot_gazebo', 'cmake_prefix_path')
[2.747s] INFO:colcon.colcon_core.shell:Creating environment hook '/home/maryammahmood/PID_own_urdf/src/install/rrbot_gazebo/share/rrbot_gazebo/hook/cmake_prefix_path.ps1'
[2.747s] INFO:colcon.colcon_core.shell:Creating environment descriptor '/home/maryammahmood/PID_own_urdf/src/install/rrbot_gazebo/share/rrbot_gazebo/hook/cmake_prefix_path.dsv'
[2.748s] INFO:colcon.colcon_core.shell:Creating environment hook '/home/maryammahmood/PID_own_urdf/src/install/rrbot_gazebo/share/rrbot_gazebo/hook/cmake_prefix_path.sh'
[2.749s] Level 1:colcon.colcon_core.environment:checking '/home/maryammahmood/PID_own_urdf/src/install/rrbot_gazebo/lib'
[2.749s] Level 1:colcon.colcon_core.environment:checking '/home/maryammahmood/PID_own_urdf/src/install/rrbot_gazebo/bin'
[2.749s] Level 1:colcon.colcon_core.environment:checking '/home/maryammahmood/PID_own_urdf/src/install/rrbot_gazebo/lib/pkgconfig/rrbot_gazebo.pc'
[2.750s] Level 1:colcon.colcon_core.environment:checking '/home/maryammahmood/PID_own_urdf/src/install/rrbot_gazebo/lib/python3.10/site-packages'
[2.750s] Level 1:colcon.colcon_core.environment:checking '/home/maryammahmood/PID_own_urdf/src/install/rrbot_gazebo/bin'
[2.750s] INFO:colcon.colcon_core.shell:Creating package script '/home/maryammahmood/PID_own_urdf/src/install/rrbot_gazebo/share/rrbot_gazebo/package.ps1'
[2.751s] INFO:colcon.colcon_core.shell:Creating package descriptor '/home/maryammahmood/PID_own_urdf/src/install/rrbot_gazebo/share/rrbot_gazebo/package.dsv'
[2.751s] INFO:colcon.colcon_core.shell:Creating package script '/home/maryammahmood/PID_own_urdf/src/install/rrbot_gazebo/share/rrbot_gazebo/package.sh'
[2.752s] INFO:colcon.colcon_core.shell:Creating package script '/home/maryammahmood/PID_own_urdf/src/install/rrbot_gazebo/share/rrbot_gazebo/package.bash'
[2.753s] INFO:colcon.colcon_core.shell:Creating package script '/home/maryammahmood/PID_own_urdf/src/install/rrbot_gazebo/share/rrbot_gazebo/package.zsh'
[2.754s] Level 1:colcon.colcon_core.environment:create_file_with_runtime_dependencies(/home/maryammahmood/PID_own_urdf/src/install/rrbot_gazebo/share/colcon-core/packages/rrbot_gazebo)
[2.755s] DEBUG:colcon.colcon_parallel_executor.executor.parallel:closing loop
[2.756s] DEBUG:colcon.colcon_parallel_executor.executor.parallel:loop closed
[2.756s] DEBUG:colcon.colcon_parallel_executor.executor.parallel:run_until_complete finished with '0'
[2.756s] DEBUG:colcon.colcon_core.event_reactor:joining thread
[2.765s] INFO:colcon.colcon_core.plugin_system:Skipping extension 'colcon_notification.desktop_notification.terminal_notifier': Not used on non-Darwin systems
[2.765s] INFO:colcon.colcon_core.plugin_system:Skipping extension 'colcon_notification.desktop_notification.win32': Not used on non-Windows systems
[2.765s] INFO:colcon.colcon_notification.desktop_notification:Sending desktop notification using 'notify2'
[2.785s] DEBUG:colcon.colcon_core.event_reactor:joined thread
[2.785s] INFO:colcon.colcon_core.shell:Creating prefix script '/home/maryammahmood/PID_own_urdf/src/install/local_setup.ps1'
[2.787s] INFO:colcon.colcon_core.shell:Creating prefix util module '/home/maryammahmood/PID_own_urdf/src/install/_local_setup_util_ps1.py'
[2.788s] INFO:colcon.colcon_core.shell:Creating prefix chain script '/home/maryammahmood/PID_own_urdf/src/install/setup.ps1'
[2.791s] INFO:colcon.colcon_core.shell:Creating prefix script '/home/maryammahmood/PID_own_urdf/src/install/local_setup.sh'
[2.791s] INFO:colcon.colcon_core.shell:Creating prefix util module '/home/maryammahmood/PID_own_urdf/src/install/_local_setup_util_sh.py'
[2.792s] INFO:colcon.colcon_core.shell:Creating prefix chain script '/home/maryammahmood/PID_own_urdf/src/install/setup.sh'
[2.795s] INFO:colcon.colcon_core.shell:Creating prefix script '/home/maryammahmood/PID_own_urdf/src/install/local_setup.bash'
[2.795s] INFO:colcon.colcon_core.shell:Creating prefix chain script '/home/maryammahmood/PID_own_urdf/src/install/setup.bash'
[2.799s] INFO:colcon.colcon_core.shell:Creating prefix script '/home/maryammahmood/PID_own_urdf/src/install/local_setup.zsh'
[2.800s] INFO:colcon.colcon_core.shell:Creating prefix chain script '/home/maryammahmood/PID_own_urdf/src/install/setup.zsh'
