[0.024s] Invoking command in '/home/maryammahmood/PID_own_urdf/src/build/custom_interfaces': CMAKE_PREFIX_PATH=${CMAKE_PREFIX_PATH}:/home/maryammahmood/ws_moveit2/install/moveit_configs_utils:/home/maryammahmood/ws_moveit2/install/launch_param_builder:/opt/ros/humble /usr/bin/cmake --build /home/maryammahmood/PID_own_urdf/src/build/custom_interfaces -- -j24 -l24
[0.127s] [ 10%] Built target custom_interfaces__rosidl_generator_c
[0.128s] [ 12%] Built target custom_interfaces__cpp
[0.148s] [ 12%] Built target ament_cmake_python_symlink_custom_interfaces
[0.197s] [ 23%] Built target custom_interfaces__rosidl_typesupport_introspection_c
[0.200s] [ 34%] Built target custom_interfaces__rosidl_typesupport_c
[0.213s] [ 45%] Built target custom_interfaces__rosidl_typesupport_fastrtps_c
[0.220s] [ 56%] Built target custom_interfaces__rosidl_typesupport_fastrtps_cpp
[0.221s] [ 67%] Built target custom_interfaces__rosidl_typesupport_cpp
[0.223s] [ 78%] Built target custom_interfaces__rosidl_typesupport_introspection_cpp
[0.271s] [ 78%] Built target custom_interfaces
[0.308s] [ 80%] Built target custom_interfaces__py
[0.330s] [35m[1mConsolidate compiler generated dependencies of target custom_interfaces__rosidl_generator_py[0m
[0.353s] [ 89%] Built target custom_interfaces__rosidl_generator_py
[0.379s] [35m[1mConsolidate compiler generated dependencies of target custom_interfaces__rosidl_typesupport_fastrtps_c__pyext[0m
[0.381s] [35m[1mConsolidate compiler generated dependencies of target custom_interfaces__rosidl_typesupport_c__pyext[0m
[0.382s] [35m[1mConsolidate compiler generated dependencies of target custom_interfaces__rosidl_typesupport_introspection_c__pyext[0m
[0.407s] [ 92%] Built target custom_interfaces__rosidl_typesupport_fastrtps_c__pyext
[0.407s] [ 96%] Built target custom_interfaces__rosidl_typesupport_c__pyext
[0.407s] [100%] Built target custom_interfaces__rosidl_typesupport_introspection_c__pyext
[0.540s] running egg_info
[0.541s] writing custom_interfaces.egg-info/PKG-INFO
[0.541s] writing dependency_links to custom_interfaces.egg-info/dependency_links.txt
[0.541s] writing top-level names to custom_interfaces.egg-info/top_level.txt
[0.544s] reading manifest file 'custom_interfaces.egg-info/SOURCES.txt'
[0.544s] writing manifest file 'custom_interfaces.egg-info/SOURCES.txt'
[0.576s] [100%] Built target ament_cmake_python_build_custom_interfaces_egg
[0.604s] Invoked command in '/home/maryammahmood/PID_own_urdf/src/build/custom_interfaces' returned '0': CMAKE_PREFIX_PATH=${CMAKE_PREFIX_PATH}:/home/maryammahmood/ws_moveit2/install/moveit_configs_utils:/home/maryammahmood/ws_moveit2/install/launch_param_builder:/opt/ros/humble /usr/bin/cmake --build /home/maryammahmood/PID_own_urdf/src/build/custom_interfaces -- -j24 -l24
[1.137s] Invoking command in '/home/maryammahmood/PID_own_urdf/src/build/custom_interfaces': CMAKE_PREFIX_PATH=${CMAKE_PREFIX_PATH}:/home/maryammahmood/ws_moveit2/install/moveit_configs_utils:/home/maryammahmood/ws_moveit2/install/launch_param_builder:/opt/ros/humble /usr/bin/cmake --install /home/maryammahmood/PID_own_urdf/src/build/custom_interfaces
[1.161s] -- Install configuration: ""
[1.163s] -- Execute custom install script
[1.164s] -- Up-to-date symlink: /home/maryammahmood/PID_own_urdf/src/install/custom_interfaces/share/ament_index/resource_index/rosidl_interfaces/custom_interfaces
[1.165s] -- Up-to-date symlink: /home/maryammahmood/PID_own_urdf/src/install/custom_interfaces/include/custom_interfaces/custom_interfaces/msg/rosidl_generator_c__visibility_control.h
[1.165s] -- Up-to-date symlink: /home/maryammahmood/PID_own_urdf/src/install/custom_interfaces/include/custom_interfaces/custom_interfaces/srv/detail/find_joint_states__functions.h
[1.166s] -- Up-to-date symlink: /home/maryammahmood/PID_own_urdf/src/install/custom_interfaces/include/custom_interfaces/custom_interfaces/srv/detail/find_joint_states__struct.h
[1.166s] -- Up-to-date symlink: /home/maryammahmood/PID_own_urdf/src/install/custom_interfaces/include/custom_interfaces/custom_interfaces/srv/detail/find_joint_states__type_support.h
[1.166s] -- Up-to-date symlink: /home/maryammahmood/PID_own_urdf/src/install/custom_interfaces/include/custom_interfaces/custom_interfaces/srv/detail/set_end_effector_velocity__functions.h
[1.166s] -- Up-to-date symlink: /home/maryammahmood/PID_own_urdf/src/install/custom_interfaces/include/custom_interfaces/custom_interfaces/srv/detail/set_end_effector_velocity__struct.h
[1.166s] -- Up-to-date symlink: /home/maryammahmood/PID_own_urdf/src/install/custom_interfaces/include/custom_interfaces/custom_interfaces/srv/detail/set_end_effector_velocity__type_support.h
[1.167s] -- Up-to-date symlink: /home/maryammahmood/PID_own_urdf/src/install/custom_interfaces/include/custom_interfaces/custom_interfaces/srv/detail/set_joint_states__functions.h
[1.167s] -- Up-to-date symlink: /home/maryammahmood/PID_own_urdf/src/install/custom_interfaces/include/custom_interfaces/custom_interfaces/srv/detail/set_joint_states__struct.h
[1.167s] -- Up-to-date symlink: /home/maryammahmood/PID_own_urdf/src/install/custom_interfaces/include/custom_interfaces/custom_interfaces/srv/detail/set_joint_states__type_support.h
[1.167s] -- Up-to-date symlink: /home/maryammahmood/PID_own_urdf/src/install/custom_interfaces/include/custom_interfaces/custom_interfaces/srv/detail/set_joint_velocity__functions.h
[1.167s] -- Up-to-date symlink: /home/maryammahmood/PID_own_urdf/src/install/custom_interfaces/include/custom_interfaces/custom_interfaces/srv/detail/set_joint_velocity__struct.h
[1.167s] -- Up-to-date symlink: /home/maryammahmood/PID_own_urdf/src/install/custom_interfaces/include/custom_interfaces/custom_interfaces/srv/detail/set_joint_velocity__type_support.h
[1.168s] -- Up-to-date symlink: /home/maryammahmood/PID_own_urdf/src/install/custom_interfaces/include/custom_interfaces/custom_interfaces/srv/find_joint_states.h
[1.168s] -- Up-to-date symlink: /home/maryammahmood/PID_own_urdf/src/install/custom_interfaces/include/custom_interfaces/custom_interfaces/srv/set_end_effector_velocity.h
[1.168s] -- Up-to-date symlink: /home/maryammahmood/PID_own_urdf/src/install/custom_interfaces/include/custom_interfaces/custom_interfaces/srv/set_joint_states.h
[1.168s] -- Up-to-date symlink: /home/maryammahmood/PID_own_urdf/src/install/custom_interfaces/include/custom_interfaces/custom_interfaces/srv/set_joint_velocity.h
[1.168s] -- Up-to-date symlink: /home/maryammahmood/PID_own_urdf/src/install/custom_interfaces/share/custom_interfaces/environment/library_path.sh
[1.168s] -- Up-to-date symlink: /home/maryammahmood/PID_own_urdf/src/install/custom_interfaces/share/custom_interfaces/environment/library_path.dsv
[1.169s] -- Up-to-date symlink: /home/maryammahmood/PID_own_urdf/src/install/custom_interfaces/include/custom_interfaces/custom_interfaces/msg/rosidl_typesupport_fastrtps_c__visibility_control.h
[1.170s] -- Up-to-date symlink: /home/maryammahmood/PID_own_urdf/src/install/custom_interfaces/include/custom_interfaces/custom_interfaces/srv/detail/find_joint_states__rosidl_typesupport_fastrtps_c.h
[1.170s] -- Up-to-date symlink: /home/maryammahmood/PID_own_urdf/src/install/custom_interfaces/include/custom_interfaces/custom_interfaces/srv/detail/set_end_effector_velocity__rosidl_typesupport_fastrtps_c.h
[1.170s] -- Up-to-date symlink: /home/maryammahmood/PID_own_urdf/src/install/custom_interfaces/include/custom_interfaces/custom_interfaces/srv/detail/set_joint_states__rosidl_typesupport_fastrtps_c.h
[1.170s] -- Up-to-date symlink: /home/maryammahmood/PID_own_urdf/src/install/custom_interfaces/include/custom_interfaces/custom_interfaces/srv/detail/set_joint_velocity__rosidl_typesupport_fastrtps_c.h
[1.171s] -- Up-to-date symlink: /home/maryammahmood/PID_own_urdf/src/install/custom_interfaces/include/custom_interfaces/custom_interfaces/msg/rosidl_typesupport_introspection_c__visibility_control.h
[1.171s] -- Up-to-date symlink: /home/maryammahmood/PID_own_urdf/src/install/custom_interfaces/include/custom_interfaces/custom_interfaces/srv/detail/find_joint_states__rosidl_typesupport_introspection_c.h
[1.172s] -- Up-to-date symlink: /home/maryammahmood/PID_own_urdf/src/install/custom_interfaces/include/custom_interfaces/custom_interfaces/srv/detail/set_end_effector_velocity__rosidl_typesupport_introspection_c.h
[1.172s] -- Up-to-date symlink: /home/maryammahmood/PID_own_urdf/src/install/custom_interfaces/include/custom_interfaces/custom_interfaces/srv/detail/set_joint_states__rosidl_typesupport_introspection_c.h
[1.172s] -- Up-to-date symlink: /home/maryammahmood/PID_own_urdf/src/install/custom_interfaces/include/custom_interfaces/custom_interfaces/srv/detail/set_joint_velocity__rosidl_typesupport_introspection_c.h
[1.173s] -- Up-to-date symlink: /home/maryammahmood/PID_own_urdf/src/install/custom_interfaces/include/custom_interfaces/custom_interfaces/srv/detail/find_joint_states__builder.hpp
[1.173s] -- Up-to-date symlink: /home/maryammahmood/PID_own_urdf/src/install/custom_interfaces/include/custom_interfaces/custom_interfaces/srv/detail/find_joint_states__struct.hpp
[1.173s] -- Up-to-date symlink: /home/maryammahmood/PID_own_urdf/src/install/custom_interfaces/include/custom_interfaces/custom_interfaces/srv/detail/find_joint_states__traits.hpp
[1.173s] -- Up-to-date symlink: /home/maryammahmood/PID_own_urdf/src/install/custom_interfaces/include/custom_interfaces/custom_interfaces/srv/detail/set_end_effector_velocity__builder.hpp
[1.174s] -- Up-to-date symlink: /home/maryammahmood/PID_own_urdf/src/install/custom_interfaces/include/custom_interfaces/custom_interfaces/srv/detail/set_end_effector_velocity__struct.hpp
[1.174s] -- Up-to-date symlink: /home/maryammahmood/PID_own_urdf/src/install/custom_interfaces/include/custom_interfaces/custom_interfaces/srv/detail/set_end_effector_velocity__traits.hpp
[1.174s] -- Up-to-date symlink: /home/maryammahmood/PID_own_urdf/src/install/custom_interfaces/include/custom_interfaces/custom_interfaces/srv/detail/set_joint_states__builder.hpp
[1.174s] -- Up-to-date symlink: /home/maryammahmood/PID_own_urdf/src/install/custom_interfaces/include/custom_interfaces/custom_interfaces/srv/detail/set_joint_states__struct.hpp
[1.174s] -- Up-to-date symlink: /home/maryammahmood/PID_own_urdf/src/install/custom_interfaces/include/custom_interfaces/custom_interfaces/srv/detail/set_joint_states__traits.hpp
[1.175s] -- Up-to-date symlink: /home/maryammahmood/PID_own_urdf/src/install/custom_interfaces/include/custom_interfaces/custom_interfaces/srv/detail/set_joint_velocity__builder.hpp
[1.175s] -- Up-to-date symlink: /home/maryammahmood/PID_own_urdf/src/install/custom_interfaces/include/custom_interfaces/custom_interfaces/srv/detail/set_joint_velocity__struct.hpp
[1.175s] -- Up-to-date symlink: /home/maryammahmood/PID_own_urdf/src/install/custom_interfaces/include/custom_interfaces/custom_interfaces/srv/detail/set_joint_velocity__traits.hpp
[1.176s] -- Up-to-date symlink: /home/maryammahmood/PID_own_urdf/src/install/custom_interfaces/include/custom_interfaces/custom_interfaces/srv/find_joint_states.hpp
[1.176s] -- Up-to-date symlink: /home/maryammahmood/PID_own_urdf/src/install/custom_interfaces/include/custom_interfaces/custom_interfaces/srv/set_end_effector_velocity.hpp
[1.176s] -- Up-to-date symlink: /home/maryammahmood/PID_own_urdf/src/install/custom_interfaces/include/custom_interfaces/custom_interfaces/srv/set_joint_states.hpp
[1.176s] -- Up-to-date symlink: /home/maryammahmood/PID_own_urdf/src/install/custom_interfaces/include/custom_interfaces/custom_interfaces/srv/set_joint_velocity.hpp
[1.177s] -- Up-to-date symlink: /home/maryammahmood/PID_own_urdf/src/install/custom_interfaces/include/custom_interfaces/custom_interfaces/msg/rosidl_typesupport_fastrtps_cpp__visibility_control.h
[1.177s] -- Up-to-date symlink: /home/maryammahmood/PID_own_urdf/src/install/custom_interfaces/include/custom_interfaces/custom_interfaces/srv/detail/find_joint_states__rosidl_typesupport_fastrtps_cpp.hpp
[1.177s] -- Up-to-date symlink: /home/maryammahmood/PID_own_urdf/src/install/custom_interfaces/include/custom_interfaces/custom_interfaces/srv/detail/set_end_effector_velocity__rosidl_typesupport_fastrtps_cpp.hpp
[1.178s] -- Up-to-date symlink: /home/maryammahmood/PID_own_urdf/src/install/custom_interfaces/include/custom_interfaces/custom_interfaces/srv/detail/set_joint_states__rosidl_typesupport_fastrtps_cpp.hpp
[1.178s] -- Up-to-date symlink: /home/maryammahmood/PID_own_urdf/src/install/custom_interfaces/include/custom_interfaces/custom_interfaces/srv/detail/set_joint_velocity__rosidl_typesupport_fastrtps_cpp.hpp
[1.178s] -- Up-to-date symlink: /home/maryammahmood/PID_own_urdf/src/install/custom_interfaces/include/custom_interfaces/custom_interfaces/srv/detail/find_joint_states__rosidl_typesupport_introspection_cpp.hpp
[1.179s] -- Up-to-date symlink: /home/maryammahmood/PID_own_urdf/src/install/custom_interfaces/include/custom_interfaces/custom_interfaces/srv/detail/set_end_effector_velocity__rosidl_typesupport_introspection_cpp.hpp
[1.179s] -- Up-to-date symlink: /home/maryammahmood/PID_own_urdf/src/install/custom_interfaces/include/custom_interfaces/custom_interfaces/srv/detail/set_joint_states__rosidl_typesupport_introspection_cpp.hpp
[1.179s] -- Up-to-date symlink: /home/maryammahmood/PID_own_urdf/src/install/custom_interfaces/include/custom_interfaces/custom_interfaces/srv/detail/set_joint_velocity__rosidl_typesupport_introspection_cpp.hpp
[1.179s] -- Up-to-date symlink: /home/maryammahmood/PID_own_urdf/src/install/custom_interfaces/share/custom_interfaces/environment/pythonpath.sh
[1.180s] -- Up-to-date symlink: /home/maryammahmood/PID_own_urdf/src/install/custom_interfaces/share/custom_interfaces/environment/pythonpath.dsv
[1.180s] -- Up-to-date symlink: /home/maryammahmood/PID_own_urdf/src/install/custom_interfaces/local/lib/python3.10/dist-packages/custom_interfaces-0.0.0-py3.10.egg-info/PKG-INFO
[1.180s] -- Up-to-date symlink: /home/maryammahmood/PID_own_urdf/src/install/custom_interfaces/local/lib/python3.10/dist-packages/custom_interfaces-0.0.0-py3.10.egg-info/SOURCES.txt
[1.181s] -- Up-to-date symlink: /home/maryammahmood/PID_own_urdf/src/install/custom_interfaces/local/lib/python3.10/dist-packages/custom_interfaces-0.0.0-py3.10.egg-info/dependency_links.txt
[1.181s] -- Up-to-date symlink: /home/maryammahmood/PID_own_urdf/src/install/custom_interfaces/local/lib/python3.10/dist-packages/custom_interfaces-0.0.0-py3.10.egg-info/top_level.txt
[1.182s] -- Up-to-date symlink: /home/maryammahmood/PID_own_urdf/src/install/custom_interfaces/local/lib/python3.10/dist-packages/custom_interfaces/__init__.py
[1.182s] -- Up-to-date symlink: /home/maryammahmood/PID_own_urdf/src/install/custom_interfaces/local/lib/python3.10/dist-packages/custom_interfaces/_custom_interfaces_s.ep.rosidl_typesupport_c.c
[1.183s] -- Up-to-date symlink: /home/maryammahmood/PID_own_urdf/src/install/custom_interfaces/local/lib/python3.10/dist-packages/custom_interfaces/_custom_interfaces_s.ep.rosidl_typesupport_fastrtps_c.c
[1.183s] -- Up-to-date symlink: /home/maryammahmood/PID_own_urdf/src/install/custom_interfaces/local/lib/python3.10/dist-packages/custom_interfaces/_custom_interfaces_s.ep.rosidl_typesupport_introspection_c.c
[1.183s] -- Up-to-date symlink: /home/maryammahmood/PID_own_urdf/src/install/custom_interfaces/local/lib/python3.10/dist-packages/custom_interfaces/custom_interfaces_s__rosidl_typesupport_c.cpython-310-x86_64-linux-gnu.so
[1.183s] -- Up-to-date symlink: /home/maryammahmood/PID_own_urdf/src/install/custom_interfaces/local/lib/python3.10/dist-packages/custom_interfaces/custom_interfaces_s__rosidl_typesupport_fastrtps_c.cpython-310-x86_64-linux-gnu.so
[1.183s] -- Up-to-date symlink: /home/maryammahmood/PID_own_urdf/src/install/custom_interfaces/local/lib/python3.10/dist-packages/custom_interfaces/custom_interfaces_s__rosidl_typesupport_introspection_c.cpython-310-x86_64-linux-gnu.so
[1.184s] -- Up-to-date symlink: /home/maryammahmood/PID_own_urdf/src/install/custom_interfaces/local/lib/python3.10/dist-packages/custom_interfaces/libcustom_interfaces__rosidl_generator_py.so
[1.184s] -- Up-to-date symlink: /home/maryammahmood/PID_own_urdf/src/install/custom_interfaces/local/lib/python3.10/dist-packages/custom_interfaces/srv/__init__.py
[1.184s] -- Up-to-date symlink: /home/maryammahmood/PID_own_urdf/src/install/custom_interfaces/local/lib/python3.10/dist-packages/custom_interfaces/srv/_find_joint_states.py
[1.184s] -- Up-to-date symlink: /home/maryammahmood/PID_own_urdf/src/install/custom_interfaces/local/lib/python3.10/dist-packages/custom_interfaces/srv/_find_joint_states_s.c
[1.184s] -- Up-to-date symlink: /home/maryammahmood/PID_own_urdf/src/install/custom_interfaces/local/lib/python3.10/dist-packages/custom_interfaces/srv/_set_end_effector_velocity.py
[1.185s] -- Up-to-date symlink: /home/maryammahmood/PID_own_urdf/src/install/custom_interfaces/local/lib/python3.10/dist-packages/custom_interfaces/srv/_set_end_effector_velocity_s.c
[1.185s] -- Up-to-date symlink: /home/maryammahmood/PID_own_urdf/src/install/custom_interfaces/local/lib/python3.10/dist-packages/custom_interfaces/srv/_set_joint_states.py
[1.185s] -- Up-to-date symlink: /home/maryammahmood/PID_own_urdf/src/install/custom_interfaces/local/lib/python3.10/dist-packages/custom_interfaces/srv/_set_joint_states_s.c
[1.185s] -- Up-to-date symlink: /home/maryammahmood/PID_own_urdf/src/install/custom_interfaces/local/lib/python3.10/dist-packages/custom_interfaces/srv/_set_joint_velocity.py
[1.185s] -- Up-to-date symlink: /home/maryammahmood/PID_own_urdf/src/install/custom_interfaces/local/lib/python3.10/dist-packages/custom_interfaces/srv/_set_joint_velocity_s.c
[1.186s] -- Up-to-date symlink: /home/maryammahmood/PID_own_urdf/src/install/custom_interfaces/local/lib/python3.10/dist-packages/custom_interfaces/custom_interfaces_s__rosidl_typesupport_fastrtps_c.cpython-310-x86_64-linux-gnu.so
[1.186s] -- Up-to-date symlink: /home/maryammahmood/PID_own_urdf/src/install/custom_interfaces/local/lib/python3.10/dist-packages/custom_interfaces/custom_interfaces_s__rosidl_typesupport_introspection_c.cpython-310-x86_64-linux-gnu.so
[1.187s] -- Up-to-date symlink: /home/maryammahmood/PID_own_urdf/src/install/custom_interfaces/local/lib/python3.10/dist-packages/custom_interfaces/custom_interfaces_s__rosidl_typesupport_c.cpython-310-x86_64-linux-gnu.so
[1.187s] -- Up-to-date symlink: /home/maryammahmood/PID_own_urdf/src/install/custom_interfaces/share/custom_interfaces/srv/FindJointStates.idl
[1.188s] -- Up-to-date symlink: /home/maryammahmood/PID_own_urdf/src/install/custom_interfaces/share/custom_interfaces/srv/SetJointStates.idl
[1.188s] -- Up-to-date symlink: /home/maryammahmood/PID_own_urdf/src/install/custom_interfaces/share/custom_interfaces/srv/SetEndEffectorVelocity.idl
[1.188s] -- Up-to-date symlink: /home/maryammahmood/PID_own_urdf/src/install/custom_interfaces/share/custom_interfaces/srv/SetJointVelocity.idl
[1.188s] -- Up-to-date symlink: /home/maryammahmood/PID_own_urdf/src/install/custom_interfaces/share/custom_interfaces/srv/FindJointStates.srv
[1.189s] -- Up-to-date symlink: /home/maryammahmood/PID_own_urdf/src/install/custom_interfaces/share/custom_interfaces/srv/FindJointStates_Request.msg
[1.189s] -- Up-to-date symlink: /home/maryammahmood/PID_own_urdf/src/install/custom_interfaces/share/custom_interfaces/srv/FindJointStates_Response.msg
[1.189s] -- Up-to-date symlink: /home/maryammahmood/PID_own_urdf/src/install/custom_interfaces/share/custom_interfaces/srv/SetJointStates.srv
[1.189s] -- Up-to-date symlink: /home/maryammahmood/PID_own_urdf/src/install/custom_interfaces/share/custom_interfaces/srv/SetJointStates_Request.msg
[1.190s] -- Up-to-date symlink: /home/maryammahmood/PID_own_urdf/src/install/custom_interfaces/share/custom_interfaces/srv/SetJointStates_Response.msg
[1.190s] -- Up-to-date symlink: /home/maryammahmood/PID_own_urdf/src/install/custom_interfaces/share/custom_interfaces/srv/SetEndEffectorVelocity.srv
[1.190s] -- Up-to-date symlink: /home/maryammahmood/PID_own_urdf/src/install/custom_interfaces/share/custom_interfaces/srv/SetEndEffectorVelocity_Request.msg
[1.191s] -- Up-to-date symlink: /home/maryammahmood/PID_own_urdf/src/install/custom_interfaces/share/custom_interfaces/srv/SetEndEffectorVelocity_Response.msg
[1.191s] -- Up-to-date symlink: /home/maryammahmood/PID_own_urdf/src/install/custom_interfaces/share/custom_interfaces/srv/SetJointVelocity.srv
[1.191s] -- Up-to-date symlink: /home/maryammahmood/PID_own_urdf/src/install/custom_interfaces/share/custom_interfaces/srv/SetJointVelocity_Request.msg
[1.191s] -- Up-to-date symlink: /home/maryammahmood/PID_own_urdf/src/install/custom_interfaces/share/custom_interfaces/srv/SetJointVelocity_Response.msg
[1.192s] -- Up-to-date symlink: /home/maryammahmood/PID_own_urdf/src/install/custom_interfaces/share/ament_index/resource_index/package_run_dependencies/custom_interfaces
[1.192s] -- Up-to-date symlink: /home/maryammahmood/PID_own_urdf/src/install/custom_interfaces/share/ament_index/resource_index/parent_prefix_path/custom_interfaces
[1.192s] -- Up-to-date symlink: /home/maryammahmood/PID_own_urdf/src/install/custom_interfaces/share/custom_interfaces/environment/ament_prefix_path.sh
[1.193s] -- Up-to-date symlink: /home/maryammahmood/PID_own_urdf/src/install/custom_interfaces/share/custom_interfaces/environment/ament_prefix_path.dsv
[1.193s] -- Up-to-date symlink: /home/maryammahmood/PID_own_urdf/src/install/custom_interfaces/share/custom_interfaces/environment/path.sh
[1.193s] -- Up-to-date symlink: /home/maryammahmood/PID_own_urdf/src/install/custom_interfaces/share/custom_interfaces/environment/path.dsv
[1.193s] -- Up-to-date symlink: /home/maryammahmood/PID_own_urdf/src/install/custom_interfaces/share/custom_interfaces/local_setup.bash
[1.194s] -- Up-to-date symlink: /home/maryammahmood/PID_own_urdf/src/install/custom_interfaces/share/custom_interfaces/local_setup.sh
[1.194s] -- Up-to-date symlink: /home/maryammahmood/PID_own_urdf/src/install/custom_interfaces/share/custom_interfaces/local_setup.zsh
[1.194s] -- Up-to-date symlink: /home/maryammahmood/PID_own_urdf/src/install/custom_interfaces/share/custom_interfaces/local_setup.dsv
[1.194s] -- Symlinking: /home/maryammahmood/PID_own_urdf/src/install/custom_interfaces/share/custom_interfaces/package.dsv
[1.218s] -- Up-to-date symlink: /home/maryammahmood/PID_own_urdf/src/install/custom_interfaces/share/ament_index/resource_index/packages/custom_interfaces
[1.218s] -- Up-to-date symlink: /home/maryammahmood/PID_own_urdf/src/install/custom_interfaces/share/custom_interfaces/cmake/rosidl_cmake-extras.cmake
[1.218s] -- Up-to-date symlink: /home/maryammahmood/PID_own_urdf/src/install/custom_interfaces/share/custom_interfaces/cmake/ament_cmake_export_include_directories-extras.cmake
[1.218s] -- Up-to-date symlink: /home/maryammahmood/PID_own_urdf/src/install/custom_interfaces/share/custom_interfaces/cmake/ament_cmake_export_libraries-extras.cmake
[1.219s] -- Up-to-date symlink: /home/maryammahmood/PID_own_urdf/src/install/custom_interfaces/share/custom_interfaces/cmake/ament_cmake_export_targets-extras.cmake
[1.219s] -- Up-to-date symlink: /home/maryammahmood/PID_own_urdf/src/install/custom_interfaces/share/custom_interfaces/cmake/rosidl_cmake_export_typesupport_targets-extras.cmake
[1.219s] -- Up-to-date symlink: /home/maryammahmood/PID_own_urdf/src/install/custom_interfaces/share/custom_interfaces/cmake/ament_cmake_export_dependencies-extras.cmake
[1.219s] -- Up-to-date symlink: /home/maryammahmood/PID_own_urdf/src/install/custom_interfaces/share/custom_interfaces/cmake/rosidl_cmake_export_typesupport_libraries-extras.cmake
[1.220s] -- Up-to-date symlink: /home/maryammahmood/PID_own_urdf/src/install/custom_interfaces/share/custom_interfaces/cmake/custom_interfacesConfig.cmake
[1.220s] -- Up-to-date symlink: /home/maryammahmood/PID_own_urdf/src/install/custom_interfaces/share/custom_interfaces/cmake/custom_interfacesConfig-version.cmake
[1.220s] -- Up-to-date symlink: /home/maryammahmood/PID_own_urdf/src/install/custom_interfaces/share/custom_interfaces/package.xml
[1.220s] -- Up-to-date: /home/maryammahmood/PID_own_urdf/src/install/custom_interfaces/lib/libcustom_interfaces__rosidl_generator_c.so
[1.221s] -- Up-to-date: /home/maryammahmood/PID_own_urdf/src/install/custom_interfaces/lib/libcustom_interfaces__rosidl_typesupport_fastrtps_c.so
[1.221s] -- Up-to-date: /home/maryammahmood/PID_own_urdf/src/install/custom_interfaces/lib/libcustom_interfaces__rosidl_typesupport_introspection_c.so
[1.221s] -- Up-to-date: /home/maryammahmood/PID_own_urdf/src/install/custom_interfaces/lib/libcustom_interfaces__rosidl_typesupport_c.so
[1.222s] -- Up-to-date: /home/maryammahmood/PID_own_urdf/src/install/custom_interfaces/lib/libcustom_interfaces__rosidl_typesupport_fastrtps_cpp.so
[1.222s] -- Up-to-date: /home/maryammahmood/PID_own_urdf/src/install/custom_interfaces/lib/libcustom_interfaces__rosidl_typesupport_introspection_cpp.so
[1.222s] -- Up-to-date: /home/maryammahmood/PID_own_urdf/src/install/custom_interfaces/lib/libcustom_interfaces__rosidl_typesupport_cpp.so
[1.264s] Listing '/home/maryammahmood/PID_own_urdf/src/install/custom_interfaces/local/lib/python3.10/dist-packages/custom_interfaces'...
[1.264s] Listing '/home/maryammahmood/PID_own_urdf/src/install/custom_interfaces/local/lib/python3.10/dist-packages/custom_interfaces/srv'...
[1.268s] -- Up-to-date: /home/maryammahmood/PID_own_urdf/src/install/custom_interfaces/lib/libcustom_interfaces__rosidl_generator_py.so
[1.269s] -- Up-to-date: /home/maryammahmood/PID_own_urdf/src/install/custom_interfaces/share/custom_interfaces/cmake/export_custom_interfaces__rosidl_generator_cExport.cmake
[1.269s] -- Up-to-date: /home/maryammahmood/PID_own_urdf/src/install/custom_interfaces/share/custom_interfaces/cmake/export_custom_interfaces__rosidl_generator_cExport-noconfig.cmake
[1.269s] -- Up-to-date: /home/maryammahmood/PID_own_urdf/src/install/custom_interfaces/share/custom_interfaces/cmake/export_custom_interfaces__rosidl_typesupport_fastrtps_cExport.cmake
[1.269s] -- Up-to-date: /home/maryammahmood/PID_own_urdf/src/install/custom_interfaces/share/custom_interfaces/cmake/export_custom_interfaces__rosidl_typesupport_fastrtps_cExport-noconfig.cmake
[1.269s] -- Up-to-date: /home/maryammahmood/PID_own_urdf/src/install/custom_interfaces/share/custom_interfaces/cmake/custom_interfaces__rosidl_typesupport_introspection_cExport.cmake
[1.269s] -- Up-to-date: /home/maryammahmood/PID_own_urdf/src/install/custom_interfaces/share/custom_interfaces/cmake/custom_interfaces__rosidl_typesupport_introspection_cExport-noconfig.cmake
[1.269s] -- Up-to-date: /home/maryammahmood/PID_own_urdf/src/install/custom_interfaces/share/custom_interfaces/cmake/custom_interfaces__rosidl_typesupport_cExport.cmake
[1.269s] -- Up-to-date: /home/maryammahmood/PID_own_urdf/src/install/custom_interfaces/share/custom_interfaces/cmake/custom_interfaces__rosidl_typesupport_cExport-noconfig.cmake
[1.270s] -- Up-to-date: /home/maryammahmood/PID_own_urdf/src/install/custom_interfaces/share/custom_interfaces/cmake/export_custom_interfaces__rosidl_generator_cppExport.cmake
[1.270s] -- Up-to-date: /home/maryammahmood/PID_own_urdf/src/install/custom_interfaces/share/custom_interfaces/cmake/export_custom_interfaces__rosidl_typesupport_fastrtps_cppExport.cmake
[1.270s] -- Up-to-date: /home/maryammahmood/PID_own_urdf/src/install/custom_interfaces/share/custom_interfaces/cmake/export_custom_interfaces__rosidl_typesupport_fastrtps_cppExport-noconfig.cmake
[1.270s] -- Up-to-date: /home/maryammahmood/PID_own_urdf/src/install/custom_interfaces/share/custom_interfaces/cmake/custom_interfaces__rosidl_typesupport_introspection_cppExport.cmake
[1.270s] -- Up-to-date: /home/maryammahmood/PID_own_urdf/src/install/custom_interfaces/share/custom_interfaces/cmake/custom_interfaces__rosidl_typesupport_introspection_cppExport-noconfig.cmake
[1.270s] -- Up-to-date: /home/maryammahmood/PID_own_urdf/src/install/custom_interfaces/share/custom_interfaces/cmake/custom_interfaces__rosidl_typesupport_cppExport.cmake
[1.270s] -- Up-to-date: /home/maryammahmood/PID_own_urdf/src/install/custom_interfaces/share/custom_interfaces/cmake/custom_interfaces__rosidl_typesupport_cppExport-noconfig.cmake
[1.270s] -- Up-to-date: /home/maryammahmood/PID_own_urdf/src/install/custom_interfaces/share/custom_interfaces/cmake/export_custom_interfaces__rosidl_generator_pyExport.cmake
[1.270s] -- Up-to-date: /home/maryammahmood/PID_own_urdf/src/install/custom_interfaces/share/custom_interfaces/cmake/export_custom_interfaces__rosidl_generator_pyExport-noconfig.cmake
[1.272s] Invoked command in '/home/maryammahmood/PID_own_urdf/src/build/custom_interfaces' returned '0': CMAKE_PREFIX_PATH=${CMAKE_PREFIX_PATH}:/home/maryammahmood/ws_moveit2/install/moveit_configs_utils:/home/maryammahmood/ws_moveit2/install/launch_param_builder:/opt/ros/humble /usr/bin/cmake --install /home/maryammahmood/PID_own_urdf/src/build/custom_interfaces
