-- Found ament_cmake: 1.3.10 (/opt/ros/humble/share/ament_cmake/cmake)
-- Override CMake install command with custom implementation using symlinks instead of copying resources
-- Found rclcpp: 16.0.10 (/opt/ros/humble/share/rclcpp/cmake)
-- Found rosidl_generator_c: 3.1.5 (/opt/ros/humble/share/rosidl_generator_c/cmake)
-- Found rosidl_adapter: 3.1.5 (/opt/ros/humble/share/rosidl_adapter/cmake)
-- Found rosidl_generator_cpp: 3.1.5 (/opt/ros/humble/share/rosidl_generator_cpp/cmake)
-- Using all available rosidl_typesupport_c: rosidl_typesupport_fastrtps_c;rosidl_typesupport_introspection_c
-- Using all available rosidl_typesupport_cpp: rosidl_typesupport_fastrtps_cpp;rosidl_typesupport_introspection_cpp
-- Found rmw_implementation_cmake: 6.1.2 (/opt/ros/humble/share/rmw_implementation_cmake/cmake)
-- Found rmw_fastrtps_cpp: 6.2.7 (/opt/ros/humble/share/rmw_fastrtps_cpp/cmake)
-- Using RMW implementation 'rmw_fastrtps_cpp' as default
-- Found sensor_msgs: 4.2.4 (/opt/ros/humble/share/sensor_msgs/cmake)
-- Found controller_manager_msgs: 2.43.1 (/opt/ros/humble/share/controller_manager_msgs/cmake)
-- Found custom_interfaces: 0.0.0 (/home/maryammahmood/PID_based_control_rrbot/PID-based-SCARA-Robot-Position-and-Velocity-Control-And-Manipulation/src/install/custom_interfaces/share/custom_interfaces/cmake)
-- Found example_interfaces: 0.9.3 (/opt/ros/humble/share/example_interfaces/cmake)
-- Configuring done
-- Generating done
-- Build files have been written to: /home/maryammahmood/PID_based_control_rrbot/PID-based-SCARA-Robot-Position-and-Velocity-Control-And-Manipulation/src/rrbot_simulation_files/build/rrbot_gazebo
[35m[1mConsolidate compiler generated dependencies of target switch_vel[0m
[35m[1mConsolidate compiler generated dependencies of target fkin_publisher[0m
[35m[1mConsolidate compiler generated dependencies of target switch_eff[0m
[35m[1mConsolidate compiler generated dependencies of target end_eff_vel_control[0m
[35m[1mConsolidate compiler generated dependencies of target ikin_publisher[0m
[35m[1mConsolidate compiler generated dependencies of target joint_effort_control[0m
[ 33%] Built target switch_vel
[ 33%] Built target switch_eff
[100%] Built target fkin_publisher
[100%] Built target joint_effort_control
[100%] Built target ikin_publisher
[100%] Built target end_eff_vel_control
-- Install configuration: ""
-- Execute custom install script
-- Up-to-date symlink: /home/maryammahmood/PID_based_control_rrbot/PID-based-SCARA-Robot-Position-and-Velocity-Control-And-Manipulation/src/rrbot_simulation_files/install/rrbot_gazebo/lib/rrbot_gazebo/fkin_publisher
-- Up-to-date symlink: /home/maryammahmood/PID_based_control_rrbot/PID-based-SCARA-Robot-Position-and-Velocity-Control-And-Manipulation/src/rrbot_simulation_files/install/rrbot_gazebo/lib/rrbot_gazebo/ikin_publisher
-- Up-to-date symlink: /home/maryammahmood/PID_based_control_rrbot/PID-based-SCARA-Robot-Position-and-Velocity-Control-And-Manipulation/src/rrbot_simulation_files/install/rrbot_gazebo/lib/rrbot_gazebo/switch_eff
-- Up-to-date symlink: /home/maryammahmood/PID_based_control_rrbot/PID-based-SCARA-Robot-Position-and-Velocity-Control-And-Manipulation/src/rrbot_simulation_files/install/rrbot_gazebo/lib/rrbot_gazebo/switch_vel
-- Up-to-date symlink: /home/maryammahmood/PID_based_control_rrbot/PID-based-SCARA-Robot-Position-and-Velocity-Control-And-Manipulation/src/rrbot_simulation_files/install/rrbot_gazebo/lib/rrbot_gazebo/joint_effort_control
-- Up-to-date symlink: /home/maryammahmood/PID_based_control_rrbot/PID-based-SCARA-Robot-Position-and-Velocity-Control-And-Manipulation/src/rrbot_simulation_files/install/rrbot_gazebo/lib/rrbot_gazebo/end_eff_vel_control
-- Up-to-date symlink: /home/maryammahmood/PID_based_control_rrbot/PID-based-SCARA-Robot-Position-and-Velocity-Control-And-Manipulation/src/rrbot_simulation_files/install/rrbot_gazebo/share/rrbot_gazebo/launch/rrbot_world.launch.py
-- Up-to-date symlink: /home/maryammahmood/PID_based_control_rrbot/PID-based-SCARA-Robot-Position-and-Velocity-Control-And-Manipulation/src/rrbot_simulation_files/install/rrbot_gazebo/share/rrbot_gazebo/worlds/rrbot.world
-- Up-to-date symlink: /home/maryammahmood/PID_based_control_rrbot/PID-based-SCARA-Robot-Position-and-Velocity-Control-And-Manipulation/src/rrbot_simulation_files/install/rrbot_gazebo/share/rrbot_gazebo/config/controllers.yaml
-- Up-to-date symlink: /home/maryammahmood/PID_based_control_rrbot/PID-based-SCARA-Robot-Position-and-Velocity-Control-And-Manipulation/src/rrbot_simulation_files/install/rrbot_gazebo/share/rrbot_gazebo/config/gazebo_controllers.yaml
-- Up-to-date symlink: /home/maryammahmood/PID_based_control_rrbot/PID-based-SCARA-Robot-Position-and-Velocity-Control-And-Manipulation/src/rrbot_simulation_files/install/rrbot_gazebo/share/ament_index/resource_index/package_run_dependencies/rrbot_gazebo
-- Up-to-date symlink: /home/maryammahmood/PID_based_control_rrbot/PID-based-SCARA-Robot-Position-and-Velocity-Control-And-Manipulation/src/rrbot_simulation_files/install/rrbot_gazebo/share/ament_index/resource_index/parent_prefix_path/rrbot_gazebo
-- Up-to-date symlink: /home/maryammahmood/PID_based_control_rrbot/PID-based-SCARA-Robot-Position-and-Velocity-Control-And-Manipulation/src/rrbot_simulation_files/install/rrbot_gazebo/share/rrbot_gazebo/environment/ament_prefix_path.sh
-- Up-to-date symlink: /home/maryammahmood/PID_based_control_rrbot/PID-based-SCARA-Robot-Position-and-Velocity-Control-And-Manipulation/src/rrbot_simulation_files/install/rrbot_gazebo/share/rrbot_gazebo/environment/ament_prefix_path.dsv
-- Up-to-date symlink: /home/maryammahmood/PID_based_control_rrbot/PID-based-SCARA-Robot-Position-and-Velocity-Control-And-Manipulation/src/rrbot_simulation_files/install/rrbot_gazebo/share/rrbot_gazebo/environment/path.sh
-- Up-to-date symlink: /home/maryammahmood/PID_based_control_rrbot/PID-based-SCARA-Robot-Position-and-Velocity-Control-And-Manipulation/src/rrbot_simulation_files/install/rrbot_gazebo/share/rrbot_gazebo/environment/path.dsv
-- Up-to-date symlink: /home/maryammahmood/PID_based_control_rrbot/PID-based-SCARA-Robot-Position-and-Velocity-Control-And-Manipulation/src/rrbot_simulation_files/install/rrbot_gazebo/share/rrbot_gazebo/local_setup.bash
-- Up-to-date symlink: /home/maryammahmood/PID_based_control_rrbot/PID-based-SCARA-Robot-Position-and-Velocity-Control-And-Manipulation/src/rrbot_simulation_files/install/rrbot_gazebo/share/rrbot_gazebo/local_setup.sh
-- Up-to-date symlink: /home/maryammahmood/PID_based_control_rrbot/PID-based-SCARA-Robot-Position-and-Velocity-Control-And-Manipulation/src/rrbot_simulation_files/install/rrbot_gazebo/share/rrbot_gazebo/local_setup.zsh
-- Up-to-date symlink: /home/maryammahmood/PID_based_control_rrbot/PID-based-SCARA-Robot-Position-and-Velocity-Control-And-Manipulation/src/rrbot_simulation_files/install/rrbot_gazebo/share/rrbot_gazebo/local_setup.dsv
-- Symlinking: /home/maryammahmood/PID_based_control_rrbot/PID-based-SCARA-Robot-Position-and-Velocity-Control-And-Manipulation/src/rrbot_simulation_files/install/rrbot_gazebo/share/rrbot_gazebo/package.dsv
-- Up-to-date symlink: /home/maryammahmood/PID_based_control_rrbot/PID-based-SCARA-Robot-Position-and-Velocity-Control-And-Manipulation/src/rrbot_simulation_files/install/rrbot_gazebo/share/ament_index/resource_index/packages/rrbot_gazebo
-- Up-to-date symlink: /home/maryammahmood/PID_based_control_rrbot/PID-based-SCARA-Robot-Position-and-Velocity-Control-And-Manipulation/src/rrbot_simulation_files/install/rrbot_gazebo/share/rrbot_gazebo/cmake/rrbot_gazeboConfig.cmake
-- Up-to-date symlink: /home/maryammahmood/PID_based_control_rrbot/PID-based-SCARA-Robot-Position-and-Velocity-Control-And-Manipulation/src/rrbot_simulation_files/install/rrbot_gazebo/share/rrbot_gazebo/cmake/rrbot_gazeboConfig-version.cmake
-- Up-to-date symlink: /home/maryammahmood/PID_based_control_rrbot/PID-based-SCARA-Robot-Position-and-Velocity-Control-And-Manipulation/src/rrbot_simulation_files/install/rrbot_gazebo/share/rrbot_gazebo/package.xml
