[  8%] [32mBuilding CXX object CMakeFiles/switch_eff.dir/src/controller_effort_switch.cpp.o[0m
[ 16%] [32mBuilding CXX object CMakeFiles/ikin_publisher.dir/src/joint_state_publisher.cpp.o[0m
[ 25%] [32mBuilding CXX object CMakeFiles/end_eff_vel_control.dir/src/end_effector_velocity_controller.cpp.o[0m
[ 33%] [32mBuilding CXX object CMakeFiles/joint_effort_control.dir/src/joint_effort_controller.cpp.o[0m
[ 41%] [32mBuilding CXX object CMakeFiles/fkin_publisher.dir/src/position_publisher.cpp.o[0m
[ 50%] [32mBuilding CXX object CMakeFiles/switch_vel.dir/src/controller_velocity_switch.cpp.o[0m
[ 58%] [32m[1mLinking CXX executable switch_eff[0m
[ 66%] [32m[1mLinking CXX executable switch_vel[0m
[ 66%] Built target switch_eff
[ 75%] [32m[1mLinking CXX executable ikin_publisher[0m
[ 75%] Built target switch_vel
[ 75%] Built target ikin_publisher
[ 83%] [32m[1mLinking CXX executable joint_effort_control[0m
[ 91%] [32m[1mLinking CXX executable end_eff_vel_control[0m
[100%] [32m[1mLinking CXX executable fkin_publisher[0m
[100%] Built target joint_effort_control
[100%] Built target end_eff_vel_control
[100%] Built target fkin_publisher
-- Install configuration: ""
-- Execute custom install script
-- Up-to-date symlink: /home/maryammahmood/PID_own_urdf/src/install/gazebo_urdf/lib/gazebo_urdf/fkin_publisher
-- Up-to-date symlink: /home/maryammahmood/PID_own_urdf/src/install/gazebo_urdf/lib/gazebo_urdf/ikin_publisher
-- Up-to-date symlink: /home/maryammahmood/PID_own_urdf/src/install/gazebo_urdf/lib/gazebo_urdf/switch_eff
-- Up-to-date symlink: /home/maryammahmood/PID_own_urdf/src/install/gazebo_urdf/lib/gazebo_urdf/switch_vel
-- Up-to-date symlink: /home/maryammahmood/PID_own_urdf/src/install/gazebo_urdf/lib/gazebo_urdf/joint_effort_control
-- Up-to-date symlink: /home/maryammahmood/PID_own_urdf/src/install/gazebo_urdf/lib/gazebo_urdf/end_eff_vel_control
-- Up-to-date symlink: /home/maryammahmood/PID_own_urdf/src/install/gazebo_urdf/share/gazebo_urdf/launch/rrbot_world.launch.py
-- Up-to-date symlink: /home/maryammahmood/PID_own_urdf/src/install/gazebo_urdf/share/gazebo_urdf/worlds/rrbot.world
-- Up-to-date symlink: /home/maryammahmood/PID_own_urdf/src/install/gazebo_urdf/share/gazebo_urdf/config/controllers.yaml
-- Up-to-date symlink: /home/maryammahmood/PID_own_urdf/src/install/gazebo_urdf/share/gazebo_urdf/config/four_c.yaml
-- Up-to-date symlink: /home/maryammahmood/PID_own_urdf/src/install/gazebo_urdf/share/gazebo_urdf/config/gazebo_controllers.yaml
-- Up-to-date symlink: /home/maryammahmood/PID_own_urdf/src/install/gazebo_urdf/share/gazebo_urdf/config/gazebo_four.yaml
-- Up-to-date symlink: /home/maryammahmood/PID_own_urdf/src/install/gazebo_urdf/lib/gazebo_urdf/joint_effort_controller.py
-- Up-to-date symlink: /home/maryammahmood/PID_own_urdf/src/install/gazebo_urdf/lib/gazebo_urdf/joint_velocity_controller.py
-- Up-to-date symlink: /home/maryammahmood/PID_own_urdf/src/install/gazebo_urdf/lib/gazebo_urdf/joint_vel_controller.py
-- Up-to-date symlink: /home/maryammahmood/PID_own_urdf/src/install/gazebo_urdf/lib/gazebo_urdf/motor_angles.py
-- Up-to-date symlink: /home/maryammahmood/PID_own_urdf/src/install/gazebo_urdf/lib/gazebo_urdf/joint_angle_input.py
-- Up-to-date symlink: /home/maryammahmood/PID_own_urdf/src/install/gazebo_urdf/lib/gazebo_urdf/ros_node.py
-- Up-to-date symlink: /home/maryammahmood/PID_own_urdf/src/install/gazebo_urdf/lib/gazebo_urdf/ros_node1.py
-- Up-to-date symlink: /home/maryammahmood/PID_own_urdf/src/install/gazebo_urdf/lib/gazebo_urdf/ros_node2.py
-- Up-to-date symlink: /home/maryammahmood/PID_own_urdf/src/install/gazebo_urdf/lib/gazebo_urdf/ros2_master.py
-- Up-to-date symlink: /home/maryammahmood/PID_own_urdf/src/install/gazebo_urdf/lib/gazebo_urdf/ros2_master2.py
-- Up-to-date symlink: /home/maryammahmood/PID_own_urdf/src/install/gazebo_urdf/lib/gazebo_urdf/ros2_masterm.py
-- Up-to-date symlink: /home/maryammahmood/PID_own_urdf/src/install/gazebo_urdf/lib/gazebo_urdf/motor_angles_pub.py
-- Up-to-date symlink: /home/maryammahmood/PID_own_urdf/src/install/gazebo_urdf/share/ament_index/resource_index/package_run_dependencies/gazebo_urdf
-- Up-to-date symlink: /home/maryammahmood/PID_own_urdf/src/install/gazebo_urdf/share/ament_index/resource_index/parent_prefix_path/gazebo_urdf
-- Up-to-date symlink: /home/maryammahmood/PID_own_urdf/src/install/gazebo_urdf/share/gazebo_urdf/environment/ament_prefix_path.sh
-- Up-to-date symlink: /home/maryammahmood/PID_own_urdf/src/install/gazebo_urdf/share/gazebo_urdf/environment/ament_prefix_path.dsv
-- Up-to-date symlink: /home/maryammahmood/PID_own_urdf/src/install/gazebo_urdf/share/gazebo_urdf/environment/path.sh
-- Up-to-date symlink: /home/maryammahmood/PID_own_urdf/src/install/gazebo_urdf/share/gazebo_urdf/environment/path.dsv
-- Up-to-date symlink: /home/maryammahmood/PID_own_urdf/src/install/gazebo_urdf/share/gazebo_urdf/local_setup.bash
-- Up-to-date symlink: /home/maryammahmood/PID_own_urdf/src/install/gazebo_urdf/share/gazebo_urdf/local_setup.sh
-- Up-to-date symlink: /home/maryammahmood/PID_own_urdf/src/install/gazebo_urdf/share/gazebo_urdf/local_setup.zsh
-- Up-to-date symlink: /home/maryammahmood/PID_own_urdf/src/install/gazebo_urdf/share/gazebo_urdf/local_setup.dsv
-- Symlinking: /home/maryammahmood/PID_own_urdf/src/install/gazebo_urdf/share/gazebo_urdf/package.dsv
-- Up-to-date symlink: /home/maryammahmood/PID_own_urdf/src/install/gazebo_urdf/share/ament_index/resource_index/packages/gazebo_urdf
-- Up-to-date symlink: /home/maryammahmood/PID_own_urdf/src/install/gazebo_urdf/share/gazebo_urdf/cmake/gazebo_urdfConfig.cmake
-- Up-to-date symlink: /home/maryammahmood/PID_own_urdf/src/install/gazebo_urdf/share/gazebo_urdf/cmake/gazebo_urdfConfig-version.cmake
-- Up-to-date symlink: /home/maryammahmood/PID_own_urdf/src/install/gazebo_urdf/share/gazebo_urdf/package.xml
